<?xml version="1.0" encoding="utf-8"?>
<!DOCTYPE coverage SYSTEM "http://cobertura.sourceforge.net/xml/coverage-04.dtd">
<coverage line-rate="0.134508348794063" branch-rate="0.0707070707070707" lines-covered="145" lines-valid="1078" branches-covered="14" branches-valid="198" complexity="311" version="0" timestamp="1704220701">
  <sources>
    <source>C:\Users\aisae\</source>
  </sources>
  <packages>
    <package name="MTCG" line-rate="0.0923535253227408" branch-rate="0.0707070707070707" complexity="299">
      <classes>
        <class name="MTCG.Program" filename="C:\Users\aisae\source\repos\MTCG\MTCG\Program.cs" line-rate="0" branch-rate="1" complexity="1">
          <methods>
            <method name="Main" signature="()" line-rate="0" branch-rate="1" complexity="1">
              <lines>
                <line number="10" hits="0" branch="false" />
                <line number="11" hits="0" branch="false" />
                <line number="12" hits="0" branch="false" />
                <line number="13" hits="0" branch="false" />
                <line number="14" hits="0" branch="false" />
                <line number="15" hits="0" branch="false" />
                <line number="16" hits="0" branch="false" />
                <line number="17" hits="0" branch="false" />
              </lines>
            </method>
          </methods>
          <lines>
            <line number="10" hits="0" branch="false" />
            <line number="11" hits="0" branch="false" />
            <line number="12" hits="0" branch="false" />
            <line number="13" hits="0" branch="false" />
            <line number="14" hits="0" branch="false" />
            <line number="15" hits="0" branch="false" />
            <line number="16" hits="0" branch="false" />
            <line number="17" hits="0" branch="false" />
          </lines>
        </class>
        <class name="MTCG.src.DataAccess.Persistance.DTOs.CardDTO" filename="C:\Users\aisae\source\repos\MTCG\MTCG\src\DataAccess\Persistance\DTOs\CardDTO.cs" line-rate="1" branch-rate="1" complexity="3">
          <methods>
            <method name="get_Id" signature="()" line-rate="1" branch-rate="1" complexity="1">
              <lines>
                <line number="11" hits="4" branch="false" />
              </lines>
            </method>
            <method name="get_Type" signature="()" line-rate="1" branch-rate="1" complexity="1">
              <lines>
                <line number="12" hits="4" branch="false" />
              </lines>
            </method>
            <method name="get_Damage" signature="()" line-rate="1" branch-rate="1" complexity="1">
              <lines>
                <line number="13" hits="4" branch="false" />
              </lines>
            </method>
          </methods>
          <lines>
            <line number="11" hits="4" branch="false" />
            <line number="12" hits="4" branch="false" />
            <line number="13" hits="4" branch="false" />
          </lines>
        </class>
        <class name="MTCG.src.DataAccess.Persistance.DTOs.PackageDTO" filename="C:\Users\aisae\source\repos\MTCG\MTCG\src\DataAccess\Persistance\DTOs\PackageDTO.cs" line-rate="1" branch-rate="1" complexity="6">
          <methods>
            <method name="get_Id" signature="()" line-rate="1" branch-rate="1" complexity="1">
              <lines>
                <line number="11" hits="1" branch="false" />
              </lines>
            </method>
            <method name="get_Card1Id" signature="()" line-rate="1" branch-rate="1" complexity="1">
              <lines>
                <line number="12" hits="1" branch="false" />
              </lines>
            </method>
            <method name="get_Card2Id" signature="()" line-rate="1" branch-rate="1" complexity="1">
              <lines>
                <line number="13" hits="1" branch="false" />
              </lines>
            </method>
            <method name="get_Card3Id" signature="()" line-rate="1" branch-rate="1" complexity="1">
              <lines>
                <line number="14" hits="1" branch="false" />
              </lines>
            </method>
            <method name="get_Card4Id" signature="()" line-rate="1" branch-rate="1" complexity="1">
              <lines>
                <line number="15" hits="1" branch="false" />
              </lines>
            </method>
            <method name="get_Card5Id" signature="()" line-rate="1" branch-rate="1" complexity="1">
              <lines>
                <line number="16" hits="1" branch="false" />
              </lines>
            </method>
          </methods>
          <lines>
            <line number="11" hits="1" branch="false" />
            <line number="12" hits="1" branch="false" />
            <line number="13" hits="1" branch="false" />
            <line number="14" hits="1" branch="false" />
            <line number="15" hits="1" branch="false" />
            <line number="16" hits="1" branch="false" />
          </lines>
        </class>
        <class name="MTCG.src.DataAccess.Persistance.DTOs.UserDTO" filename="C:\Users\aisae\source\repos\MTCG\MTCG\src\DataAccess\Persistance\DTOs\UserDTO.cs" line-rate="1" branch-rate="1" complexity="3">
          <methods>
            <method name="get_Id" signature="()" line-rate="1" branch-rate="1" complexity="1">
              <lines>
                <line number="11" hits="7" branch="false" />
              </lines>
            </method>
            <method name="get_Username" signature="()" line-rate="1" branch-rate="1" complexity="1">
              <lines>
                <line number="12" hits="7" branch="false" />
              </lines>
            </method>
            <method name="get_Password" signature="()" line-rate="1" branch-rate="1" complexity="1">
              <lines>
                <line number="13" hits="7" branch="false" />
              </lines>
            </method>
          </methods>
          <lines>
            <line number="11" hits="7" branch="false" />
            <line number="12" hits="7" branch="false" />
            <line number="13" hits="7" branch="false" />
          </lines>
        </class>
        <class name="MTCG.src.DataAccess.Persistance.Mappers.CardMapper" filename="C:\Users\aisae\source\repos\MTCG\MTCG\src\DataAccess\Persistance\Mappers\CardMapper.cs" line-rate="0" branch-rate="1" complexity="3">
          <methods>
            <method name="Map" signature="(...)" line-rate="0" branch-rate="1" complexity="1">
              <lines>
                <line number="15" hits="0" branch="false" />
                <line number="16" hits="0" branch="false" />
                <line number="17" hits="0" branch="false" />
              </lines>
            </method>
            <method name="Map" signature="(...)" line-rate="0" branch-rate="1" complexity="1">
              <lines>
                <line number="20" hits="0" branch="false" />
                <line number="21" hits="0" branch="false" />
                <line number="22" hits="0" branch="false" />
                <line number="23" hits="0" branch="false" />
                <line number="24" hits="0" branch="false" />
                <line number="25" hits="0" branch="false" />
                <line number="26" hits="0" branch="false" />
                <line number="27" hits="0" branch="false" />
              </lines>
            </method>
            <method name=".ctor" signature="()" line-rate="0" branch-rate="1" complexity="1">
              <lines>
                <line number="13" hits="0" branch="false" />
              </lines>
            </method>
          </methods>
          <lines>
            <line number="13" hits="0" branch="false" />
            <line number="15" hits="0" branch="false" />
            <line number="16" hits="0" branch="false" />
            <line number="17" hits="0" branch="false" />
            <line number="20" hits="0" branch="false" />
            <line number="21" hits="0" branch="false" />
            <line number="22" hits="0" branch="false" />
            <line number="23" hits="0" branch="false" />
            <line number="24" hits="0" branch="false" />
            <line number="25" hits="0" branch="false" />
            <line number="26" hits="0" branch="false" />
            <line number="27" hits="0" branch="false" />
          </lines>
        </class>
        <class name="MTCG.src.DataAccess.Persistance.Mappers.UserMapper" filename="C:\Users\aisae\source\repos\MTCG\MTCG\src\DataAccess\Persistance\Mappers\UserMapper.cs" line-rate="0" branch-rate="1" complexity="3">
          <methods>
            <method name="Map" signature="(...)" line-rate="0" branch-rate="1" complexity="1">
              <lines>
                <line number="18" hits="0" branch="false" />
                <line number="19" hits="0" branch="false" />
                <line number="20" hits="0" branch="false" />
              </lines>
            </method>
            <method name="Map" signature="(...)" line-rate="0" branch-rate="1" complexity="1">
              <lines>
                <line number="22" hits="0" branch="false" />
                <line number="23" hits="0" branch="false" />
                <line number="24" hits="0" branch="false" />
                <line number="25" hits="0" branch="false" />
                <line number="26" hits="0" branch="false" />
                <line number="27" hits="0" branch="false" />
                <line number="28" hits="0" branch="false" />
                <line number="29" hits="0" branch="false" />
              </lines>
            </method>
            <method name=".ctor" signature="()" line-rate="0" branch-rate="1" complexity="1">
              <lines>
                <line number="16" hits="0" branch="false" />
              </lines>
            </method>
          </methods>
          <lines>
            <line number="16" hits="0" branch="false" />
            <line number="18" hits="0" branch="false" />
            <line number="19" hits="0" branch="false" />
            <line number="20" hits="0" branch="false" />
            <line number="22" hits="0" branch="false" />
            <line number="23" hits="0" branch="false" />
            <line number="24" hits="0" branch="false" />
            <line number="25" hits="0" branch="false" />
            <line number="26" hits="0" branch="false" />
            <line number="27" hits="0" branch="false" />
            <line number="28" hits="0" branch="false" />
            <line number="29" hits="0" branch="false" />
          </lines>
        </class>
        <class name="MTCG.src.DataAccess.Persistance.PostgreSql" filename="C:\Users\aisae\source\repos\MTCG\MTCG\src\DataAccess\Persistance\PostgreSql.cs" line-rate="0.190140845070423" branch-rate="0.155555555555556" complexity="99">
          <methods>
            <method name="Dispose" signature="()" line-rate="0" branch-rate="1" complexity="1">
              <lines>
                <line number="27" hits="0" branch="false" />
                <line number="28" hits="0" branch="false" />
                <line number="29" hits="0" branch="false" />
              </lines>
            </method>
            <method name="GetUserById" signature="(...)" line-rate="0.703703703703704" branch-rate="0.5" complexity="10">
              <lines>
                <line number="35" hits="1" branch="false" />
                <line number="36" hits="1" branch="false" />
                <line number="37" hits="1" branch="false" />
                <line number="38" hits="1" branch="false" />
                <line number="40" hits="1" branch="true" condition-coverage="50% (2/4)" />
                <line number="41" hits="0" branch="false" />
                <line number="44" hits="2" branch="true" condition-coverage="50% (1/2)" />
                <line number="45" hits="1" branch="false" />
                <line number="46" hits="1" branch="false" />
                <line number="47" hits="1" branch="false" />
                <line number="48" hits="1" branch="false" />
                <line number="49" hits="1" branch="false" />
                <line number="50" hits="1" branch="true" condition-coverage="50% (2/4)" />
                <line number="51" hits="1" branch="false" />
                <line number="53" hits="1" branch="false" />
                <line number="54" hits="1" branch="false" />
                <line number="55" hits="1" branch="false" />
                <line number="56" hits="1" branch="false" />
                <line number="57" hits="1" branch="false" />
                <line number="58" hits="1" branch="false" />
                <line number="59" hits="0" branch="false" />
                <line number="61" hits="0" branch="false" />
                <line number="62" hits="0" branch="false" />
                <line number="63" hits="0" branch="false" />
                <line number="64" hits="0" branch="false" />
                <line number="65" hits="0" branch="false" />
                <line number="66" hits="0" branch="false" />
              </lines>
            </method>
            <method name="GetUserByUsername" signature="(...)" line-rate="0.818181818181818" branch-rate="0.5" complexity="4">
              <lines>
                <line number="68" hits="1" branch="false" />
                <line number="69" hits="1" branch="false" />
                <line number="70" hits="1" branch="false" />
                <line number="71" hits="1" branch="false" />
                <line number="72" hits="1" branch="false" />
                <line number="73" hits="1" branch="false" />
                <line number="74" hits="1" branch="false" />
                <line number="75" hits="1" branch="false" />
                <line number="76" hits="1" branch="false" />
                <line number="77" hits="2" branch="true" condition-coverage="50% (2/4)" />
                <line number="79" hits="1" branch="false" />
                <line number="80" hits="1" branch="false" />
                <line number="81" hits="1" branch="false" />
                <line number="82" hits="1" branch="false" />
                <line number="83" hits="1" branch="false" />
                <line number="84" hits="1" branch="false" />
                <line number="85" hits="1" branch="false" />
                <line number="87" hits="0" branch="false" />
                <line number="88" hits="0" branch="false" />
                <line number="89" hits="0" branch="false" />
                <line number="90" hits="0" branch="false" />
                <line number="91" hits="1" branch="false" />
              </lines>
            </method>
            <method name="GetAllUsers" signature="()" line-rate="0" branch-rate="0" complexity="6">
              <lines>
                <line number="93" hits="0" branch="false" />
                <line number="94" hits="0" branch="false" />
                <line number="95" hits="0" branch="false" />
                <line number="96" hits="0" branch="false" />
                <line number="97" hits="0" branch="false" />
                <line number="98" hits="0" branch="false" />
                <line number="99" hits="0" branch="false" />
                <line number="100" hits="0" branch="false" />
                <line number="101" hits="0" branch="true" condition-coverage="0% (0/4)" />
                <line number="102" hits="0" branch="false" />
                <line number="103" hits="0" branch="false" />
                <line number="104" hits="0" branch="true" condition-coverage="0% (0/2)" />
                <line number="105" hits="0" branch="false" />
                <line number="106" hits="0" branch="false" />
                <line number="107" hits="0" branch="false" />
                <line number="108" hits="0" branch="false" />
                <line number="109" hits="0" branch="false" />
                <line number="110" hits="0" branch="false" />
                <line number="111" hits="0" branch="false" />
                <line number="112" hits="0" branch="false" />
                <line number="113" hits="0" branch="false" />
                <line number="114" hits="0" branch="false" />
                <line number="116" hits="0" branch="false" />
                <line number="120" hits="0" branch="false" />
              </lines>
            </method>
            <method name="AddUser" signature="(...)" line-rate="0" branch-rate="1" complexity="1">
              <lines>
                <line number="122" hits="0" branch="false" />
                <line number="123" hits="0" branch="false" />
                <line number="124" hits="0" branch="false" />
                <line number="125" hits="0" branch="false" />
                <line number="126" hits="0" branch="false" />
                <line number="127" hits="0" branch="false" />
                <line number="128" hits="0" branch="false" />
                <line number="129" hits="0" branch="false" />
                <line number="130" hits="0" branch="false" />
                <line number="131" hits="0" branch="false" />
                <line number="132" hits="0" branch="false" />
                <line number="133" hits="0" branch="false" />
              </lines>
            </method>
            <method name="DeleteUser" signature="(...)" line-rate="0" branch-rate="1" complexity="1">
              <lines>
                <line number="135" hits="0" branch="false" />
                <line number="136" hits="0" branch="false" />
                <line number="137" hits="0" branch="false" />
                <line number="138" hits="0" branch="false" />
                <line number="139" hits="0" branch="false" />
                <line number="140" hits="0" branch="false" />
                <line number="141" hits="0" branch="false" />
                <line number="142" hits="0" branch="false" />
                <line number="143" hits="0" branch="false" />
                <line number="144" hits="0" branch="false" />
                <line number="145" hits="0" branch="false" />
              </lines>
            </method>
            <method name="UpdateUser" signature="(...)" line-rate="0" branch-rate="1" complexity="1">
              <lines>
                <line number="147" hits="0" branch="false" />
                <line number="148" hits="0" branch="false" />
                <line number="149" hits="0" branch="false" />
                <line number="150" hits="0" branch="false" />
                <line number="151" hits="0" branch="false" />
                <line number="152" hits="0" branch="false" />
                <line number="153" hits="0" branch="false" />
                <line number="154" hits="0" branch="false" />
                <line number="155" hits="0" branch="false" />
                <line number="156" hits="0" branch="false" />
                <line number="157" hits="0" branch="false" />
                <line number="158" hits="0" branch="false" />
                <line number="159" hits="0" branch="false" />
              </lines>
            </method>
            <method name="GetCardById" signature="(...)" line-rate="0.785714285714286" branch-rate="0.5" complexity="10">
              <lines>
                <line number="165" hits="1" branch="false" />
                <line number="166" hits="1" branch="false" />
                <line number="167" hits="1" branch="false" />
                <line number="168" hits="1" branch="false" />
                <line number="169" hits="1" branch="true" condition-coverage="50% (2/4)" />
                <line number="170" hits="0" branch="false" />
                <line number="172" hits="1" branch="true" condition-coverage="50% (1/2)" />
                <line number="173" hits="1" branch="false" />
                <line number="174" hits="1" branch="false" />
                <line number="175" hits="1" branch="false" />
                <line number="176" hits="1" branch="false" />
                <line number="177" hits="1" branch="false" />
                <line number="178" hits="1" branch="false" />
                <line number="179" hits="1" branch="true" condition-coverage="50% (2/4)" />
                <line number="180" hits="1" branch="false" />
                <line number="182" hits="1" branch="false" />
                <line number="183" hits="1" branch="false" />
                <line number="184" hits="1" branch="false" />
                <line number="185" hits="1" branch="false" />
                <line number="186" hits="1" branch="false" />
                <line number="187" hits="1" branch="false" />
                <line number="188" hits="1" branch="false" />
                <line number="190" hits="0" branch="false" />
                <line number="191" hits="0" branch="false" />
                <line number="192" hits="0" branch="false" />
                <line number="193" hits="0" branch="false" />
                <line number="194" hits="0" branch="false" />
                <line number="195" hits="1" branch="false" />
              </lines>
            </method>
            <method name="GetAllCards" signature="()" line-rate="0" branch-rate="0" complexity="6">
              <lines>
                <line number="197" hits="0" branch="false" />
                <line number="198" hits="0" branch="false" />
                <line number="199" hits="0" branch="false" />
                <line number="200" hits="0" branch="false" />
                <line number="201" hits="0" branch="false" />
                <line number="202" hits="0" branch="false" />
                <line number="203" hits="0" branch="false" />
                <line number="204" hits="0" branch="false" />
                <line number="205" hits="0" branch="true" condition-coverage="0% (0/4)" />
                <line number="206" hits="0" branch="false" />
                <line number="207" hits="0" branch="false" />
                <line number="208" hits="0" branch="true" condition-coverage="0% (0/2)" />
                <line number="209" hits="0" branch="false" />
                <line number="210" hits="0" branch="false" />
                <line number="211" hits="0" branch="false" />
                <line number="212" hits="0" branch="false" />
                <line number="213" hits="0" branch="false" />
                <line number="214" hits="0" branch="false" />
                <line number="215" hits="0" branch="false" />
                <line number="216" hits="0" branch="false" />
                <line number="217" hits="0" branch="false" />
                <line number="218" hits="0" branch="false" />
                <line number="220" hits="0" branch="false" />
                <line number="224" hits="0" branch="false" />
              </lines>
            </method>
            <method name="GetPackage" signature="()" line-rate="0" branch-rate="0" complexity="14">
              <lines>
                <line number="226" hits="0" branch="false" />
                <line number="227" hits="0" branch="false" />
                <line number="228" hits="0" branch="false" />
                <line number="229" hits="0" branch="false" />
                <line number="230" hits="0" branch="true" condition-coverage="0% (0/4)" />
                <line number="231" hits="0" branch="false" />
                <line number="232" hits="0" branch="false" />
                <line number="234" hits="0" branch="true" condition-coverage="0% (0/2)" />
                <line number="235" hits="0" branch="false" />
                <line number="237" hits="0" branch="false" />
                <line number="238" hits="0" branch="false" />
                <line number="239" hits="0" branch="false" />
                <line number="240" hits="0" branch="false" />
                <line number="241" hits="0" branch="false" />
                <line number="242" hits="0" branch="true" condition-coverage="0% (0/4)" />
                <line number="243" hits="0" branch="false" />
                <line number="245" hits="0" branch="false" />
                <line number="246" hits="0" branch="false" />
                <line number="247" hits="0" branch="false" />
                <line number="248" hits="0" branch="false" />
                <line number="249" hits="0" branch="false" />
                <line number="250" hits="0" branch="false" />
                <line number="251" hits="0" branch="false" />
                <line number="252" hits="0" branch="false" />
                <line number="253" hits="0" branch="false" />
                <line number="254" hits="0" branch="false" />
                <line number="255" hits="0" branch="false" />
                <line number="256" hits="0" branch="false" />
                <line number="257" hits="0" branch="false" />
                <line number="259" hits="0" branch="false" />
                <line number="261" hits="0" branch="false" />
                <line number="262" hits="0" branch="true" condition-coverage="0% (0/2)" />
                <line number="263" hits="0" branch="false" />
                <line number="264" hits="0" branch="false" />
                <line number="265" hits="0" branch="false" />
                <line number="266" hits="0" branch="true" condition-coverage="0% (0/2)" />
                <line number="267" hits="0" branch="false" />
                <line number="269" hits="0" branch="false" />
                <line number="270" hits="0" branch="false" />
                <line number="271" hits="0" branch="false" />
                <line number="272" hits="0" branch="false" />
                <line number="274" hits="0" branch="false" />
                <line number="275" hits="0" branch="false" />
                <line number="276" hits="0" branch="false" />
              </lines>
            </method>
            <method name="AddCard" signature="(...)" line-rate="0" branch-rate="1" complexity="1">
              <lines>
                <line number="278" hits="0" branch="false" />
                <line number="279" hits="0" branch="false" />
                <line number="280" hits="0" branch="false" />
                <line number="281" hits="0" branch="false" />
                <line number="282" hits="0" branch="false" />
                <line number="283" hits="0" branch="false" />
                <line number="284" hits="0" branch="false" />
                <line number="285" hits="0" branch="false" />
                <line number="286" hits="0" branch="false" />
                <line number="287" hits="0" branch="false" />
                <line number="288" hits="0" branch="false" />
                <line number="289" hits="0" branch="false" />
              </lines>
            </method>
            <method name="DeleteCard" signature="(...)" line-rate="0" branch-rate="1" complexity="1">
              <lines>
                <line number="291" hits="0" branch="false" />
                <line number="292" hits="0" branch="false" />
                <line number="293" hits="0" branch="false" />
                <line number="294" hits="0" branch="false" />
                <line number="295" hits="0" branch="false" />
                <line number="296" hits="0" branch="false" />
                <line number="297" hits="0" branch="false" />
                <line number="298" hits="0" branch="false" />
                <line number="299" hits="0" branch="false" />
                <line number="300" hits="0" branch="false" />
                <line number="301" hits="0" branch="false" />
              </lines>
            </method>
            <method name="CreateTableUsers" signature="()" line-rate="0" branch-rate="0" complexity="4">
              <lines>
                <line number="307" hits="0" branch="false" />
                <line number="308" hits="0" branch="false" />
                <line number="309" hits="0" branch="false" />
                <line number="310" hits="0" branch="false" />
                <line number="311" hits="0" branch="true" condition-coverage="0% (0/4)" />
                <line number="312" hits="0" branch="false" />
                <line number="314" hits="0" branch="false" />
                <line number="315" hits="0" branch="false" />
                <line number="316" hits="0" branch="false" />
                <line number="317" hits="0" branch="false" />
                <line number="318" hits="0" branch="false" />
                <line number="319" hits="0" branch="false" />
                <line number="320" hits="0" branch="false" />
                <line number="321" hits="0" branch="false" />
                <line number="322" hits="0" branch="false" />
                <line number="323" hits="0" branch="false" />
                <line number="324" hits="0" branch="false" />
              </lines>
            </method>
            <method name="CreateTableCards" signature="()" line-rate="0" branch-rate="0" complexity="4">
              <lines>
                <line number="326" hits="0" branch="false" />
                <line number="327" hits="0" branch="false" />
                <line number="328" hits="0" branch="false" />
                <line number="329" hits="0" branch="false" />
                <line number="330" hits="0" branch="true" condition-coverage="0% (0/4)" />
                <line number="331" hits="0" branch="false" />
                <line number="333" hits="0" branch="false" />
                <line number="334" hits="0" branch="false" />
                <line number="335" hits="0" branch="false" />
                <line number="336" hits="0" branch="false" />
                <line number="337" hits="0" branch="false" />
                <line number="338" hits="0" branch="false" />
                <line number="339" hits="0" branch="false" />
                <line number="340" hits="0" branch="false" />
                <line number="341" hits="0" branch="false" />
                <line number="342" hits="0" branch="false" />
                <line number="343" hits="0" branch="false" />
              </lines>
            </method>
            <method name="CreateTablePackages" signature="()" line-rate="0" branch-rate="0" complexity="4">
              <lines>
                <line number="345" hits="0" branch="false" />
                <line number="346" hits="0" branch="false" />
                <line number="347" hits="0" branch="false" />
                <line number="348" hits="0" branch="false" />
                <line number="349" hits="0" branch="true" condition-coverage="0% (0/4)" />
                <line number="350" hits="0" branch="false" />
                <line number="351" hits="0" branch="false" />
                <line number="353" hits="0" branch="false" />
                <line number="354" hits="0" branch="false" />
                <line number="355" hits="0" branch="false" />
                <line number="356" hits="0" branch="false" />
                <line number="357" hits="0" branch="false" />
                <line number="358" hits="0" branch="false" />
                <line number="359" hits="0" branch="false" />
                <line number="360" hits="0" branch="false" />
                <line number="361" hits="0" branch="false" />
                <line number="362" hits="0" branch="false" />
                <line number="363" hits="0" branch="false" />
                <line number="364" hits="0" branch="false" />
                <line number="365" hits="0" branch="false" />
                <line number="366" hits="0" branch="false" />
                <line number="367" hits="0" branch="false" />
                <line number="368" hits="0" branch="false" />
                <line number="369" hits="0" branch="false" />
                <line number="370" hits="0" branch="false" />
                <line number="371" hits="0" branch="false" />
              </lines>
            </method>
            <method name="CreateTableHighscores" signature="()" line-rate="0" branch-rate="0" complexity="4">
              <lines>
                <line number="373" hits="0" branch="false" />
                <line number="374" hits="0" branch="false" />
                <line number="375" hits="0" branch="false" />
                <line number="376" hits="0" branch="false" />
                <line number="377" hits="0" branch="true" condition-coverage="0% (0/4)" />
                <line number="378" hits="0" branch="false" />
                <line number="379" hits="0" branch="false" />
                <line number="381" hits="0" branch="false" />
                <line number="382" hits="0" branch="false" />
                <line number="383" hits="0" branch="false" />
                <line number="384" hits="0" branch="false" />
                <line number="385" hits="0" branch="false" />
                <line number="386" hits="0" branch="false" />
                <line number="387" hits="0" branch="false" />
                <line number="388" hits="0" branch="false" />
                <line number="389" hits="0" branch="false" />
                <line number="390" hits="0" branch="false" />
                <line number="391" hits="0" branch="false" />
                <line number="392" hits="0" branch="false" />
                <line number="393" hits="0" branch="false" />
                <line number="394" hits="0" branch="false" />
              </lines>
            </method>
            <method name="CreateTableSessions" signature="()" line-rate="0" branch-rate="0" complexity="4">
              <lines>
                <line number="396" hits="0" branch="false" />
                <line number="397" hits="0" branch="false" />
                <line number="398" hits="0" branch="false" />
                <line number="399" hits="0" branch="false" />
                <line number="400" hits="0" branch="true" condition-coverage="0% (0/4)" />
                <line number="401" hits="0" branch="false" />
                <line number="403" hits="0" branch="false" />
                <line number="404" hits="0" branch="false" />
                <line number="405" hits="0" branch="false" />
                <line number="406" hits="0" branch="false" />
                <line number="407" hits="0" branch="false" />
                <line number="408" hits="0" branch="false" />
                <line number="409" hits="0" branch="false" />
                <line number="410" hits="0" branch="false" />
                <line number="411" hits="0" branch="false" />
                <line number="412" hits="0" branch="false" />
                <line number="413" hits="0" branch="false" />
                <line number="414" hits="0" branch="false" />
              </lines>
            </method>
            <method name="FillTableUsers" signature="()" line-rate="0" branch-rate="0" complexity="4">
              <lines>
                <line number="416" hits="0" branch="false" />
                <line number="417" hits="0" branch="false" />
                <line number="418" hits="0" branch="false" />
                <line number="419" hits="0" branch="false" />
                <line number="420" hits="0" branch="true" condition-coverage="0% (0/4)" />
                <line number="421" hits="0" branch="false" />
                <line number="422" hits="0" branch="false" />
                <line number="424" hits="0" branch="false" />
                <line number="425" hits="0" branch="false" />
                <line number="426" hits="0" branch="false" />
                <line number="427" hits="0" branch="false" />
                <line number="428" hits="0" branch="false" />
                <line number="429" hits="0" branch="false" />
                <line number="430" hits="0" branch="false" />
              </lines>
            </method>
            <method name="FillTableCards" signature="()" line-rate="0" branch-rate="0" complexity="4">
              <lines>
                <line number="432" hits="0" branch="false" />
                <line number="433" hits="0" branch="false" />
                <line number="434" hits="0" branch="false" />
                <line number="435" hits="0" branch="false" />
                <line number="436" hits="0" branch="true" condition-coverage="0% (0/4)" />
                <line number="437" hits="0" branch="false" />
                <line number="438" hits="0" branch="false" />
                <line number="440" hits="0" branch="false" />
                <line number="441" hits="0" branch="false" />
                <line number="442" hits="0" branch="false" />
                <line number="443" hits="0" branch="false" />
                <line number="444" hits="0" branch="false" />
                <line number="445" hits="0" branch="false" />
                <line number="446" hits="0" branch="false" />
              </lines>
            </method>
            <method name="FillTablePackages" signature="()" line-rate="0" branch-rate="0" complexity="4">
              <lines>
                <line number="448" hits="0" branch="false" />
                <line number="449" hits="0" branch="false" />
                <line number="450" hits="0" branch="false" />
                <line number="451" hits="0" branch="false" />
                <line number="452" hits="0" branch="true" condition-coverage="0% (0/4)" />
                <line number="453" hits="0" branch="false" />
                <line number="454" hits="0" branch="false" />
                <line number="456" hits="0" branch="false" />
                <line number="457" hits="0" branch="false" />
                <line number="458" hits="0" branch="false" />
                <line number="459" hits="0" branch="false" />
                <line number="460" hits="0" branch="false" />
                <line number="461" hits="0" branch="false" />
                <line number="462" hits="0" branch="false" />
              </lines>
            </method>
            <method name="CreateSchema" signature="()" line-rate="0" branch-rate="1" complexity="1">
              <lines>
                <line number="464" hits="0" branch="false" />
                <line number="466" hits="0" branch="false" />
                <line number="467" hits="0" branch="false" />
                <line number="469" hits="0" branch="false" />
                <line number="470" hits="0" branch="false" />
                <line number="471" hits="0" branch="false" />
                <line number="472" hits="0" branch="false" />
                <line number="475" hits="0" branch="false" />
                <line number="476" hits="0" branch="false" />
                <line number="477" hits="0" branch="false" />
                <line number="479" hits="0" branch="false" />
                <line number="480" hits="0" branch="false" />
                <line number="481" hits="0" branch="false" />
                <line number="482" hits="0" branch="false" />
                <line number="483" hits="0" branch="false" />
                <line number="484" hits="0" branch="false" />
              </lines>
            </method>
            <method name="DropAll" signature="()" line-rate="0" branch-rate="0" complexity="4">
              <lines>
                <line number="486" hits="0" branch="false" />
                <line number="487" hits="0" branch="false" />
                <line number="488" hits="0" branch="false" />
                <line number="489" hits="0" branch="false" />
                <line number="490" hits="0" branch="true" condition-coverage="0% (0/4)" />
                <line number="491" hits="0" branch="false" />
                <line number="493" hits="0" branch="false" />
                <line number="494" hits="0" branch="false" />
                <line number="495" hits="0" branch="false" />
                <line number="496" hits="0" branch="false" />
                <line number="497" hits="0" branch="false" />
                <line number="498" hits="0" branch="false" />
              </lines>
            </method>
            <method name="SetSearchPath" signature="()" line-rate="0.916666666666667" branch-rate="0.5" complexity="4">
              <lines>
                <line number="501" hits="4" branch="false" />
                <line number="502" hits="4" branch="false" />
                <line number="503" hits="4" branch="false" />
                <line number="504" hits="4" branch="false" />
                <line number="505" hits="4" branch="true" condition-coverage="50% (2/4)" />
                <line number="506" hits="0" branch="false" />
                <line number="508" hits="4" branch="false" />
                <line number="509" hits="4" branch="false" />
                <line number="510" hits="4" branch="false" />
                <line number="511" hits="4" branch="false" />
                <line number="512" hits="4" branch="false" />
                <line number="513" hits="4" branch="false" />
              </lines>
            </method>
            <method name="GetConnectionString" signature="()" line-rate="0.7" branch-rate="1" complexity="1">
              <lines>
                <line number="515" hits="7" branch="false" />
                <line number="516" hits="7" branch="false" />
                <line number="517" hits="7" branch="false" />
                <line number="518" hits="7" branch="false" />
                <line number="519" hits="7" branch="false" />
                <line number="521" hits="7" branch="false" />
                <line number="523" hits="0" branch="false" />
                <line number="524" hits="0" branch="false" />
                <line number="525" hits="0" branch="false" />
                <line number="527" hits="7" branch="false" />
              </lines>
            </method>
            <method name=".ctor" signature="()" line-rate="1" branch-rate="1" complexity="1">
              <lines>
                <line number="22" hits="4" branch="false" />
                <line number="23" hits="4" branch="false" />
                <line number="24" hits="4" branch="false" />
                <line number="25" hits="4" branch="false" />
              </lines>
            </method>
          </methods>
          <lines>
            <line number="22" hits="4" branch="false" />
            <line number="23" hits="4" branch="false" />
            <line number="24" hits="4" branch="false" />
            <line number="25" hits="4" branch="false" />
            <line number="27" hits="0" branch="false" />
            <line number="28" hits="0" branch="false" />
            <line number="29" hits="0" branch="false" />
            <line number="35" hits="1" branch="false" />
            <line number="36" hits="1" branch="false" />
            <line number="37" hits="1" branch="false" />
            <line number="38" hits="1" branch="false" />
            <line number="40" hits="1" branch="true" condition-coverage="50% (2/4)" />
            <line number="41" hits="0" branch="false" />
            <line number="44" hits="2" branch="true" condition-coverage="50% (1/2)" />
            <line number="45" hits="1" branch="false" />
            <line number="46" hits="1" branch="false" />
            <line number="47" hits="1" branch="false" />
            <line number="48" hits="1" branch="false" />
            <line number="49" hits="1" branch="false" />
            <line number="50" hits="1" branch="true" condition-coverage="50% (2/4)" />
            <line number="51" hits="1" branch="false" />
            <line number="53" hits="1" branch="false" />
            <line number="54" hits="1" branch="false" />
            <line number="55" hits="1" branch="false" />
            <line number="56" hits="1" branch="false" />
            <line number="57" hits="1" branch="false" />
            <line number="58" hits="1" branch="false" />
            <line number="59" hits="0" branch="false" />
            <line number="61" hits="0" branch="false" />
            <line number="62" hits="0" branch="false" />
            <line number="63" hits="0" branch="false" />
            <line number="64" hits="0" branch="false" />
            <line number="65" hits="0" branch="false" />
            <line number="66" hits="0" branch="false" />
            <line number="68" hits="1" branch="false" />
            <line number="69" hits="1" branch="false" />
            <line number="70" hits="1" branch="false" />
            <line number="71" hits="1" branch="false" />
            <line number="72" hits="1" branch="false" />
            <line number="73" hits="1" branch="false" />
            <line number="74" hits="1" branch="false" />
            <line number="75" hits="1" branch="false" />
            <line number="76" hits="1" branch="false" />
            <line number="77" hits="2" branch="true" condition-coverage="50% (2/4)" />
            <line number="79" hits="1" branch="false" />
            <line number="80" hits="1" branch="false" />
            <line number="81" hits="1" branch="false" />
            <line number="82" hits="1" branch="false" />
            <line number="83" hits="1" branch="false" />
            <line number="84" hits="1" branch="false" />
            <line number="85" hits="1" branch="false" />
            <line number="87" hits="0" branch="false" />
            <line number="88" hits="0" branch="false" />
            <line number="89" hits="0" branch="false" />
            <line number="90" hits="0" branch="false" />
            <line number="91" hits="1" branch="false" />
            <line number="93" hits="0" branch="false" />
            <line number="94" hits="0" branch="false" />
            <line number="95" hits="0" branch="false" />
            <line number="96" hits="0" branch="false" />
            <line number="97" hits="0" branch="false" />
            <line number="98" hits="0" branch="false" />
            <line number="99" hits="0" branch="false" />
            <line number="100" hits="0" branch="false" />
            <line number="101" hits="0" branch="true" condition-coverage="0% (0/4)" />
            <line number="102" hits="0" branch="false" />
            <line number="103" hits="0" branch="false" />
            <line number="104" hits="0" branch="true" condition-coverage="0% (0/2)" />
            <line number="105" hits="0" branch="false" />
            <line number="106" hits="0" branch="false" />
            <line number="107" hits="0" branch="false" />
            <line number="108" hits="0" branch="false" />
            <line number="109" hits="0" branch="false" />
            <line number="110" hits="0" branch="false" />
            <line number="111" hits="0" branch="false" />
            <line number="112" hits="0" branch="false" />
            <line number="113" hits="0" branch="false" />
            <line number="114" hits="0" branch="false" />
            <line number="116" hits="0" branch="false" />
            <line number="120" hits="0" branch="false" />
            <line number="122" hits="0" branch="false" />
            <line number="123" hits="0" branch="false" />
            <line number="124" hits="0" branch="false" />
            <line number="125" hits="0" branch="false" />
            <line number="126" hits="0" branch="false" />
            <line number="127" hits="0" branch="false" />
            <line number="128" hits="0" branch="false" />
            <line number="129" hits="0" branch="false" />
            <line number="130" hits="0" branch="false" />
            <line number="131" hits="0" branch="false" />
            <line number="132" hits="0" branch="false" />
            <line number="133" hits="0" branch="false" />
            <line number="135" hits="0" branch="false" />
            <line number="136" hits="0" branch="false" />
            <line number="137" hits="0" branch="false" />
            <line number="138" hits="0" branch="false" />
            <line number="139" hits="0" branch="false" />
            <line number="140" hits="0" branch="false" />
            <line number="141" hits="0" branch="false" />
            <line number="142" hits="0" branch="false" />
            <line number="143" hits="0" branch="false" />
            <line number="144" hits="0" branch="false" />
            <line number="145" hits="0" branch="false" />
            <line number="147" hits="0" branch="false" />
            <line number="148" hits="0" branch="false" />
            <line number="149" hits="0" branch="false" />
            <line number="150" hits="0" branch="false" />
            <line number="151" hits="0" branch="false" />
            <line number="152" hits="0" branch="false" />
            <line number="153" hits="0" branch="false" />
            <line number="154" hits="0" branch="false" />
            <line number="155" hits="0" branch="false" />
            <line number="156" hits="0" branch="false" />
            <line number="157" hits="0" branch="false" />
            <line number="158" hits="0" branch="false" />
            <line number="159" hits="0" branch="false" />
            <line number="165" hits="1" branch="false" />
            <line number="166" hits="1" branch="false" />
            <line number="167" hits="1" branch="false" />
            <line number="168" hits="1" branch="false" />
            <line number="169" hits="1" branch="true" condition-coverage="50% (2/4)" />
            <line number="170" hits="0" branch="false" />
            <line number="172" hits="1" branch="true" condition-coverage="50% (1/2)" />
            <line number="173" hits="1" branch="false" />
            <line number="174" hits="1" branch="false" />
            <line number="175" hits="1" branch="false" />
            <line number="176" hits="1" branch="false" />
            <line number="177" hits="1" branch="false" />
            <line number="178" hits="1" branch="false" />
            <line number="179" hits="1" branch="true" condition-coverage="50% (2/4)" />
            <line number="180" hits="1" branch="false" />
            <line number="182" hits="1" branch="false" />
            <line number="183" hits="1" branch="false" />
            <line number="184" hits="1" branch="false" />
            <line number="185" hits="1" branch="false" />
            <line number="186" hits="1" branch="false" />
            <line number="187" hits="1" branch="false" />
            <line number="188" hits="1" branch="false" />
            <line number="190" hits="0" branch="false" />
            <line number="191" hits="0" branch="false" />
            <line number="192" hits="0" branch="false" />
            <line number="193" hits="0" branch="false" />
            <line number="194" hits="0" branch="false" />
            <line number="195" hits="1" branch="false" />
            <line number="197" hits="0" branch="false" />
            <line number="198" hits="0" branch="false" />
            <line number="199" hits="0" branch="false" />
            <line number="200" hits="0" branch="false" />
            <line number="201" hits="0" branch="false" />
            <line number="202" hits="0" branch="false" />
            <line number="203" hits="0" branch="false" />
            <line number="204" hits="0" branch="false" />
            <line number="205" hits="0" branch="true" condition-coverage="0% (0/4)" />
            <line number="206" hits="0" branch="false" />
            <line number="207" hits="0" branch="false" />
            <line number="208" hits="0" branch="true" condition-coverage="0% (0/2)" />
            <line number="209" hits="0" branch="false" />
            <line number="210" hits="0" branch="false" />
            <line number="211" hits="0" branch="false" />
            <line number="212" hits="0" branch="false" />
            <line number="213" hits="0" branch="false" />
            <line number="214" hits="0" branch="false" />
            <line number="215" hits="0" branch="false" />
            <line number="216" hits="0" branch="false" />
            <line number="217" hits="0" branch="false" />
            <line number="218" hits="0" branch="false" />
            <line number="220" hits="0" branch="false" />
            <line number="224" hits="0" branch="false" />
            <line number="226" hits="0" branch="false" />
            <line number="227" hits="0" branch="false" />
            <line number="228" hits="0" branch="false" />
            <line number="229" hits="0" branch="false" />
            <line number="230" hits="0" branch="true" condition-coverage="0% (0/4)" />
            <line number="231" hits="0" branch="false" />
            <line number="232" hits="0" branch="false" />
            <line number="234" hits="0" branch="true" condition-coverage="0% (0/2)" />
            <line number="235" hits="0" branch="false" />
            <line number="237" hits="0" branch="false" />
            <line number="238" hits="0" branch="false" />
            <line number="239" hits="0" branch="false" />
            <line number="240" hits="0" branch="false" />
            <line number="241" hits="0" branch="false" />
            <line number="242" hits="0" branch="true" condition-coverage="0% (0/4)" />
            <line number="243" hits="0" branch="false" />
            <line number="245" hits="0" branch="false" />
            <line number="246" hits="0" branch="false" />
            <line number="247" hits="0" branch="false" />
            <line number="248" hits="0" branch="false" />
            <line number="249" hits="0" branch="false" />
            <line number="250" hits="0" branch="false" />
            <line number="251" hits="0" branch="false" />
            <line number="252" hits="0" branch="false" />
            <line number="253" hits="0" branch="false" />
            <line number="254" hits="0" branch="false" />
            <line number="255" hits="0" branch="false" />
            <line number="256" hits="0" branch="false" />
            <line number="257" hits="0" branch="false" />
            <line number="259" hits="0" branch="false" />
            <line number="261" hits="0" branch="false" />
            <line number="262" hits="0" branch="true" condition-coverage="0% (0/2)" />
            <line number="263" hits="0" branch="false" />
            <line number="264" hits="0" branch="false" />
            <line number="265" hits="0" branch="false" />
            <line number="266" hits="0" branch="true" condition-coverage="0% (0/2)" />
            <line number="267" hits="0" branch="false" />
            <line number="269" hits="0" branch="false" />
            <line number="270" hits="0" branch="false" />
            <line number="271" hits="0" branch="false" />
            <line number="272" hits="0" branch="false" />
            <line number="274" hits="0" branch="false" />
            <line number="275" hits="0" branch="false" />
            <line number="276" hits="0" branch="false" />
            <line number="278" hits="0" branch="false" />
            <line number="279" hits="0" branch="false" />
            <line number="280" hits="0" branch="false" />
            <line number="281" hits="0" branch="false" />
            <line number="282" hits="0" branch="false" />
            <line number="283" hits="0" branch="false" />
            <line number="284" hits="0" branch="false" />
            <line number="285" hits="0" branch="false" />
            <line number="286" hits="0" branch="false" />
            <line number="287" hits="0" branch="false" />
            <line number="288" hits="0" branch="false" />
            <line number="289" hits="0" branch="false" />
            <line number="291" hits="0" branch="false" />
            <line number="292" hits="0" branch="false" />
            <line number="293" hits="0" branch="false" />
            <line number="294" hits="0" branch="false" />
            <line number="295" hits="0" branch="false" />
            <line number="296" hits="0" branch="false" />
            <line number="297" hits="0" branch="false" />
            <line number="298" hits="0" branch="false" />
            <line number="299" hits="0" branch="false" />
            <line number="300" hits="0" branch="false" />
            <line number="301" hits="0" branch="false" />
            <line number="307" hits="0" branch="false" />
            <line number="308" hits="0" branch="false" />
            <line number="309" hits="0" branch="false" />
            <line number="310" hits="0" branch="false" />
            <line number="311" hits="0" branch="true" condition-coverage="0% (0/4)" />
            <line number="312" hits="0" branch="false" />
            <line number="314" hits="0" branch="false" />
            <line number="315" hits="0" branch="false" />
            <line number="316" hits="0" branch="false" />
            <line number="317" hits="0" branch="false" />
            <line number="318" hits="0" branch="false" />
            <line number="319" hits="0" branch="false" />
            <line number="320" hits="0" branch="false" />
            <line number="321" hits="0" branch="false" />
            <line number="322" hits="0" branch="false" />
            <line number="323" hits="0" branch="false" />
            <line number="324" hits="0" branch="false" />
            <line number="326" hits="0" branch="false" />
            <line number="327" hits="0" branch="false" />
            <line number="328" hits="0" branch="false" />
            <line number="329" hits="0" branch="false" />
            <line number="330" hits="0" branch="true" condition-coverage="0% (0/4)" />
            <line number="331" hits="0" branch="false" />
            <line number="333" hits="0" branch="false" />
            <line number="334" hits="0" branch="false" />
            <line number="335" hits="0" branch="false" />
            <line number="336" hits="0" branch="false" />
            <line number="337" hits="0" branch="false" />
            <line number="338" hits="0" branch="false" />
            <line number="339" hits="0" branch="false" />
            <line number="340" hits="0" branch="false" />
            <line number="341" hits="0" branch="false" />
            <line number="342" hits="0" branch="false" />
            <line number="343" hits="0" branch="false" />
            <line number="345" hits="0" branch="false" />
            <line number="346" hits="0" branch="false" />
            <line number="347" hits="0" branch="false" />
            <line number="348" hits="0" branch="false" />
            <line number="349" hits="0" branch="true" condition-coverage="0% (0/4)" />
            <line number="350" hits="0" branch="false" />
            <line number="351" hits="0" branch="false" />
            <line number="353" hits="0" branch="false" />
            <line number="354" hits="0" branch="false" />
            <line number="355" hits="0" branch="false" />
            <line number="356" hits="0" branch="false" />
            <line number="357" hits="0" branch="false" />
            <line number="358" hits="0" branch="false" />
            <line number="359" hits="0" branch="false" />
            <line number="360" hits="0" branch="false" />
            <line number="361" hits="0" branch="false" />
            <line number="362" hits="0" branch="false" />
            <line number="363" hits="0" branch="false" />
            <line number="364" hits="0" branch="false" />
            <line number="365" hits="0" branch="false" />
            <line number="366" hits="0" branch="false" />
            <line number="367" hits="0" branch="false" />
            <line number="368" hits="0" branch="false" />
            <line number="369" hits="0" branch="false" />
            <line number="370" hits="0" branch="false" />
            <line number="371" hits="0" branch="false" />
            <line number="373" hits="0" branch="false" />
            <line number="374" hits="0" branch="false" />
            <line number="375" hits="0" branch="false" />
            <line number="376" hits="0" branch="false" />
            <line number="377" hits="0" branch="true" condition-coverage="0% (0/4)" />
            <line number="378" hits="0" branch="false" />
            <line number="379" hits="0" branch="false" />
            <line number="381" hits="0" branch="false" />
            <line number="382" hits="0" branch="false" />
            <line number="383" hits="0" branch="false" />
            <line number="384" hits="0" branch="false" />
            <line number="385" hits="0" branch="false" />
            <line number="386" hits="0" branch="false" />
            <line number="387" hits="0" branch="false" />
            <line number="388" hits="0" branch="false" />
            <line number="389" hits="0" branch="false" />
            <line number="390" hits="0" branch="false" />
            <line number="391" hits="0" branch="false" />
            <line number="392" hits="0" branch="false" />
            <line number="393" hits="0" branch="false" />
            <line number="394" hits="0" branch="false" />
            <line number="396" hits="0" branch="false" />
            <line number="397" hits="0" branch="false" />
            <line number="398" hits="0" branch="false" />
            <line number="399" hits="0" branch="false" />
            <line number="400" hits="0" branch="true" condition-coverage="0% (0/4)" />
            <line number="401" hits="0" branch="false" />
            <line number="403" hits="0" branch="false" />
            <line number="404" hits="0" branch="false" />
            <line number="405" hits="0" branch="false" />
            <line number="406" hits="0" branch="false" />
            <line number="407" hits="0" branch="false" />
            <line number="408" hits="0" branch="false" />
            <line number="409" hits="0" branch="false" />
            <line number="410" hits="0" branch="false" />
            <line number="411" hits="0" branch="false" />
            <line number="412" hits="0" branch="false" />
            <line number="413" hits="0" branch="false" />
            <line number="414" hits="0" branch="false" />
            <line number="416" hits="0" branch="false" />
            <line number="417" hits="0" branch="false" />
            <line number="418" hits="0" branch="false" />
            <line number="419" hits="0" branch="false" />
            <line number="420" hits="0" branch="true" condition-coverage="0% (0/4)" />
            <line number="421" hits="0" branch="false" />
            <line number="422" hits="0" branch="false" />
            <line number="424" hits="0" branch="false" />
            <line number="425" hits="0" branch="false" />
            <line number="426" hits="0" branch="false" />
            <line number="427" hits="0" branch="false" />
            <line number="428" hits="0" branch="false" />
            <line number="429" hits="0" branch="false" />
            <line number="430" hits="0" branch="false" />
            <line number="432" hits="0" branch="false" />
            <line number="433" hits="0" branch="false" />
            <line number="434" hits="0" branch="false" />
            <line number="435" hits="0" branch="false" />
            <line number="436" hits="0" branch="true" condition-coverage="0% (0/4)" />
            <line number="437" hits="0" branch="false" />
            <line number="438" hits="0" branch="false" />
            <line number="440" hits="0" branch="false" />
            <line number="441" hits="0" branch="false" />
            <line number="442" hits="0" branch="false" />
            <line number="443" hits="0" branch="false" />
            <line number="444" hits="0" branch="false" />
            <line number="445" hits="0" branch="false" />
            <line number="446" hits="0" branch="false" />
            <line number="448" hits="0" branch="false" />
            <line number="449" hits="0" branch="false" />
            <line number="450" hits="0" branch="false" />
            <line number="451" hits="0" branch="false" />
            <line number="452" hits="0" branch="true" condition-coverage="0% (0/4)" />
            <line number="453" hits="0" branch="false" />
            <line number="454" hits="0" branch="false" />
            <line number="456" hits="0" branch="false" />
            <line number="457" hits="0" branch="false" />
            <line number="458" hits="0" branch="false" />
            <line number="459" hits="0" branch="false" />
            <line number="460" hits="0" branch="false" />
            <line number="461" hits="0" branch="false" />
            <line number="462" hits="0" branch="false" />
            <line number="464" hits="0" branch="false" />
            <line number="466" hits="0" branch="false" />
            <line number="467" hits="0" branch="false" />
            <line number="469" hits="0" branch="false" />
            <line number="470" hits="0" branch="false" />
            <line number="471" hits="0" branch="false" />
            <line number="472" hits="0" branch="false" />
            <line number="475" hits="0" branch="false" />
            <line number="476" hits="0" branch="false" />
            <line number="477" hits="0" branch="false" />
            <line number="479" hits="0" branch="false" />
            <line number="480" hits="0" branch="false" />
            <line number="481" hits="0" branch="false" />
            <line number="482" hits="0" branch="false" />
            <line number="483" hits="0" branch="false" />
            <line number="484" hits="0" branch="false" />
            <line number="486" hits="0" branch="false" />
            <line number="487" hits="0" branch="false" />
            <line number="488" hits="0" branch="false" />
            <line number="489" hits="0" branch="false" />
            <line number="490" hits="0" branch="true" condition-coverage="0% (0/4)" />
            <line number="491" hits="0" branch="false" />
            <line number="493" hits="0" branch="false" />
            <line number="494" hits="0" branch="false" />
            <line number="495" hits="0" branch="false" />
            <line number="496" hits="0" branch="false" />
            <line number="497" hits="0" branch="false" />
            <line number="498" hits="0" branch="false" />
            <line number="501" hits="4" branch="false" />
            <line number="502" hits="4" branch="false" />
            <line number="503" hits="4" branch="false" />
            <line number="504" hits="4" branch="false" />
            <line number="505" hits="4" branch="true" condition-coverage="50% (2/4)" />
            <line number="506" hits="0" branch="false" />
            <line number="508" hits="4" branch="false" />
            <line number="509" hits="4" branch="false" />
            <line number="510" hits="4" branch="false" />
            <line number="511" hits="4" branch="false" />
            <line number="512" hits="4" branch="false" />
            <line number="513" hits="4" branch="false" />
            <line number="515" hits="7" branch="false" />
            <line number="516" hits="7" branch="false" />
            <line number="517" hits="7" branch="false" />
            <line number="518" hits="7" branch="false" />
            <line number="519" hits="7" branch="false" />
            <line number="521" hits="7" branch="false" />
            <line number="523" hits="0" branch="false" />
            <line number="524" hits="0" branch="false" />
            <line number="525" hits="0" branch="false" />
            <line number="527" hits="7" branch="false" />
          </lines>
        </class>
        <class name="MTCG.src.DataAccess.Persistance.Repositories.CardRepository" filename="C:\Users\aisae\source\repos\MTCG\MTCG\src\DataAccess\Persistance\Repositories\CardRepository.cs" line-rate="0" branch-rate="1" complexity="6">
          <methods>
            <method name="Get" signature="(...)" line-rate="0" branch-rate="1" complexity="1">
              <lines>
                <line number="26" hits="0" branch="false" />
                <line number="27" hits="0" branch="false" />
                <line number="28" hits="0" branch="false" />
                <line number="29" hits="0" branch="false" />
              </lines>
            </method>
            <method name="GetAll" signature="()" line-rate="0" branch-rate="1" complexity="1">
              <lines>
                <line number="31" hits="0" branch="false" />
                <line number="32" hits="0" branch="false" />
                <line number="33" hits="0" branch="false" />
                <line number="34" hits="0" branch="false" />
              </lines>
            </method>
            <method name="GetPackage" signature="()" line-rate="0" branch-rate="1" complexity="1">
              <lines>
                <line number="36" hits="0" branch="false" />
                <line number="37" hits="0" branch="false" />
                <line number="38" hits="0" branch="false" />
                <line number="39" hits="0" branch="false" />
                <line number="40" hits="0" branch="false" />
              </lines>
            </method>
            <method name="Add" signature="(...)" line-rate="0" branch-rate="1" complexity="1">
              <lines>
                <line number="42" hits="0" branch="false" />
                <line number="43" hits="0" branch="false" />
                <line number="44" hits="0" branch="false" />
                <line number="45" hits="0" branch="false" />
              </lines>
            </method>
            <method name="Delete" signature="(...)" line-rate="0" branch-rate="1" complexity="1">
              <lines>
                <line number="47" hits="0" branch="false" />
                <line number="48" hits="0" branch="false" />
                <line number="49" hits="0" branch="false" />
                <line number="50" hits="0" branch="false" />
                <line number="51" hits="0" branch="false" />
              </lines>
            </method>
            <method name=".ctor" signature="(...)" line-rate="0" branch-rate="1" complexity="1">
              <lines>
                <line number="19" hits="0" branch="false" />
                <line number="20" hits="0" branch="false" />
                <line number="21" hits="0" branch="false" />
                <line number="22" hits="0" branch="false" />
                <line number="23" hits="0" branch="false" />
              </lines>
            </method>
          </methods>
          <lines>
            <line number="19" hits="0" branch="false" />
            <line number="20" hits="0" branch="false" />
            <line number="21" hits="0" branch="false" />
            <line number="22" hits="0" branch="false" />
            <line number="23" hits="0" branch="false" />
            <line number="26" hits="0" branch="false" />
            <line number="27" hits="0" branch="false" />
            <line number="28" hits="0" branch="false" />
            <line number="29" hits="0" branch="false" />
            <line number="31" hits="0" branch="false" />
            <line number="32" hits="0" branch="false" />
            <line number="33" hits="0" branch="false" />
            <line number="34" hits="0" branch="false" />
            <line number="36" hits="0" branch="false" />
            <line number="37" hits="0" branch="false" />
            <line number="38" hits="0" branch="false" />
            <line number="39" hits="0" branch="false" />
            <line number="40" hits="0" branch="false" />
            <line number="42" hits="0" branch="false" />
            <line number="43" hits="0" branch="false" />
            <line number="44" hits="0" branch="false" />
            <line number="45" hits="0" branch="false" />
            <line number="47" hits="0" branch="false" />
            <line number="48" hits="0" branch="false" />
            <line number="49" hits="0" branch="false" />
            <line number="50" hits="0" branch="false" />
            <line number="51" hits="0" branch="false" />
          </lines>
        </class>
        <class name="MTCG.src.DataAccess.Persistance.Repositories.UserRepository" filename="C:\Users\aisae\source\repos\MTCG\MTCG\src\DataAccess\Persistance\Repositories\UserRepository.cs" line-rate="0" branch-rate="0" complexity="9">
          <methods>
            <method name="Get" signature="(...)" line-rate="0" branch-rate="0" complexity="2">
              <lines>
                <line number="24" hits="0" branch="false" />
                <line number="25" hits="0" branch="false" />
                <line number="26" hits="0" branch="true" condition-coverage="0% (0/2)" />
                <line number="27" hits="0" branch="false" />
                <line number="28" hits="0" branch="false" />
                <line number="30" hits="0" branch="false" />
                <line number="31" hits="0" branch="false" />
              </lines>
            </method>
            <method name="GetUserByUsername" signature="(...)" line-rate="0" branch-rate="0" complexity="2">
              <lines>
                <line number="33" hits="0" branch="false" />
                <line number="34" hits="0" branch="false" />
                <line number="35" hits="0" branch="false" />
                <line number="36" hits="0" branch="true" condition-coverage="0% (0/2)" />
                <line number="37" hits="0" branch="false" />
                <line number="38" hits="0" branch="false" />
                <line number="40" hits="0" branch="false" />
                <line number="41" hits="0" branch="false" />
              </lines>
            </method>
            <method name="GetAll" signature="()" line-rate="0" branch-rate="0" complexity="2">
              <lines>
                <line number="43" hits="0" branch="false" />
                <line number="44" hits="0" branch="false" />
                <line number="45" hits="0" branch="true" condition-coverage="0% (0/2)" />
                <line number="46" hits="0" branch="false" />
                <line number="47" hits="0" branch="false" />
                <line number="49" hits="0" branch="false" />
                <line number="50" hits="0" branch="false" />
              </lines>
            </method>
            <method name="Add" signature="(...)" line-rate="0" branch-rate="1" complexity="1">
              <lines>
                <line number="52" hits="0" branch="false" />
                <line number="53" hits="0" branch="false" />
                <line number="54" hits="0" branch="false" />
                <line number="55" hits="0" branch="false" />
              </lines>
            </method>
            <method name="Delete" signature="(...)" line-rate="0" branch-rate="1" complexity="1">
              <lines>
                <line number="57" hits="0" branch="false" />
                <line number="58" hits="0" branch="false" />
                <line number="59" hits="0" branch="false" />
                <line number="60" hits="0" branch="false" />
                <line number="61" hits="0" branch="false" />
                <line number="62" hits="0" branch="false" />
              </lines>
            </method>
            <method name=".ctor" signature="(...)" line-rate="0" branch-rate="1" complexity="1">
              <lines>
                <line number="18" hits="0" branch="false" />
                <line number="19" hits="0" branch="false" />
                <line number="20" hits="0" branch="false" />
                <line number="21" hits="0" branch="false" />
                <line number="22" hits="0" branch="false" />
              </lines>
            </method>
          </methods>
          <lines>
            <line number="18" hits="0" branch="false" />
            <line number="19" hits="0" branch="false" />
            <line number="20" hits="0" branch="false" />
            <line number="21" hits="0" branch="false" />
            <line number="22" hits="0" branch="false" />
            <line number="24" hits="0" branch="false" />
            <line number="25" hits="0" branch="false" />
            <line number="26" hits="0" branch="true" condition-coverage="0% (0/2)" />
            <line number="27" hits="0" branch="false" />
            <line number="28" hits="0" branch="false" />
            <line number="30" hits="0" branch="false" />
            <line number="31" hits="0" branch="false" />
            <line number="33" hits="0" branch="false" />
            <line number="34" hits="0" branch="false" />
            <line number="35" hits="0" branch="false" />
            <line number="36" hits="0" branch="true" condition-coverage="0% (0/2)" />
            <line number="37" hits="0" branch="false" />
            <line number="38" hits="0" branch="false" />
            <line number="40" hits="0" branch="false" />
            <line number="41" hits="0" branch="false" />
            <line number="43" hits="0" branch="false" />
            <line number="44" hits="0" branch="false" />
            <line number="45" hits="0" branch="true" condition-coverage="0% (0/2)" />
            <line number="46" hits="0" branch="false" />
            <line number="47" hits="0" branch="false" />
            <line number="49" hits="0" branch="false" />
            <line number="50" hits="0" branch="false" />
            <line number="52" hits="0" branch="false" />
            <line number="53" hits="0" branch="false" />
            <line number="54" hits="0" branch="false" />
            <line number="55" hits="0" branch="false" />
            <line number="57" hits="0" branch="false" />
            <line number="58" hits="0" branch="false" />
            <line number="59" hits="0" branch="false" />
            <line number="60" hits="0" branch="false" />
            <line number="61" hits="0" branch="false" />
            <line number="62" hits="0" branch="false" />
          </lines>
        </class>
        <class name="MTCG.src.DataAccess.Persistance.UnitOfWork" filename="C:\Users\aisae\source\repos\MTCG\MTCG\src\DataAccess\Persistance\UnitOfWork.cs" line-rate="0" branch-rate="1" complexity="4">
          <methods>
            <method name="get_Users" signature="()" line-rate="0" branch-rate="1" complexity="1">
              <lines>
                <line number="31" hits="0" branch="false" />
              </lines>
            </method>
            <method name="get_Cards" signature="()" line-rate="0" branch-rate="1" complexity="1">
              <lines>
                <line number="32" hits="0" branch="false" />
              </lines>
            </method>
            <method name="Dispose" signature="()" line-rate="0" branch-rate="1" complexity="1">
              <lines>
                <line number="34" hits="0" branch="false" />
                <line number="35" hits="0" branch="false" />
                <line number="36" hits="0" branch="false" />
              </lines>
            </method>
            <method name=".ctor" signature="()" line-rate="0" branch-rate="1" complexity="1">
              <lines>
                <line number="22" hits="0" branch="false" />
                <line number="23" hits="0" branch="false" />
                <line number="24" hits="0" branch="false" />
                <line number="25" hits="0" branch="false" />
                <line number="26" hits="0" branch="false" />
                <line number="28" hits="0" branch="false" />
                <line number="29" hits="0" branch="false" />
                <line number="30" hits="0" branch="false" />
              </lines>
            </method>
          </methods>
          <lines>
            <line number="22" hits="0" branch="false" />
            <line number="23" hits="0" branch="false" />
            <line number="24" hits="0" branch="false" />
[...]
                <line number="57" hits="0" branch="false" />
                <line number="59" hits="0" branch="true" condition-coverage="0% (0/8)" />
                <line number="62" hits="0" branch="false" />
                <line number="63" hits="0" branch="false" />
                <line number="65" hits="0" branch="false" />
                <line number="66" hits="0" branch="false" />
                <line number="68" hits="0" branch="false" />
                <line number="69" hits="0" branch="false" />
                <line number="71" hits="0" branch="false" />
                <line number="72" hits="0" branch="false" />
                <line number="74" hits="0" branch="false" />
                <line number="76" hits="0" branch="false" />
                <line number="77" hits="0" branch="false" />
                <line number="78" hits="0" branch="false" />
                <line number="79" hits="0" branch="false" />
                <line number="80" hits="0" branch="false" />
                <line number="81" hits="0" branch="false" />
              </lines>
            </method>
            <method name="StartAsync" signature="()" line-rate="0" branch-rate="0" complexity="2">
              <lines>
                <line number="29" hits="0" branch="false" />
                <line number="31" hits="0" branch="false" />
                <line number="32" hits="0" branch="false" />
                <line number="33" hits="0" branch="false" />
                <line number="34" hits="0" branch="false" />
                <line number="35" hits="0" branch="false" />
                <line number="36" hits="0" branch="false" />
                <line number="37" hits="0" branch="false" />
                <line number="38" hits="0" branch="false" />
                <line number="40" hits="0" branch="false" />
                <line number="41" hits="0" branch="false" />
                <line number="42" hits="0" branch="true" condition-coverage="0% (0/2)" />
                <line number="43" hits="0" branch="false" />
                <line number="44" hits="0" branch="false" />
              </lines>
            </method>
          </methods>
          <lines>
            <line number="20" hits="0" branch="false" />
            <line number="21" hits="0" branch="false" />
            <line number="22" hits="0" branch="false" />
            <line number="23" hits="0" branch="false" />
            <line number="25" hits="0" branch="false" />
            <line number="26" hits="0" branch="false" />
            <line number="29" hits="0" branch="false" />
            <line number="31" hits="0" branch="false" />
            <line number="32" hits="0" branch="false" />
            <line number="33" hits="0" branch="false" />
            <line number="34" hits="0" branch="false" />
            <line number="35" hits="0" branch="false" />
            <line number="36" hits="0" branch="false" />
            <line number="37" hits="0" branch="false" />
            <line number="38" hits="0" branch="false" />
            <line number="40" hits="0" branch="false" />
            <line number="41" hits="0" branch="false" />
            <line number="42" hits="0" branch="true" condition-coverage="0% (0/2)" />
            <line number="43" hits="0" branch="false" />
            <line number="44" hits="0" branch="false" />
            <line number="46" hits="0" branch="false" />
            <line number="48" hits="0" branch="false" />
            <line number="50" hits="0" branch="false" />
            <line number="51" hits="0" branch="false" />
            <line number="52" hits="0" branch="false" />
            <line number="54" hits="0" branch="false" />
            <line number="57" hits="0" branch="false" />
            <line number="59" hits="0" branch="true" condition-coverage="0% (0/8)" />
            <line number="62" hits="0" branch="false" />
            <line number="63" hits="0" branch="false" />
            <line number="65" hits="0" branch="false" />
            <line number="66" hits="0" branch="false" />
            <line number="68" hits="0" branch="false" />
            <line number="69" hits="0" branch="false" />
            <line number="71" hits="0" branch="false" />
            <line number="72" hits="0" branch="false" />
            <line number="74" hits="0" branch="false" />
            <line number="76" hits="0" branch="false" />
            <line number="77" hits="0" branch="false" />
            <line number="78" hits="0" branch="false" />
            <line number="79" hits="0" branch="false" />
            <line number="80" hits="0" branch="false" />
            <line number="81" hits="0" branch="false" />
            <line number="83" hits="0" branch="false" />
            <line number="84" hits="0" branch="false" />
            <line number="85" hits="0" branch="true" condition-coverage="0% (0/12)" />
            <line number="88" hits="0" branch="false" />
            <line number="89" hits="0" branch="false" />
            <line number="91" hits="0" branch="false" />
            <line number="92" hits="0" branch="false" />
            <line number="94" hits="0" branch="false" />
            <line number="95" hits="0" branch="false" />
            <line number="97" hits="0" branch="false" />
            <line number="98" hits="0" branch="false" />
            <line number="100" hits="0" branch="false" />
            <line number="101" hits="0" branch="false" />
            <line number="103" hits="0" branch="false" />
            <line number="104" hits="0" branch="false" />
            <line number="106" hits="0" branch="false" />
            <line number="107" hits="0" branch="false" />
            <line number="109" hits="0" branch="false" />
            <line number="111" hits="0" branch="false" />
            <line number="112" hits="0" branch="false" />
            <line number="113" hits="0" branch="true" condition-coverage="0% (0/32)" />
            <line number="116" hits="0" branch="false" />
            <line number="117" hits="0" branch="false" />
            <line number="119" hits="0" branch="false" />
            <line number="120" hits="0" branch="false" />
            <line number="123" hits="0" branch="false" />
            <line number="125" hits="0" branch="false" />
            <line number="126" hits="0" branch="false" />
            <line number="128" hits="0" branch="false" />
            <line number="129" hits="0" branch="false" />
            <line number="132" hits="0" branch="false" />
            <line number="135" hits="0" branch="false" />
            <line number="137" hits="0" branch="false" />
            <line number="138" hits="0" branch="false" />
            <line number="140" hits="0" branch="false" />
            <line number="142" hits="0" branch="false" />
            <line number="143" hits="0" branch="true" condition-coverage="0% (0/4)" />
            <line number="147" hits="0" branch="false" />
            <line number="150" hits="0" branch="false" />
            <line number="152" hits="0" branch="false" />
            <line number="153" hits="0" branch="false" />
            <line number="155" hits="0" branch="false" />
            <line number="157" hits="0" branch="false" />
            <line number="158" hits="0" branch="true" condition-coverage="0% (0/4)" />
            <line number="162" hits="0" branch="false" />
            <line number="165" hits="0" branch="false" />
            <line number="167" hits="0" branch="false" />
            <line number="168" hits="0" branch="false" />
            <line number="170" hits="0" branch="false" />
            <line number="173" hits="0" branch="false" />
            <line number="174" hits="0" branch="false" />
            <line number="175" hits="0" branch="false" />
            <line number="176" hits="0" branch="false" />
            <line number="177" hits="0" branch="false" />
            <line number="178" hits="0" branch="false" />
            <line number="180" hits="0" branch="false" />
            <line number="181" hits="0" branch="false" />
            <line number="182" hits="0" branch="false" />
          </lines>
        </class>
      </classes>
    </package>
    <package name="TestMTCG" line-rate="0.732394366197183" branch-rate="1" complexity="12">
      <classes>
        <class name="AutoGeneratedProgram" filename="C:\Users\aisae\.nuget\packages\microsoft.net.test.sdk\17.7.1\build\netcoreapp3.1\Microsoft.NET.Test.Sdk.Program.cs" line-rate="0" branch-rate="1" complexity="1">
          <methods>
            <method name="Main" signature="(...)" line-rate="0" branch-rate="1" complexity="1">
              <lines>
                <line number="4" hits="0" branch="false" />
              </lines>
            </method>
          </methods>
          <lines>
            <line number="4" hits="0" branch="false" />
          </lines>
        </class>
        <class name="TestMTCG.UnitTestContext" filename="C:\Users\aisae\source\repos\MTCG\TestMTCG\UnitTestContext.cs" line-rate="0.912280701754386" branch-rate="1" complexity="5">
          <methods>
            <method name="TestUserGet" signature="()" line-rate="0.666666666666667" branch-rate="1" complexity="1">
              <lines>
                <line number="21" hits="1" branch="false" />
                <line number="22" hits="1" branch="false" />
                <line number="23" hits="1" branch="false" />
                <line number="24" hits="1" branch="false" />
                <line number="25" hits="1" branch="false" />
                <line number="26" hits="1" branch="false" />
                <line number="27" hits="1" branch="false" />
                <line number="29" hits="1" branch="false" />
                <line number="31" hits="0" branch="false" />
                <line number="32" hits="0" branch="false" />
                <line number="33" hits="0" branch="false" />
                <line number="34" hits="0" branch="false" />
              </lines>
            </method>
            <method name="TestUserGetByUsername" signature="()" line-rate="1" branch-rate="1" complexity="1">
              <lines>
                <line number="37" hits="1" branch="false" />
                <line number="38" hits="1" branch="false" />
                <line number="39" hits="1" branch="false" />
                <line number="40" hits="1" branch="false" />
                <line number="41" hits="1" branch="false" />
                <line number="42" hits="1" branch="false" />
                <line number="43" hits="1" branch="false" />
                <line number="45" hits="1" branch="false" />
                <line number="47" hits="1" branch="false" />
                <line number="48" hits="1" branch="false" />
                <line number="49" hits="1" branch="false" />
                <line number="50" hits="1" branch="false" />
              </lines>
            </method>
            <method name="TestCardGet" signature="()" line-rate="0.916666666666667" branch-rate="1" complexity="1">
              <lines>
                <line number="53" hits="1" branch="false" />
                <line number="54" hits="1" branch="false" />
                <line number="55" hits="1" branch="false" />
                <line number="56" hits="1" branch="false" />
                <line number="57" hits="1" branch="false" />
                <line number="58" hits="1" branch="false" />
                <line number="59" hits="1" branch="false" />
                <line number="61" hits="1" branch="false" />
                <line number="62" hits="1" branch="false" />
                <line number="63" hits="1" branch="false" />
                <line number="64" hits="1" branch="false" />
                <line number="65" hits="0" branch="false" />
              </lines>
            </method>
            <method name="TestGetPackage" signature="()" line-rate="1" branch-rate="1" complexity="1">
              <lines>
                <line number="68" hits="1" branch="false" />
                <line number="69" hits="1" branch="false" />
                <line number="70" hits="1" branch="false" />
                <line number="71" hits="1" branch="false" />
                <line number="72" hits="1" branch="false" />
                <line number="73" hits="1" branch="false" />
                <line number="74" hits="1" branch="false" />
                <line number="75" hits="1" branch="false" />
                <line number="76" hits="1" branch="false" />
                <line number="77" hits="1" branch="false" />
                <line number="78" hits="1" branch="false" />
                <line number="79" hits="1" branch="false" />
                <line number="80" hits="1" branch="false" />
                <line number="81" hits="1" branch="false" />
                <line number="82" hits="1" branch="false" />
                <line number="83" hits="1" branch="false" />
                <line number="84" hits="1" branch="false" />
              </lines>
            </method>
            <method name=".ctor" signature="()" line-rate="1" branch-rate="1" complexity="1">
              <lines>
                <line number="14" hits="4" branch="false" />
                <line number="15" hits="4" branch="false" />
                <line number="16" hits="4" branch="false" />
                <line number="17" hits="4" branch="false" />
              </lines>
            </method>
          </methods>
          <lines>
            <line number="14" hits="4" branch="false" />
            <line number="15" hits="4" branch="false" />
            <line number="16" hits="4" branch="false" />
            <line number="17" hits="4" branch="false" />
            <line number="21" hits="1" branch="false" />
            <line number="22" hits="1" branch="false" />
            <line number="23" hits="1" branch="false" />
            <line number="24" hits="1" branch="false" />
            <line number="25" hits="1" branch="false" />
            <line number="26" hits="1" branch="false" />
            <line number="27" hits="1" branch="false" />
            <line number="29" hits="1" branch="false" />
            <line number="31" hits="0" branch="false" />
            <line number="32" hits="0" branch="false" />
            <line number="33" hits="0" branch="false" />
            <line number="34" hits="0" branch="false" />
            <line number="37" hits="1" branch="false" />
            <line number="38" hits="1" branch="false" />
            <line number="39" hits="1" branch="false" />
            <line number="40" hits="1" branch="false" />
            <line number="41" hits="1" branch="false" />
            <line number="42" hits="1" branch="false" />
            <line number="43" hits="1" branch="false" />
            <line number="45" hits="1" branch="false" />
            <line number="47" hits="1" branch="false" />
            <line number="48" hits="1" branch="false" />
            <line number="49" hits="1" branch="false" />
            <line number="50" hits="1" branch="false" />
            <line number="53" hits="1" branch="false" />
            <line number="54" hits="1" branch="false" />
            <line number="55" hits="1" branch="false" />
            <line number="56" hits="1" branch="false" />
            <line number="57" hits="1" branch="false" />
            <line number="58" hits="1" branch="false" />
            <line number="59" hits="1" branch="false" />
            <line number="61" hits="1" branch="false" />
            <line number="62" hits="1" branch="false" />
            <line number="63" hits="1" branch="false" />
            <line number="64" hits="1" branch="false" />
            <line number="65" hits="0" branch="false" />
            <line number="68" hits="1" branch="false" />
            <line number="69" hits="1" branch="false" />
            <line number="70" hits="1" branch="false" />
            <line number="71" hits="1" branch="false" />
            <line number="72" hits="1" branch="false" />
            <line number="73" hits="1" branch="false" />
            <line number="74" hits="1" branch="false" />
            <line number="75" hits="1" branch="false" />
            <line number="76" hits="1" branch="false" />
            <line number="77" hits="1" branch="false" />
            <line number="78" hits="1" branch="false" />
            <line number="79" hits="1" branch="false" />
            <line number="80" hits="1" branch="false" />
            <line number="81" hits="1" branch="false" />
            <line number="82" hits="1" branch="false" />
            <line number="83" hits="1" branch="false" />
            <line number="84" hits="1" branch="false" />
          </lines>
        </class>
        <class name="TestMTCG.UnitTestDataHandler" filename="C:\Users\aisae\source\repos\MTCG\TestMTCG\UnitTestDataHandler.cs" line-rate="0" branch-rate="1" complexity="1">
          <methods>
            <method name=".ctor" signature="()" line-rate="0" branch-rate="1" complexity="1">
              <lines>
                <line number="15" hits="0" branch="false" />
              </lines>
            </method>
          </methods>
          <lines>
            <line number="15" hits="0" branch="false" />
          </lines>
        </class>
        <class name="TestMTCG.UnitTestUser" filename="C:\Users\aisae\source\repos\MTCG\TestMTCG\UnitTestUser.cs" line-rate="0" branch-rate="1" complexity="5">
          <methods>
            <method name="TestSignUpUsernameTaken" signature="()" line-rate="0" branch-rate="1" complexity="1">
              <lines>
                <line number="16" hits="0" branch="false" />
                <line number="17" hits="0" branch="false" />
                <line number="18" hits="0" branch="false" />
                <line number="21" hits="0" branch="false" />
              </lines>
            </method>
            <method name="TestUserLogIn" signature="()" line-rate="0" branch-rate="1" complexity="1">
              <lines>
                <line number="24" hits="0" branch="false" />
                <line number="25" hits="0" branch="false" />
              </lines>
            </method>
            <method name="TestUserShowCards" signature="()" line-rate="0" branch-rate="1" complexity="1">
              <lines>
                <line number="28" hits="0" branch="false" />
                <line number="29" hits="0" branch="false" />
              </lines>
            </method>
            <method name="TestUserConfigureDeck" signature="()" line-rate="0" branch-rate="1" complexity="1">
              <lines>
                <line number="32" hits="0" branch="false" />
                <line number="33" hits="0" branch="false" />
              </lines>
            </method>
            <method name="TestUserShowDeck" signature="()" line-rate="0" branch-rate="1" complexity="1">
              <lines>
                <line number="36" hits="0" branch="false" />
                <line number="37" hits="0" branch="false" />
              </lines>
            </method>
          </methods>
          <lines>
            <line number="16" hits="0" branch="false" />
            <line number="17" hits="0" branch="false" />
            <line number="18" hits="0" branch="false" />
            <line number="21" hits="0" branch="false" />
            <line number="24" hits="0" branch="false" />
            <line number="25" hits="0" branch="false" />
            <line number="28" hits="0" branch="false" />
            <line number="29" hits="0" branch="false" />
            <line number="32" hits="0" branch="false" />
            <line number="33" hits="0" branch="false" />
            <line number="36" hits="0" branch="false" />
            <line number="37" hits="0" branch="false" />
          </lines>
        </class>
      </classes>
    </package>
  </packages>
</coverage>