TpTrace Verbose: 0 : 91028, 1, 2024/01/07, 17:58:07.715, 2668512644909, testhost.dll, Version: 17.7.1 Current process architecture: X64
TpTrace Verbose: 0 : 91028, 1, 2024/01/07, 17:58:07.717, 2668512668837, testhost.dll, Runtime location: C:\Program Files\dotnet\shared\Microsoft.NETCore.App\7.0.11
TpTrace Information: 0 : 91028, 1, 2024/01/07, 17:58:07.719, 2668512693761, testhost.dll, DefaultEngineInvoker.Invoke: Testhost process started with args :[--port, 61546],[--endpoint, 127.0.0.1:061546],[--role, client],[--parentprocessid, 85820],[--diag, C:\Users\aisae\source\repos\MTCG\TestMTCG\bin\Debug\net7.0\fine-code-coverage\coverage-tool-output\diagnostics.host.24-01-07_17-58-07_57662_5.log],[--tracelevel, 4],[--datacollectionport, 61545],[--telemetryoptedin, false]
TpTrace Information: 0 : 91028, 1, 2024/01/07, 17:58:07.720, 2668512697910, testhost.dll, Setting up debug trace listener.
TpTrace Verbose: 0 : 91028, 1, 2024/01/07, 17:58:07.720, 2668512699221, testhost.dll, TestPlatformTraceListener.Setup: Replacing listener System.Diagnostics.DefaultTraceListener with TestHostTraceListener.
TpTrace Verbose: 0 : 91028, 1, 2024/01/07, 17:58:07.720, 2668512700145, testhost.dll, TestPlatformTraceListener.Setup: Added test platform trace listener.
TpTrace Information: 0 : 91028, 1, 2024/01/07, 17:58:07.720, 2668512702458, testhost.dll, DefaultEngineInvoker.SetParentProcessExitCallback: Monitoring parent process with id: '85820'
TpTrace Information: 0 : 91028, 1, 2024/01/07, 17:58:07.723, 2668512726359, testhost.dll, DefaultEngineInvoker.GetConnectionInfo: Initialize communication on endpoint address: '127.0.0.1:061546'
TpTrace Information: 0 : 91028, 1, 2024/01/07, 17:58:07.728, 2668512784022, testhost.dll, SocketClient.Start: connecting to server endpoint: 127.0.0.1:061546
TpTrace Information: 0 : 91028, 1, 2024/01/07, 17:58:07.734, 2668512835494, testhost.dll, DefaultEngineInvoker.ConnectToDatacollector: Connecting to datacollector, port: 61545
TpTrace Information: 0 : 91028, 9, 2024/01/07, 17:58:07.734, 2668512840546, testhost.dll, SocketClient.OnServerConnected: connected to server endpoint: 127.0.0.1:061546
TpTrace Information: 0 : 91028, 1, 2024/01/07, 17:58:07.735, 2668512847044, testhost.dll, Trying to connect to server on socket : 127.0.0.1:61545 
TpTrace Verbose: 0 : 91028, 1, 2024/01/07, 17:58:07.735, 2668512849624, testhost.dll, SocketCommunicationManager : SetupClientAsync : Attempting to connect to the server.
TpTrace Verbose: 0 : 91028, 9, 2024/01/07, 17:58:07.736, 2668512855930, testhost.dll, MulticastDelegateUtilities.SafeInvoke: SocketClient: ServerConnected: Invoking callback 1/1 for Microsoft.VisualStudio.TestPlatform.CommunicationUtilities.TestRequestHandler., took 0 ms.
TpTrace Verbose: 0 : 91028, 9, 2024/01/07, 17:58:07.736, 2668512856581, testhost.dll, Connected to server, and starting MessageLoopAsync
TpTrace Information: 0 : 91028, 9, 2024/01/07, 17:58:07.737, 2668512867991, testhost.dll, Connected to the server successfully 
TpTrace Information: 0 : 91028, 9, 2024/01/07, 17:58:07.737, 2668512868698, testhost.dll, Using the buffer size of 16384 bytes
TpTrace Verbose: 0 : 91028, 1, 2024/01/07, 17:58:07.737, 2668512870448, testhost.dll, SocketCommunicationManager.WaitForServerConnection took: 0 ms, with 90000 ms timeout, and finished with True.
TpTrace Information: 0 : 91028, 1, 2024/01/07, 17:58:07.737, 2668512871335, testhost.dll, DefaultEngineInvoker.Invoke: Start Request Processing.
TpTrace Verbose: 0 : 91028, 11, 2024/01/07, 17:58:07.737, 2668512872876, testhost.dll, TcpClientExtensions.MessageLoopAsync: Polling on remoteEndPoint: [::ffff:127.0.0.1]:61546 localEndPoint: [::ffff:127.0.0.1]:61547
TpTrace Verbose: 0 : 91028, 11, 2024/01/07, 17:58:07.737, 2668512873683, testhost.dll, TcpClientExtensions.MessageLoopAsync: NotifyDataAvailable remoteEndPoint: [::ffff:127.0.0.1]:61546 localEndPoint: [::ffff:127.0.0.1]:61547
TpTrace Information: 0 : 91028, 12, 2024/01/07, 17:58:07.738, 2668512881261, testhost.dll, DefaultEngineInvoker.StartProcessingAsync: Connected to vstest.console, Starting process requests.
TpTrace Information: 0 : 91028, 11, 2024/01/07, 17:58:07.740, 2668512902313, testhost.dll, TestRequestHandler.OnMessageReceived: received message: (ProtocolVersion) -> {"MessageType":"ProtocolVersion","Payload":7}
TpTrace Verbose: 0 : 91028, 11, 2024/01/07, 17:58:07.830, 2668513802560, testhost.dll, TestRequestHandler.SendData: sending data from testhost: {"Version":7,"MessageType":"TestSession.Message","Payload":{"MessageLevel":0,"Message":"Logging TestHost Diagnostics in file: C:\\Users\\aisae\\source\\repos\\MTCG\\TestMTCG\\bin\\Debug\\net7.0\\fine-code-coverage\\coverage-tool-output\\diagnostics.host.24-01-07_17-58-07_57662_5.log"}}
TpTrace Verbose: 0 : 91028, 11, 2024/01/07, 17:58:07.831, 2668513804792, testhost.dll, MulticastDelegateUtilities.SafeInvoke: LengthPrefixCommunicationChannel: MessageReceived: Invoking callback 1/1 for Microsoft.VisualStudio.TestPlatform.CommunicationUtilities.TestRequestHandler., took 92 ms.
TpTrace Verbose: 0 : 91028, 11, 2024/01/07, 17:58:07.831, 2668513805302, testhost.dll, TcpClientExtensions.MessageLoopAsync: Polling on remoteEndPoint: [::ffff:127.0.0.1]:61546 localEndPoint: [::ffff:127.0.0.1]:61547
TpTrace Verbose: 0 : 91028, 11, 2024/01/07, 17:58:07.831, 2668513805730, testhost.dll, TcpClientExtensions.MessageLoopAsync: NotifyDataAvailable remoteEndPoint: [::ffff:127.0.0.1]:61546 localEndPoint: [::ffff:127.0.0.1]:61547
TpTrace Information: 0 : 91028, 11, 2024/01/07, 17:58:07.831, 2668513808620, testhost.dll, TestRequestHandler.OnMessageReceived: received message: (TestExecution.Initialize) -> {"Version":7,"MessageType":"TestExecution.Initialize","Payload":["C:\\Users\\aisae\\source\\repos\\MTCG\\TestMTCG\\bin\\Debug\\net7.0\\fine-code-coverage\\build-output\\Microsoft.VisualStudio.TestPlatform.MSTest.TestAdapter.dll"]}
TpTrace Verbose: 0 : 91028, 11, 2024/01/07, 17:58:07.839, 2668513887014, testhost.dll, MulticastDelegateUtilities.SafeInvoke: LengthPrefixCommunicationChannel: MessageReceived: Invoking callback 1/1 for Microsoft.VisualStudio.TestPlatform.CommunicationUtilities.TestRequestHandler., took 7 ms.
TpTrace Verbose: 0 : 91028, 11, 2024/01/07, 17:58:07.839, 2668513888161, testhost.dll, TcpClientExtensions.MessageLoopAsync: Polling on remoteEndPoint: [::ffff:127.0.0.1]:61546 localEndPoint: [::ffff:127.0.0.1]:61547
TpTrace Verbose: 0 : 91028, 11, 2024/01/07, 17:58:07.839, 2668513889999, testhost.dll, TcpClientExtensions.MessageLoopAsync: NotifyDataAvailable remoteEndPoint: [::ffff:127.0.0.1]:61546 localEndPoint: [::ffff:127.0.0.1]:61547
TpTrace Information: 0 : 91028, 11, 2024/01/07, 17:58:07.839, 2668513891715, testhost.dll, TestRequestHandler.OnMessageReceived: received message: (TestExecution.StartWithSources) -> {"Version":7,"MessageType":"TestExecution.StartWithSources","Payload":{"AdapterSourceMap":{"_none_":["C:\\Users\\aisae\\source\\repos\\MTCG\\TestMTCG\\bin\\Debug\\net7.0\\fine-code-coverage\\build-output\\TestMTCG.dll"]},"RunSettings":"<RunSettings>\r\n  <RunConfiguration>\r\n    <ResultsDirectory>C:\\Users\\aisae\\source\\repos\\MTCG\\TestMTCG\\bin\\Debug\\net7.0\\fine-code-coverage\\coverage-tool-output</ResultsDirectory>\r\n    <TargetFrameworkVersion>.NETCoreApp,Version=v7.0</TargetFrameworkVersion>\r\n    <DesignMode>False</DesignMode>\r\n    <CollectSourceInformation>False</CollectSourceInformation>\r\n  </RunConfiguration>\r\n  <LoggerRunSettings>\r\n    <Loggers>\r\n      <Logger friendlyName=\"blame\" enabled=\"True\" />\r\n      <Logger friendlyName=\"Console\" uri=\"logger://microsoft/TestPlatform/ConsoleLogger/v1\" assemblyQualifiedName=\"Microsoft.VisualStudio.TestPlatform.CommandLine.Internal.ConsoleLogger, vstest.console, Version=15.0.0.0, Culture=neutral, PublicKeyToken=b03f5f7f11d50a3a\" codeBase=\"C:\\Program Files\\dotnet\\sdk\\7.0.401\\vstest.console.dll\" enabled=\"True\" />\r\n    </Loggers>\r\n  </LoggerRunSettings>\r\n  <DataCollectionRunSettings>\r\n    <DataCollectors>\r\n      <DataCollector friendlyName=\"blame\" enabled=\"True\">\r\n        <Configuration>\r\n          <ResultsDirectory>C:\\Users\\aisae\\source\\repos\\MTCG\\TestMTCG\\bin\\Debug\\net7.0\\fine-code-coverage\\coverage-tool-output</ResultsDirectory>\r\n        </Configuration>\r\n      </DataCollector>\r\n    </DataCollectors>\r\n  </DataCollectionRunSettings>\r\n</RunSettings>","TestExecutionContext":{"FrequencyOfRunStatsChangeEvent":10,"RunStatsChangeEventTimeout":"00:00:01.5000000","InIsolation":false,"KeepAlive":false,"AreTestCaseLevelEventsRequired":false,"IsDebug":false,"TestCaseFilter":null,"FilterOptions":null},"Package":null}}
TpTrace Information: 0 : 91028, 4, 2024/01/07, 17:58:07.839, 2668513892526, testhost.dll, TestRequestHandler.OnMessageReceived: Running job 'TestExecution.Initialize'.
TpTrace Verbose: 0 : 91028, 4, 2024/01/07, 17:58:07.841, 2668513909714, testhost.dll, TestExecutorService: Loading the extensions
TpTrace Verbose: 0 : 91028, 4, 2024/01/07, 17:58:07.842, 2668513919715, testhost.dll, TestPluginCache.DiscoverTestExtensions: finding test extensions in assemblies ends with: TestAdapter.dll TPluginInfo: Microsoft.VisualStudio.TestPlatform.Common.ExtensionFramework.Utilities.TestExecutorPluginInformation TExtension: Microsoft.VisualStudio.TestPlatform.ObjectModel.Adapter.ITestExecutor
TpTrace Verbose: 0 : 91028, 4, 2024/01/07, 17:58:07.843, 2668513932569, testhost.dll, TestPluginCache.GetExtensionPaths: Filtered extension paths: 
TpTrace Verbose: 0 : 91028, 4, 2024/01/07, 17:58:07.844, 2668513936182, testhost.dll, TestPluginCache.GetExtensionPaths: Added default extension paths: C:\Users\aisae\source\repos\MTCG\TestMTCG\bin\Debug\net7.0\fine-code-coverage\build-output\Microsoft.VisualStudio.TestPlatform.MSTest.TestAdapter.dll
TpTrace Verbose: 0 : 91028, 4, 2024/01/07, 17:58:07.844, 2668513936702, testhost.dll, TestPluginCache.GetExtensionPaths: Added unfilterableExtensionPaths: 
TpTrace Information: 0 : 91028, 4, 2024/01/07, 17:58:07.845, 2668513950338, testhost.dll, AssemblyResolver.ctor: Creating AssemblyResolver with searchDirectories C:\Users\aisae\source\repos\MTCG\TestMTCG\bin\Debug\net7.0\fine-code-coverage\build-output
TpTrace Verbose: 0 : 91028, 4, 2024/01/07, 17:58:07.846, 2668513959467, testhost.dll, TestPluginCache.DiscoverTestExtensions: Discovering the extensions using extension path.
TpTrace Verbose: 0 : 91028, 4, 2024/01/07, 17:58:07.846, 2668513960929, testhost.dll, TestPluginCache.GetExtensionPaths: Filtered extension paths: 
TpTrace Verbose: 0 : 91028, 4, 2024/01/07, 17:58:07.846, 2668513961312, testhost.dll, TestPluginCache.GetExtensionPaths: Added default extension paths: C:\Users\aisae\source\repos\MTCG\TestMTCG\bin\Debug\net7.0\fine-code-coverage\build-output\Microsoft.VisualStudio.TestPlatform.MSTest.TestAdapter.dll
TpTrace Verbose: 0 : 91028, 4, 2024/01/07, 17:58:07.846, 2668513961518, testhost.dll, TestPluginCache.GetExtensionPaths: Added unfilterableExtensionPaths: 
TpTrace Verbose: 0 : 91028, 4, 2024/01/07, 17:58:07.846, 2668513962392, testhost.dll, TestPluginCache.DiscoverTestExtensions: Discovering the extensions using allExtensionPaths: C:\Users\aisae\source\repos\MTCG\TestMTCG\bin\Debug\net7.0\fine-code-coverage\build-output\Microsoft.VisualStudio.TestPlatform.MSTest.TestAdapter.dll
TpTrace Information: 0 : 91028, 4, 2024/01/07, 17:58:07.847, 2668513967474, testhost.dll, AssemblyResolver.AddSearchDirectories: Adding more searchDirectories C:\Users\aisae\source\repos\MTCG\TestMTCG\bin\Debug\net7.0\fine-code-coverage\build-output
TpTrace Information: 0 : 91028, 4, 2024/01/07, 17:58:07.849, 2668513988121, testhost.dll, AssemblyResolver.OnResolve: Microsoft.VisualStudio.TestPlatform.MSTest.TestAdapter: Resolving assembly.
TpTrace Information: 0 : 91028, 4, 2024/01/07, 17:58:07.849, 2668513989398, testhost.dll, AssemblyResolver.OnResolve: Microsoft.VisualStudio.TestPlatform.MSTest.TestAdapter: Searching in: 'C:\Users\aisae\source\repos\MTCG\TestMTCG\bin\Debug\net7.0\fine-code-coverage\build-output'.
TpTrace Verbose: 0 : 91028, 11, 2024/01/07, 17:58:07.856, 2668514061798, testhost.dll, MulticastDelegateUtilities.SafeInvoke: LengthPrefixCommunicationChannel: MessageReceived: Invoking callback 1/1 for Microsoft.VisualStudio.TestPlatform.CommunicationUtilities.TestRequestHandler., took 17 ms.
TpTrace Verbose: 0 : 91028, 11, 2024/01/07, 17:58:07.856, 2668514062755, testhost.dll, TcpClientExtensions.MessageLoopAsync: Polling on remoteEndPoint: [::ffff:127.0.0.1]:61546 localEndPoint: [::ffff:127.0.0.1]:61547
TpTrace Information: 0 : 91028, 4, 2024/01/07, 17:58:07.857, 2668514066442, testhost.dll, AssemblyResolver.OnResolve: Microsoft.VisualStudio.TestPlatform.MSTest.TestAdapter: Loading assembly 'C:\Users\aisae\source\repos\MTCG\TestMTCG\bin\Debug\net7.0\fine-code-coverage\build-output\Microsoft.VisualStudio.TestPlatform.MSTest.TestAdapter.dll'.
TpTrace Information: 0 : 91028, 4, 2024/01/07, 17:58:07.857, 2668514072298, testhost.dll, AssemblyResolver.OnResolve: Resolved assembly: Microsoft.VisualStudio.TestPlatform.MSTest.TestAdapter, from path: C:\Users\aisae\source\repos\MTCG\TestMTCG\bin\Debug\net7.0\fine-code-coverage\build-output\Microsoft.VisualStudio.TestPlatform.MSTest.TestAdapter.dll
TpTrace Verbose: 0 : 91028, 4, 2024/01/07, 17:58:07.870, 2668514202291, testhost.dll, MetadataReaderExtensionsHelper: Discovering extensions inside assembly 'Microsoft.VisualStudio.TestPlatform.MSTest.TestAdapter, Version=14.0.0.0, Culture=neutral, PublicKeyToken=b03f5f7f11d50a3a' file path 'C:\Users\aisae\source\repos\MTCG\TestMTCG\bin\Debug\net7.0\fine-code-coverage\build-output\Microsoft.VisualStudio.TestPlatform.MSTest.TestAdapter.dll'
TpTrace Information: 0 : 91028, 4, 2024/01/07, 17:58:07.874, 2668514235606, testhost.dll, GetTestExtensionFromType: Register extension with identifier data 'executor://MSTestAdapter/v2' and type 'Microsoft.VisualStudio.TestPlatform.MSTest.TestAdapter.MSTestExecutor, Microsoft.VisualStudio.TestPlatform.MSTest.TestAdapter, Version=14.0.0.0, Culture=neutral, PublicKeyToken=b03f5f7f11d50a3a' inside file 'C:\Users\aisae\source\repos\MTCG\TestMTCG\bin\Debug\net7.0\fine-code-coverage\build-output\Microsoft.VisualStudio.TestPlatform.MSTest.TestAdapter.dll'
TpTrace Verbose: 0 : 91028, 4, 2024/01/07, 17:58:07.875, 2668514253864, testhost.dll, TestPluginCache: Discovered the extensions using extension path ''.
TpTrace Verbose: 0 : 91028, 4, 2024/01/07, 17:58:07.876, 2668514259396, testhost.dll, TestPluginCache: Discoverers are ''.
TpTrace Verbose: 0 : 91028, 4, 2024/01/07, 17:58:07.876, 2668514260229, testhost.dll, TestPluginCache: Executors are 'executor://MSTestAdapter/v2'.
TpTrace Verbose: 0 : 91028, 4, 2024/01/07, 17:58:07.876, 2668514260788, testhost.dll, TestPluginCache: Executors2 are ''.
TpTrace Verbose: 0 : 91028, 4, 2024/01/07, 17:58:07.876, 2668514261419, testhost.dll, TestPluginCache: Setting providers are ''.
TpTrace Verbose: 0 : 91028, 4, 2024/01/07, 17:58:07.876, 2668514262070, testhost.dll, TestPluginCache: Loggers are ''.
TpTrace Verbose: 0 : 91028, 4, 2024/01/07, 17:58:07.876, 2668514262617, testhost.dll, TestPluginCache: TestHosts are ''.
TpTrace Verbose: 0 : 91028, 4, 2024/01/07, 17:58:07.876, 2668514263213, testhost.dll, TestPluginCache: DataCollectors are ''.
TpTrace Verbose: 0 : 91028, 4, 2024/01/07, 17:58:07.878, 2668514282435, testhost.dll, TestPluginCache.DiscoverTestExtensions: finding test extensions in assemblies ends with: TestAdapter.dll TPluginInfo: Microsoft.VisualStudio.TestPlatform.Common.ExtensionFramework.Utilities.TestExecutorPluginInformation2 TExtension: Microsoft.VisualStudio.TestPlatform.ObjectModel.Adapter.ITestExecutor2
TpTrace Verbose: 0 : 91028, 4, 2024/01/07, 17:58:07.879, 2668514284728, testhost.dll, TestPluginCache.GetExtensionPaths: Filtered extension paths: 
TpTrace Verbose: 0 : 91028, 4, 2024/01/07, 17:58:07.879, 2668514285120, testhost.dll, TestPluginCache.GetExtensionPaths: Added default extension paths: C:\Users\aisae\source\repos\MTCG\TestMTCG\bin\Debug\net7.0\fine-code-coverage\build-output\Microsoft.VisualStudio.TestPlatform.MSTest.TestAdapter.dll
TpTrace Verbose: 0 : 91028, 4, 2024/01/07, 17:58:07.879, 2668514285293, testhost.dll, TestPluginCache.GetExtensionPaths: Added unfilterableExtensionPaths: 
TpTrace Information: 0 : 91028, 4, 2024/01/07, 17:58:07.879, 2668514286793, testhost.dll, AssemblyResolver.AddSearchDirectories: Adding more searchDirectories C:\Users\aisae\source\repos\MTCG\TestMTCG\bin\Debug\net7.0\fine-code-coverage\build-output
TpTrace Verbose: 0 : 91028, 4, 2024/01/07, 17:58:07.879, 2668514287542, testhost.dll, TestPluginCache.DiscoverTestExtensions: Discovering the extensions using extension path.
TpTrace Verbose: 0 : 91028, 4, 2024/01/07, 17:58:07.879, 2668514287771, testhost.dll, TestPluginCache.GetExtensionPaths: Filtered extension paths: 
TpTrace Verbose: 0 : 91028, 4, 2024/01/07, 17:58:07.879, 2668514287923, testhost.dll, TestPluginCache.GetExtensionPaths: Added default extension paths: C:\Users\aisae\source\repos\MTCG\TestMTCG\bin\Debug\net7.0\fine-code-coverage\build-output\Microsoft.VisualStudio.TestPlatform.MSTest.TestAdapter.dll
TpTrace Verbose: 0 : 91028, 4, 2024/01/07, 17:58:07.879, 2668514288114, testhost.dll, TestPluginCache.GetExtensionPaths: Added unfilterableExtensionPaths: 
TpTrace Verbose: 0 : 91028, 4, 2024/01/07, 17:58:07.879, 2668514288278, testhost.dll, TestPluginCache.DiscoverTestExtensions: Discovering the extensions using allExtensionPaths: C:\Users\aisae\source\repos\MTCG\TestMTCG\bin\Debug\net7.0\fine-code-coverage\build-output\Microsoft.VisualStudio.TestPlatform.MSTest.TestAdapter.dll
TpTrace Information: 0 : 91028, 4, 2024/01/07, 17:58:07.879, 2668514288533, testhost.dll, AssemblyResolver.AddSearchDirectories: Adding more searchDirectories C:\Users\aisae\source\repos\MTCG\TestMTCG\bin\Debug\net7.0\fine-code-coverage\build-output
TpTrace Verbose: 0 : 91028, 4, 2024/01/07, 17:58:07.879, 2668514288981, testhost.dll, MetadataReaderExtensionsHelper: Discovering extensions inside assembly 'Microsoft.VisualStudio.TestPlatform.MSTest.TestAdapter, Version=14.0.0.0, Culture=neutral, PublicKeyToken=b03f5f7f11d50a3a' file path 'C:\Users\aisae\source\repos\MTCG\TestMTCG\bin\Debug\net7.0\fine-code-coverage\build-output\Microsoft.VisualStudio.TestPlatform.MSTest.TestAdapter.dll'
TpTrace Verbose: 0 : 91028, 4, 2024/01/07, 17:58:07.879, 2668514292756, testhost.dll, TestPluginCache: Discovered the extensions using extension path ''.
TpTrace Verbose: 0 : 91028, 4, 2024/01/07, 17:58:07.879, 2668514293130, testhost.dll, TestPluginCache: Discoverers are ''.
TpTrace Verbose: 0 : 91028, 4, 2024/01/07, 17:58:07.879, 2668514293364, testhost.dll, TestPluginCache: Executors are 'executor://MSTestAdapter/v2'.
TpTrace Verbose: 0 : 91028, 4, 2024/01/07, 17:58:07.879, 2668514293769, testhost.dll, TestPluginCache: Executors2 are ''.
TpTrace Verbose: 0 : 91028, 4, 2024/01/07, 17:58:07.879, 2668514293935, testhost.dll, TestPluginCache: Setting providers are ''.
TpTrace Verbose: 0 : 91028, 4, 2024/01/07, 17:58:07.880, 2668514294076, testhost.dll, TestPluginCache: Loggers are ''.
TpTrace Verbose: 0 : 91028, 4, 2024/01/07, 17:58:07.880, 2668514294217, testhost.dll, TestPluginCache: TestHosts are ''.
TpTrace Verbose: 0 : 91028, 4, 2024/01/07, 17:58:07.880, 2668514294354, testhost.dll, TestPluginCache: DataCollectors are ''.
TpTrace Information: 0 : 91028, 4, 2024/01/07, 17:58:07.882, 2668514320017, testhost.dll, TestPluginManager.CreateTestExtension: Attempting to load test extension: Microsoft.VisualStudio.TestPlatform.MSTest.TestAdapter.MSTestExecutor
TpTrace Verbose: 0 : 91028, 4, 2024/01/07, 17:58:07.886, 2668514355362, testhost.dll, TestExecutorExtensionManager: Loading executor Microsoft.VisualStudio.TestPlatform.Common.ExtensionDecorators.SerialTestRunDecorator
TpTrace Verbose: 0 : 91028, 4, 2024/01/07, 17:58:07.886, 2668514356129, testhost.dll, TestExecutorService: Loaded the executors
TpTrace Verbose: 0 : 91028, 4, 2024/01/07, 17:58:07.886, 2668514359699, testhost.dll, TestPluginCache.DiscoverTestExtensions: finding test extensions in assemblies ends with: TestAdapter.dll TPluginInfo: Microsoft.VisualStudio.TestPlatform.Common.ExtensionFramework.Utilities.TestSettingsProviderPluginInformation TExtension: Microsoft.VisualStudio.TestPlatform.ObjectModel.Adapter.ISettingsProvider
TpTrace Verbose: 0 : 91028, 4, 2024/01/07, 17:58:07.886, 2668514360559, testhost.dll, TestPluginCache.GetExtensionPaths: Filtered extension paths: 
TpTrace Verbose: 0 : 91028, 4, 2024/01/07, 17:58:07.886, 2668514361227, testhost.dll, TestPluginCache.GetExtensionPaths: Added default extension paths: C:\Users\aisae\source\repos\MTCG\TestMTCG\bin\Debug\net7.0\fine-code-coverage\build-output\Microsoft.VisualStudio.TestPlatform.MSTest.TestAdapter.dll
TpTrace Verbose: 0 : 91028, 4, 2024/01/07, 17:58:07.886, 2668514361409, testhost.dll, TestPluginCache.GetExtensionPaths: Added unfilterableExtensionPaths: 
TpTrace Information: 0 : 91028, 4, 2024/01/07, 17:58:07.886, 2668514362312, testhost.dll, AssemblyResolver.AddSearchDirectories: Adding more searchDirectories C:\Users\aisae\source\repos\MTCG\TestMTCG\bin\Debug\net7.0\fine-code-coverage\build-output
TpTrace Verbose: 0 : 91028, 4, 2024/01/07, 17:58:07.886, 2668514362544, testhost.dll, TestPluginCache.DiscoverTestExtensions: Discovering the extensions using extension path.
TpTrace Verbose: 0 : 91028, 4, 2024/01/07, 17:58:07.886, 2668514362702, testhost.dll, TestPluginCache.GetExtensionPaths: Filtered extension paths: 
TpTrace Verbose: 0 : 91028, 4, 2024/01/07, 17:58:07.886, 2668514362839, testhost.dll, TestPluginCache.GetExtensionPaths: Added default extension paths: C:\Users\aisae\source\repos\MTCG\TestMTCG\bin\Debug\net7.0\fine-code-coverage\build-output\Microsoft.VisualStudio.TestPlatform.MSTest.TestAdapter.dll
TpTrace Verbose: 0 : 91028, 4, 2024/01/07, 17:58:07.886, 2668514362979, testhost.dll, TestPluginCache.GetExtensionPaths: Added unfilterableExtensionPaths: 
TpTrace Verbose: 0 : 91028, 4, 2024/01/07, 17:58:07.886, 2668514363157, testhost.dll, TestPluginCache.DiscoverTestExtensions: Discovering the extensions using allExtensionPaths: C:\Users\aisae\source\repos\MTCG\TestMTCG\bin\Debug\net7.0\fine-code-coverage\build-output\Microsoft.VisualStudio.TestPlatform.MSTest.TestAdapter.dll
TpTrace Information: 0 : 91028, 4, 2024/01/07, 17:58:07.886, 2668514363379, testhost.dll, AssemblyResolver.AddSearchDirectories: Adding more searchDirectories C:\Users\aisae\source\repos\MTCG\TestMTCG\bin\Debug\net7.0\fine-code-coverage\build-output
TpTrace Verbose: 0 : 91028, 4, 2024/01/07, 17:58:07.886, 2668514363749, testhost.dll, MetadataReaderExtensionsHelper: Discovering extensions inside assembly 'Microsoft.VisualStudio.TestPlatform.MSTest.TestAdapter, Version=14.0.0.0, Culture=neutral, PublicKeyToken=b03f5f7f11d50a3a' file path 'C:\Users\aisae\source\repos\MTCG\TestMTCG\bin\Debug\net7.0\fine-code-coverage\build-output\Microsoft.VisualStudio.TestPlatform.MSTest.TestAdapter.dll'
TpTrace Verbose: 0 : 91028, 4, 2024/01/07, 17:58:07.887, 2668514366948, testhost.dll, TestPluginCache: Discovered the extensions using extension path ''.
TpTrace Verbose: 0 : 91028, 4, 2024/01/07, 17:58:07.887, 2668514367371, testhost.dll, TestPluginCache: Discoverers are ''.
TpTrace Verbose: 0 : 91028, 4, 2024/01/07, 17:58:07.887, 2668514367521, testhost.dll, TestPluginCache: Executors are 'executor://MSTestAdapter/v2'.
TpTrace Verbose: 0 : 91028, 4, 2024/01/07, 17:58:07.887, 2668514367660, testhost.dll, TestPluginCache: Executors2 are ''.
TpTrace Verbose: 0 : 91028, 4, 2024/01/07, 17:58:07.887, 2668514367851, testhost.dll, TestPluginCache: Setting providers are ''.
TpTrace Verbose: 0 : 91028, 4, 2024/01/07, 17:58:07.887, 2668514367999, testhost.dll, TestPluginCache: Loggers are ''.
TpTrace Verbose: 0 : 91028, 4, 2024/01/07, 17:58:07.887, 2668514368116, testhost.dll, TestPluginCache: TestHosts are ''.
TpTrace Verbose: 0 : 91028, 4, 2024/01/07, 17:58:07.887, 2668514368230, testhost.dll, TestPluginCache: DataCollectors are ''.
TpTrace Verbose: 0 : 91028, 4, 2024/01/07, 17:58:07.887, 2668514371799, testhost.dll, TestExecutorService: Loaded the settings providers
TpTrace Information: 0 : 91028, 4, 2024/01/07, 17:58:07.887, 2668514372158, testhost.dll, TestExecutorService: Loaded the extensions
TpTrace Information: 0 : 91028, 4, 2024/01/07, 17:58:07.888, 2668514374565, testhost.dll, TestRequestHandler.OnMessageReceived: Running job 'TestExecution.StartWithSources'.
TpTrace Verbose: 0 : 91028, 4, 2024/01/07, 17:58:07.932, 2668514821494, testhost.dll, MulticastDelegateUtilities.SafeInvoke: TestCaseEventsHandler.RaiseSessionStart: Invoking callbacks was skipped because there are no subscribers.
TpTrace Information: 0 : 91028, 4, 2024/01/07, 17:58:07.934, 2668514837204, testhost.dll, TestDiscoveryManager: Discovering tests from sources C:\Users\aisae\source\repos\MTCG\TestMTCG\bin\Debug\net7.0\fine-code-coverage\build-output\TestMTCG.dll
TpTrace Verbose: 0 : 91028, 4, 2024/01/07, 17:58:07.935, 2668514850880, testhost.dll, TestPluginCache.DiscoverTestExtensions: finding test extensions in assemblies ends with: TestAdapter.dll TPluginInfo: Microsoft.VisualStudio.TestPlatform.Common.ExtensionFramework.Utilities.TestDiscovererPluginInformation TExtension: Microsoft.VisualStudio.TestPlatform.ObjectModel.Adapter.ITestDiscoverer
TpTrace Verbose: 0 : 91028, 4, 2024/01/07, 17:58:07.935, 2668514851913, testhost.dll, TestPluginCache.GetExtensionPaths: Filtered extension paths: 
TpTrace Verbose: 0 : 91028, 4, 2024/01/07, 17:58:07.935, 2668514852186, testhost.dll, TestPluginCache.GetExtensionPaths: Added default extension paths: C:\Users\aisae\source\repos\MTCG\TestMTCG\bin\Debug\net7.0\fine-code-coverage\build-output\Microsoft.VisualStudio.TestPlatform.MSTest.TestAdapter.dll
TpTrace Verbose: 0 : 91028, 4, 2024/01/07, 17:58:07.935, 2668514852418, testhost.dll, TestPluginCache.GetExtensionPaths: Added unfilterableExtensionPaths: 
TpTrace Information: 0 : 91028, 4, 2024/01/07, 17:58:07.935, 2668514853315, testhost.dll, AssemblyResolver.AddSearchDirectories: Adding more searchDirectories C:\Users\aisae\source\repos\MTCG\TestMTCG\bin\Debug\net7.0\fine-code-coverage\build-output
TpTrace Verbose: 0 : 91028, 4, 2024/01/07, 17:58:07.935, 2668514853623, testhost.dll, TestPluginCache.DiscoverTestExtensions: Discovering the extensions using extension path.
TpTrace Verbose: 0 : 91028, 4, 2024/01/07, 17:58:07.935, 2668514853851, testhost.dll, TestPluginCache.GetExtensionPaths: Filtered extension paths: 
TpTrace Verbose: 0 : 91028, 4, 2024/01/07, 17:58:07.935, 2668514854023, testhost.dll, TestPluginCache.GetExtensionPaths: Added default extension paths: C:\Users\aisae\source\repos\MTCG\TestMTCG\bin\Debug\net7.0\fine-code-coverage\build-output\Microsoft.VisualStudio.TestPlatform.MSTest.TestAdapter.dll
TpTrace Verbose: 0 : 91028, 4, 2024/01/07, 17:58:07.936, 2668514854198, testhost.dll, TestPluginCache.GetExtensionPaths: Added unfilterableExtensionPaths: 
TpTrace Verbose: 0 : 91028, 4, 2024/01/07, 17:58:07.936, 2668514854382, testhost.dll, TestPluginCache.DiscoverTestExtensions: Discovering the extensions using allExtensionPaths: C:\Users\aisae\source\repos\MTCG\TestMTCG\bin\Debug\net7.0\fine-code-coverage\build-output\Microsoft.VisualStudio.TestPlatform.MSTest.TestAdapter.dll
TpTrace Information: 0 : 91028, 4, 2024/01/07, 17:58:07.936, 2668514854671, testhost.dll, AssemblyResolver.AddSearchDirectories: Adding more searchDirectories C:\Users\aisae\source\repos\MTCG\TestMTCG\bin\Debug\net7.0\fine-code-coverage\build-output
TpTrace Verbose: 0 : 91028, 4, 2024/01/07, 17:58:07.936, 2668514855184, testhost.dll, MetadataReaderExtensionsHelper: Discovering extensions inside assembly 'Microsoft.VisualStudio.TestPlatform.MSTest.TestAdapter, Version=14.0.0.0, Culture=neutral, PublicKeyToken=b03f5f7f11d50a3a' file path 'C:\Users\aisae\source\repos\MTCG\TestMTCG\bin\Debug\net7.0\fine-code-coverage\build-output\Microsoft.VisualStudio.TestPlatform.MSTest.TestAdapter.dll'
TpTrace Information: 0 : 91028, 4, 2024/01/07, 17:58:07.937, 2668514867384, testhost.dll, GetTestExtensionFromType: Register extension with identifier data 'Microsoft.VisualStudio.TestPlatform.MSTest.TestAdapter.MSTestDiscoverer, Microsoft.VisualStudio.TestPlatform.MSTest.TestAdapter, Version=14.0.0.0, Culture=neutral, PublicKeyToken=b03f5f7f11d50a3a' and type 'Microsoft.VisualStudio.TestPlatform.MSTest.TestAdapter.MSTestDiscoverer, Microsoft.VisualStudio.TestPlatform.MSTest.TestAdapter, Version=14.0.0.0, Culture=neutral, PublicKeyToken=b03f5f7f11d50a3a' inside file 'C:\Users\aisae\source\repos\MTCG\TestMTCG\bin\Debug\net7.0\fine-code-coverage\build-output\Microsoft.VisualStudio.TestPlatform.MSTest.TestAdapter.dll'
TpTrace Verbose: 0 : 91028, 4, 2024/01/07, 17:58:07.937, 2668514868485, testhost.dll, TestPluginCache: Discovered the extensions using extension path ''.
TpTrace Verbose: 0 : 91028, 4, 2024/01/07, 17:58:07.937, 2668514868964, testhost.dll, TestPluginCache: Discoverers are 'Microsoft.VisualStudio.TestPlatform.MSTest.TestAdapter.MSTestDiscoverer, Microsoft.VisualStudio.TestPlatform.MSTest.TestAdapter, Version=14.0.0.0, Culture=neutral, PublicKeyToken=b03f5f7f11d50a3a'.
TpTrace Verbose: 0 : 91028, 4, 2024/01/07, 17:58:07.937, 2668514869171, testhost.dll, TestPluginCache: Executors are 'executor://MSTestAdapter/v2'.
TpTrace Verbose: 0 : 91028, 4, 2024/01/07, 17:58:07.937, 2668514869346, testhost.dll, TestPluginCache: Executors2 are ''.
TpTrace Verbose: 0 : 91028, 4, 2024/01/07, 17:58:07.937, 2668514869503, testhost.dll, TestPluginCache: Setting providers are ''.
TpTrace Verbose: 0 : 91028, 4, 2024/01/07, 17:58:07.937, 2668514869653, testhost.dll, TestPluginCache: Loggers are ''.
TpTrace Verbose: 0 : 91028, 4, 2024/01/07, 17:58:07.937, 2668514869800, testhost.dll, TestPluginCache: TestHosts are ''.
TpTrace Verbose: 0 : 91028, 4, 2024/01/07, 17:58:07.937, 2668514869947, testhost.dll, TestPluginCache: DataCollectors are ''.
TpTrace Verbose: 0 : 91028, 4, 2024/01/07, 17:58:07.940, 2668514903792, testhost.dll, BaseRunTests.RunTestInternalWithExecutors: Running tests for executor://MSTestAdapter/v2
TpTrace Information: 0 : 91028, 4, 2024/01/07, 17:58:07.943, 2668514933101, testhost.dll, AssemblyResolver.OnResolve: Microsoft.VisualStudio.TestPlatform.MSTestAdapter.PlatformServices.Interface: Resolving assembly.
TpTrace Information: 0 : 91028, 4, 2024/01/07, 17:58:07.944, 2668514934462, testhost.dll, AssemblyResolver.OnResolve: Microsoft.VisualStudio.TestPlatform.MSTestAdapter.PlatformServices.Interface: Searching in: 'C:\Users\aisae\source\repos\MTCG\TestMTCG\bin\Debug\net7.0\fine-code-coverage\build-output'.
TpTrace Information: 0 : 91028, 4, 2024/01/07, 17:58:07.944, 2668514937344, testhost.dll, AssemblyResolver.OnResolve: Microsoft.VisualStudio.TestPlatform.MSTestAdapter.PlatformServices.Interface: Loading assembly 'C:\Users\aisae\source\repos\MTCG\TestMTCG\bin\Debug\net7.0\fine-code-coverage\build-output\Microsoft.VisualStudio.TestPlatform.MSTestAdapter.PlatformServices.Interface.dll'.
TpTrace Information: 0 : 91028, 4, 2024/01/07, 17:58:07.944, 2668514940012, testhost.dll, AssemblyResolver.OnResolve: Resolved assembly: Microsoft.VisualStudio.TestPlatform.MSTestAdapter.PlatformServices.Interface, from path: C:\Users\aisae\source\repos\MTCG\TestMTCG\bin\Debug\net7.0\fine-code-coverage\build-output\Microsoft.VisualStudio.TestPlatform.MSTestAdapter.PlatformServices.Interface.dll
TpTrace Information: 0 : 91028, 4, 2024/01/07, 17:58:07.945, 2668514947271, testhost.dll, AssemblyResolver.OnResolve: Microsoft.VisualStudio.TestPlatform.MSTestAdapter.PlatformServices: Resolving assembly.
TpTrace Information: 0 : 91028, 4, 2024/01/07, 17:58:07.945, 2668514947794, testhost.dll, AssemblyResolver.OnResolve: Microsoft.VisualStudio.TestPlatform.MSTestAdapter.PlatformServices: Searching in: 'C:\Users\aisae\source\repos\MTCG\TestMTCG\bin\Debug\net7.0\fine-code-coverage\build-output'.
TpTrace Information: 0 : 91028, 4, 2024/01/07, 17:58:07.945, 2668514949639, testhost.dll, AssemblyResolver.OnResolve: Microsoft.VisualStudio.TestPlatform.MSTestAdapter.PlatformServices: Loading assembly 'C:\Users\aisae\source\repos\MTCG\TestMTCG\bin\Debug\net7.0\fine-code-coverage\build-output\Microsoft.VisualStudio.TestPlatform.MSTestAdapter.PlatformServices.dll'.
TpTrace Information: 0 : 91028, 4, 2024/01/07, 17:58:07.945, 2668514952040, testhost.dll, AssemblyResolver.OnResolve: Resolved assembly: Microsoft.VisualStudio.TestPlatform.MSTestAdapter.PlatformServices, from path: C:\Users\aisae\source\repos\MTCG\TestMTCG\bin\Debug\net7.0\fine-code-coverage\build-output\Microsoft.VisualStudio.TestPlatform.MSTestAdapter.PlatformServices.dll
TpTrace Information: 0 : 91028, 4, 2024/01/07, 17:58:07.945, 2668514954039, testhost.dll, MSTest - MSTestExecutor.RunTests: Running tests from sources.
TpTrace Information: 0 : 91028, 4, 2024/01/07, 17:58:07.947, 2668514973085, testhost.dll, MSTest - CollectSourceInformation value Found : False 
TpTrace Information: 0 : 91028, 4, 2024/01/07, 17:58:07.957, 2668515067458, testhost.dll, MSTest - DictionaryHelper.ConcatWithOverwrites: The source is null or empty, returning the overwrite dictionary.
TpTrace Information: 0 : 91028, 4, 2024/01/07, 17:58:07.960, 2668515095759, testhost.dll, MSTest - DictionaryHelper.ConcatWithOverwrites: The source is null or empty, returning the overwrite dictionary.
TpTrace Information: 0 : 91028, 4, 2024/01/07, 17:58:07.960, 2668515098509, testhost.dll, MSTest - DictionaryHelper.ConcatWithOverwrites: The source is null or empty, returning the overwrite dictionary.
TpTrace Information: 0 : 91028, 4, 2024/01/07, 17:58:07.960, 2668515101040, testhost.dll, MSTest - DictionaryHelper.ConcatWithOverwrites: The source is null or empty, returning the overwrite dictionary.
TpTrace Information: 0 : 91028, 4, 2024/01/07, 17:58:07.960, 2668515101898, testhost.dll, MSTest - DictionaryHelper.ConcatWithOverwrites: The source is null or empty, returning the overwrite dictionary.
TpTrace Information: 0 : 91028, 4, 2024/01/07, 17:58:07.960, 2668515103167, testhost.dll, MSTest - DictionaryHelper.ConcatWithOverwrites: The source is null or empty, returning the overwrite dictionary.
TpTrace Information: 0 : 91028, 4, 2024/01/07, 17:58:07.961, 2668515104071, testhost.dll, MSTest - DictionaryHelper.ConcatWithOverwrites: The source is null or empty, returning the overwrite dictionary.
TpTrace Information: 0 : 91028, 4, 2024/01/07, 17:58:07.963, 2668515133264, testhost.dll, AssemblyResolver.OnResolve: Microsoft.TestPlatform.AdapterUtilities: Resolving assembly.
TpTrace Information: 0 : 91028, 4, 2024/01/07, 17:58:07.964, 2668515134048, testhost.dll, AssemblyResolver.OnResolve: Microsoft.TestPlatform.AdapterUtilities: Searching in: 'C:\Users\aisae\source\repos\MTCG\TestMTCG\bin\Debug\net7.0\fine-code-coverage\build-output'.
TpTrace Information: 0 : 91028, 4, 2024/01/07, 17:58:07.964, 2668515136426, testhost.dll, AssemblyResolver.OnResolve: Microsoft.TestPlatform.AdapterUtilities: Loading assembly 'C:\Users\aisae\source\repos\MTCG\TestMTCG\bin\Debug\net7.0\fine-code-coverage\build-output\Microsoft.TestPlatform.AdapterUtilities.dll'.
TpTrace Information: 0 : 91028, 4, 2024/01/07, 17:58:07.964, 2668515138822, testhost.dll, AssemblyResolver.OnResolve: Resolved assembly: Microsoft.TestPlatform.AdapterUtilities, from path: C:\Users\aisae\source\repos\MTCG\TestMTCG\bin\Debug\net7.0\fine-code-coverage\build-output\Microsoft.TestPlatform.AdapterUtilities.dll
TpTrace Information: 0 : 91028, 4, 2024/01/07, 17:58:07.979, 2668515290530, testhost.dll, MSTest - DictionaryHelper.ConcatWithOverwrites: The source is null or empty, returning the overwrite dictionary.
TpTrace Information: 0 : 91028, 4, 2024/01/07, 17:58:07.979, 2668515293951, testhost.dll, MSTest - DictionaryHelper.ConcatWithOverwrites: The source is null or empty, returning the overwrite dictionary.
TpTrace Information: 0 : 91028, 4, 2024/01/07, 17:58:07.980, 2668515295523, testhost.dll, MSTest - MSTestDiscoverer: Found 5 tests from source C:\Users\aisae\source\repos\MTCG\TestMTCG\bin\Debug\net7.0\fine-code-coverage\build-output\TestMTCG.dll
TpTrace Information: 0 : 91028, 4, 2024/01/07, 17:58:07.990, 2668515402325, testhost.dll, AssemblyResolver.OnResolve: Microsoft.VisualStudio.TestPlatform.MSTestAdapter.PlatformServices.resources: Resolving assembly.
TpTrace Information: 0 : 91028, 4, 2024/01/07, 17:58:07.990, 2668515403463, testhost.dll, AssemblyResolver.OnResolve: Microsoft.VisualStudio.TestPlatform.MSTestAdapter.PlatformServices.resources: Searching in: 'C:\Users\aisae\source\repos\MTCG\TestMTCG\bin\Debug\net7.0\fine-code-coverage\build-output'.
TpTrace Information: 0 : 91028, 4, 2024/01/07, 17:58:07.991, 2668515404145, testhost.dll, AssemblyResolver.OnResolve: Microsoft.VisualStudio.TestPlatform.MSTestAdapter.PlatformServices.resources: Assembly path does not exist: 'C:\Users\aisae\source\repos\MTCG\TestMTCG\bin\Debug\net7.0\fine-code-coverage\build-output\Microsoft.VisualStudio.TestPlatform.MSTestAdapter.PlatformServices.resources.dll', returning.
TpTrace Information: 0 : 91028, 4, 2024/01/07, 17:58:07.991, 2668515404585, testhost.dll, AssemblyResolver.OnResolve: Microsoft.VisualStudio.TestPlatform.MSTestAdapter.PlatformServices.resources: Assembly path does not exist: 'C:\Users\aisae\source\repos\MTCG\TestMTCG\bin\Debug\net7.0\fine-code-coverage\build-output\Microsoft.VisualStudio.TestPlatform.MSTestAdapter.PlatformServices.resources.exe', returning.
TpTrace Information: 0 : 91028, 4, 2024/01/07, 17:58:07.991, 2668515404787, testhost.dll, AssemblyResolver.OnResolve: Microsoft.VisualStudio.TestPlatform.MSTestAdapter.PlatformServices.resources: Failed to load assembly.
TpTrace Information: 0 : 91028, 4, 2024/01/07, 17:58:07.991, 2668515406616, testhost.dll, AssemblyResolver.OnResolve: Microsoft.VisualStudio.TestPlatform.MSTestAdapter.PlatformServices.resources: Resolving assembly.
TpTrace Information: 0 : 91028, 4, 2024/01/07, 17:58:07.991, 2668515406958, testhost.dll, AssemblyResolver.OnResolve: Microsoft.VisualStudio.TestPlatform.MSTestAdapter.PlatformServices.resources: Resolved from cache.
TpTrace Information: 0 : 91028, 4, 2024/01/07, 17:58:07.999, 2668515489589, testhost.dll, MSTest - Created unit-test runner C:\Users\aisae\source\repos\MTCG\TestMTCG\bin\Debug\net7.0\fine-code-coverage\build-output\TestMTCG.dll
TpTrace Verbose: 0 : 91028, 4, 2024/01/07, 17:58:08.005, 2668515548642, testhost.dll, TestExecutionRecorder.RecordStart: Starting test: TestMTCG.UnitTestContext.TestGetUserById.
TpTrace Verbose: 0 : 91028, 4, 2024/01/07, 17:58:08.053, 2668516026152, testhost.dll, MulticastDelegateUtilities.SafeInvoke: TestCaseEventsHandler.RaiseTestCaseStart: Invoking callback 1/1 for Microsoft.VisualStudio.TestPlatform.CrossPlatEngine.DataCollection.ProxyOutOfProcDataCollectionManager., took 46 ms.
TpTrace Information: 0 : 91028, 4, 2024/01/07, 17:58:08.053, 2668516027550, testhost.dll, MSTest - Executing test TestGetUserById
TpTrace Information: 0 : 91028, 4, 2024/01/07, 17:58:08.292, 2668518421891, testhost.dll, AssemblyResolver.OnResolve: Microsoft.VisualStudio.TestPlatform.MSTest.TestAdapter.resources: Resolving assembly.
TpTrace Information: 0 : 91028, 4, 2024/01/07, 17:58:08.292, 2668518423374, testhost.dll, AssemblyResolver.OnResolve: Microsoft.VisualStudio.TestPlatform.MSTest.TestAdapter.resources: Searching in: 'C:\Users\aisae\source\repos\MTCG\TestMTCG\bin\Debug\net7.0\fine-code-coverage\build-output'.
TpTrace Information: 0 : 91028, 4, 2024/01/07, 17:58:08.293, 2668518424209, testhost.dll, AssemblyResolver.OnResolve: Microsoft.VisualStudio.TestPlatform.MSTest.TestAdapter.resources: Assembly path does not exist: 'C:\Users\aisae\source\repos\MTCG\TestMTCG\bin\Debug\net7.0\fine-code-coverage\build-output\Microsoft.VisualStudio.TestPlatform.MSTest.TestAdapter.resources.dll', returning.
TpTrace Information: 0 : 91028, 4, 2024/01/07, 17:58:08.293, 2668518424884, testhost.dll, AssemblyResolver.OnResolve: Microsoft.VisualStudio.TestPlatform.MSTest.TestAdapter.resources: Assembly path does not exist: 'C:\Users\aisae\source\repos\MTCG\TestMTCG\bin\Debug\net7.0\fine-code-coverage\build-output\Microsoft.VisualStudio.TestPlatform.MSTest.TestAdapter.resources.exe', returning.
TpTrace Information: 0 : 91028, 4, 2024/01/07, 17:58:08.293, 2668518425170, testhost.dll, AssemblyResolver.OnResolve: Microsoft.VisualStudio.TestPlatform.MSTest.TestAdapter.resources: Failed to load assembly.
TpTrace Information: 0 : 91028, 4, 2024/01/07, 17:58:08.315, 2668518644157, testhost.dll, MSTest - Executed test TestGetUserById
TpTrace Verbose: 0 : 91028, 4, 2024/01/07, 17:58:08.318, 2668518679698, testhost.dll, TestExecutionRecorder.RecordEnd: test: TestMTCG.UnitTestContext.TestGetUserById execution completed.
TpTrace Verbose: 0 : 91028, 4, 2024/01/07, 17:58:08.332, 2668518819471, testhost.dll, MulticastDelegateUtilities.SafeInvoke: TestCaseEventsHandler.RaiseTestCaseEnd: Invoking callback 1/1 for Microsoft.VisualStudio.TestPlatform.CrossPlatEngine.DataCollection.ProxyOutOfProcDataCollectionManager., took 12 ms.
TpTrace Information: 0 : 91028, 4, 2024/01/07, 17:58:08.333, 2668518824909, testhost.dll, MSTest - MSTestExecutor:Test TestMTCG.UnitTestContext.TestGetUserById failed. ErrorMessage:Test method TestMTCG.UnitTestContext.TestGetUserById threw exception: 
Npgsql.PostgresException: 23505: duplicate key value violates unique constraint "users_username_key"

DETAIL: Detail redacted as it may contain sensitive data. Specify 'Include Error Detail' in the connection string to include this information., ErrorStackTrace:    at Npgsql.Internal.NpgsqlConnector.<ReadMessage>g__ReadMessageLong|234_0(NpgsqlConnector connector, Boolean async, DataRowLoadingMode dataRowLoadingMode, Boolean readingNotifications, Boolean isReadingPrependedMessage)
   at Npgsql.NpgsqlDataReader.NextResult(Boolean async, Boolean isConsuming, CancellationToken cancellationToken)
   at Npgsql.NpgsqlDataReader.NextResult(Boolean async, Boolean isConsuming, CancellationToken cancellationToken)
   at Npgsql.NpgsqlDataReader.NextResult()
   at Npgsql.NpgsqlCommand.ExecuteReader(CommandBehavior behavior, Boolean async, CancellationToken cancellationToken)
   at Npgsql.NpgsqlCommand.ExecuteReader(CommandBehavior behavior, Boolean async, CancellationToken cancellationToken)
   at Npgsql.NpgsqlCommand.ExecuteNonQuery(Boolean async, CancellationToken cancellationToken)
   at Npgsql.NpgsqlCommand.ExecuteNonQuery()
   at MTCG.src.DataAccess.Persistance.PostgreSql.AddUser(UserDTO user) in C:\Users\aisae\source\repos\MTCG\MTCG\src\DataAccess\Persistance\PostgreSql.cs:line 124
   at TestMTCG.UnitTestContext.TestGetUserById() in C:\Users\aisae\source\repos\MTCG\TestMTCG\UnitTestContext.cs:line 36
   at System.RuntimeMethodHandle.InvokeMethod(Object target, Void** arguments, Signature sig, Boolean isConstructor)
   at System.Reflection.MethodInvoker.Invoke(Object obj, IntPtr* args, BindingFlags invokeAttr)
.
TpTrace Verbose: 0 : 91028, 4, 2024/01/07, 17:58:08.333, 2668518827714, testhost.dll, TestExecutionRecorder.RecordResult: Received result for test: TestMTCG.UnitTestContext.TestGetUserById.
TpTrace Verbose: 0 : 91028, 4, 2024/01/07, 17:58:08.334, 2668518836276, testhost.dll, MulticastDelegateUtilities.SafeInvoke: TestCaseEventsHandler.RaiseTestCaseEnd: Invoking callback 1/1 for Microsoft.VisualStudio.TestPlatform.CrossPlatEngine.DataCollection.ProxyOutOfProcDataCollectionManager., took 0 ms.
TpTrace Warning: 0 : 91028, 4, 2024/01/07, 17:58:08.336, 2668518857202, testhost.dll, TestRunCache: InProgressTests is null
TpTrace Warning: 0 : 91028, 4, 2024/01/07, 17:58:08.336, 2668518858894, testhost.dll, TestRunCache: No test found corresponding to testResult 'TestGetUserById' in inProgress list.
TpTrace Verbose: 0 : 91028, 4, 2024/01/07, 17:58:08.336, 2668518860354, testhost.dll, TestExecutionRecorder.RecordStart: Starting test: TestMTCG.UnitTestContext.TestUserGetByUsername.
TpTrace Verbose: 0 : 91028, 4, 2024/01/07, 17:58:08.338, 2668518877625, testhost.dll, MulticastDelegateUtilities.SafeInvoke: TestCaseEventsHandler.RaiseTestCaseStart: Invoking callback 1/1 for Microsoft.VisualStudio.TestPlatform.CrossPlatEngine.DataCollection.ProxyOutOfProcDataCollectionManager., took 1 ms.
TpTrace Information: 0 : 91028, 4, 2024/01/07, 17:58:08.338, 2668518878246, testhost.dll, MSTest - Executing test TestUserGetByUsername
TpTrace Information: 0 : 91028, 4, 2024/01/07, 17:58:08.352, 2668519015192, testhost.dll, AssemblyResolver.OnResolve: Microsoft.VisualStudio.TestPlatform.TestFramework.resources: Resolving assembly.
TpTrace Information: 0 : 91028, 4, 2024/01/07, 17:58:08.352, 2668519016303, testhost.dll, AssemblyResolver.OnResolve: Microsoft.VisualStudio.TestPlatform.TestFramework.resources: Searching in: 'C:\Users\aisae\source\repos\MTCG\TestMTCG\bin\Debug\net7.0\fine-code-coverage\build-output'.
TpTrace Information: 0 : 91028, 4, 2024/01/07, 17:58:08.352, 2668519016877, testhost.dll, AssemblyResolver.OnResolve: Microsoft.VisualStudio.TestPlatform.TestFramework.resources: Assembly path does not exist: 'C:\Users\aisae\source\repos\MTCG\TestMTCG\bin\Debug\net7.0\fine-code-coverage\build-output\Microsoft.VisualStudio.TestPlatform.TestFramework.resources.dll', returning.
TpTrace Information: 0 : 91028, 4, 2024/01/07, 17:58:08.352, 2668519017226, testhost.dll, AssemblyResolver.OnResolve: Microsoft.VisualStudio.TestPlatform.TestFramework.resources: Assembly path does not exist: 'C:\Users\aisae\source\repos\MTCG\TestMTCG\bin\Debug\net7.0\fine-code-coverage\build-output\Microsoft.VisualStudio.TestPlatform.TestFramework.resources.exe', returning.
TpTrace Information: 0 : 91028, 4, 2024/01/07, 17:58:08.352, 2668519017394, testhost.dll, AssemblyResolver.OnResolve: Microsoft.VisualStudio.TestPlatform.TestFramework.resources: Failed to load assembly.
TpTrace Information: 0 : 91028, 4, 2024/01/07, 17:58:08.354, 2668519035576, testhost.dll, MSTest - Executed test TestUserGetByUsername
TpTrace Verbose: 0 : 91028, 4, 2024/01/07, 17:58:08.354, 2668519036840, testhost.dll, TestExecutionRecorder.RecordEnd: test: TestMTCG.UnitTestContext.TestUserGetByUsername execution completed.
TpTrace Verbose: 0 : 91028, 4, 2024/01/07, 17:58:08.356, 2668519054765, testhost.dll, MulticastDelegateUtilities.SafeInvoke: TestCaseEventsHandler.RaiseTestCaseEnd: Invoking callback 1/1 for Microsoft.VisualStudio.TestPlatform.CrossPlatEngine.DataCollection.ProxyOutOfProcDataCollectionManager., took 1 ms.
TpTrace Information: 0 : 91028, 4, 2024/01/07, 17:58:08.356, 2668519055428, testhost.dll, MSTest - MSTestExecutor:Test TestMTCG.UnitTestContext.TestUserGetByUsername failed. ErrorMessage:Assert.AreEqual failed. Expected:<>. Actual:<(null)>. , ErrorStackTrace:   at TestMTCG.UnitTestContext.TestUserGetByUsername() in C:\Users\aisae\source\repos\MTCG\TestMTCG\UnitTestContext.cs:line 60
   at System.RuntimeMethodHandle.InvokeMethod(Object target, Void** arguments, Signature sig, Boolean isConstructor)
   at System.Reflection.MethodInvoker.Invoke(Object obj, IntPtr* args, BindingFlags invokeAttr)
.
TpTrace Verbose: 0 : 91028, 4, 2024/01/07, 17:58:08.356, 2668519056009, testhost.dll, TestExecutionRecorder.RecordResult: Received result for test: TestMTCG.UnitTestContext.TestUserGetByUsername.
TpTrace Verbose: 0 : 91028, 4, 2024/01/07, 17:58:08.356, 2668519057663, testhost.dll, MulticastDelegateUtilities.SafeInvoke: TestCaseEventsHandler.RaiseTestCaseEnd: Invoking callback 1/1 for Microsoft.VisualStudio.TestPlatform.CrossPlatEngine.DataCollection.ProxyOutOfProcDataCollectionManager., took 0 ms.
TpTrace Warning: 0 : 91028, 4, 2024/01/07, 17:58:08.356, 2668519060822, testhost.dll, TestRunCache: InProgressTests is null
TpTrace Warning: 0 : 91028, 4, 2024/01/07, 17:58:08.356, 2668519061227, testhost.dll, TestRunCache: No test found corresponding to testResult 'TestUserGetByUsername' in inProgress list.
TpTrace Verbose: 0 : 91028, 4, 2024/01/07, 17:58:08.356, 2668519061883, testhost.dll, TestExecutionRecorder.RecordStart: Starting test: TestMTCG.UnitTestContext.TestToken.
TpTrace Verbose: 0 : 91028, 4, 2024/01/07, 17:58:08.357, 2668519069654, testhost.dll, MulticastDelegateUtilities.SafeInvoke: TestCaseEventsHandler.RaiseTestCaseStart: Invoking callback 1/1 for Microsoft.VisualStudio.TestPlatform.CrossPlatEngine.DataCollection.ProxyOutOfProcDataCollectionManager., took 0 ms.
TpTrace Information: 0 : 91028, 4, 2024/01/07, 17:58:08.357, 2668519070033, testhost.dll, MSTest - Executing test TestToken
TpTrace Information: 0 : 91028, 4, 2024/01/07, 17:58:08.366, 2668519159504, testhost.dll, MSTest - Executed test TestToken
TpTrace Verbose: 0 : 91028, 4, 2024/01/07, 17:58:08.366, 2668519160588, testhost.dll, TestExecutionRecorder.RecordEnd: test: TestMTCG.UnitTestContext.TestToken execution completed.
TpTrace Verbose: 0 : 91028, 4, 2024/01/07, 17:58:08.368, 2668519175564, testhost.dll, MulticastDelegateUtilities.SafeInvoke: TestCaseEventsHandler.RaiseTestCaseEnd: Invoking callback 1/1 for Microsoft.VisualStudio.TestPlatform.CrossPlatEngine.DataCollection.ProxyOutOfProcDataCollectionManager., took 1 ms.
TpTrace Verbose: 0 : 91028, 4, 2024/01/07, 17:58:08.368, 2668519176081, testhost.dll, TestExecutionRecorder.RecordResult: Received result for test: TestMTCG.UnitTestContext.TestToken.
TpTrace Verbose: 0 : 91028, 4, 2024/01/07, 17:58:08.368, 2668519176373, testhost.dll, MulticastDelegateUtilities.SafeInvoke: TestCaseEventsHandler.RaiseTestCaseEnd: Invoking callback 1/1 for Microsoft.VisualStudio.TestPlatform.CrossPlatEngine.DataCollection.ProxyOutOfProcDataCollectionManager., took 0 ms.
TpTrace Warning: 0 : 91028, 4, 2024/01/07, 17:58:08.368, 2668519176590, testhost.dll, TestRunCache: InProgressTests is null
TpTrace Warning: 0 : 91028, 4, 2024/01/07, 17:58:08.368, 2668519176743, testhost.dll, TestRunCache: No test found corresponding to testResult 'TestToken' in inProgress list.
TpTrace Verbose: 0 : 91028, 4, 2024/01/07, 17:58:08.368, 2668519177342, testhost.dll, TestExecutionRecorder.RecordStart: Starting test: TestMTCG.UnitTestContext.TestGetPackage.
TpTrace Verbose: 0 : 91028, 4, 2024/01/07, 17:58:08.369, 2668519187466, testhost.dll, MulticastDelegateUtilities.SafeInvoke: TestCaseEventsHandler.RaiseTestCaseStart: Invoking callback 1/1 for Microsoft.VisualStudio.TestPlatform.CrossPlatEngine.DataCollection.ProxyOutOfProcDataCollectionManager., took 0 ms.
TpTrace Information: 0 : 91028, 4, 2024/01/07, 17:58:08.369, 2668519187854, testhost.dll, MSTest - Executing test TestGetPackage
TpTrace Information: 0 : 91028, 4, 2024/01/07, 17:58:08.370, 2668519200716, testhost.dll, MSTest - Executed test TestGetPackage
TpTrace Verbose: 0 : 91028, 4, 2024/01/07, 17:58:08.370, 2668519201661, testhost.dll, TestExecutionRecorder.RecordEnd: test: TestMTCG.UnitTestContext.TestGetPackage execution completed.
TpTrace Verbose: 0 : 91028, 4, 2024/01/07, 17:58:08.372, 2668519215320, testhost.dll, MulticastDelegateUtilities.SafeInvoke: TestCaseEventsHandler.RaiseTestCaseEnd: Invoking callback 1/1 for Microsoft.VisualStudio.TestPlatform.CrossPlatEngine.DataCollection.ProxyOutOfProcDataCollectionManager., took 1 ms.
TpTrace Verbose: 0 : 91028, 4, 2024/01/07, 17:58:08.372, 2668519216461, testhost.dll, TestExecutionRecorder.RecordResult: Received result for test: TestMTCG.UnitTestContext.TestGetPackage.
TpTrace Verbose: 0 : 91028, 4, 2024/01/07, 17:58:08.372, 2668519216819, testhost.dll, MulticastDelegateUtilities.SafeInvoke: TestCaseEventsHandler.RaiseTestCaseEnd: Invoking callback 1/1 for Microsoft.VisualStudio.TestPlatform.CrossPlatEngine.DataCollection.ProxyOutOfProcDataCollectionManager., took 0 ms.
TpTrace Warning: 0 : 91028, 4, 2024/01/07, 17:58:08.372, 2668519217096, testhost.dll, TestRunCache: InProgressTests is null
TpTrace Warning: 0 : 91028, 4, 2024/01/07, 17:58:08.372, 2668519217294, testhost.dll, TestRunCache: No test found corresponding to testResult 'TestGetPackage' in inProgress list.
TpTrace Verbose: 0 : 91028, 4, 2024/01/07, 17:58:08.372, 2668519218052, testhost.dll, TestExecutionRecorder.RecordStart: Starting test: TestMTCG.UnitTestUser.TestUserLogIn.
TpTrace Verbose: 0 : 91028, 4, 2024/01/07, 17:58:08.373, 2668519227157, testhost.dll, MulticastDelegateUtilities.SafeInvoke: TestCaseEventsHandler.RaiseTestCaseStart: Invoking callback 1/1 for Microsoft.VisualStudio.TestPlatform.CrossPlatEngine.DataCollection.ProxyOutOfProcDataCollectionManager., took 0 ms.
TpTrace Information: 0 : 91028, 4, 2024/01/07, 17:58:08.373, 2668519227758, testhost.dll, MSTest - Executing test TestUserLogIn
TpTrace Information: 0 : 91028, 4, 2024/01/07, 17:58:08.380, 2668519299144, testhost.dll, MSTest - Executed test TestUserLogIn
TpTrace Verbose: 0 : 91028, 4, 2024/01/07, 17:58:08.380, 2668519299988, testhost.dll, TestExecutionRecorder.RecordEnd: test: TestMTCG.UnitTestUser.TestUserLogIn execution completed.
TpTrace Verbose: 0 : 91028, 4, 2024/01/07, 17:58:08.381, 2668519310943, testhost.dll, MulticastDelegateUtilities.SafeInvoke: TestCaseEventsHandler.RaiseTestCaseEnd: Invoking callback 1/1 for Microsoft.VisualStudio.TestPlatform.CrossPlatEngine.DataCollection.ProxyOutOfProcDataCollectionManager., took 1 ms.
TpTrace Information: 0 : 91028, 4, 2024/01/07, 17:58:08.381, 2668519311508, testhost.dll, MSTest - MSTestExecutor:Test TestMTCG.UnitTestUser.TestUserLogIn failed. ErrorMessage:Test method TestMTCG.UnitTestUser.TestUserLogIn threw exception: 
System.InvalidOperationException: User not registered, ErrorStackTrace:    at MTCG.src.Domain.Entities.User.LogIn() in C:\Users\aisae\source\repos\MTCG\MTCG\src\Domain\Entities\User.cs:line 119
   at TestMTCG.UnitTestUser.TestUserLogIn() in C:\Users\aisae\source\repos\MTCG\TestMTCG\UnitTestUser.cs:line 19
   at System.RuntimeMethodHandle.InvokeMethod(Object target, Void** arguments, Signature sig, Boolean isConstructor)
   at System.Reflection.MethodInvoker.Invoke(Object obj, IntPtr* args, BindingFlags invokeAttr)
.
TpTrace Verbose: 0 : 91028, 4, 2024/01/07, 17:58:08.381, 2668519311728, testhost.dll, TestExecutionRecorder.RecordResult: Received result for test: TestMTCG.UnitTestUser.TestUserLogIn.
TpTrace Verbose: 0 : 91028, 4, 2024/01/07, 17:58:08.381, 2668519312042, testhost.dll, MulticastDelegateUtilities.SafeInvoke: TestCaseEventsHandler.RaiseTestCaseEnd: Invoking callback 1/1 for Microsoft.VisualStudio.TestPlatform.CrossPlatEngine.DataCollection.ProxyOutOfProcDataCollectionManager., took 0 ms.
TpTrace Warning: 0 : 91028, 4, 2024/01/07, 17:58:08.381, 2668519312277, testhost.dll, TestRunCache: InProgressTests is null
TpTrace Warning: 0 : 91028, 4, 2024/01/07, 17:58:08.381, 2668519312446, testhost.dll, TestRunCache: No test found corresponding to testResult 'TestUserLogIn' in inProgress list.
TpTrace Information: 0 : 91028, 4, 2024/01/07, 17:58:08.382, 2668519314182, testhost.dll, MSTest - Executing cleanup methods.
TpTrace Information: 0 : 91028, 4, 2024/01/07, 17:58:08.383, 2668519324865, testhost.dll, MSTest - Executed cleanup methods.
TpTrace Information: 0 : 91028, 4, 2024/01/07, 17:58:08.383, 2668519325436, testhost.dll, MSTest - Executed tests belonging to source C:\Users\aisae\source\repos\MTCG\TestMTCG\bin\Debug\net7.0\fine-code-coverage\build-output\TestMTCG.dll
TpTrace Verbose: 0 : 91028, 4, 2024/01/07, 17:58:08.383, 2668519329234, testhost.dll, BaseRunTests.RunTestInternalWithExecutors: Completed running tests for executor://MSTestAdapter/v2
TpTrace Verbose: 0 : 91028, 4, 2024/01/07, 17:58:08.384, 2668519337207, testhost.dll, MulticastDelegateUtilities.SafeInvoke: TestCaseEventsHandler.RaiseSessionEnd: Invoking callback 1/1 for Microsoft.VisualStudio.TestPlatform.CrossPlatEngine.DataCollection.ProxyOutOfProcDataCollectionManager., took 0 ms.
TpTrace Information: 0 : 91028, 4, 2024/01/07, 17:58:08.387, 2668519367886, testhost.dll, Sending test run complete
TpTrace Verbose: 0 : 91028, 4, 2024/01/07, 17:58:08.416, 2668519662977, testhost.dll, TestRequestHandler.SendData: sending data from testhost: {"Version":7,"MessageType":"TestExecution.Completed","Payload":{"TestRunCompleteArgs":{"TestRunStatistics":{"ExecutedTests":5,"Stats":{"Failed":3,"Passed":2}},"IsCanceled":false,"IsAborted":false,"Error":null,"AttachmentSets":[],"InvokedDataCollectors":[],"ElapsedTimeInRunningTests":"00:00:00.4445225","Metrics":{},"DiscoveredExtensions":{"TestDiscoverers":["Microsoft.VisualStudio.TestPlatform.MSTest.TestAdapter.MSTestDiscoverer, Microsoft.VisualStudio.TestPlatform.MSTest.TestAdapter, Version=14.0.0.0, Culture=neutral, PublicKeyToken=b03f5f7f11d50a3a"],"TestExecutors":["executor://MSTestAdapter/v2"],"TestExecutors2":[],"TestSettingsProviders":[]}},"LastRunTests":{"NewTestResults":[{"TestCase":{"Id":"77d88c1f-68c3-4e9d-9ab4-be93a45aa762","FullyQualifiedName":"TestMTCG.UnitTestContext.TestGetUserById","DisplayName":"TestGetUserById","ExecutorUri":"executor://MSTestAdapter/v2","Source":"C:\\Users\\aisae\\source\\repos\\MTCG\\TestMTCG\\bin\\Debug\\net7.0\\fine-code-coverage\\build-output\\TestMTCG.dll","CodeFilePath":null,"LineNumber":-1,"Properties":[{"Key":{"Id":"TestCase.ManagedMethod","Label":"ManagedMethod","Category":"","Description":"","Attributes":1,"ValueType":"System.String"},"Value":"TestGetUserById"},{"Key":{"Id":"MSTestDiscoverer.TestClassName","Label":"ClassName","Category":"","Description":"","Attributes":1,"ValueType":"System.String"},"Value":"TestMTCG.UnitTestContext"},{"Key":{"Id":"TestCase.Hierarchy","Label":"Hierarchy","Category":"","Description":"","Attributes":2,"ValueType":"System.String[]"},"Value":["TestMTCG","UnitTestContext"]},{"Key":{"Id":"TestCase.ManagedType","Label":"ManagedType","Category":"","Description":"","Attributes":1,"ValueType":"System.String"},"Value":"TestMTCG.UnitTestContext"},{"Key":{"Id":"TestObject.Traits","Label":"Traits","Category":"","Description":"","Attributes":5,"ValueType":"System.Collections.Generic.KeyValuePair`2[[System.String],[System.String]][]"},"Value":[]}]},"Attachments":[],"Outcome":2,"ErrorMessage":"Test method TestMTCG.UnitTestContext.TestGetUserById threw exception: \r\nNpgsql.PostgresException: 23505: duplicate key value violates unique constraint \"users_username_key\"\r\n\r\nDETAIL: Detail redacted as it may contain sensitive data. Specify 'Include Error Detail' in the connection string to include this information.","ErrorStackTrace":"    at Npgsql.Internal.NpgsqlConnector.<ReadMessage>g__ReadMessageLong|234_0(NpgsqlConnector connector, Boolean async, DataRowLoadingMode dataRowLoadingMode, Boolean readingNotifications, Boolean isReadingPrependedMessage)\r\n   at Npgsql.NpgsqlDataReader.NextResult(Boolean async, Boolean isConsuming, CancellationToken cancellationToken)\r\n   at Npgsql.NpgsqlDataReader.NextResult(Boolean async, Boolean isConsuming, CancellationToken cancellationToken)\r\n   at Npgsql.NpgsqlDataReader.NextResult()\r\n   at Npgsql.NpgsqlCommand.ExecuteReader(CommandBehavior behavior, Boolean async, CancellationToken cancellationToken)\r\n   at Npgsql.NpgsqlCommand.ExecuteReader(CommandBehavior behavior, Boolean async, CancellationToken cancellationToken)\r\n   at Npgsql.NpgsqlCommand.ExecuteNonQuery(Boolean async, CancellationToken cancellationToken)\r\n   at Npgsql.NpgsqlCommand.ExecuteNonQuery()\r\n   at MTCG.src.DataAccess.Persistance.PostgreSql.AddUser(UserDTO user) in C:\\Users\\aisae\\source\\repos\\MTCG\\MTCG\\src\\DataAccess\\Persistance\\PostgreSql.cs:line 124\r\n   at TestMTCG.UnitTestContext.TestGetUserById() in C:\\Users\\aisae\\source\\repos\\MTCG\\TestMTCG\\UnitTestContext.cs:line 36\r\n   at System.RuntimeMethodHandle.InvokeMethod(Object target, Void** arguments, Signature sig, Boolean isConstructor)\r\n   at System.Reflection.MethodInvoker.Invoke(Object obj, IntPtr* args, BindingFlags invokeAttr)\r\n","DisplayName":"TestGetUserById","Messages":[],"ComputerName":null,"Duration":"00:00:00.2484566","StartTime":"2024-01-07T17:58:08.0532925+01:00","EndTime":"2024-01-07T17:58:08.3151801+01:00","Properties":[{"Key":{"Id":"ParentExecId","Label":"ParentExecId","Category":"","Description":"","Attributes":1,"ValueType":"System.Guid"},"Value":"00000000-0000-0000-0000-000000000000"},{"Key":{"Id":"ExecutionId","Label":"ExecutionId","Category":"","Description":"","Attributes":1,"ValueType":"System.Guid"},"Value":"00000000-0000-0000-0000-000000000000"},{"Key":{"Id":"InnerResultsCount","Label":"InnerResultsCount","Category":"","Description":"","Attributes":1,"ValueType":"System.Int32"},"Value":0}]},{"TestCase":{"Id":"6640a741-c4c1-94c8-6a13-42178d4eeb1a","FullyQualifiedName":"TestMTCG.UnitTestContext.TestUserGetByUsername","DisplayName":"TestUserGetByUsername","ExecutorUri":"executor://MSTestAdapter/v2","Source":"C:\\Users\\aisae\\source\\repos\\MTCG\\TestMTCG\\bin\\Debug\\net7.0\\fine-code-coverage\\build-output\\TestMTCG.dll","CodeFilePath":null,"LineNumber":-1,"Properties":[{"Key":{"Id":"TestCase.ManagedMethod","Label":"ManagedMethod","Category":"","Description":"","Attributes":1,"ValueType":"System.String"},"Value":"TestUserGetByUsername"},{"Key":{"Id":"MSTestDiscoverer.TestClassName","Label":"ClassName","Category":"","Description":"","Attributes":1,"ValueType":"System.String"},"Value":"TestMTCG.UnitTestContext"},{"Key":{"Id":"TestCase.Hierarchy","Label":"Hierarchy","Category":"","Description":"","Attributes":2,"ValueType":"System.String[]"},"Value":["TestMTCG","UnitTestContext"]},{"Key":{"Id":"TestCase.ManagedType","Label":"ManagedType","Category":"","Description":"","Attributes":1,"ValueType":"System.String"},"Value":"TestMTCG.UnitTestContext"},{"Key":{"Id":"TestObject.Traits","Label":"Traits","Category":"","Description":"","Attributes":5,"ValueType":"System.Collections.Generic.KeyValuePair`2[[System.String],[System.String]][]"},"Value":[]}]},"Attachments":[],"Outcome":2,"ErrorMessage":"Assert.AreEqual failed. Expected:<>. Actual:<(null)>. ","ErrorStackTrace":"   at TestMTCG.UnitTestContext.TestUserGetByUsername() in C:\\Users\\aisae\\source\\repos\\MTCG\\TestMTCG\\UnitTestContext.cs:line 60\r\n   at System.RuntimeMethodHandle.InvokeMethod(Object target, Void** arguments, Signature sig, Boolean isConstructor)\r\n   at System.Reflection.MethodInvoker.Invoke(Object obj, IntPtr* args, BindingFlags invokeAttr)\r\n","DisplayName":"TestUserGetByUsername","Messages":[],"ComputerName":null,"Duration":"00:00:00.0154141","StartTime":"2024-01-07T17:58:08.3384148+01:00","EndTime":"2024-01-07T17:58:08.3542339+01:00","Properties":[{"Key":{"Id":"ParentExecId","Label":"ParentExecId","Category":"","Description":"","Attributes":1,"ValueType":"System.Guid"},"Value":"00000000-0000-0000-0000-000000000000"},{"Key":{"Id":"ExecutionId","Label":"ExecutionId","Category":"","Description":"","Attributes":1,"ValueType":"System.Guid"},"Value":"00000000-0000-0000-0000-000000000000"},{"Key":{"Id":"InnerResultsCount","Label":"InnerResultsCount","Category":"","Description":"","Attributes":1,"ValueType":"System.Int32"},"Value":0}]},{"TestCase":{"Id":"5f9fa9a7-a304-dc65-af6e-44bb59a540f4","FullyQualifiedName":"TestMTCG.UnitTestContext.TestToken","DisplayName":"TestToken","ExecutorUri":"executor://MSTestAdapter/v2","Source":"C:\\Users\\aisae\\source\\repos\\MTCG\\TestMTCG\\bin\\Debug\\net7.0\\fine-code-coverage\\build-output\\TestMTCG.dll","CodeFilePath":null,"LineNumber":-1,"Properties":[{"Key":{"Id":"TestCase.ManagedMethod","Label":"ManagedMethod","Category":"","Description":"","Attributes":1,"ValueType":"System.String"},"Value":"TestToken"},{"Key":{"Id":"MSTestDiscoverer.TestClassName","Label":"ClassName","Category":"","Description":"","Attributes":1,"ValueType":"System.String"},"Value":"TestMTCG.UnitTestContext"},{"Key":{"Id":"TestCase.Hierarchy","Label":"Hierarchy","Category":"","Description":"","Attributes":2,"ValueType":"System.String[]"},"Value":["TestMTCG","UnitTestContext"]},{"Key":{"Id":"TestCase.ManagedType","Label":"ManagedType","Category":"","Description":"","Attributes":1,"ValueType":"System.String"},"Value":"TestMTCG.UnitTestContext"},{"Key":{"Id":"TestObject.Traits","Label":"Traits","Category":"","Description":"","Attributes":5,"ValueType":"System.Collections.Generic.KeyValuePair`2[[System.String],[System.String]][]"},"Value":[]}]},"Attachments":[],"Outcome":1,"ErrorMessage":null,"ErrorStackTrace":null,"DisplayName":"TestToken","Messages":[],"ComputerName":null,"Duration":"00:00:00.0087841","StartTime":"2024-01-07T17:58:08.3575955+01:00","EndTime":"2024-01-07T17:58:08.3666385+01:00","Properties":[{"Key":{"Id":"ParentExecId","Label":"ParentExecId","Category":"","Description":"","Attributes":1,"ValueType":"System.Guid"},"Value":"00000000-0000-0000-0000-000000000000"},{"Key":{"Id":"ExecutionId","Label":"ExecutionId","Category":"","Description":"","Attributes":1,"ValueType":"System.Guid"},"Value":"00000000-0000-0000-0000-000000000000"},{"Key":{"Id":"InnerResultsCount","Label":"InnerResultsCount","Category":"","Description":"","Attributes":1,"ValueType":"System.Int32"},"Value":0}]},{"TestCase":{"Id":"e52443ef-eca1-15b5-367e-1d401de75e9f","FullyQualifiedName":"TestMTCG.UnitTestContext.TestGetPackage","DisplayName":"TestGetPackage","ExecutorUri":"executor://MSTestAdapter/v2","Source":"C:\\Users\\aisae\\source\\repos\\MTCG\\TestMTCG\\bin\\Debug\\net7.0\\fine-code-coverage\\build-output\\TestMTCG.dll","CodeFilePath":null,"LineNumber":-1,"Properties":[{"Key":{"Id":"TestCase.ManagedMethod","Label":"ManagedMethod","Category":"","Description":"","Attributes":1,"ValueType":"System.String"},"Value":"TestGetPackage"},{"Key":{"Id":"MSTestDiscoverer.TestClassName","Label":"ClassName","Category":"","Description":"","Attributes":1,"ValueType":"System.String"},"Value":"TestMTCG.UnitTestContext"},{"Key":{"Id":"TestCase.Hierarchy","Label":"Hierarchy","Category":"","Description":"","Attributes":2,"ValueType":"System.String[]"},"Value":["TestMTCG","UnitTestContext"]},{"Key":{"Id":"TestCase.ManagedType","Label":"ManagedType","Category":"","Description":"","Attributes":1,"ValueType":"System.String"},"Value":"TestMTCG.UnitTestContext"},{"Key":{"Id":"TestObject.Traits","Label":"Traits","Category":"","Description":"","Attributes":5,"ValueType":"System.Collections.Generic.KeyValuePair`2[[System.String],[System.String]][]"},"Value":[]}]},"Attachments":[],"Outcome":1,"ErrorMessage":null,"ErrorStackTrace":null,"DisplayName":"TestGetPackage","Messages":[],"ComputerName":null,"Duration":"00:00:00.0010005","StartTime":"2024-01-07T17:58:08.3693772+01:00","EndTime":"2024-01-07T17:58:08.3707452+01:00","Properties":[{"Key":{"Id":"ParentExecId","Label":"ParentExecId","Category":"","Description":"","Attributes":1,"ValueType":"System.Guid"},"Value":"00000000-0000-0000-0000-000000000000"},{"Key":{"Id":"ExecutionId","Label":"ExecutionId","Category":"","Description":"","Attributes":1,"ValueType":"System.Guid"},"Value":"00000000-0000-0000-0000-000000000000"},{"Key":{"Id":"InnerResultsCount","Label":"InnerResultsCount","Category":"","Description":"","Attributes":1,"ValueType":"System.Int32"},"Value":0}]},{"TestCase":{"Id":"7373b4f6-4e36-eaf2-7ebc-4d31c466c1c5","FullyQualifiedName":"TestMTCG.UnitTestUser.TestUserLogIn","DisplayName":"TestUserLogIn","ExecutorUri":"executor://MSTestAdapter/v2","Source":"C:\\Users\\aisae\\source\\repos\\MTCG\\TestMTCG\\bin\\Debug\\net7.0\\fine-code-coverage\\build-output\\TestMTCG.dll","CodeFilePath":null,"LineNumber":-1,"Properties":[{"Key":{"Id":"TestCase.ManagedMethod","Label":"ManagedMethod","Category":"","Description":"","Attributes":1,"ValueType":"System.String"},"Value":"TestUserLogIn"},{"Key":{"Id":"MSTestDiscoverer.TestClassName","Label":"ClassName","Category":"","Description":"","Attributes":1,"ValueType":"System.String"},"Value":"TestMTCG.UnitTestUser"},{"Key":{"Id":"TestCase.Hierarchy","Label":"Hierarchy","Category":"","Description":"","Attributes":2,"ValueType":"System.String[]"},"Value":["TestMTCG","UnitTestUser"]},{"Key":{"Id":"TestCase.ManagedType","Label":"ManagedType","Category":"","Description":"","Attributes":1,"ValueType":"System.String"},"Value":"TestMTCG.UnitTestUser"},{"Key":{"Id":"TestObject.Traits","Label":"Traits","Category":"","Description":"","Attributes":5,"ValueType":"System.Collections.Generic.KeyValuePair`2[[System.String],[System.String]][]"},"Value":[]}]},"Attachments":[],"Outcome":2,"ErrorMessage":"Test method TestMTCG.UnitTestUser.TestUserLogIn threw exception: \r\nSystem.InvalidOperationException: User not registered","ErrorStackTrace":"    at MTCG.src.Domain.Entities.User.LogIn() in C:\\Users\\aisae\\source\\repos\\MTCG\\MTCG\\src\\Domain\\Entities\\User.cs:line 119\r\n   at TestMTCG.UnitTestUser.TestUserLogIn() in C:\\Users\\aisae\\source\\repos\\MTCG\\TestMTCG\\UnitTestUser.cs:line 19\r\n   at System.RuntimeMethodHandle.InvokeMethod(Object target, Void** arguments, Signature sig, Boolean isConstructor)\r\n   at System.Reflection.MethodInvoker.Invoke(Object obj, IntPtr* args, BindingFlags invokeAttr)\r\n","DisplayName":"TestUserLogIn","Messages":[],"ComputerName":null,"Duration":"00:00:00.0069117","StartTime":"2024-01-07T17:58:08.3733675+01:00","EndTime":"2024-01-07T17:58:08.380581+01:00","Properties":[{"Key":{"Id":"ParentExecId","Label":"ParentExecId","Category":"","Description":"","Attributes":1,"ValueType":"System.Guid"},"Value":"00000000-0000-0000-0000-000000000000"},{"Key":{"Id":"ExecutionId","Label":"ExecutionId","Category":"","Description":"","Attributes":1,"ValueType":"System.Guid"},"Value":"00000000-0000-0000-0000-000000000000"},{"Key":{"Id":"InnerResultsCount","Label":"InnerResultsCount","Category":"","Description":"","Attributes":1,"ValueType":"System.Int32"},"Value":0}]}],"TestRunStatistics":{"ExecutedTests":5,"Stats":{"Failed":3,"Passed":2}},"ActiveTests":[]},"RunAttachments":[],"ExecutorUris":["executor://mstestadapter/v2"]}}
TpTrace Verbose: 0 : 91028, 4, 2024/01/07, 17:58:08.417, 2668519668049, testhost.dll, BaseRunTests.RunTests: Run is complete.
TpTrace Verbose: 0 : 91028, 11, 2024/01/07, 17:58:08.417, 2668519673715, testhost.dll, TcpClientExtensions.MessageLoopAsync: NotifyDataAvailable remoteEndPoint: [::ffff:127.0.0.1]:61546 localEndPoint: [::ffff:127.0.0.1]:61547
TpTrace Information: 0 : 91028, 11, 2024/01/07, 17:58:08.418, 2668519674239, testhost.dll, TestRequestHandler.OnMessageReceived: received message: (TestSession.Terminate) -> {"MessageType":"TestSession.Terminate","Payload":null}
TpTrace Information: 0 : 91028, 11, 2024/01/07, 17:58:08.418, 2668519674431, testhost.dll, Session End message received from server. Closing the connection.
TpTrace Information: 0 : 91028, 11, 2024/01/07, 17:58:08.418, 2668519677134, testhost.dll, SocketClient.Stop: Stop communication from server endpoint: 127.0.0.1:061546
TpTrace Information: 0 : 91028, 11, 2024/01/07, 17:58:08.418, 2668519677518, testhost.dll, SocketClient: Stop: Cancellation requested. Stopping message loop.
TpTrace Verbose: 0 : 91028, 11, 2024/01/07, 17:58:08.418, 2668519678221, testhost.dll, LengthPrefixCommunicationChannel.Dispose: Dispose reader and writer.
TpTrace Information: 0 : 91028, 11, 2024/01/07, 17:58:08.418, 2668519678533, testhost.dll, Closing the connection !
TpTrace Verbose: 0 : 91028, 11, 2024/01/07, 17:58:08.418, 2668519678812, testhost.dll, MulticastDelegateUtilities.SafeInvoke: LengthPrefixCommunicationChannel: MessageReceived: Invoking callback 1/1 for Microsoft.VisualStudio.TestPlatform.CommunicationUtilities.TestRequestHandler., took 0 ms.
TpTrace Information: 0 : 91028, 11, 2024/01/07, 17:58:08.418, 2668519680209, testhost.dll, SocketClient.PrivateStop: Stop communication from server endpoint: 127.0.0.1:061546, error:
TpTrace Information: 0 : 91028, 1, 2024/01/07, 17:58:08.418, 2668519680754, testhost.dll, Closing the connection!
TpTrace Information: 0 : 91028, 1, 2024/01/07, 17:58:08.418, 2668519681851, testhost.dll, Testhost process exiting.
TpTrace Verbose: 0 : 91028, 11, 2024/01/07, 17:58:08.418, 2668519681944, testhost.dll, LengthPrefixCommunicationChannel.Dispose: Dispose reader and writer.
TpTrace Verbose: 0 : 91028, 11, 2024/01/07, 17:58:08.418, 2668519682507, testhost.dll, TcpClientExtensions.MessageLoopAsync: exiting MessageLoopAsync remoteEndPoint: [::ffff:127.0.0.1]:61546 localEndPoint: [::ffff:127.0.0.1]:61547
