TpTrace Verbose: 0 : 61060, 1, 2024/01/02, 18:38:18.151, 1836849452592, testhost.dll, Version: 17.7.1 Current process architecture: X64
TpTrace Verbose: 0 : 61060, 1, 2024/01/02, 18:38:18.155, 1836849491821, testhost.dll, Runtime location: C:\Program Files\dotnet\shared\Microsoft.NETCore.App\7.0.11
TpTrace Information: 0 : 61060, 1, 2024/01/02, 18:38:18.158, 1836849529433, testhost.dll, DefaultEngineInvoker.Invoke: Testhost process started with args :[--port, 54329],[--endpoint, 127.0.0.1:054329],[--role, client],[--parentprocessid, 62756],[--diag, C:\Users\aisae\source\repos\MTCG\TestMTCG\bin\Debug\net7.0\fine-code-coverage\coverage-tool-output\diagnostics.host.24-01-02_18-38-17_97838_5.log],[--tracelevel, 4],[--datacollectionport, 54328],[--telemetryoptedin, false]
TpTrace Information: 0 : 61060, 1, 2024/01/02, 18:38:18.159, 1836849535903, testhost.dll, Setting up debug trace listener.
TpTrace Verbose: 0 : 61060, 1, 2024/01/02, 18:38:18.159, 1836849538075, testhost.dll, TestPlatformTraceListener.Setup: Replacing listener System.Diagnostics.DefaultTraceListener with TestHostTraceListener.
TpTrace Verbose: 0 : 61060, 1, 2024/01/02, 18:38:18.160, 1836849540137, testhost.dll, TestPlatformTraceListener.Setup: Added test platform trace listener.
TpTrace Information: 0 : 61060, 1, 2024/01/02, 18:38:18.160, 1836849545111, testhost.dll, DefaultEngineInvoker.SetParentProcessExitCallback: Monitoring parent process with id: '62756'
TpTrace Information: 0 : 61060, 1, 2024/01/02, 18:38:18.165, 1836849590305, testhost.dll, DefaultEngineInvoker.GetConnectionInfo: Initialize communication on endpoint address: '127.0.0.1:054329'
TpTrace Information: 0 : 61060, 1, 2024/01/02, 18:38:18.174, 1836849685875, testhost.dll, SocketClient.Start: connecting to server endpoint: 127.0.0.1:054329
TpTrace Information: 0 : 61060, 1, 2024/01/02, 18:38:18.181, 1836849756925, testhost.dll, DefaultEngineInvoker.ConnectToDatacollector: Connecting to datacollector, port: 54328
TpTrace Information: 0 : 61060, 9, 2024/01/02, 18:38:18.182, 1836849763567, testhost.dll, SocketClient.OnServerConnected: connected to server endpoint: 127.0.0.1:054329
TpTrace Information: 0 : 61060, 1, 2024/01/02, 18:38:18.183, 1836849771789, testhost.dll, Trying to connect to server on socket : 127.0.0.1:54328 
TpTrace Verbose: 0 : 61060, 1, 2024/01/02, 18:38:18.183, 1836849775118, testhost.dll, SocketCommunicationManager : SetupClientAsync : Attempting to connect to the server.
TpTrace Verbose: 0 : 61060, 9, 2024/01/02, 18:38:18.184, 1836849787001, testhost.dll, MulticastDelegateUtilities.SafeInvoke: SocketClient: ServerConnected: Invoking callback 1/1 for Microsoft.VisualStudio.TestPlatform.CommunicationUtilities.TestRequestHandler., took 0 ms.
TpTrace Verbose: 0 : 61060, 9, 2024/01/02, 18:38:18.184, 1836849787696, testhost.dll, Connected to server, and starting MessageLoopAsync
TpTrace Information: 0 : 61060, 11, 2024/01/02, 18:38:18.185, 1836849790554, testhost.dll, Connected to the server successfully 
TpTrace Information: 0 : 61060, 11, 2024/01/02, 18:38:18.185, 1836849791045, testhost.dll, Using the buffer size of 16384 bytes
TpTrace Verbose: 0 : 61060, 1, 2024/01/02, 18:38:18.185, 1836849791779, testhost.dll, SocketCommunicationManager.WaitForServerConnection took: 0 ms, with 90000 ms timeout, and finished with True.
TpTrace Information: 0 : 61060, 1, 2024/01/02, 18:38:18.185, 1836849792914, testhost.dll, DefaultEngineInvoker.Invoke: Start Request Processing.
TpTrace Information: 0 : 61060, 12, 2024/01/02, 18:38:18.185, 1836849798654, testhost.dll, DefaultEngineInvoker.StartProcessingAsync: Connected to vstest.console, Starting process requests.
TpTrace Verbose: 0 : 61060, 11, 2024/01/02, 18:38:18.186, 1836849801813, testhost.dll, TcpClientExtensions.MessageLoopAsync: Polling on remoteEndPoint: [::ffff:127.0.0.1]:54329 localEndPoint: [::ffff:127.0.0.1]:54330
TpTrace Verbose: 0 : 61060, 11, 2024/01/02, 18:38:18.186, 1836849802473, testhost.dll, TcpClientExtensions.MessageLoopAsync: NotifyDataAvailable remoteEndPoint: [::ffff:127.0.0.1]:54329 localEndPoint: [::ffff:127.0.0.1]:54330
TpTrace Information: 0 : 61060, 11, 2024/01/02, 18:38:18.189, 1836849832733, testhost.dll, TestRequestHandler.OnMessageReceived: received message: (ProtocolVersion) -> {"MessageType":"ProtocolVersion","Payload":7}
TpTrace Verbose: 0 : 61060, 11, 2024/01/02, 18:38:18.303, 1836850973452, testhost.dll, TestRequestHandler.SendData: sending data from testhost: {"Version":7,"MessageType":"TestSession.Message","Payload":{"MessageLevel":0,"Message":"Logging TestHost Diagnostics in file: C:\\Users\\aisae\\source\\repos\\MTCG\\TestMTCG\\bin\\Debug\\net7.0\\fine-code-coverage\\coverage-tool-output\\diagnostics.host.24-01-02_18-38-17_97838_5.log"}}
TpTrace Verbose: 0 : 61060, 11, 2024/01/02, 18:38:18.303, 1836850975200, testhost.dll, MulticastDelegateUtilities.SafeInvoke: LengthPrefixCommunicationChannel: MessageReceived: Invoking callback 1/1 for Microsoft.VisualStudio.TestPlatform.CommunicationUtilities.TestRequestHandler., took 116 ms.
TpTrace Verbose: 0 : 61060, 11, 2024/01/02, 18:38:18.303, 1836850975603, testhost.dll, TcpClientExtensions.MessageLoopAsync: Polling on remoteEndPoint: [::ffff:127.0.0.1]:54329 localEndPoint: [::ffff:127.0.0.1]:54330
TpTrace Verbose: 0 : 61060, 11, 2024/01/02, 18:38:18.303, 1836850976906, testhost.dll, TcpClientExtensions.MessageLoopAsync: NotifyDataAvailable remoteEndPoint: [::ffff:127.0.0.1]:54329 localEndPoint: [::ffff:127.0.0.1]:54330
TpTrace Information: 0 : 61060, 11, 2024/01/02, 18:38:18.304, 1836850980451, testhost.dll, TestRequestHandler.OnMessageReceived: received message: (TestExecution.Initialize) -> {"Version":7,"MessageType":"TestExecution.Initialize","Payload":["C:\\Users\\aisae\\source\\repos\\MTCG\\TestMTCG\\bin\\Debug\\net7.0\\fine-code-coverage\\build-output\\Microsoft.VisualStudio.TestPlatform.MSTest.TestAdapter.dll"]}
TpTrace Verbose: 0 : 61060, 11, 2024/01/02, 18:38:18.313, 1836851078961, testhost.dll, MulticastDelegateUtilities.SafeInvoke: LengthPrefixCommunicationChannel: MessageReceived: Invoking callback 1/1 for Microsoft.VisualStudio.TestPlatform.CommunicationUtilities.TestRequestHandler., took 10 ms.
TpTrace Verbose: 0 : 61060, 11, 2024/01/02, 18:38:18.314, 1836851080070, testhost.dll, TcpClientExtensions.MessageLoopAsync: Polling on remoteEndPoint: [::ffff:127.0.0.1]:54329 localEndPoint: [::ffff:127.0.0.1]:54330
TpTrace Verbose: 0 : 61060, 11, 2024/01/02, 18:38:18.314, 1836851080649, testhost.dll, TcpClientExtensions.MessageLoopAsync: NotifyDataAvailable remoteEndPoint: [::ffff:127.0.0.1]:54329 localEndPoint: [::ffff:127.0.0.1]:54330
TpTrace Information: 0 : 61060, 11, 2024/01/02, 18:38:18.314, 1836851081942, testhost.dll, TestRequestHandler.OnMessageReceived: received message: (TestExecution.StartWithSources) -> {"Version":7,"MessageType":"TestExecution.StartWithSources","Payload":{"AdapterSourceMap":{"_none_":["C:\\Users\\aisae\\source\\repos\\MTCG\\TestMTCG\\bin\\Debug\\net7.0\\fine-code-coverage\\build-output\\TestMTCG.dll"]},"RunSettings":"<RunSettings>\r\n  <RunConfiguration>\r\n    <ResultsDirectory>C:\\Users\\aisae\\source\\repos\\MTCG\\TestMTCG\\bin\\Debug\\net7.0\\fine-code-coverage\\coverage-tool-output</ResultsDirectory>\r\n    <TargetFrameworkVersion>.NETCoreApp,Version=v7.0</TargetFrameworkVersion>\r\n    <DesignMode>False</DesignMode>\r\n    <CollectSourceInformation>False</CollectSourceInformation>\r\n  </RunConfiguration>\r\n  <LoggerRunSettings>\r\n    <Loggers>\r\n      <Logger friendlyName=\"blame\" enabled=\"True\" />\r\n      <Logger friendlyName=\"Console\" uri=\"logger://microsoft/TestPlatform/ConsoleLogger/v1\" assemblyQualifiedName=\"Microsoft.VisualStudio.TestPlatform.CommandLine.Internal.ConsoleLogger, vstest.console, Version=15.0.0.0, Culture=neutral, PublicKeyToken=b03f5f7f11d50a3a\" codeBase=\"C:\\Program Files\\dotnet\\sdk\\7.0.401\\vstest.console.dll\" enabled=\"True\" />\r\n    </Loggers>\r\n  </LoggerRunSettings>\r\n  <DataCollectionRunSettings>\r\n    <DataCollectors>\r\n      <DataCollector friendlyName=\"blame\" enabled=\"True\">\r\n        <Configuration>\r\n          <ResultsDirectory>C:\\Users\\aisae\\source\\repos\\MTCG\\TestMTCG\\bin\\Debug\\net7.0\\fine-code-coverage\\coverage-tool-output</ResultsDirectory>\r\n        </Configuration>\r\n      </DataCollector>\r\n    </DataCollectors>\r\n  </DataCollectionRunSettings>\r\n</RunSettings>","TestExecutionContext":{"FrequencyOfRunStatsChangeEvent":10,"RunStatsChangeEventTimeout":"00:00:01.5000000","InIsolation":false,"KeepAlive":false,"AreTestCaseLevelEventsRequired":false,"IsDebug":false,"TestCaseFilter":null,"FilterOptions":null},"Package":null}}
TpTrace Information: 0 : 61060, 4, 2024/01/02, 18:38:18.314, 1836851087589, testhost.dll, TestRequestHandler.OnMessageReceived: Running job 'TestExecution.Initialize'.
TpTrace Verbose: 0 : 61060, 4, 2024/01/02, 18:38:18.316, 1836851108568, testhost.dll, TestExecutorService: Loading the extensions
TpTrace Verbose: 0 : 61060, 4, 2024/01/02, 18:38:18.318, 1836851121703, testhost.dll, TestPluginCache.DiscoverTestExtensions: finding test extensions in assemblies ends with: TestAdapter.dll TPluginInfo: Microsoft.VisualStudio.TestPlatform.Common.ExtensionFramework.Utilities.TestExecutorPluginInformation TExtension: Microsoft.VisualStudio.TestPlatform.ObjectModel.Adapter.ITestExecutor
TpTrace Verbose: 0 : 61060, 4, 2024/01/02, 18:38:18.319, 1836851135346, testhost.dll, TestPluginCache.GetExtensionPaths: Filtered extension paths: 
TpTrace Verbose: 0 : 61060, 4, 2024/01/02, 18:38:18.319, 1836851138180, testhost.dll, TestPluginCache.GetExtensionPaths: Added default extension paths: C:\Users\aisae\source\repos\MTCG\TestMTCG\bin\Debug\net7.0\fine-code-coverage\build-output\Microsoft.VisualStudio.TestPlatform.MSTest.TestAdapter.dll
TpTrace Verbose: 0 : 61060, 4, 2024/01/02, 18:38:18.319, 1836851138551, testhost.dll, TestPluginCache.GetExtensionPaths: Added unfilterableExtensionPaths: 
TpTrace Information: 0 : 61060, 4, 2024/01/02, 18:38:18.322, 1836851162506, testhost.dll, AssemblyResolver.ctor: Creating AssemblyResolver with searchDirectories C:\Users\aisae\source\repos\MTCG\TestMTCG\bin\Debug\net7.0\fine-code-coverage\build-output
TpTrace Verbose: 0 : 61060, 4, 2024/01/02, 18:38:18.323, 1836851174731, testhost.dll, TestPluginCache.DiscoverTestExtensions: Discovering the extensions using extension path.
TpTrace Verbose: 0 : 61060, 4, 2024/01/02, 18:38:18.323, 1836851176519, testhost.dll, TestPluginCache.GetExtensionPaths: Filtered extension paths: 
TpTrace Verbose: 0 : 61060, 4, 2024/01/02, 18:38:18.323, 1836851177118, testhost.dll, TestPluginCache.GetExtensionPaths: Added default extension paths: C:\Users\aisae\source\repos\MTCG\TestMTCG\bin\Debug\net7.0\fine-code-coverage\build-output\Microsoft.VisualStudio.TestPlatform.MSTest.TestAdapter.dll
TpTrace Verbose: 0 : 61060, 4, 2024/01/02, 18:38:18.323, 1836851177424, testhost.dll, TestPluginCache.GetExtensionPaths: Added unfilterableExtensionPaths: 
TpTrace Verbose: 0 : 61060, 4, 2024/01/02, 18:38:18.323, 1836851178630, testhost.dll, TestPluginCache.DiscoverTestExtensions: Discovering the extensions using allExtensionPaths: C:\Users\aisae\source\repos\MTCG\TestMTCG\bin\Debug\net7.0\fine-code-coverage\build-output\Microsoft.VisualStudio.TestPlatform.MSTest.TestAdapter.dll
TpTrace Information: 0 : 61060, 4, 2024/01/02, 18:38:18.324, 1836851185218, testhost.dll, AssemblyResolver.AddSearchDirectories: Adding more searchDirectories C:\Users\aisae\source\repos\MTCG\TestMTCG\bin\Debug\net7.0\fine-code-coverage\build-output
TpTrace Information: 0 : 61060, 4, 2024/01/02, 18:38:18.326, 1836851206927, testhost.dll, AssemblyResolver.OnResolve: Microsoft.VisualStudio.TestPlatform.MSTest.TestAdapter: Resolving assembly.
TpTrace Information: 0 : 61060, 4, 2024/01/02, 18:38:18.326, 1836851208051, testhost.dll, AssemblyResolver.OnResolve: Microsoft.VisualStudio.TestPlatform.MSTest.TestAdapter: Searching in: 'C:\Users\aisae\source\repos\MTCG\TestMTCG\bin\Debug\net7.0\fine-code-coverage\build-output'.
TpTrace Information: 0 : 61060, 4, 2024/01/02, 18:38:18.333, 1836851274145, testhost.dll, AssemblyResolver.OnResolve: Microsoft.VisualStudio.TestPlatform.MSTest.TestAdapter: Loading assembly 'C:\Users\aisae\source\repos\MTCG\TestMTCG\bin\Debug\net7.0\fine-code-coverage\build-output\Microsoft.VisualStudio.TestPlatform.MSTest.TestAdapter.dll'.
TpTrace Verbose: 0 : 61060, 11, 2024/01/02, 18:38:18.333, 1836851278102, testhost.dll, MulticastDelegateUtilities.SafeInvoke: LengthPrefixCommunicationChannel: MessageReceived: Invoking callback 1/1 for Microsoft.VisualStudio.TestPlatform.CommunicationUtilities.TestRequestHandler., took 19 ms.
TpTrace Verbose: 0 : 61060, 11, 2024/01/02, 18:38:18.333, 1836851278800, testhost.dll, TcpClientExtensions.MessageLoopAsync: Polling on remoteEndPoint: [::ffff:127.0.0.1]:54329 localEndPoint: [::ffff:127.0.0.1]:54330
TpTrace Information: 0 : 61060, 4, 2024/01/02, 18:38:18.334, 1836851280206, testhost.dll, AssemblyResolver.OnResolve: Resolved assembly: Microsoft.VisualStudio.TestPlatform.MSTest.TestAdapter, from path: C:\Users\aisae\source\repos\MTCG\TestMTCG\bin\Debug\net7.0\fine-code-coverage\build-output\Microsoft.VisualStudio.TestPlatform.MSTest.TestAdapter.dll
TpTrace Verbose: 0 : 61060, 4, 2024/01/02, 18:38:18.348, 1836851426687, testhost.dll, MetadataReaderExtensionsHelper: Discovering extensions inside assembly 'Microsoft.VisualStudio.TestPlatform.MSTest.TestAdapter, Version=14.0.0.0, Culture=neutral, PublicKeyToken=b03f5f7f11d50a3a' file path 'C:\Users\aisae\source\repos\MTCG\TestMTCG\bin\Debug\net7.0\fine-code-coverage\build-output\Microsoft.VisualStudio.TestPlatform.MSTest.TestAdapter.dll'
TpTrace Information: 0 : 61060, 4, 2024/01/02, 18:38:18.352, 1836851466090, testhost.dll, GetTestExtensionFromType: Register extension with identifier data 'executor://MSTestAdapter/v2' and type 'Microsoft.VisualStudio.TestPlatform.MSTest.TestAdapter.MSTestExecutor, Microsoft.VisualStudio.TestPlatform.MSTest.TestAdapter, Version=14.0.0.0, Culture=neutral, PublicKeyToken=b03f5f7f11d50a3a' inside file 'C:\Users\aisae\source\repos\MTCG\TestMTCG\bin\Debug\net7.0\fine-code-coverage\build-output\Microsoft.VisualStudio.TestPlatform.MSTest.TestAdapter.dll'
TpTrace Verbose: 0 : 61060, 4, 2024/01/02, 18:38:18.354, 1836851483074, testhost.dll, TestPluginCache: Discovered the extensions using extension path ''.
TpTrace Verbose: 0 : 61060, 4, 2024/01/02, 18:38:18.354, 1836851487367, testhost.dll, TestPluginCache: Discoverers are ''.
TpTrace Verbose: 0 : 61060, 4, 2024/01/02, 18:38:18.354, 1836851488051, testhost.dll, TestPluginCache: Executors are 'executor://MSTestAdapter/v2'.
TpTrace Verbose: 0 : 61060, 4, 2024/01/02, 18:38:18.354, 1836851488512, testhost.dll, TestPluginCache: Executors2 are ''.
TpTrace Verbose: 0 : 61060, 4, 2024/01/02, 18:38:18.354, 1836851489026, testhost.dll, TestPluginCache: Setting providers are ''.
TpTrace Verbose: 0 : 61060, 4, 2024/01/02, 18:38:18.355, 1836851490676, testhost.dll, TestPluginCache: Loggers are ''.
TpTrace Verbose: 0 : 61060, 4, 2024/01/02, 18:38:18.355, 1836851492002, testhost.dll, TestPluginCache: TestHosts are ''.
TpTrace Verbose: 0 : 61060, 4, 2024/01/02, 18:38:18.355, 1836851492769, testhost.dll, TestPluginCache: DataCollectors are ''.
TpTrace Verbose: 0 : 61060, 4, 2024/01/02, 18:38:18.357, 1836851515841, testhost.dll, TestPluginCache.DiscoverTestExtensions: finding test extensions in assemblies ends with: TestAdapter.dll TPluginInfo: Microsoft.VisualStudio.TestPlatform.Common.ExtensionFramework.Utilities.TestExecutorPluginInformation2 TExtension: Microsoft.VisualStudio.TestPlatform.ObjectModel.Adapter.ITestExecutor2
TpTrace Verbose: 0 : 61060, 4, 2024/01/02, 18:38:18.357, 1836851518733, testhost.dll, TestPluginCache.GetExtensionPaths: Filtered extension paths: 
TpTrace Verbose: 0 : 61060, 4, 2024/01/02, 18:38:18.357, 1836851519287, testhost.dll, TestPluginCache.GetExtensionPaths: Added default extension paths: C:\Users\aisae\source\repos\MTCG\TestMTCG\bin\Debug\net7.0\fine-code-coverage\build-output\Microsoft.VisualStudio.TestPlatform.MSTest.TestAdapter.dll
TpTrace Verbose: 0 : 61060, 4, 2024/01/02, 18:38:18.357, 1836851519520, testhost.dll, TestPluginCache.GetExtensionPaths: Added unfilterableExtensionPaths: 
TpTrace Information: 0 : 61060, 4, 2024/01/02, 18:38:18.358, 1836851521806, testhost.dll, AssemblyResolver.AddSearchDirectories: Adding more searchDirectories C:\Users\aisae\source\repos\MTCG\TestMTCG\bin\Debug\net7.0\fine-code-coverage\build-output
TpTrace Verbose: 0 : 61060, 4, 2024/01/02, 18:38:18.358, 1836851523384, testhost.dll, TestPluginCache.DiscoverTestExtensions: Discovering the extensions using extension path.
TpTrace Verbose: 0 : 61060, 4, 2024/01/02, 18:38:18.358, 1836851523865, testhost.dll, TestPluginCache.GetExtensionPaths: Filtered extension paths: 
TpTrace Verbose: 0 : 61060, 4, 2024/01/02, 18:38:18.358, 1836851524145, testhost.dll, TestPluginCache.GetExtensionPaths: Added default extension paths: C:\Users\aisae\source\repos\MTCG\TestMTCG\bin\Debug\net7.0\fine-code-coverage\build-output\Microsoft.VisualStudio.TestPlatform.MSTest.TestAdapter.dll
TpTrace Verbose: 0 : 61060, 4, 2024/01/02, 18:38:18.358, 1836851524462, testhost.dll, TestPluginCache.GetExtensionPaths: Added unfilterableExtensionPaths: 
TpTrace Verbose: 0 : 61060, 4, 2024/01/02, 18:38:18.358, 1836851524696, testhost.dll, TestPluginCache.DiscoverTestExtensions: Discovering the extensions using allExtensionPaths: C:\Users\aisae\source\repos\MTCG\TestMTCG\bin\Debug\net7.0\fine-code-coverage\build-output\Microsoft.VisualStudio.TestPlatform.MSTest.TestAdapter.dll
TpTrace Information: 0 : 61060, 4, 2024/01/02, 18:38:18.358, 1836851525070, testhost.dll, AssemblyResolver.AddSearchDirectories: Adding more searchDirectories C:\Users\aisae\source\repos\MTCG\TestMTCG\bin\Debug\net7.0\fine-code-coverage\build-output
TpTrace Verbose: 0 : 61060, 4, 2024/01/02, 18:38:18.358, 1836851525642, testhost.dll, MetadataReaderExtensionsHelper: Discovering extensions inside assembly 'Microsoft.VisualStudio.TestPlatform.MSTest.TestAdapter, Version=14.0.0.0, Culture=neutral, PublicKeyToken=b03f5f7f11d50a3a' file path 'C:\Users\aisae\source\repos\MTCG\TestMTCG\bin\Debug\net7.0\fine-code-coverage\build-output\Microsoft.VisualStudio.TestPlatform.MSTest.TestAdapter.dll'
TpTrace Verbose: 0 : 61060, 4, 2024/01/02, 18:38:18.359, 1836851530635, testhost.dll, TestPluginCache: Discovered the extensions using extension path ''.
TpTrace Verbose: 0 : 61060, 4, 2024/01/02, 18:38:18.359, 1836851531273, testhost.dll, TestPluginCache: Discoverers are ''.
TpTrace Verbose: 0 : 61060, 4, 2024/01/02, 18:38:18.359, 1836851531653, testhost.dll, TestPluginCache: Executors are 'executor://MSTestAdapter/v2'.
TpTrace Verbose: 0 : 61060, 4, 2024/01/02, 18:38:18.359, 1836851532392, testhost.dll, TestPluginCache: Executors2 are ''.
TpTrace Verbose: 0 : 61060, 4, 2024/01/02, 18:38:18.359, 1836851532679, testhost.dll, TestPluginCache: Setting providers are ''.
TpTrace Verbose: 0 : 61060, 4, 2024/01/02, 18:38:18.359, 1836851532930, testhost.dll, TestPluginCache: Loggers are ''.
TpTrace Verbose: 0 : 61060, 4, 2024/01/02, 18:38:18.359, 1836851533170, testhost.dll, TestPluginCache: TestHosts are ''.
TpTrace Verbose: 0 : 61060, 4, 2024/01/02, 18:38:18.359, 1836851533413, testhost.dll, TestPluginCache: DataCollectors are ''.
TpTrace Information: 0 : 61060, 4, 2024/01/02, 18:38:18.363, 1836851573700, testhost.dll, TestPluginManager.CreateTestExtension: Attempting to load test extension: Microsoft.VisualStudio.TestPlatform.MSTest.TestAdapter.MSTestExecutor
TpTrace Verbose: 0 : 61060, 4, 2024/01/02, 18:38:18.370, 1836851641561, testhost.dll, TestExecutorExtensionManager: Loading executor Microsoft.VisualStudio.TestPlatform.Common.ExtensionDecorators.SerialTestRunDecorator
TpTrace Verbose: 0 : 61060, 4, 2024/01/02, 18:38:18.370, 1836851642644, testhost.dll, TestExecutorService: Loaded the executors
TpTrace Verbose: 0 : 61060, 4, 2024/01/02, 18:38:18.370, 1836851648666, testhost.dll, TestPluginCache.DiscoverTestExtensions: finding test extensions in assemblies ends with: TestAdapter.dll TPluginInfo: Microsoft.VisualStudio.TestPlatform.Common.ExtensionFramework.Utilities.TestSettingsProviderPluginInformation TExtension: Microsoft.VisualStudio.TestPlatform.ObjectModel.Adapter.ISettingsProvider
TpTrace Verbose: 0 : 61060, 4, 2024/01/02, 18:38:18.371, 1836851649972, testhost.dll, TestPluginCache.GetExtensionPaths: Filtered extension paths: 
TpTrace Verbose: 0 : 61060, 4, 2024/01/02, 18:38:18.371, 1836851651174, testhost.dll, TestPluginCache.GetExtensionPaths: Added default extension paths: C:\Users\aisae\source\repos\MTCG\TestMTCG\bin\Debug\net7.0\fine-code-coverage\build-output\Microsoft.VisualStudio.TestPlatform.MSTest.TestAdapter.dll
TpTrace Verbose: 0 : 61060, 4, 2024/01/02, 18:38:18.371, 1836851651543, testhost.dll, TestPluginCache.GetExtensionPaths: Added unfilterableExtensionPaths: 
TpTrace Information: 0 : 61060, 4, 2024/01/02, 18:38:18.371, 1836851652843, testhost.dll, AssemblyResolver.AddSearchDirectories: Adding more searchDirectories C:\Users\aisae\source\repos\MTCG\TestMTCG\bin\Debug\net7.0\fine-code-coverage\build-output
TpTrace Verbose: 0 : 61060, 4, 2024/01/02, 18:38:18.371, 1836851653235, testhost.dll, TestPluginCache.DiscoverTestExtensions: Discovering the extensions using extension path.
TpTrace Verbose: 0 : 61060, 4, 2024/01/02, 18:38:18.371, 1836851653509, testhost.dll, TestPluginCache.GetExtensionPaths: Filtered extension paths: 
TpTrace Verbose: 0 : 61060, 4, 2024/01/02, 18:38:18.371, 1836851653749, testhost.dll, TestPluginCache.GetExtensionPaths: Added default extension paths: C:\Users\aisae\source\repos\MTCG\TestMTCG\bin\Debug\net7.0\fine-code-coverage\build-output\Microsoft.VisualStudio.TestPlatform.MSTest.TestAdapter.dll
TpTrace Verbose: 0 : 61060, 4, 2024/01/02, 18:38:18.371, 1836851653997, testhost.dll, TestPluginCache.GetExtensionPaths: Added unfilterableExtensionPaths: 
TpTrace Verbose: 0 : 61060, 4, 2024/01/02, 18:38:18.371, 1836851654312, testhost.dll, TestPluginCache.DiscoverTestExtensions: Discovering the extensions using allExtensionPaths: C:\Users\aisae\source\repos\MTCG\TestMTCG\bin\Debug\net7.0\fine-code-coverage\build-output\Microsoft.VisualStudio.TestPlatform.MSTest.TestAdapter.dll
TpTrace Information: 0 : 61060, 4, 2024/01/02, 18:38:18.371, 1836851654721, testhost.dll, AssemblyResolver.AddSearchDirectories: Adding more searchDirectories C:\Users\aisae\source\repos\MTCG\TestMTCG\bin\Debug\net7.0\fine-code-coverage\build-output
TpTrace Verbose: 0 : 61060, 4, 2024/01/02, 18:38:18.371, 1836851655552, testhost.dll, MetadataReaderExtensionsHelper: Discovering extensions inside assembly 'Microsoft.VisualStudio.TestPlatform.MSTest.TestAdapter, Version=14.0.0.0, Culture=neutral, PublicKeyToken=b03f5f7f11d50a3a' file path 'C:\Users\aisae\source\repos\MTCG\TestMTCG\bin\Debug\net7.0\fine-code-coverage\build-output\Microsoft.VisualStudio.TestPlatform.MSTest.TestAdapter.dll'
TpTrace Verbose: 0 : 61060, 4, 2024/01/02, 18:38:18.372, 1836851661865, testhost.dll, TestPluginCache: Discovered the extensions using extension path ''.
TpTrace Verbose: 0 : 61060, 4, 2024/01/02, 18:38:18.372, 1836851662594, testhost.dll, TestPluginCache: Discoverers are ''.
TpTrace Verbose: 0 : 61060, 4, 2024/01/02, 18:38:18.372, 1836851662889, testhost.dll, TestPluginCache: Executors are 'executor://MSTestAdapter/v2'.
TpTrace Verbose: 0 : 61060, 4, 2024/01/02, 18:38:18.372, 1836851663159, testhost.dll, TestPluginCache: Executors2 are ''.
TpTrace Verbose: 0 : 61060, 4, 2024/01/02, 18:38:18.372, 1836851663533, testhost.dll, TestPluginCache: Setting providers are ''.
TpTrace Verbose: 0 : 61060, 4, 2024/01/02, 18:38:18.372, 1836851663921, testhost.dll, TestPluginCache: Loggers are ''.
TpTrace Verbose: 0 : 61060, 4, 2024/01/02, 18:38:18.372, 1836851664155, testhost.dll, TestPluginCache: TestHosts are ''.
TpTrace Verbose: 0 : 61060, 4, 2024/01/02, 18:38:18.372, 1836851664384, testhost.dll, TestPluginCache: DataCollectors are ''.
TpTrace Verbose: 0 : 61060, 4, 2024/01/02, 18:38:18.372, 1836851669719, testhost.dll, TestExecutorService: Loaded the settings providers
TpTrace Information: 0 : 61060, 4, 2024/01/02, 18:38:18.373, 1836851670301, testhost.dll, TestExecutorService: Loaded the extensions
TpTrace Information: 0 : 61060, 4, 2024/01/02, 18:38:18.373, 1836851673884, testhost.dll, TestRequestHandler.OnMessageReceived: Running job 'TestExecution.StartWithSources'.
TpTrace Verbose: 0 : 61060, 4, 2024/01/02, 18:38:18.440, 1836852345920, testhost.dll, MulticastDelegateUtilities.SafeInvoke: TestCaseEventsHandler.RaiseSessionStart: Invoking callbacks was skipped because there are no subscribers.
TpTrace Information: 0 : 61060, 4, 2024/01/02, 18:38:18.443, 1836852373080, testhost.dll, TestDiscoveryManager: Discovering tests from sources C:\Users\aisae\source\repos\MTCG\TestMTCG\bin\Debug\net7.0\fine-code-coverage\build-output\TestMTCG.dll
TpTrace Verbose: 0 : 61060, 4, 2024/01/02, 18:38:18.446, 1836852400861, testhost.dll, TestPluginCache.DiscoverTestExtensions: finding test extensions in assemblies ends with: TestAdapter.dll TPluginInfo: Microsoft.VisualStudio.TestPlatform.Common.ExtensionFramework.Utilities.TestDiscovererPluginInformation TExtension: Microsoft.VisualStudio.TestPlatform.ObjectModel.Adapter.ITestDiscoverer
TpTrace Verbose: 0 : 61060, 4, 2024/01/02, 18:38:18.446, 1836852403212, testhost.dll, TestPluginCache.GetExtensionPaths: Filtered extension paths: 
TpTrace Verbose: 0 : 61060, 4, 2024/01/02, 18:38:18.446, 1836852403918, testhost.dll, TestPluginCache.GetExtensionPaths: Added default extension paths: C:\Users\aisae\source\repos\MTCG\TestMTCG\bin\Debug\net7.0\fine-code-coverage\build-output\Microsoft.VisualStudio.TestPlatform.MSTest.TestAdapter.dll
TpTrace Verbose: 0 : 61060, 4, 2024/01/02, 18:38:18.446, 1836852404526, testhost.dll, TestPluginCache.GetExtensionPaths: Added unfilterableExtensionPaths: 
TpTrace Information: 0 : 61060, 4, 2024/01/02, 18:38:18.446, 1836852406366, testhost.dll, AssemblyResolver.AddSearchDirectories: Adding more searchDirectories C:\Users\aisae\source\repos\MTCG\TestMTCG\bin\Debug\net7.0\fine-code-coverage\build-output
TpTrace Verbose: 0 : 61060, 4, 2024/01/02, 18:38:18.446, 1836852407046, testhost.dll, TestPluginCache.DiscoverTestExtensions: Discovering the extensions using extension path.
TpTrace Verbose: 0 : 61060, 4, 2024/01/02, 18:38:18.446, 1836852407614, testhost.dll, TestPluginCache.GetExtensionPaths: Filtered extension paths: 
TpTrace Verbose: 0 : 61060, 4, 2024/01/02, 18:38:18.446, 1836852408046, testhost.dll, TestPluginCache.GetExtensionPaths: Added default extension paths: C:\Users\aisae\source\repos\MTCG\TestMTCG\bin\Debug\net7.0\fine-code-coverage\build-output\Microsoft.VisualStudio.TestPlatform.MSTest.TestAdapter.dll
TpTrace Verbose: 0 : 61060, 4, 2024/01/02, 18:38:18.446, 1836852408460, testhost.dll, TestPluginCache.GetExtensionPaths: Added unfilterableExtensionPaths: 
TpTrace Verbose: 0 : 61060, 4, 2024/01/02, 18:38:18.446, 1836852408899, testhost.dll, TestPluginCache.DiscoverTestExtensions: Discovering the extensions using allExtensionPaths: C:\Users\aisae\source\repos\MTCG\TestMTCG\bin\Debug\net7.0\fine-code-coverage\build-output\Microsoft.VisualStudio.TestPlatform.MSTest.TestAdapter.dll
TpTrace Information: 0 : 61060, 4, 2024/01/02, 18:38:18.446, 1836852409681, testhost.dll, AssemblyResolver.AddSearchDirectories: Adding more searchDirectories C:\Users\aisae\source\repos\MTCG\TestMTCG\bin\Debug\net7.0\fine-code-coverage\build-output
TpTrace Verbose: 0 : 61060, 4, 2024/01/02, 18:38:18.447, 1836852410840, testhost.dll, MetadataReaderExtensionsHelper: Discovering extensions inside assembly 'Microsoft.VisualStudio.TestPlatform.MSTest.TestAdapter, Version=14.0.0.0, Culture=neutral, PublicKeyToken=b03f5f7f11d50a3a' file path 'C:\Users\aisae\source\repos\MTCG\TestMTCG\bin\Debug\net7.0\fine-code-coverage\build-output\Microsoft.VisualStudio.TestPlatform.MSTest.TestAdapter.dll'
TpTrace Information: 0 : 61060, 4, 2024/01/02, 18:38:18.449, 1836852439328, testhost.dll, GetTestExtensionFromType: Register extension with identifier data 'Microsoft.VisualStudio.TestPlatform.MSTest.TestAdapter.MSTestDiscoverer, Microsoft.VisualStudio.TestPlatform.MSTest.TestAdapter, Version=14.0.0.0, Culture=neutral, PublicKeyToken=b03f5f7f11d50a3a' and type 'Microsoft.VisualStudio.TestPlatform.MSTest.TestAdapter.MSTestDiscoverer, Microsoft.VisualStudio.TestPlatform.MSTest.TestAdapter, Version=14.0.0.0, Culture=neutral, PublicKeyToken=b03f5f7f11d50a3a' inside file 'C:\Users\aisae\source\repos\MTCG\TestMTCG\bin\Debug\net7.0\fine-code-coverage\build-output\Microsoft.VisualStudio.TestPlatform.MSTest.TestAdapter.dll'
TpTrace Verbose: 0 : 61060, 4, 2024/01/02, 18:38:18.450, 1836852442078, testhost.dll, TestPluginCache: Discovered the extensions using extension path ''.
TpTrace Verbose: 0 : 61060, 4, 2024/01/02, 18:38:18.450, 1836852443201, testhost.dll, TestPluginCache: Discoverers are 'Microsoft.VisualStudio.TestPlatform.MSTest.TestAdapter.MSTestDiscoverer, Microsoft.VisualStudio.TestPlatform.MSTest.TestAdapter, Version=14.0.0.0, Culture=neutral, PublicKeyToken=b03f5f7f11d50a3a'.
TpTrace Verbose: 0 : 61060, 4, 2024/01/02, 18:38:18.450, 1836852443774, testhost.dll, TestPluginCache: Executors are 'executor://MSTestAdapter/v2'.
TpTrace Verbose: 0 : 61060, 4, 2024/01/02, 18:38:18.450, 1836852444234, testhost.dll, TestPluginCache: Executors2 are ''.
TpTrace Verbose: 0 : 61060, 4, 2024/01/02, 18:38:18.450, 1836852444675, testhost.dll, TestPluginCache: Setting providers are ''.
TpTrace Verbose: 0 : 61060, 4, 2024/01/02, 18:38:18.450, 1836852445081, testhost.dll, TestPluginCache: Loggers are ''.
TpTrace Verbose: 0 : 61060, 4, 2024/01/02, 18:38:18.450, 1836852445490, testhost.dll, TestPluginCache: TestHosts are ''.
TpTrace Verbose: 0 : 61060, 4, 2024/01/02, 18:38:18.450, 1836852445900, testhost.dll, TestPluginCache: DataCollectors are ''.
TpTrace Verbose: 0 : 61060, 4, 2024/01/02, 18:38:18.458, 1836852523400, testhost.dll, BaseRunTests.RunTestInternalWithExecutors: Running tests for executor://MSTestAdapter/v2
TpTrace Information: 0 : 61060, 4, 2024/01/02, 18:38:18.464, 1836852588855, testhost.dll, AssemblyResolver.OnResolve: Microsoft.VisualStudio.TestPlatform.MSTestAdapter.PlatformServices.Interface: Resolving assembly.
TpTrace Information: 0 : 61060, 4, 2024/01/02, 18:38:18.465, 1836852590469, testhost.dll, AssemblyResolver.OnResolve: Microsoft.VisualStudio.TestPlatform.MSTestAdapter.PlatformServices.Interface: Searching in: 'C:\Users\aisae\source\repos\MTCG\TestMTCG\bin\Debug\net7.0\fine-code-coverage\build-output'.
TpTrace Information: 0 : 61060, 4, 2024/01/02, 18:38:18.465, 1836852595002, testhost.dll, AssemblyResolver.OnResolve: Microsoft.VisualStudio.TestPlatform.MSTestAdapter.PlatformServices.Interface: Loading assembly 'C:\Users\aisae\source\repos\MTCG\TestMTCG\bin\Debug\net7.0\fine-code-coverage\build-output\Microsoft.VisualStudio.TestPlatform.MSTestAdapter.PlatformServices.Interface.dll'.
TpTrace Information: 0 : 61060, 4, 2024/01/02, 18:38:18.466, 1836852600513, testhost.dll, AssemblyResolver.OnResolve: Resolved assembly: Microsoft.VisualStudio.TestPlatform.MSTestAdapter.PlatformServices.Interface, from path: C:\Users\aisae\source\repos\MTCG\TestMTCG\bin\Debug\net7.0\fine-code-coverage\build-output\Microsoft.VisualStudio.TestPlatform.MSTestAdapter.PlatformServices.Interface.dll
TpTrace Information: 0 : 61060, 4, 2024/01/02, 18:38:18.467, 1836852615658, testhost.dll, AssemblyResolver.OnResolve: Microsoft.VisualStudio.TestPlatform.MSTestAdapter.PlatformServices: Resolving assembly.
TpTrace Information: 0 : 61060, 4, 2024/01/02, 18:38:18.467, 1836852616825, testhost.dll, AssemblyResolver.OnResolve: Microsoft.VisualStudio.TestPlatform.MSTestAdapter.PlatformServices: Searching in: 'C:\Users\aisae\source\repos\MTCG\TestMTCG\bin\Debug\net7.0\fine-code-coverage\build-output'.
TpTrace Information: 0 : 61060, 4, 2024/01/02, 18:38:18.468, 1836852620407, testhost.dll, AssemblyResolver.OnResolve: Microsoft.VisualStudio.TestPlatform.MSTestAdapter.PlatformServices: Loading assembly 'C:\Users\aisae\source\repos\MTCG\TestMTCG\bin\Debug\net7.0\fine-code-coverage\build-output\Microsoft.VisualStudio.TestPlatform.MSTestAdapter.PlatformServices.dll'.
TpTrace Information: 0 : 61060, 4, 2024/01/02, 18:38:18.468, 1836852626310, testhost.dll, AssemblyResolver.OnResolve: Resolved assembly: Microsoft.VisualStudio.TestPlatform.MSTestAdapter.PlatformServices, from path: C:\Users\aisae\source\repos\MTCG\TestMTCG\bin\Debug\net7.0\fine-code-coverage\build-output\Microsoft.VisualStudio.TestPlatform.MSTestAdapter.PlatformServices.dll
TpTrace Information: 0 : 61060, 4, 2024/01/02, 18:38:18.469, 1836852630763, testhost.dll, MSTest - MSTestExecutor.RunTests: Running tests from sources.
TpTrace Information: 0 : 61060, 4, 2024/01/02, 18:38:18.472, 1836852669678, testhost.dll, MSTest - CollectSourceInformation value Found : False 
TpTrace Information: 0 : 61060, 4, 2024/01/02, 18:38:18.487, 1836852818026, testhost.dll, MSTest - DictionaryHelper.ConcatWithOverwrites: The source is null or empty, returning the overwrite dictionary.
TpTrace Information: 0 : 61060, 4, 2024/01/02, 18:38:18.492, 1836852865002, testhost.dll, MSTest - DictionaryHelper.ConcatWithOverwrites: The source is null or empty, returning the overwrite dictionary.
TpTrace Information: 0 : 61060, 4, 2024/01/02, 18:38:18.493, 1836852871217, testhost.dll, MSTest - DictionaryHelper.ConcatWithOverwrites: The source is null or empty, returning the overwrite dictionary.
TpTrace Information: 0 : 61060, 4, 2024/01/02, 18:38:18.493, 1836852877375, testhost.dll, MSTest - DictionaryHelper.ConcatWithOverwrites: The source is null or empty, returning the overwrite dictionary.
TpTrace Information: 0 : 61060, 4, 2024/01/02, 18:38:18.494, 1836852880219, testhost.dll, MSTest - DictionaryHelper.ConcatWithOverwrites: The source is null or empty, returning the overwrite dictionary.
TpTrace Information: 0 : 61060, 4, 2024/01/02, 18:38:18.494, 1836852881821, testhost.dll, MSTest - DictionaryHelper.ConcatWithOverwrites: The source is null or empty, returning the overwrite dictionary.
TpTrace Information: 0 : 61060, 4, 2024/01/02, 18:38:18.498, 1836852929052, testhost.dll, AssemblyResolver.OnResolve: Microsoft.TestPlatform.AdapterUtilities: Resolving assembly.
TpTrace Information: 0 : 61060, 4, 2024/01/02, 18:38:18.499, 1836852930063, testhost.dll, AssemblyResolver.OnResolve: Microsoft.TestPlatform.AdapterUtilities: Searching in: 'C:\Users\aisae\source\repos\MTCG\TestMTCG\bin\Debug\net7.0\fine-code-coverage\build-output'.
TpTrace Information: 0 : 61060, 4, 2024/01/02, 18:38:18.499, 1836852933278, testhost.dll, AssemblyResolver.OnResolve: Microsoft.TestPlatform.AdapterUtilities: Loading assembly 'C:\Users\aisae\source\repos\MTCG\TestMTCG\bin\Debug\net7.0\fine-code-coverage\build-output\Microsoft.TestPlatform.AdapterUtilities.dll'.
TpTrace Information: 0 : 61060, 4, 2024/01/02, 18:38:18.499, 1836852937922, testhost.dll, AssemblyResolver.OnResolve: Resolved assembly: Microsoft.TestPlatform.AdapterUtilities, from path: C:\Users\aisae\source\repos\MTCG\TestMTCG\bin\Debug\net7.0\fine-code-coverage\build-output\Microsoft.TestPlatform.AdapterUtilities.dll
TpTrace Information: 0 : 61060, 4, 2024/01/02, 18:38:18.527, 1836853212105, testhost.dll, MSTest - DictionaryHelper.ConcatWithOverwrites: The source is null or empty, returning the overwrite dictionary.
TpTrace Information: 0 : 61060, 4, 2024/01/02, 18:38:18.527, 1836853216554, testhost.dll, MSTest - DictionaryHelper.ConcatWithOverwrites: The source is null or empty, returning the overwrite dictionary.
TpTrace Information: 0 : 61060, 4, 2024/01/02, 18:38:18.527, 1836853218465, testhost.dll, MSTest - DictionaryHelper.ConcatWithOverwrites: The source is null or empty, returning the overwrite dictionary.
TpTrace Information: 0 : 61060, 4, 2024/01/02, 18:38:18.528, 1836853219978, testhost.dll, MSTest - DictionaryHelper.ConcatWithOverwrites: The source is null or empty, returning the overwrite dictionary.
TpTrace Information: 0 : 61060, 4, 2024/01/02, 18:38:18.528, 1836853221275, testhost.dll, MSTest - DictionaryHelper.ConcatWithOverwrites: The source is null or empty, returning the overwrite dictionary.
TpTrace Information: 0 : 61060, 4, 2024/01/02, 18:38:18.528, 1836853223686, testhost.dll, MSTest - MSTestDiscoverer: Found 4 tests from source C:\Users\aisae\source\repos\MTCG\TestMTCG\bin\Debug\net7.0\fine-code-coverage\build-output\TestMTCG.dll
TpTrace Information: 0 : 61060, 4, 2024/01/02, 18:38:18.544, 1836853389007, testhost.dll, AssemblyResolver.OnResolve: Microsoft.VisualStudio.TestPlatform.MSTestAdapter.PlatformServices.resources: Resolving assembly.
TpTrace Information: 0 : 61060, 4, 2024/01/02, 18:38:18.545, 1836853390365, testhost.dll, AssemblyResolver.OnResolve: Microsoft.VisualStudio.TestPlatform.MSTestAdapter.PlatformServices.resources: Searching in: 'C:\Users\aisae\source\repos\MTCG\TestMTCG\bin\Debug\net7.0\fine-code-coverage\build-output'.
TpTrace Information: 0 : 61060, 4, 2024/01/02, 18:38:18.545, 1836853391126, testhost.dll, AssemblyResolver.OnResolve: Microsoft.VisualStudio.TestPlatform.MSTestAdapter.PlatformServices.resources: Assembly path does not exist: 'C:\Users\aisae\source\repos\MTCG\TestMTCG\bin\Debug\net7.0\fine-code-coverage\build-output\Microsoft.VisualStudio.TestPlatform.MSTestAdapter.PlatformServices.resources.dll', returning.
TpTrace Information: 0 : 61060, 4, 2024/01/02, 18:38:18.545, 1836853391696, testhost.dll, AssemblyResolver.OnResolve: Microsoft.VisualStudio.TestPlatform.MSTestAdapter.PlatformServices.resources: Assembly path does not exist: 'C:\Users\aisae\source\repos\MTCG\TestMTCG\bin\Debug\net7.0\fine-code-coverage\build-output\Microsoft.VisualStudio.TestPlatform.MSTestAdapter.PlatformServices.resources.exe', returning.
TpTrace Information: 0 : 61060, 4, 2024/01/02, 18:38:18.545, 1836853391984, testhost.dll, AssemblyResolver.OnResolve: Microsoft.VisualStudio.TestPlatform.MSTestAdapter.PlatformServices.resources: Failed to load assembly.
TpTrace Information: 0 : 61060, 4, 2024/01/02, 18:38:18.545, 1836853394361, testhost.dll, AssemblyResolver.OnResolve: Microsoft.VisualStudio.TestPlatform.MSTestAdapter.PlatformServices.resources: Resolving assembly.
TpTrace Information: 0 : 61060, 4, 2024/01/02, 18:38:18.545, 1836853394812, testhost.dll, AssemblyResolver.OnResolve: Microsoft.VisualStudio.TestPlatform.MSTestAdapter.PlatformServices.resources: Resolved from cache.
TpTrace Information: 0 : 61060, 4, 2024/01/02, 18:38:18.551, 1836853457965, testhost.dll, MSTest - Created unit-test runner C:\Users\aisae\source\repos\MTCG\TestMTCG\bin\Debug\net7.0\fine-code-coverage\build-output\TestMTCG.dll
TpTrace Verbose: 0 : 61060, 4, 2024/01/02, 18:38:18.558, 1836853524312, testhost.dll, TestExecutionRecorder.RecordStart: Starting test: TestMTCG.UnitTestContext.TestUserGet.
TpTrace Verbose: 0 : 61060, 4, 2024/01/02, 18:38:18.607, 1836854012825, testhost.dll, MulticastDelegateUtilities.SafeInvoke: TestCaseEventsHandler.RaiseTestCaseStart: Invoking callback 1/1 for Microsoft.VisualStudio.TestPlatform.CrossPlatEngine.DataCollection.ProxyOutOfProcDataCollectionManager., took 47 ms.
TpTrace Information: 0 : 61060, 4, 2024/01/02, 18:38:18.607, 1836854014491, testhost.dll, MSTest - Executing test TestUserGet
TpTrace Information: 0 : 61060, 4, 2024/01/02, 18:38:18.877, 1836856717836, testhost.dll, AssemblyResolver.OnResolve: Microsoft.VisualStudio.TestPlatform.MSTest.TestAdapter.resources: Resolving assembly.
TpTrace Information: 0 : 61060, 4, 2024/01/02, 18:38:18.877, 1836856718918, testhost.dll, AssemblyResolver.OnResolve: Microsoft.VisualStudio.TestPlatform.MSTest.TestAdapter.resources: Searching in: 'C:\Users\aisae\source\repos\MTCG\TestMTCG\bin\Debug\net7.0\fine-code-coverage\build-output'.
TpTrace Information: 0 : 61060, 4, 2024/01/02, 18:38:18.877, 1836856719791, testhost.dll, AssemblyResolver.OnResolve: Microsoft.VisualStudio.TestPlatform.MSTest.TestAdapter.resources: Assembly path does not exist: 'C:\Users\aisae\source\repos\MTCG\TestMTCG\bin\Debug\net7.0\fine-code-coverage\build-output\Microsoft.VisualStudio.TestPlatform.MSTest.TestAdapter.resources.dll', returning.
TpTrace Information: 0 : 61060, 4, 2024/01/02, 18:38:18.878, 1836856720242, testhost.dll, AssemblyResolver.OnResolve: Microsoft.VisualStudio.TestPlatform.MSTest.TestAdapter.resources: Assembly path does not exist: 'C:\Users\aisae\source\repos\MTCG\TestMTCG\bin\Debug\net7.0\fine-code-coverage\build-output\Microsoft.VisualStudio.TestPlatform.MSTest.TestAdapter.resources.exe', returning.
TpTrace Information: 0 : 61060, 4, 2024/01/02, 18:38:18.878, 1836856720479, testhost.dll, AssemblyResolver.OnResolve: Microsoft.VisualStudio.TestPlatform.MSTest.TestAdapter.resources: Failed to load assembly.
TpTrace Information: 0 : 61060, 4, 2024/01/02, 18:38:18.892, 1836856862915, testhost.dll, MSTest - Executed test TestUserGet
TpTrace Verbose: 0 : 61060, 4, 2024/01/02, 18:38:18.895, 1836856892014, testhost.dll, TestExecutionRecorder.RecordEnd: test: TestMTCG.UnitTestContext.TestUserGet execution completed.
TpTrace Verbose: 0 : 61060, 4, 2024/01/02, 18:38:18.909, 1836857032982, testhost.dll, MulticastDelegateUtilities.SafeInvoke: TestCaseEventsHandler.RaiseTestCaseEnd: Invoking callback 1/1 for Microsoft.VisualStudio.TestPlatform.CrossPlatEngine.DataCollection.ProxyOutOfProcDataCollectionManager., took 13 ms.
TpTrace Information: 0 : 61060, 4, 2024/01/02, 18:38:18.909, 1836857038045, testhost.dll, MSTest - MSTestExecutor:Test TestMTCG.UnitTestContext.TestUserGet failed. ErrorMessage:Test method TestMTCG.UnitTestContext.TestUserGet threw exception: 
System.IndexOutOfRangeException: Field not found in row: id, ErrorStackTrace:    at Npgsql.BackendMessages.RowDescriptionMessage.GetFieldIndex(String name)
   at Npgsql.NpgsqlDataReader.GetOrdinal(String name)
   at MTCG.src.DataAccess.Persistance.PostgreSql.GetUserById(Int32 id) in C:\Users\aisae\source\repos\MTCG\MTCG\src\DataAccess\Persistance\PostgreSql.cs:line 53
   at TestMTCG.UnitTestContext.TestUserGet() in C:\Users\aisae\source\repos\MTCG\TestMTCG\UnitTestContext.cs:line 29
   at System.RuntimeMethodHandle.InvokeMethod(Object target, Void** arguments, Signature sig, Boolean isConstructor)
   at System.Reflection.MethodInvoker.Invoke(Object obj, IntPtr* args, BindingFlags invokeAttr)
.
TpTrace Verbose: 0 : 61060, 4, 2024/01/02, 18:38:18.910, 1836857040511, testhost.dll, TestExecutionRecorder.RecordResult: Received result for test: TestMTCG.UnitTestContext.TestUserGet.
TpTrace Verbose: 0 : 61060, 4, 2024/01/02, 18:38:18.910, 1836857048816, testhost.dll, MulticastDelegateUtilities.SafeInvoke: TestCaseEventsHandler.RaiseTestCaseEnd: Invoking callback 1/1 for Microsoft.VisualStudio.TestPlatform.CrossPlatEngine.DataCollection.ProxyOutOfProcDataCollectionManager., took 0 ms.
TpTrace Warning: 0 : 61060, 4, 2024/01/02, 18:38:18.912, 1836857066695, testhost.dll, TestRunCache: InProgressTests is null
TpTrace Warning: 0 : 61060, 4, 2024/01/02, 18:38:18.912, 1836857067813, testhost.dll, TestRunCache: No test found corresponding to testResult 'TestUserGet' in inProgress list.
TpTrace Verbose: 0 : 61060, 4, 2024/01/02, 18:38:18.912, 1836857068979, testhost.dll, TestExecutionRecorder.RecordStart: Starting test: TestMTCG.UnitTestContext.TestUserGetByUsername.
TpTrace Verbose: 0 : 61060, 4, 2024/01/02, 18:38:18.914, 1836857089074, testhost.dll, MulticastDelegateUtilities.SafeInvoke: TestCaseEventsHandler.RaiseTestCaseStart: Invoking callback 1/1 for Microsoft.VisualStudio.TestPlatform.CrossPlatEngine.DataCollection.ProxyOutOfProcDataCollectionManager., took 1 ms.
TpTrace Information: 0 : 61060, 4, 2024/01/02, 18:38:18.915, 1836857089866, testhost.dll, MSTest - Executing test TestUserGetByUsername
TpTrace Information: 0 : 61060, 4, 2024/01/02, 18:38:18.924, 1836857180921, testhost.dll, MSTest - Executed test TestUserGetByUsername
TpTrace Verbose: 0 : 61060, 4, 2024/01/02, 18:38:18.924, 1836857185062, testhost.dll, TestExecutionRecorder.RecordEnd: test: TestMTCG.UnitTestContext.TestUserGetByUsername execution completed.
TpTrace Verbose: 0 : 61060, 4, 2024/01/02, 18:38:18.926, 1836857206086, testhost.dll, MulticastDelegateUtilities.SafeInvoke: TestCaseEventsHandler.RaiseTestCaseEnd: Invoking callback 1/1 for Microsoft.VisualStudio.TestPlatform.CrossPlatEngine.DataCollection.ProxyOutOfProcDataCollectionManager., took 1 ms.
TpTrace Verbose: 0 : 61060, 4, 2024/01/02, 18:38:18.926, 1836857207298, testhost.dll, TestExecutionRecorder.RecordResult: Received result for test: TestMTCG.UnitTestContext.TestUserGetByUsername.
TpTrace Verbose: 0 : 61060, 4, 2024/01/02, 18:38:18.926, 1836857209568, testhost.dll, MulticastDelegateUtilities.SafeInvoke: TestCaseEventsHandler.RaiseTestCaseEnd: Invoking callback 1/1 for Microsoft.VisualStudio.TestPlatform.CrossPlatEngine.DataCollection.ProxyOutOfProcDataCollectionManager., took 0 ms.
TpTrace Warning: 0 : 61060, 4, 2024/01/02, 18:38:18.927, 1836857210558, testhost.dll, TestRunCache: InProgressTests is null
TpTrace Warning: 0 : 61060, 4, 2024/01/02, 18:38:18.927, 1836857210964, testhost.dll, TestRunCache: No test found corresponding to testResult 'TestUserGetByUsername' in inProgress list.
TpTrace Verbose: 0 : 61060, 4, 2024/01/02, 18:38:18.927, 1836857211768, testhost.dll, TestExecutionRecorder.RecordStart: Starting test: TestMTCG.UnitTestContext.TestCardGet.
TpTrace Verbose: 0 : 61060, 4, 2024/01/02, 18:38:18.928, 1836857228680, testhost.dll, MulticastDelegateUtilities.SafeInvoke: TestCaseEventsHandler.RaiseTestCaseStart: Invoking callback 1/1 for Microsoft.VisualStudio.TestPlatform.CrossPlatEngine.DataCollection.ProxyOutOfProcDataCollectionManager., took 1 ms.
TpTrace Information: 0 : 61060, 4, 2024/01/02, 18:38:18.928, 1836857229451, testhost.dll, MSTest - Executing test TestCardGet
TpTrace Information: 0 : 61060, 4, 2024/01/02, 18:38:18.933, 1836857272593, testhost.dll, AssemblyResolver.OnResolve: Microsoft.VisualStudio.TestPlatform.TestFramework.resources: Resolving assembly.
TpTrace Information: 0 : 61060, 4, 2024/01/02, 18:38:18.933, 1836857273586, testhost.dll, AssemblyResolver.OnResolve: Microsoft.VisualStudio.TestPlatform.TestFramework.resources: Searching in: 'C:\Users\aisae\source\repos\MTCG\TestMTCG\bin\Debug\net7.0\fine-code-coverage\build-output'.
TpTrace Information: 0 : 61060, 4, 2024/01/02, 18:38:18.933, 1836857274101, testhost.dll, AssemblyResolver.OnResolve: Microsoft.VisualStudio.TestPlatform.TestFramework.resources: Assembly path does not exist: 'C:\Users\aisae\source\repos\MTCG\TestMTCG\bin\Debug\net7.0\fine-code-coverage\build-output\Microsoft.VisualStudio.TestPlatform.TestFramework.resources.dll', returning.
TpTrace Information: 0 : 61060, 4, 2024/01/02, 18:38:18.933, 1836857274521, testhost.dll, AssemblyResolver.OnResolve: Microsoft.VisualStudio.TestPlatform.TestFramework.resources: Assembly path does not exist: 'C:\Users\aisae\source\repos\MTCG\TestMTCG\bin\Debug\net7.0\fine-code-coverage\build-output\Microsoft.VisualStudio.TestPlatform.TestFramework.resources.exe', returning.
TpTrace Information: 0 : 61060, 4, 2024/01/02, 18:38:18.933, 1836857274726, testhost.dll, AssemblyResolver.OnResolve: Microsoft.VisualStudio.TestPlatform.TestFramework.resources: Failed to load assembly.
TpTrace Information: 0 : 61060, 4, 2024/01/02, 18:38:18.936, 1836857303825, testhost.dll, MSTest - Executed test TestCardGet
TpTrace Verbose: 0 : 61060, 4, 2024/01/02, 18:38:18.936, 1836857304655, testhost.dll, TestExecutionRecorder.RecordEnd: test: TestMTCG.UnitTestContext.TestCardGet execution completed.
TpTrace Verbose: 0 : 61060, 4, 2024/01/02, 18:38:18.937, 1836857317087, testhost.dll, MulticastDelegateUtilities.SafeInvoke: TestCaseEventsHandler.RaiseTestCaseEnd: Invoking callback 1/1 for Microsoft.VisualStudio.TestPlatform.CrossPlatEngine.DataCollection.ProxyOutOfProcDataCollectionManager., took 1 ms.
TpTrace Information: 0 : 61060, 4, 2024/01/02, 18:38:18.937, 1836857317691, testhost.dll, MSTest - MSTestExecutor:Test TestMTCG.UnitTestContext.TestCardGet failed. ErrorMessage:Assert.AreEqual failed. Expected:<monster>. Actual:<Monster>. , ErrorStackTrace:   at TestMTCG.UnitTestContext.TestCardGet() in C:\Users\aisae\source\repos\MTCG\TestMTCG\UnitTestContext.cs:line 64
   at System.RuntimeMethodHandle.InvokeMethod(Object target, Void** arguments, Signature sig, Boolean isConstructor)
   at System.Reflection.MethodInvoker.Invoke(Object obj, IntPtr* args, BindingFlags invokeAttr)
.
TpTrace Verbose: 0 : 61060, 4, 2024/01/02, 18:38:18.937, 1836857317927, testhost.dll, TestExecutionRecorder.RecordResult: Received result for test: TestMTCG.UnitTestContext.TestCardGet.
TpTrace Verbose: 0 : 61060, 4, 2024/01/02, 18:38:18.937, 1836857318278, testhost.dll, MulticastDelegateUtilities.SafeInvoke: TestCaseEventsHandler.RaiseTestCaseEnd: Invoking callback 1/1 for Microsoft.VisualStudio.TestPlatform.CrossPlatEngine.DataCollection.ProxyOutOfProcDataCollectionManager., took 0 ms.
TpTrace Warning: 0 : 61060, 4, 2024/01/02, 18:38:18.938, 1836857323385, testhost.dll, TestRunCache: InProgressTests is null
TpTrace Warning: 0 : 61060, 4, 2024/01/02, 18:38:18.938, 1836857324517, testhost.dll, TestRunCache: No test found corresponding to testResult 'TestCardGet' in inProgress list.
TpTrace Verbose: 0 : 61060, 4, 2024/01/02, 18:38:18.938, 1836857325870, testhost.dll, TestExecutionRecorder.RecordStart: Starting test: TestMTCG.UnitTestContext.TestGetPackage.
TpTrace Verbose: 0 : 61060, 4, 2024/01/02, 18:38:18.939, 1836857338749, testhost.dll, MulticastDelegateUtilities.SafeInvoke: TestCaseEventsHandler.RaiseTestCaseStart: Invoking callback 1/1 for Microsoft.VisualStudio.TestPlatform.CrossPlatEngine.DataCollection.ProxyOutOfProcDataCollectionManager., took 1 ms.
TpTrace Information: 0 : 61060, 4, 2024/01/02, 18:38:18.939, 1836857339605, testhost.dll, MSTest - Executing test TestGetPackage
TpTrace Information: 0 : 61060, 4, 2024/01/02, 18:38:18.941, 1836857352764, testhost.dll, MSTest - Executed test TestGetPackage
TpTrace Verbose: 0 : 61060, 4, 2024/01/02, 18:38:18.941, 1836857353415, testhost.dll, TestExecutionRecorder.RecordEnd: test: TestMTCG.UnitTestContext.TestGetPackage execution completed.
TpTrace Verbose: 0 : 61060, 4, 2024/01/02, 18:38:18.942, 1836857366051, testhost.dll, MulticastDelegateUtilities.SafeInvoke: TestCaseEventsHandler.RaiseTestCaseEnd: Invoking callback 1/1 for Microsoft.VisualStudio.TestPlatform.CrossPlatEngine.DataCollection.ProxyOutOfProcDataCollectionManager., took 1 ms.
TpTrace Verbose: 0 : 61060, 4, 2024/01/02, 18:38:18.942, 1836857366708, testhost.dll, TestExecutionRecorder.RecordResult: Received result for test: TestMTCG.UnitTestContext.TestGetPackage.
TpTrace Verbose: 0 : 61060, 4, 2024/01/02, 18:38:18.942, 1836857367404, testhost.dll, MulticastDelegateUtilities.SafeInvoke: TestCaseEventsHandler.RaiseTestCaseEnd: Invoking callback 1/1 for Microsoft.VisualStudio.TestPlatform.CrossPlatEngine.DataCollection.ProxyOutOfProcDataCollectionManager., took 0 ms.
TpTrace Warning: 0 : 61060, 4, 2024/01/02, 18:38:18.942, 1836857367770, testhost.dll, TestRunCache: InProgressTests is null
TpTrace Warning: 0 : 61060, 4, 2024/01/02, 18:38:18.942, 1836857367965, testhost.dll, TestRunCache: No test found corresponding to testResult 'TestGetPackage' in inProgress list.
TpTrace Information: 0 : 61060, 4, 2024/01/02, 18:38:18.943, 1836857371024, testhost.dll, MSTest - Executing cleanup methods.
TpTrace Information: 0 : 61060, 4, 2024/01/02, 18:38:18.944, 1836857386064, testhost.dll, MSTest - Executed cleanup methods.
TpTrace Information: 0 : 61060, 4, 2024/01/02, 18:38:18.944, 1836857386694, testhost.dll, MSTest - Executed tests belonging to source C:\Users\aisae\source\repos\MTCG\TestMTCG\bin\Debug\net7.0\fine-code-coverage\build-output\TestMTCG.dll
TpTrace Verbose: 0 : 61060, 4, 2024/01/02, 18:38:18.945, 1836857391939, testhost.dll, BaseRunTests.RunTestInternalWithExecutors: Completed running tests for executor://MSTestAdapter/v2
TpTrace Verbose: 0 : 61060, 4, 2024/01/02, 18:38:18.946, 1836857400375, testhost.dll, MulticastDelegateUtilities.SafeInvoke: TestCaseEventsHandler.RaiseSessionEnd: Invoking callback 1/1 for Microsoft.VisualStudio.TestPlatform.CrossPlatEngine.DataCollection.ProxyOutOfProcDataCollectionManager., took 0 ms.
TpTrace Information: 0 : 61060, 4, 2024/01/02, 18:38:18.949, 1836857437479, testhost.dll, Sending test run complete
TpTrace Verbose: 0 : 61060, 4, 2024/01/02, 18:38:18.979, 1836857730480, testhost.dll, TestRequestHandler.SendData: sending data from testhost: {"Version":7,"MessageType":"TestExecution.Completed","Payload":{"TestRunCompleteArgs":{"TestRunStatistics":{"ExecutedTests":4,"Stats":{"Failed":2,"Passed":2}},"IsCanceled":false,"IsAborted":false,"Error":null,"AttachmentSets":[],"InvokedDataCollectors":[],"ElapsedTimeInRunningTests":"00:00:00.4920648","Metrics":{},"DiscoveredExtensions":{"TestDiscoverers":["Microsoft.VisualStudio.TestPlatform.MSTest.TestAdapter.MSTestDiscoverer, Microsoft.VisualStudio.TestPlatform.MSTest.TestAdapter, Version=14.0.0.0, Culture=neutral, PublicKeyToken=b03f5f7f11d50a3a"],"TestExecutors":["executor://MSTestAdapter/v2"],"TestExecutors2":[],"TestSettingsProviders":[]}},"LastRunTests":{"NewTestResults":[{"TestCase":{"Id":"b76cf24e-1699-21cb-5603-f8defb9d893f","FullyQualifiedName":"TestMTCG.UnitTestContext.TestUserGet","DisplayName":"TestUserGet","ExecutorUri":"executor://MSTestAdapter/v2","Source":"C:\\Users\\aisae\\source\\repos\\MTCG\\TestMTCG\\bin\\Debug\\net7.0\\fine-code-coverage\\build-output\\TestMTCG.dll","CodeFilePath":null,"LineNumber":-1,"Properties":[{"Key":{"Id":"TestCase.Hierarchy","Label":"Hierarchy","Category":"","Description":"","Attributes":2,"ValueType":"System.String[]"},"Value":["TestMTCG","UnitTestContext"]},{"Key":{"Id":"TestCase.ManagedMethod","Label":"ManagedMethod","Category":"","Description":"","Attributes":1,"ValueType":"System.String"},"Value":"TestUserGet"},{"Key":{"Id":"TestCase.ManagedType","Label":"ManagedType","Category":"","Description":"","Attributes":1,"ValueType":"System.String"},"Value":"TestMTCG.UnitTestContext"},{"Key":{"Id":"MSTestDiscoverer.TestClassName","Label":"ClassName","Category":"","Description":"","Attributes":1,"ValueType":"System.String"},"Value":"TestMTCG.UnitTestContext"},{"Key":{"Id":"TestObject.Traits","Label":"Traits","Category":"","Description":"","Attributes":5,"ValueType":"System.Collections.Generic.KeyValuePair`2[[System.String],[System.String]][]"},"Value":[]}]},"Attachments":[],"Outcome":2,"ErrorMessage":"Test method TestMTCG.UnitTestContext.TestUserGet threw exception: \r\nSystem.IndexOutOfRangeException: Field not found in row: id","ErrorStackTrace":"    at Npgsql.BackendMessages.RowDescriptionMessage.GetFieldIndex(String name)\r\n   at Npgsql.NpgsqlDataReader.GetOrdinal(String name)\r\n   at MTCG.src.DataAccess.Persistance.PostgreSql.GetUserById(Int32 id) in C:\\Users\\aisae\\source\\repos\\MTCG\\MTCG\\src\\DataAccess\\Persistance\\PostgreSql.cs:line 53\r\n   at TestMTCG.UnitTestContext.TestUserGet() in C:\\Users\\aisae\\source\\repos\\MTCG\\TestMTCG\\UnitTestContext.cs:line 29\r\n   at System.RuntimeMethodHandle.InvokeMethod(Object target, Void** arguments, Signature sig, Boolean isConstructor)\r\n   at System.Reflection.MethodInvoker.Invoke(Object obj, IntPtr* args, BindingFlags invokeAttr)\r\n","DisplayName":"TestUserGet","Messages":[],"ComputerName":null,"Duration":"00:00:00.2721765","StartTime":"2024-01-02T18:38:18.6073918+01:00","EndTime":"2024-01-02T18:38:18.8924116+01:00","Properties":[{"Key":{"Id":"ExecutionId","Label":"ExecutionId","Category":"","Description":"","Attributes":1,"ValueType":"System.Guid"},"Value":"00000000-0000-0000-0000-000000000000"},{"Key":{"Id":"InnerResultsCount","Label":"InnerResultsCount","Category":"","Description":"","Attributes":1,"ValueType":"System.Int32"},"Value":0},{"Key":{"Id":"ParentExecId","Label":"ParentExecId","Category":"","Description":"","Attributes":1,"ValueType":"System.Guid"},"Value":"00000000-0000-0000-0000-000000000000"}]},{"TestCase":{"Id":"6640a741-c4c1-94c8-6a13-42178d4eeb1a","FullyQualifiedName":"TestMTCG.UnitTestContext.TestUserGetByUsername","DisplayName":"TestUserGetByUsername","ExecutorUri":"executor://MSTestAdapter/v2","Source":"C:\\Users\\aisae\\source\\repos\\MTCG\\TestMTCG\\bin\\Debug\\net7.0\\fine-code-coverage\\build-output\\TestMTCG.dll","CodeFilePath":null,"LineNumber":-1,"Properties":[{"Key":{"Id":"TestCase.Hierarchy","Label":"Hierarchy","Category":"","Description":"","Attributes":2,"ValueType":"System.String[]"},"Value":["TestMTCG","UnitTestContext"]},{"Key":{"Id":"TestCase.ManagedMethod","Label":"ManagedMethod","Category":"","Description":"","Attributes":1,"ValueType":"System.String"},"Value":"TestUserGetByUsername"},{"Key":{"Id":"TestCase.ManagedType","Label":"ManagedType","Category":"","Description":"","Attributes":1,"ValueType":"System.String"},"Value":"TestMTCG.UnitTestContext"},{"Key":{"Id":"MSTestDiscoverer.TestClassName","Label":"ClassName","Category":"","Description":"","Attributes":1,"ValueType":"System.String"},"Value":"TestMTCG.UnitTestContext"},{"Key":{"Id":"TestObject.Traits","Label":"Traits","Category":"","Description":"","Attributes":5,"ValueType":"System.Collections.Generic.KeyValuePair`2[[System.String],[System.String]][]"},"Value":[]}]},"Attachments":[],"Outcome":1,"ErrorMessage":null,"ErrorStackTrace":null,"DisplayName":"TestUserGetByUsername","Messages":[{"Category":"StdOutMsgs","Text":"1\ntest1\npassword1\n\r\n"}],"ComputerName":null,"Duration":"00:00:00.0087896","StartTime":"2024-01-02T18:38:18.9149963+01:00","EndTime":"2024-01-02T18:38:18.9242098+01:00","Properties":[{"Key":{"Id":"ExecutionId","Label":"ExecutionId","Category":"","Description":"","Attributes":1,"ValueType":"System.Guid"},"Value":"00000000-0000-0000-0000-000000000000"},{"Key":{"Id":"InnerResultsCount","Label":"InnerResultsCount","Category":"","Description":"","Attributes":1,"ValueType":"System.Int32"},"Value":0},{"Key":{"Id":"ParentExecId","Label":"ParentExecId","Category":"","Description":"","Attributes":1,"ValueType":"System.Guid"},"Value":"00000000-0000-0000-0000-000000000000"}]},{"TestCase":{"Id":"f2fd49b8-46e4-8659-0f68-8c11e42307b7","FullyQualifiedName":"TestMTCG.UnitTestContext.TestCardGet","DisplayName":"TestCardGet","ExecutorUri":"executor://MSTestAdapter/v2","Source":"C:\\Users\\aisae\\source\\repos\\MTCG\\TestMTCG\\bin\\Debug\\net7.0\\fine-code-coverage\\build-output\\TestMTCG.dll","CodeFilePath":null,"LineNumber":-1,"Properties":[{"Key":{"Id":"TestCase.Hierarchy","Label":"Hierarchy","Category":"","Description":"","Attributes":2,"ValueType":"System.String[]"},"Value":["TestMTCG","UnitTestContext"]},{"Key":{"Id":"TestCase.ManagedMethod","Label":"ManagedMethod","Category":"","Description":"","Attributes":1,"ValueType":"System.String"},"Value":"TestCardGet"},{"Key":{"Id":"TestCase.ManagedType","Label":"ManagedType","Category":"","Description":"","Attributes":1,"ValueType":"System.String"},"Value":"TestMTCG.UnitTestContext"},{"Key":{"Id":"MSTestDiscoverer.TestClassName","Label":"ClassName","Category":"","Description":"","Attributes":1,"ValueType":"System.String"},"Value":"TestMTCG.UnitTestContext"},{"Key":{"Id":"TestObject.Traits","Label":"Traits","Category":"","Description":"","Attributes":5,"ValueType":"System.Collections.Generic.KeyValuePair`2[[System.String],[System.String]][]"},"Value":[]}]},"Attachments":[],"Outcome":2,"ErrorMessage":"Assert.AreEqual failed. Expected:<monster>. Actual:<Monster>. ","ErrorStackTrace":"   at TestMTCG.UnitTestContext.TestCardGet() in C:\\Users\\aisae\\source\\repos\\MTCG\\TestMTCG\\UnitTestContext.cs:line 64\r\n   at System.RuntimeMethodHandle.InvokeMethod(Object target, Void** arguments, Signature sig, Boolean isConstructor)\r\n   at System.Reflection.MethodInvoker.Invoke(Object obj, IntPtr* args, BindingFlags invokeAttr)\r\n","DisplayName":"TestCardGet","Messages":[],"ComputerName":null,"Duration":"00:00:00.0072148","StartTime":"2024-01-02T18:38:18.9289544+01:00","EndTime":"2024-01-02T18:38:18.9364632+01:00","Properties":[{"Key":{"Id":"ExecutionId","Label":"ExecutionId","Category":"","Description":"","Attributes":1,"ValueType":"System.Guid"},"Value":"00000000-0000-0000-0000-000000000000"},{"Key":{"Id":"InnerResultsCount","Label":"InnerResultsCount","Category":"","Description":"","Attributes":1,"ValueType":"System.Int32"},"Value":0},{"Key":{"Id":"ParentExecId","Label":"ParentExecId","Category":"","Description":"","Attributes":1,"ValueType":"System.Guid"},"Value":"00000000-0000-0000-0000-000000000000"}]},{"TestCase":{"Id":"e52443ef-eca1-15b5-367e-1d401de75e9f","FullyQualifiedName":"TestMTCG.UnitTestContext.TestGetPackage","DisplayName":"TestGetPackage","ExecutorUri":"executor://MSTestAdapter/v2","Source":"C:\\Users\\aisae\\source\\repos\\MTCG\\TestMTCG\\bin\\Debug\\net7.0\\fine-code-coverage\\build-output\\TestMTCG.dll","CodeFilePath":null,"LineNumber":-1,"Properties":[{"Key":{"Id":"TestCase.Hierarchy","Label":"Hierarchy","Category":"","Description":"","Attributes":2,"ValueType":"System.String[]"},"Value":["TestMTCG","UnitTestContext"]},{"Key":{"Id":"TestCase.ManagedMethod","Label":"ManagedMethod","Category":"","Description":"","Attributes":1,"ValueType":"System.String"},"Value":"TestGetPackage"},{"Key":{"Id":"TestCase.ManagedType","Label":"ManagedType","Category":"","Description":"","Attributes":1,"ValueType":"System.String"},"Value":"TestMTCG.UnitTestContext"},{"Key":{"Id":"MSTestDiscoverer.TestClassName","Label":"ClassName","Category":"","Description":"","Attributes":1,"ValueType":"System.String"},"Value":"TestMTCG.UnitTestContext"},{"Key":{"Id":"TestObject.Traits","Label":"Traits","Category":"","Description":"","Attributes":5,"ValueType":"System.Collections.Generic.KeyValuePair`2[[System.String],[System.String]][]"},"Value":[]}]},"Attachments":[],"Outcome":1,"ErrorMessage":null,"ErrorStackTrace":null,"DisplayName":"TestGetPackage","Messages":[],"ComputerName":null,"Duration":"00:00:00.0009854","StartTime":"2024-01-02T18:38:18.9399703+01:00","EndTime":"2024-01-02T18:38:18.94134+01:00","Properties":[{"Key":{"Id":"ExecutionId","Label":"ExecutionId","Category":"","Description":"","Attributes":1,"ValueType":"System.Guid"},"Value":"00000000-0000-0000-0000-000000000000"},{"Key":{"Id":"InnerResultsCount","Label":"InnerResultsCount","Category":"","Description":"","Attributes":1,"ValueType":"System.Int32"},"Value":0},{"Key":{"Id":"ParentExecId","Label":"ParentExecId","Category":"","Description":"","Attributes":1,"ValueType":"System.Guid"},"Value":"00000000-0000-0000-0000-000000000000"}]}],"TestRunStatistics":{"ExecutedTests":4,"Stats":{"Failed":2,"Passed":2}},"ActiveTests":[]},"RunAttachments":[],"ExecutorUris":["executor://mstestadapter/v2"]}}
TpTrace Verbose: 0 : 61060, 4, 2024/01/02, 18:38:18.979, 1836857736223, testhost.dll, BaseRunTests.RunTests: Run is complete.
TpTrace Verbose: 0 : 61060, 11, 2024/01/02, 18:38:18.980, 1836857743821, testhost.dll, TcpClientExtensions.MessageLoopAsync: NotifyDataAvailable remoteEndPoint: [::ffff:127.0.0.1]:54329 localEndPoint: [::ffff:127.0.0.1]:54330
TpTrace Information: 0 : 61060, 11, 2024/01/02, 18:38:18.980, 1836857744860, testhost.dll, TestRequestHandler.OnMessageReceived: received message: (TestSession.Terminate) -> {"MessageType":"TestSession.Terminate","Payload":null}
TpTrace Information: 0 : 61060, 11, 2024/01/02, 18:38:18.980, 1836857745129, testhost.dll, Session End message received from server. Closing the connection.
TpTrace Information: 0 : 61060, 11, 2024/01/02, 18:38:18.980, 1836857748294, testhost.dll, SocketClient.Stop: Stop communication from server endpoint: 127.0.0.1:054329
TpTrace Information: 0 : 61060, 11, 2024/01/02, 18:38:18.980, 1836857748789, testhost.dll, SocketClient: Stop: Cancellation requested. Stopping message loop.
TpTrace Verbose: 0 : 61060, 11, 2024/01/02, 18:38:18.980, 1836857749645, testhost.dll, LengthPrefixCommunicationChannel.Dispose: Dispose reader and writer.
TpTrace Information: 0 : 61060, 11, 2024/01/02, 18:38:18.981, 1836857750035, testhost.dll, Closing the connection !
TpTrace Verbose: 0 : 61060, 11, 2024/01/02, 18:38:18.981, 1836857750254, testhost.dll, MulticastDelegateUtilities.SafeInvoke: LengthPrefixCommunicationChannel: MessageReceived: Invoking callback 1/1 for Microsoft.VisualStudio.TestPlatform.CommunicationUtilities.TestRequestHandler., took 0 ms.
TpTrace Information: 0 : 61060, 11, 2024/01/02, 18:38:18.981, 1836857751896, testhost.dll, SocketClient.PrivateStop: Stop communication from server endpoint: 127.0.0.1:054329, error:
TpTrace Verbose: 0 : 61060, 11, 2024/01/02, 18:38:18.981, 1836857754195, testhost.dll, LengthPrefixCommunicationChannel.Dispose: Dispose reader and writer.
TpTrace Verbose: 0 : 61060, 11, 2024/01/02, 18:38:18.981, 1836857754629, testhost.dll, TcpClientExtensions.MessageLoopAsync: exiting MessageLoopAsync remoteEndPoint: [::ffff:127.0.0.1]:54329 localEndPoint: [::ffff:127.0.0.1]:54330
TpTrace Information: 0 : 61060, 1, 2024/01/02, 18:38:18.981, 1836857755210, testhost.dll, Closing the connection!
TpTrace Information: 0 : 61060, 1, 2024/01/02, 18:38:18.981, 1836857756631, testhost.dll, Testhost process exiting.
