TpTrace Verbose: 0 : 58540, 1, 2024/01/29, 16:39:40.215, 2494471405362, testhost.dll, Version: 17.7.1 Current process architecture: X64
TpTrace Verbose: 0 : 58540, 1, 2024/01/29, 16:39:40.218, 2494471435594, testhost.dll, Runtime location: C:\Program Files\dotnet\shared\Microsoft.NETCore.App\7.0.11
TpTrace Information: 0 : 58540, 1, 2024/01/29, 16:39:40.221, 2494471467309, testhost.dll, DefaultEngineInvoker.Invoke: Testhost process started with args :[--port, 54742],[--endpoint, 127.0.0.1:054742],[--role, client],[--parentprocessid, 41856],[--diag, C:\Users\aisae\OneDrive\Escritorio\Nueva carpeta\MTCG\TestMTCG\bin\Debug\net7.0\fine-code-coverage\coverage-tool-output\diagnostics.host.24-01-29_16-39-39_94229_5.log],[--tracelevel, 4],[--datacollectionport, 54741],[--telemetryoptedin, false]
TpTrace Information: 0 : 58540, 1, 2024/01/29, 16:39:40.222, 2494471473968, testhost.dll, Setting up debug trace listener.
TpTrace Verbose: 0 : 58540, 1, 2024/01/29, 16:39:40.222, 2494471476475, testhost.dll, TestPlatformTraceListener.Setup: Replacing listener System.Diagnostics.DefaultTraceListener with TestHostTraceListener.
TpTrace Verbose: 0 : 58540, 1, 2024/01/29, 16:39:40.223, 2494471479183, testhost.dll, TestPlatformTraceListener.Setup: Added test platform trace listener.
TpTrace Information: 0 : 58540, 1, 2024/01/29, 16:39:40.223, 2494471483226, testhost.dll, DefaultEngineInvoker.SetParentProcessExitCallback: Monitoring parent process with id: '41856'
TpTrace Information: 0 : 58540, 1, 2024/01/29, 16:39:40.227, 2494471519840, testhost.dll, DefaultEngineInvoker.GetConnectionInfo: Initialize communication on endpoint address: '127.0.0.1:054742'
TpTrace Information: 0 : 58540, 1, 2024/01/29, 16:39:40.236, 2494471613760, testhost.dll, SocketClient.Start: connecting to server endpoint: 127.0.0.1:054742
TpTrace Information: 0 : 58540, 1, 2024/01/29, 16:39:40.244, 2494471687914, testhost.dll, DefaultEngineInvoker.ConnectToDatacollector: Connecting to datacollector, port: 54741
TpTrace Information: 0 : 58540, 9, 2024/01/29, 16:39:40.244, 2494471694821, testhost.dll, SocketClient.OnServerConnected: connected to server endpoint: 127.0.0.1:054742
TpTrace Information: 0 : 58540, 1, 2024/01/29, 16:39:40.245, 2494471704291, testhost.dll, Trying to connect to server on socket : 127.0.0.1:54741 
TpTrace Verbose: 0 : 58540, 1, 2024/01/29, 16:39:40.246, 2494471708690, testhost.dll, SocketCommunicationManager : SetupClientAsync : Attempting to connect to the server.
TpTrace Verbose: 0 : 58540, 9, 2024/01/29, 16:39:40.248, 2494471729240, testhost.dll, MulticastDelegateUtilities.SafeInvoke: SocketClient: ServerConnected: Invoking callback 1/1 for Microsoft.VisualStudio.TestPlatform.CommunicationUtilities.TestRequestHandler., took 1 ms.
TpTrace Verbose: 0 : 58540, 9, 2024/01/29, 16:39:40.248, 2494471731173, testhost.dll, Connected to server, and starting MessageLoopAsync
TpTrace Information: 0 : 58540, 10, 2024/01/29, 16:39:40.249, 2494471740888, testhost.dll, Connected to the server successfully 
TpTrace Information: 0 : 58540, 10, 2024/01/29, 16:39:40.249, 2494471741828, testhost.dll, Using the buffer size of 16384 bytes
TpTrace Verbose: 0 : 58540, 1, 2024/01/29, 16:39:40.249, 2494471743294, testhost.dll, SocketCommunicationManager.WaitForServerConnection took: 1 ms, with 90000 ms timeout, and finished with True.
TpTrace Information: 0 : 58540, 1, 2024/01/29, 16:39:40.249, 2494471744662, testhost.dll, DefaultEngineInvoker.Invoke: Start Request Processing.
TpTrace Verbose: 0 : 58540, 9, 2024/01/29, 16:39:40.250, 2494471752689, testhost.dll, TcpClientExtensions.MessageLoopAsync: Polling on remoteEndPoint: [::ffff:127.0.0.1]:54742 localEndPoint: [::ffff:127.0.0.1]:54743
TpTrace Verbose: 0 : 58540, 9, 2024/01/29, 16:39:40.250, 2494471756483, testhost.dll, TcpClientExtensions.MessageLoopAsync: NotifyDataAvailable remoteEndPoint: [::ffff:127.0.0.1]:54742 localEndPoint: [::ffff:127.0.0.1]:54743
TpTrace Information: 0 : 58540, 12, 2024/01/29, 16:39:40.250, 2494471756691, testhost.dll, DefaultEngineInvoker.StartProcessingAsync: Connected to vstest.console, Starting process requests.
TpTrace Information: 0 : 58540, 9, 2024/01/29, 16:39:40.257, 2494471827275, testhost.dll, TestRequestHandler.OnMessageReceived: received message: (ProtocolVersion) -> {"MessageType":"ProtocolVersion","Payload":7}
TpTrace Verbose: 0 : 58540, 9, 2024/01/29, 16:39:40.448, 2494473736494, testhost.dll, TestRequestHandler.SendData: sending data from testhost: {"Version":7,"MessageType":"TestSession.Message","Payload":{"MessageLevel":0,"Message":"Logging TestHost Diagnostics in file: C:\\Users\\aisae\\OneDrive\\Escritorio\\Nueva carpeta\\MTCG\\TestMTCG\\bin\\Debug\\net7.0\\fine-code-coverage\\coverage-tool-output\\diagnostics.host.24-01-29_16-39-39_94229_5.log"}}
TpTrace Verbose: 0 : 58540, 9, 2024/01/29, 16:39:40.449, 2494473738777, testhost.dll, MulticastDelegateUtilities.SafeInvoke: LengthPrefixCommunicationChannel: MessageReceived: Invoking callback 1/1 for Microsoft.VisualStudio.TestPlatform.CommunicationUtilities.TestRequestHandler., took 195 ms.
TpTrace Verbose: 0 : 58540, 9, 2024/01/29, 16:39:40.449, 2494473739218, testhost.dll, TcpClientExtensions.MessageLoopAsync: Polling on remoteEndPoint: [::ffff:127.0.0.1]:54742 localEndPoint: [::ffff:127.0.0.1]:54743
TpTrace Verbose: 0 : 58540, 9, 2024/01/29, 16:39:40.449, 2494473739594, testhost.dll, TcpClientExtensions.MessageLoopAsync: NotifyDataAvailable remoteEndPoint: [::ffff:127.0.0.1]:54742 localEndPoint: [::ffff:127.0.0.1]:54743
TpTrace Information: 0 : 58540, 9, 2024/01/29, 16:39:40.449, 2494473742726, testhost.dll, TestRequestHandler.OnMessageReceived: received message: (TestExecution.Initialize) -> {"Version":7,"MessageType":"TestExecution.Initialize","Payload":["C:\\Users\\aisae\\OneDrive\\Escritorio\\Nueva carpeta\\MTCG\\TestMTCG\\bin\\Debug\\net7.0\\fine-code-coverage\\build-output\\Microsoft.VisualStudio.TestPlatform.MSTest.TestAdapter.dll"]}
TpTrace Verbose: 0 : 58540, 9, 2024/01/29, 16:39:40.456, 2494473817378, testhost.dll, MulticastDelegateUtilities.SafeInvoke: LengthPrefixCommunicationChannel: MessageReceived: Invoking callback 1/1 for Microsoft.VisualStudio.TestPlatform.CommunicationUtilities.TestRequestHandler., took 7 ms.
TpTrace Verbose: 0 : 58540, 9, 2024/01/29, 16:39:40.457, 2494473818519, testhost.dll, TcpClientExtensions.MessageLoopAsync: Polling on remoteEndPoint: [::ffff:127.0.0.1]:54742 localEndPoint: [::ffff:127.0.0.1]:54743
TpTrace Information: 0 : 58540, 4, 2024/01/29, 16:39:40.458, 2494473827726, testhost.dll, TestRequestHandler.OnMessageReceived: Running job 'TestExecution.Initialize'.
TpTrace Verbose: 0 : 58540, 9, 2024/01/29, 16:39:40.460, 2494473851086, testhost.dll, TcpClientExtensions.MessageLoopAsync: NotifyDataAvailable remoteEndPoint: [::ffff:127.0.0.1]:54742 localEndPoint: [::ffff:127.0.0.1]:54743
TpTrace Information: 0 : 58540, 9, 2024/01/29, 16:39:40.460, 2494473854005, testhost.dll, TestRequestHandler.OnMessageReceived: received message: (TestExecution.StartWithSources) -> {"Version":7,"MessageType":"TestExecution.StartWithSources","Payload":{"AdapterSourceMap":{"_none_":["C:\\Users\\aisae\\OneDrive\\Escritorio\\Nueva carpeta\\MTCG\\TestMTCG\\bin\\Debug\\net7.0\\fine-code-coverage\\build-output\\TestMTCG.dll"]},"RunSettings":"<RunSettings>\r\n  <RunConfiguration>\r\n    <ResultsDirectory>C:\\Users\\aisae\\OneDrive\\Escritorio\\Nueva carpeta\\MTCG\\TestMTCG\\bin\\Debug\\net7.0\\fine-code-coverage\\coverage-tool-output</ResultsDirectory>\r\n    <TargetFrameworkVersion>.NETCoreApp,Version=v7.0</TargetFrameworkVersion>\r\n    <DesignMode>False</DesignMode>\r\n    <CollectSourceInformation>False</CollectSourceInformation>\r\n  </RunConfiguration>\r\n  <LoggerRunSettings>\r\n    <Loggers>\r\n      <Logger friendlyName=\"blame\" enabled=\"True\" />\r\n      <Logger friendlyName=\"Console\" uri=\"logger://microsoft/TestPlatform/ConsoleLogger/v1\" assemblyQualifiedName=\"Microsoft.VisualStudio.TestPlatform.CommandLine.Internal.ConsoleLogger, vstest.console, Version=15.0.0.0, Culture=neutral, PublicKeyToken=b03f5f7f11d50a3a\" codeBase=\"C:\\Program Files\\dotnet\\sdk\\7.0.401\\vstest.console.dll\" enabled=\"True\" />\r\n    </Loggers>\r\n  </LoggerRunSettings>\r\n  <DataCollectionRunSettings>\r\n    <DataCollectors>\r\n      <DataCollector friendlyName=\"blame\" enabled=\"True\">\r\n        <Configuration>\r\n          <ResultsDirectory>C:\\Users\\aisae\\OneDrive\\Escritorio\\Nueva carpeta\\MTCG\\TestMTCG\\bin\\Debug\\net7.0\\fine-code-coverage\\coverage-tool-output</ResultsDirectory>\r\n        </Configuration>\r\n      </DataCollector>\r\n    </DataCollectors>\r\n  </DataCollectionRunSettings>\r\n</RunSettings>","TestExecutionContext":{"FrequencyOfRunStatsChangeEvent":10,"RunStatsChangeEventTimeout":"00:00:01.5000000","InIsolation":false,"KeepAlive":false,"AreTestCaseLevelEventsRequired":false,"IsDebug":false,"TestCaseFilter":null,"FilterOptions":null},"Package":null}}
TpTrace Verbose: 0 : 58540, 4, 2024/01/29, 16:39:40.461, 2494473866300, testhost.dll, TestExecutorService: Loading the extensions
TpTrace Verbose: 0 : 58540, 4, 2024/01/29, 16:39:40.463, 2494473882114, testhost.dll, TestPluginCache.DiscoverTestExtensions: finding test extensions in assemblies ends with: TestAdapter.dll TPluginInfo: Microsoft.VisualStudio.TestPlatform.Common.ExtensionFramework.Utilities.TestExecutorPluginInformation TExtension: Microsoft.VisualStudio.TestPlatform.ObjectModel.Adapter.ITestExecutor
TpTrace Verbose: 0 : 58540, 4, 2024/01/29, 16:39:40.465, 2494473904981, testhost.dll, TestPluginCache.GetExtensionPaths: Filtered extension paths: 
TpTrace Verbose: 0 : 58540, 4, 2024/01/29, 16:39:40.466, 2494473915098, testhost.dll, TestPluginCache.GetExtensionPaths: Added default extension paths: C:\Users\aisae\OneDrive\Escritorio\Nueva carpeta\MTCG\TestMTCG\bin\Debug\net7.0\fine-code-coverage\build-output\Microsoft.VisualStudio.TestPlatform.MSTest.TestAdapter.dll
TpTrace Verbose: 0 : 58540, 4, 2024/01/29, 16:39:40.467, 2494473918744, testhost.dll, TestPluginCache.GetExtensionPaths: Added unfilterableExtensionPaths: 
TpTrace Information: 0 : 58540, 4, 2024/01/29, 16:39:40.469, 2494473946600, testhost.dll, AssemblyResolver.ctor: Creating AssemblyResolver with searchDirectories C:\Users\aisae\OneDrive\Escritorio\Nueva carpeta\MTCG\TestMTCG\bin\Debug\net7.0\fine-code-coverage\build-output
TpTrace Verbose: 0 : 58540, 4, 2024/01/29, 16:39:40.472, 2494473970348, testhost.dll, TestPluginCache.DiscoverTestExtensions: Discovering the extensions using extension path.
TpTrace Verbose: 0 : 58540, 4, 2024/01/29, 16:39:40.472, 2494473973393, testhost.dll, TestPluginCache.GetExtensionPaths: Filtered extension paths: 
TpTrace Verbose: 0 : 58540, 4, 2024/01/29, 16:39:40.472, 2494473974041, testhost.dll, TestPluginCache.GetExtensionPaths: Added default extension paths: C:\Users\aisae\OneDrive\Escritorio\Nueva carpeta\MTCG\TestMTCG\bin\Debug\net7.0\fine-code-coverage\build-output\Microsoft.VisualStudio.TestPlatform.MSTest.TestAdapter.dll
TpTrace Verbose: 0 : 58540, 4, 2024/01/29, 16:39:40.472, 2494473974477, testhost.dll, TestPluginCache.GetExtensionPaths: Added unfilterableExtensionPaths: 
TpTrace Verbose: 0 : 58540, 4, 2024/01/29, 16:39:40.473, 2494473979927, testhost.dll, TestPluginCache.DiscoverTestExtensions: Discovering the extensions using allExtensionPaths: C:\Users\aisae\OneDrive\Escritorio\Nueva carpeta\MTCG\TestMTCG\bin\Debug\net7.0\fine-code-coverage\build-output\Microsoft.VisualStudio.TestPlatform.MSTest.TestAdapter.dll
TpTrace Information: 0 : 58540, 4, 2024/01/29, 16:39:40.474, 2494473990573, testhost.dll, AssemblyResolver.AddSearchDirectories: Adding more searchDirectories C:\Users\aisae\OneDrive\Escritorio\Nueva carpeta\MTCG\TestMTCG\bin\Debug\net7.0\fine-code-coverage\build-output
TpTrace Information: 0 : 58540, 4, 2024/01/29, 16:39:40.478, 2494474029531, testhost.dll, AssemblyResolver.OnResolve: Microsoft.VisualStudio.TestPlatform.MSTest.TestAdapter: Resolving assembly.
TpTrace Information: 0 : 58540, 4, 2024/01/29, 16:39:40.478, 2494474031171, testhost.dll, AssemblyResolver.OnResolve: Microsoft.VisualStudio.TestPlatform.MSTest.TestAdapter: Searching in: 'C:\Users\aisae\OneDrive\Escritorio\Nueva carpeta\MTCG\TestMTCG\bin\Debug\net7.0\fine-code-coverage\build-output'.
TpTrace Verbose: 0 : 58540, 9, 2024/01/29, 16:39:40.487, 2494474125545, testhost.dll, MulticastDelegateUtilities.SafeInvoke: LengthPrefixCommunicationChannel: MessageReceived: Invoking callback 1/1 for Microsoft.VisualStudio.TestPlatform.CommunicationUtilities.TestRequestHandler., took 27 ms.
TpTrace Verbose: 0 : 58540, 9, 2024/01/29, 16:39:40.487, 2494474126973, testhost.dll, TcpClientExtensions.MessageLoopAsync: Polling on remoteEndPoint: [::ffff:127.0.0.1]:54742 localEndPoint: [::ffff:127.0.0.1]:54743
TpTrace Information: 0 : 58540, 4, 2024/01/29, 16:39:40.489, 2494474138864, testhost.dll, AssemblyResolver.OnResolve: Microsoft.VisualStudio.TestPlatform.MSTest.TestAdapter: Loading assembly 'C:\Users\aisae\OneDrive\Escritorio\Nueva carpeta\MTCG\TestMTCG\bin\Debug\net7.0\fine-code-coverage\build-output\Microsoft.VisualStudio.TestPlatform.MSTest.TestAdapter.dll'.
TpTrace Information: 0 : 58540, 4, 2024/01/29, 16:39:40.489, 2494474147041, testhost.dll, AssemblyResolver.OnResolve: Resolved assembly: Microsoft.VisualStudio.TestPlatform.MSTest.TestAdapter, from path: C:\Users\aisae\OneDrive\Escritorio\Nueva carpeta\MTCG\TestMTCG\bin\Debug\net7.0\fine-code-coverage\build-output\Microsoft.VisualStudio.TestPlatform.MSTest.TestAdapter.dll
TpTrace Verbose: 0 : 58540, 4, 2024/01/29, 16:39:40.513, 2494474378164, testhost.dll, MetadataReaderExtensionsHelper: Discovering extensions inside assembly 'Microsoft.VisualStudio.TestPlatform.MSTest.TestAdapter, Version=14.0.0.0, Culture=neutral, PublicKeyToken=b03f5f7f11d50a3a' file path 'C:\Users\aisae\OneDrive\Escritorio\Nueva carpeta\MTCG\TestMTCG\bin\Debug\net7.0\fine-code-coverage\build-output\Microsoft.VisualStudio.TestPlatform.MSTest.TestAdapter.dll'
TpTrace Information: 0 : 58540, 4, 2024/01/29, 16:39:40.517, 2494474425567, testhost.dll, GetTestExtensionFromType: Register extension with identifier data 'executor://MSTestAdapter/v2' and type 'Microsoft.VisualStudio.TestPlatform.MSTest.TestAdapter.MSTestExecutor, Microsoft.VisualStudio.TestPlatform.MSTest.TestAdapter, Version=14.0.0.0, Culture=neutral, PublicKeyToken=b03f5f7f11d50a3a' inside file 'C:\Users\aisae\OneDrive\Escritorio\Nueva carpeta\MTCG\TestMTCG\bin\Debug\net7.0\fine-code-coverage\build-output\Microsoft.VisualStudio.TestPlatform.MSTest.TestAdapter.dll'
TpTrace Verbose: 0 : 58540, 4, 2024/01/29, 16:39:40.520, 2494474448257, testhost.dll, TestPluginCache: Discovered the extensions using extension path ''.
TpTrace Verbose: 0 : 58540, 4, 2024/01/29, 16:39:40.520, 2494474457379, testhost.dll, TestPluginCache: Discoverers are ''.
TpTrace Verbose: 0 : 58540, 4, 2024/01/29, 16:39:40.521, 2494474459172, testhost.dll, TestPluginCache: Executors are 'executor://MSTestAdapter/v2'.
TpTrace Verbose: 0 : 58540, 4, 2024/01/29, 16:39:40.521, 2494474460013, testhost.dll, TestPluginCache: Executors2 are ''.
TpTrace Verbose: 0 : 58540, 4, 2024/01/29, 16:39:40.521, 2494474460547, testhost.dll, TestPluginCache: Setting providers are ''.
TpTrace Verbose: 0 : 58540, 4, 2024/01/29, 16:39:40.521, 2494474460979, testhost.dll, TestPluginCache: Loggers are ''.
TpTrace Verbose: 0 : 58540, 4, 2024/01/29, 16:39:40.521, 2494474461368, testhost.dll, TestPluginCache: TestHosts are ''.
TpTrace Verbose: 0 : 58540, 4, 2024/01/29, 16:39:40.521, 2494474461747, testhost.dll, TestPluginCache: DataCollectors are ''.
TpTrace Verbose: 0 : 58540, 4, 2024/01/29, 16:39:40.523, 2494474480169, testhost.dll, TestPluginCache.DiscoverTestExtensions: finding test extensions in assemblies ends with: TestAdapter.dll TPluginInfo: Microsoft.VisualStudio.TestPlatform.Common.ExtensionFramework.Utilities.TestExecutorPluginInformation2 TExtension: Microsoft.VisualStudio.TestPlatform.ObjectModel.Adapter.ITestExecutor2
TpTrace Verbose: 0 : 58540, 4, 2024/01/29, 16:39:40.523, 2494474482978, testhost.dll, TestPluginCache.GetExtensionPaths: Filtered extension paths: 
TpTrace Verbose: 0 : 58540, 4, 2024/01/29, 16:39:40.523, 2494474483503, testhost.dll, TestPluginCache.GetExtensionPaths: Added default extension paths: C:\Users\aisae\OneDrive\Escritorio\Nueva carpeta\MTCG\TestMTCG\bin\Debug\net7.0\fine-code-coverage\build-output\Microsoft.VisualStudio.TestPlatform.MSTest.TestAdapter.dll
TpTrace Verbose: 0 : 58540, 4, 2024/01/29, 16:39:40.523, 2494474484249, testhost.dll, TestPluginCache.GetExtensionPaths: Added unfilterableExtensionPaths: 
TpTrace Information: 0 : 58540, 4, 2024/01/29, 16:39:40.523, 2494474486038, testhost.dll, AssemblyResolver.AddSearchDirectories: Adding more searchDirectories C:\Users\aisae\OneDrive\Escritorio\Nueva carpeta\MTCG\TestMTCG\bin\Debug\net7.0\fine-code-coverage\build-output
TpTrace Verbose: 0 : 58540, 4, 2024/01/29, 16:39:40.523, 2494474486449, testhost.dll, TestPluginCache.DiscoverTestExtensions: Discovering the extensions using extension path.
TpTrace Verbose: 0 : 58540, 4, 2024/01/29, 16:39:40.523, 2494474486661, testhost.dll, TestPluginCache.GetExtensionPaths: Filtered extension paths: 
TpTrace Verbose: 0 : 58540, 4, 2024/01/29, 16:39:40.523, 2494474486875, testhost.dll, TestPluginCache.GetExtensionPaths: Added default extension paths: C:\Users\aisae\OneDrive\Escritorio\Nueva carpeta\MTCG\TestMTCG\bin\Debug\net7.0\fine-code-coverage\build-output\Microsoft.VisualStudio.TestPlatform.MSTest.TestAdapter.dll
TpTrace Verbose: 0 : 58540, 4, 2024/01/29, 16:39:40.523, 2494474487163, testhost.dll, TestPluginCache.GetExtensionPaths: Added unfilterableExtensionPaths: 
TpTrace Verbose: 0 : 58540, 4, 2024/01/29, 16:39:40.523, 2494474487369, testhost.dll, TestPluginCache.DiscoverTestExtensions: Discovering the extensions using allExtensionPaths: C:\Users\aisae\OneDrive\Escritorio\Nueva carpeta\MTCG\TestMTCG\bin\Debug\net7.0\fine-code-coverage\build-output\Microsoft.VisualStudio.TestPlatform.MSTest.TestAdapter.dll
TpTrace Information: 0 : 58540, 4, 2024/01/29, 16:39:40.524, 2494474487681, testhost.dll, AssemblyResolver.AddSearchDirectories: Adding more searchDirectories C:\Users\aisae\OneDrive\Escritorio\Nueva carpeta\MTCG\TestMTCG\bin\Debug\net7.0\fine-code-coverage\build-output
TpTrace Verbose: 0 : 58540, 4, 2024/01/29, 16:39:40.524, 2494474488231, testhost.dll, MetadataReaderExtensionsHelper: Discovering extensions inside assembly 'Microsoft.VisualStudio.TestPlatform.MSTest.TestAdapter, Version=14.0.0.0, Culture=neutral, PublicKeyToken=b03f5f7f11d50a3a' file path 'C:\Users\aisae\OneDrive\Escritorio\Nueva carpeta\MTCG\TestMTCG\bin\Debug\net7.0\fine-code-coverage\build-output\Microsoft.VisualStudio.TestPlatform.MSTest.TestAdapter.dll'
TpTrace Verbose: 0 : 58540, 4, 2024/01/29, 16:39:40.524, 2494474492815, testhost.dll, TestPluginCache: Discovered the extensions using extension path ''.
TpTrace Verbose: 0 : 58540, 4, 2024/01/29, 16:39:40.524, 2494474493307, testhost.dll, TestPluginCache: Discoverers are ''.
TpTrace Verbose: 0 : 58540, 4, 2024/01/29, 16:39:40.524, 2494474493578, testhost.dll, TestPluginCache: Executors are 'executor://MSTestAdapter/v2'.
TpTrace Verbose: 0 : 58540, 4, 2024/01/29, 16:39:40.524, 2494474494093, testhost.dll, TestPluginCache: Executors2 are ''.
TpTrace Verbose: 0 : 58540, 4, 2024/01/29, 16:39:40.524, 2494474494285, testhost.dll, TestPluginCache: Setting providers are ''.
TpTrace Verbose: 0 : 58540, 4, 2024/01/29, 16:39:40.524, 2494474494455, testhost.dll, TestPluginCache: Loggers are ''.
TpTrace Verbose: 0 : 58540, 4, 2024/01/29, 16:39:40.524, 2494474494622, testhost.dll, TestPluginCache: TestHosts are ''.
TpTrace Verbose: 0 : 58540, 4, 2024/01/29, 16:39:40.524, 2494474494789, testhost.dll, TestPluginCache: DataCollectors are ''.
TpTrace Information: 0 : 58540, 4, 2024/01/29, 16:39:40.527, 2494474525973, testhost.dll, TestPluginManager.CreateTestExtension: Attempting to load test extension: Microsoft.VisualStudio.TestPlatform.MSTest.TestAdapter.MSTestExecutor
TpTrace Verbose: 0 : 58540, 4, 2024/01/29, 16:39:40.532, 2494474576707, testhost.dll, TestExecutorExtensionManager: Loading executor Microsoft.VisualStudio.TestPlatform.Common.ExtensionDecorators.SerialTestRunDecorator
TpTrace Verbose: 0 : 58540, 4, 2024/01/29, 16:39:40.533, 2494474578250, testhost.dll, TestExecutorService: Loaded the executors
TpTrace Verbose: 0 : 58540, 4, 2024/01/29, 16:39:40.533, 2494474587186, testhost.dll, TestPluginCache.DiscoverTestExtensions: finding test extensions in assemblies ends with: TestAdapter.dll TPluginInfo: Microsoft.VisualStudio.TestPlatform.Common.ExtensionFramework.Utilities.TestSettingsProviderPluginInformation TExtension: Microsoft.VisualStudio.TestPlatform.ObjectModel.Adapter.ISettingsProvider
TpTrace Verbose: 0 : 58540, 4, 2024/01/29, 16:39:40.534, 2494474588587, testhost.dll, TestPluginCache.GetExtensionPaths: Filtered extension paths: 
TpTrace Verbose: 0 : 58540, 4, 2024/01/29, 16:39:40.534, 2494474589176, testhost.dll, TestPluginCache.GetExtensionPaths: Added default extension paths: C:\Users\aisae\OneDrive\Escritorio\Nueva carpeta\MTCG\TestMTCG\bin\Debug\net7.0\fine-code-coverage\build-output\Microsoft.VisualStudio.TestPlatform.MSTest.TestAdapter.dll
TpTrace Verbose: 0 : 58540, 4, 2024/01/29, 16:39:40.534, 2494474589483, testhost.dll, TestPluginCache.GetExtensionPaths: Added unfilterableExtensionPaths: 
TpTrace Information: 0 : 58540, 4, 2024/01/29, 16:39:40.534, 2494474590728, testhost.dll, AssemblyResolver.AddSearchDirectories: Adding more searchDirectories C:\Users\aisae\OneDrive\Escritorio\Nueva carpeta\MTCG\TestMTCG\bin\Debug\net7.0\fine-code-coverage\build-output
TpTrace Verbose: 0 : 58540, 4, 2024/01/29, 16:39:40.534, 2494474591084, testhost.dll, TestPluginCache.DiscoverTestExtensions: Discovering the extensions using extension path.
TpTrace Verbose: 0 : 58540, 4, 2024/01/29, 16:39:40.534, 2494474591307, testhost.dll, TestPluginCache.GetExtensionPaths: Filtered extension paths: 
TpTrace Verbose: 0 : 58540, 4, 2024/01/29, 16:39:40.534, 2494474591499, testhost.dll, TestPluginCache.GetExtensionPaths: Added default extension paths: C:\Users\aisae\OneDrive\Escritorio\Nueva carpeta\MTCG\TestMTCG\bin\Debug\net7.0\fine-code-coverage\build-output\Microsoft.VisualStudio.TestPlatform.MSTest.TestAdapter.dll
TpTrace Verbose: 0 : 58540, 4, 2024/01/29, 16:39:40.534, 2494474591790, testhost.dll, TestPluginCache.GetExtensionPaths: Added unfilterableExtensionPaths: 
TpTrace Verbose: 0 : 58540, 4, 2024/01/29, 16:39:40.534, 2494474592002, testhost.dll, TestPluginCache.DiscoverTestExtensions: Discovering the extensions using allExtensionPaths: C:\Users\aisae\OneDrive\Escritorio\Nueva carpeta\MTCG\TestMTCG\bin\Debug\net7.0\fine-code-coverage\build-output\Microsoft.VisualStudio.TestPlatform.MSTest.TestAdapter.dll
TpTrace Information: 0 : 58540, 4, 2024/01/29, 16:39:40.534, 2494474592339, testhost.dll, AssemblyResolver.AddSearchDirectories: Adding more searchDirectories C:\Users\aisae\OneDrive\Escritorio\Nueva carpeta\MTCG\TestMTCG\bin\Debug\net7.0\fine-code-coverage\build-output
TpTrace Verbose: 0 : 58540, 4, 2024/01/29, 16:39:40.534, 2494474592915, testhost.dll, MetadataReaderExtensionsHelper: Discovering extensions inside assembly 'Microsoft.VisualStudio.TestPlatform.MSTest.TestAdapter, Version=14.0.0.0, Culture=neutral, PublicKeyToken=b03f5f7f11d50a3a' file path 'C:\Users\aisae\OneDrive\Escritorio\Nueva carpeta\MTCG\TestMTCG\bin\Debug\net7.0\fine-code-coverage\build-output\Microsoft.VisualStudio.TestPlatform.MSTest.TestAdapter.dll'
TpTrace Verbose: 0 : 58540, 4, 2024/01/29, 16:39:40.535, 2494474598446, testhost.dll, TestPluginCache: Discovered the extensions using extension path ''.
TpTrace Verbose: 0 : 58540, 4, 2024/01/29, 16:39:40.535, 2494474599136, testhost.dll, TestPluginCache: Discoverers are ''.
TpTrace Verbose: 0 : 58540, 4, 2024/01/29, 16:39:40.535, 2494474599493, testhost.dll, TestPluginCache: Executors are 'executor://MSTestAdapter/v2'.
TpTrace Verbose: 0 : 58540, 4, 2024/01/29, 16:39:40.535, 2494474599882, testhost.dll, TestPluginCache: Executors2 are ''.
TpTrace Verbose: 0 : 58540, 4, 2024/01/29, 16:39:40.535, 2494474600337, testhost.dll, TestPluginCache: Setting providers are ''.
TpTrace Verbose: 0 : 58540, 4, 2024/01/29, 16:39:40.535, 2494474600646, testhost.dll, TestPluginCache: Loggers are ''.
TpTrace Verbose: 0 : 58540, 4, 2024/01/29, 16:39:40.535, 2494474600925, testhost.dll, TestPluginCache: TestHosts are ''.
TpTrace Verbose: 0 : 58540, 4, 2024/01/29, 16:39:40.535, 2494474601244, testhost.dll, TestPluginCache: DataCollectors are ''.
TpTrace Verbose: 0 : 58540, 4, 2024/01/29, 16:39:40.536, 2494474609180, testhost.dll, TestExecutorService: Loaded the settings providers
TpTrace Information: 0 : 58540, 4, 2024/01/29, 16:39:40.536, 2494474609791, testhost.dll, TestExecutorService: Loaded the extensions
TpTrace Information: 0 : 58540, 4, 2024/01/29, 16:39:40.536, 2494474614545, testhost.dll, TestRequestHandler.OnMessageReceived: Running job 'TestExecution.StartWithSources'.
TpTrace Verbose: 0 : 58540, 4, 2024/01/29, 16:39:40.595, 2494475203469, testhost.dll, MulticastDelegateUtilities.SafeInvoke: TestCaseEventsHandler.RaiseSessionStart: Invoking callbacks was skipped because there are no subscribers.
TpTrace Information: 0 : 58540, 4, 2024/01/29, 16:39:40.597, 2494475220421, testhost.dll, TestDiscoveryManager: Discovering tests from sources C:\Users\aisae\OneDrive\Escritorio\Nueva carpeta\MTCG\TestMTCG\bin\Debug\net7.0\fine-code-coverage\build-output\TestMTCG.dll
TpTrace Verbose: 0 : 58540, 4, 2024/01/29, 16:39:40.599, 2494475237908, testhost.dll, TestPluginCache.DiscoverTestExtensions: finding test extensions in assemblies ends with: TestAdapter.dll TPluginInfo: Microsoft.VisualStudio.TestPlatform.Common.ExtensionFramework.Utilities.TestDiscovererPluginInformation TExtension: Microsoft.VisualStudio.TestPlatform.ObjectModel.Adapter.ITestDiscoverer
TpTrace Verbose: 0 : 58540, 4, 2024/01/29, 16:39:40.599, 2494475239292, testhost.dll, TestPluginCache.GetExtensionPaths: Filtered extension paths: 
TpTrace Verbose: 0 : 58540, 4, 2024/01/29, 16:39:40.599, 2494475239707, testhost.dll, TestPluginCache.GetExtensionPaths: Added default extension paths: C:\Users\aisae\OneDrive\Escritorio\Nueva carpeta\MTCG\TestMTCG\bin\Debug\net7.0\fine-code-coverage\build-output\Microsoft.VisualStudio.TestPlatform.MSTest.TestAdapter.dll
TpTrace Verbose: 0 : 58540, 4, 2024/01/29, 16:39:40.599, 2494475240027, testhost.dll, TestPluginCache.GetExtensionPaths: Added unfilterableExtensionPaths: 
TpTrace Information: 0 : 58540, 4, 2024/01/29, 16:39:40.599, 2494475241590, testhost.dll, AssemblyResolver.AddSearchDirectories: Adding more searchDirectories C:\Users\aisae\OneDrive\Escritorio\Nueva carpeta\MTCG\TestMTCG\bin\Debug\net7.0\fine-code-coverage\build-output
TpTrace Verbose: 0 : 58540, 4, 2024/01/29, 16:39:40.599, 2494475241975, testhost.dll, TestPluginCache.DiscoverTestExtensions: Discovering the extensions using extension path.
TpTrace Verbose: 0 : 58540, 4, 2024/01/29, 16:39:40.599, 2494475242227, testhost.dll, TestPluginCache.GetExtensionPaths: Filtered extension paths: 
TpTrace Verbose: 0 : 58540, 4, 2024/01/29, 16:39:40.599, 2494475242404, testhost.dll, TestPluginCache.GetExtensionPaths: Added default extension paths: C:\Users\aisae\OneDrive\Escritorio\Nueva carpeta\MTCG\TestMTCG\bin\Debug\net7.0\fine-code-coverage\build-output\Microsoft.VisualStudio.TestPlatform.MSTest.TestAdapter.dll
TpTrace Verbose: 0 : 58540, 4, 2024/01/29, 16:39:40.599, 2494475242583, testhost.dll, TestPluginCache.GetExtensionPaths: Added unfilterableExtensionPaths: 
TpTrace Verbose: 0 : 58540, 4, 2024/01/29, 16:39:40.599, 2494475242801, testhost.dll, TestPluginCache.DiscoverTestExtensions: Discovering the extensions using allExtensionPaths: C:\Users\aisae\OneDrive\Escritorio\Nueva carpeta\MTCG\TestMTCG\bin\Debug\net7.0\fine-code-coverage\build-output\Microsoft.VisualStudio.TestPlatform.MSTest.TestAdapter.dll
TpTrace Information: 0 : 58540, 4, 2024/01/29, 16:39:40.599, 2494475243286, testhost.dll, AssemblyResolver.AddSearchDirectories: Adding more searchDirectories C:\Users\aisae\OneDrive\Escritorio\Nueva carpeta\MTCG\TestMTCG\bin\Debug\net7.0\fine-code-coverage\build-output
TpTrace Verbose: 0 : 58540, 4, 2024/01/29, 16:39:40.599, 2494475243975, testhost.dll, MetadataReaderExtensionsHelper: Discovering extensions inside assembly 'Microsoft.VisualStudio.TestPlatform.MSTest.TestAdapter, Version=14.0.0.0, Culture=neutral, PublicKeyToken=b03f5f7f11d50a3a' file path 'C:\Users\aisae\OneDrive\Escritorio\Nueva carpeta\MTCG\TestMTCG\bin\Debug\net7.0\fine-code-coverage\build-output\Microsoft.VisualStudio.TestPlatform.MSTest.TestAdapter.dll'
TpTrace Information: 0 : 58540, 4, 2024/01/29, 16:39:40.601, 2494475264931, testhost.dll, GetTestExtensionFromType: Register extension with identifier data 'Microsoft.VisualStudio.TestPlatform.MSTest.TestAdapter.MSTestDiscoverer, Microsoft.VisualStudio.TestPlatform.MSTest.TestAdapter, Version=14.0.0.0, Culture=neutral, PublicKeyToken=b03f5f7f11d50a3a' and type 'Microsoft.VisualStudio.TestPlatform.MSTest.TestAdapter.MSTestDiscoverer, Microsoft.VisualStudio.TestPlatform.MSTest.TestAdapter, Version=14.0.0.0, Culture=neutral, PublicKeyToken=b03f5f7f11d50a3a' inside file 'C:\Users\aisae\OneDrive\Escritorio\Nueva carpeta\MTCG\TestMTCG\bin\Debug\net7.0\fine-code-coverage\build-output\Microsoft.VisualStudio.TestPlatform.MSTest.TestAdapter.dll'
TpTrace Verbose: 0 : 58540, 4, 2024/01/29, 16:39:40.601, 2494475266630, testhost.dll, TestPluginCache: Discovered the extensions using extension path ''.
TpTrace Verbose: 0 : 58540, 4, 2024/01/29, 16:39:40.601, 2494475267164, testhost.dll, TestPluginCache: Discoverers are 'Microsoft.VisualStudio.TestPlatform.MSTest.TestAdapter.MSTestDiscoverer, Microsoft.VisualStudio.TestPlatform.MSTest.TestAdapter, Version=14.0.0.0, Culture=neutral, PublicKeyToken=b03f5f7f11d50a3a'.
TpTrace Verbose: 0 : 58540, 4, 2024/01/29, 16:39:40.601, 2494475267454, testhost.dll, TestPluginCache: Executors are 'executor://MSTestAdapter/v2'.
TpTrace Verbose: 0 : 58540, 4, 2024/01/29, 16:39:40.602, 2494475267651, testhost.dll, TestPluginCache: Executors2 are ''.
TpTrace Verbose: 0 : 58540, 4, 2024/01/29, 16:39:40.602, 2494475267824, testhost.dll, TestPluginCache: Setting providers are ''.
TpTrace Verbose: 0 : 58540, 4, 2024/01/29, 16:39:40.602, 2494475268000, testhost.dll, TestPluginCache: Loggers are ''.
TpTrace Verbose: 0 : 58540, 4, 2024/01/29, 16:39:40.602, 2494475268164, testhost.dll, TestPluginCache: TestHosts are ''.
TpTrace Verbose: 0 : 58540, 4, 2024/01/29, 16:39:40.602, 2494475268327, testhost.dll, TestPluginCache: DataCollectors are ''.
TpTrace Verbose: 0 : 58540, 4, 2024/01/29, 16:39:40.605, 2494475304757, testhost.dll, BaseRunTests.RunTestInternalWithExecutors: Running tests for executor://MSTestAdapter/v2
TpTrace Information: 0 : 58540, 4, 2024/01/29, 16:39:40.608, 2494475335412, testhost.dll, AssemblyResolver.OnResolve: Microsoft.VisualStudio.TestPlatform.MSTestAdapter.PlatformServices.Interface: Resolving assembly.
TpTrace Information: 0 : 58540, 4, 2024/01/29, 16:39:40.608, 2494475336442, testhost.dll, AssemblyResolver.OnResolve: Microsoft.VisualStudio.TestPlatform.MSTestAdapter.PlatformServices.Interface: Searching in: 'C:\Users\aisae\OneDrive\Escritorio\Nueva carpeta\MTCG\TestMTCG\bin\Debug\net7.0\fine-code-coverage\build-output'.
TpTrace Information: 0 : 58540, 4, 2024/01/29, 16:39:40.609, 2494475339291, testhost.dll, AssemblyResolver.OnResolve: Microsoft.VisualStudio.TestPlatform.MSTestAdapter.PlatformServices.Interface: Loading assembly 'C:\Users\aisae\OneDrive\Escritorio\Nueva carpeta\MTCG\TestMTCG\bin\Debug\net7.0\fine-code-coverage\build-output\Microsoft.VisualStudio.TestPlatform.MSTestAdapter.PlatformServices.Interface.dll'.
TpTrace Information: 0 : 58540, 4, 2024/01/29, 16:39:40.609, 2494475342797, testhost.dll, AssemblyResolver.OnResolve: Resolved assembly: Microsoft.VisualStudio.TestPlatform.MSTestAdapter.PlatformServices.Interface, from path: C:\Users\aisae\OneDrive\Escritorio\Nueva carpeta\MTCG\TestMTCG\bin\Debug\net7.0\fine-code-coverage\build-output\Microsoft.VisualStudio.TestPlatform.MSTestAdapter.PlatformServices.Interface.dll
TpTrace Information: 0 : 58540, 4, 2024/01/29, 16:39:40.610, 2494475351971, testhost.dll, AssemblyResolver.OnResolve: Microsoft.VisualStudio.TestPlatform.MSTestAdapter.PlatformServices: Resolving assembly.
TpTrace Information: 0 : 58540, 4, 2024/01/29, 16:39:40.610, 2494475352647, testhost.dll, AssemblyResolver.OnResolve: Microsoft.VisualStudio.TestPlatform.MSTestAdapter.PlatformServices: Searching in: 'C:\Users\aisae\OneDrive\Escritorio\Nueva carpeta\MTCG\TestMTCG\bin\Debug\net7.0\fine-code-coverage\build-output'.
TpTrace Information: 0 : 58540, 4, 2024/01/29, 16:39:40.610, 2494475355339, testhost.dll, AssemblyResolver.OnResolve: Microsoft.VisualStudio.TestPlatform.MSTestAdapter.PlatformServices: Loading assembly 'C:\Users\aisae\OneDrive\Escritorio\Nueva carpeta\MTCG\TestMTCG\bin\Debug\net7.0\fine-code-coverage\build-output\Microsoft.VisualStudio.TestPlatform.MSTestAdapter.PlatformServices.dll'.
TpTrace Information: 0 : 58540, 4, 2024/01/29, 16:39:40.611, 2494475358635, testhost.dll, AssemblyResolver.OnResolve: Resolved assembly: Microsoft.VisualStudio.TestPlatform.MSTestAdapter.PlatformServices, from path: C:\Users\aisae\OneDrive\Escritorio\Nueva carpeta\MTCG\TestMTCG\bin\Debug\net7.0\fine-code-coverage\build-output\Microsoft.VisualStudio.TestPlatform.MSTestAdapter.PlatformServices.dll
TpTrace Information: 0 : 58540, 4, 2024/01/29, 16:39:40.611, 2494475361028, testhost.dll, MSTest - MSTestExecutor.RunTests: Running tests from sources.
TpTrace Information: 0 : 58540, 4, 2024/01/29, 16:39:40.615, 2494475401447, testhost.dll, MSTest - CollectSourceInformation value Found : False 
TpTrace Information: 0 : 58540, 4, 2024/01/29, 16:39:40.627, 2494475517820, testhost.dll, MSTest - DictionaryHelper.ConcatWithOverwrites: The source is null or empty, returning the overwrite dictionary.
TpTrace Information: 0 : 58540, 4, 2024/01/29, 16:39:40.631, 2494475557869, testhost.dll, MSTest - DictionaryHelper.ConcatWithOverwrites: The source is null or empty, returning the overwrite dictionary.
TpTrace Information: 0 : 58540, 4, 2024/01/29, 16:39:40.631, 2494475561277, testhost.dll, MSTest - DictionaryHelper.ConcatWithOverwrites: The source is null or empty, returning the overwrite dictionary.
TpTrace Information: 0 : 58540, 4, 2024/01/29, 16:39:40.631, 2494475565144, testhost.dll, MSTest - DictionaryHelper.ConcatWithOverwrites: The source is null or empty, returning the overwrite dictionary.
TpTrace Information: 0 : 58540, 4, 2024/01/29, 16:39:40.631, 2494475566481, testhost.dll, MSTest - DictionaryHelper.ConcatWithOverwrites: The source is null or empty, returning the overwrite dictionary.
TpTrace Information: 0 : 58540, 4, 2024/01/29, 16:39:40.632, 2494475568471, testhost.dll, MSTest - DictionaryHelper.ConcatWithOverwrites: The source is null or empty, returning the overwrite dictionary.
TpTrace Information: 0 : 58540, 4, 2024/01/29, 16:39:40.632, 2494475569948, testhost.dll, MSTest - DictionaryHelper.ConcatWithOverwrites: The source is null or empty, returning the overwrite dictionary.
TpTrace Information: 0 : 58540, 4, 2024/01/29, 16:39:40.636, 2494475609342, testhost.dll, AssemblyResolver.OnResolve: Microsoft.TestPlatform.AdapterUtilities: Resolving assembly.
TpTrace Information: 0 : 58540, 4, 2024/01/29, 16:39:40.636, 2494475610549, testhost.dll, AssemblyResolver.OnResolve: Microsoft.TestPlatform.AdapterUtilities: Searching in: 'C:\Users\aisae\OneDrive\Escritorio\Nueva carpeta\MTCG\TestMTCG\bin\Debug\net7.0\fine-code-coverage\build-output'.
TpTrace Information: 0 : 58540, 4, 2024/01/29, 16:39:40.636, 2494475613636, testhost.dll, AssemblyResolver.OnResolve: Microsoft.TestPlatform.AdapterUtilities: Loading assembly 'C:\Users\aisae\OneDrive\Escritorio\Nueva carpeta\MTCG\TestMTCG\bin\Debug\net7.0\fine-code-coverage\build-output\Microsoft.TestPlatform.AdapterUtilities.dll'.
TpTrace Information: 0 : 58540, 4, 2024/01/29, 16:39:40.637, 2494475617717, testhost.dll, AssemblyResolver.OnResolve: Resolved assembly: Microsoft.TestPlatform.AdapterUtilities, from path: C:\Users\aisae\OneDrive\Escritorio\Nueva carpeta\MTCG\TestMTCG\bin\Debug\net7.0\fine-code-coverage\build-output\Microsoft.TestPlatform.AdapterUtilities.dll
TpTrace Information: 0 : 58540, 4, 2024/01/29, 16:39:40.657, 2494475824236, testhost.dll, MSTest - DictionaryHelper.ConcatWithOverwrites: The source is null or empty, returning the overwrite dictionary.
TpTrace Information: 0 : 58540, 4, 2024/01/29, 16:39:40.657, 2494475826850, testhost.dll, MSTest - DictionaryHelper.ConcatWithOverwrites: The source is null or empty, returning the overwrite dictionary.
TpTrace Information: 0 : 58540, 4, 2024/01/29, 16:39:40.658, 2494475829036, testhost.dll, MSTest - MSTestDiscoverer: Found 4 tests from source C:\Users\aisae\OneDrive\Escritorio\Nueva carpeta\MTCG\TestMTCG\bin\Debug\net7.0\fine-code-coverage\build-output\TestMTCG.dll
TpTrace Information: 0 : 58540, 4, 2024/01/29, 16:39:40.679, 2494476044440, testhost.dll, AssemblyResolver.OnResolve: Microsoft.VisualStudio.TestPlatform.MSTestAdapter.PlatformServices.resources: Resolving assembly.
TpTrace Information: 0 : 58540, 4, 2024/01/29, 16:39:40.679, 2494476045868, testhost.dll, AssemblyResolver.OnResolve: Microsoft.VisualStudio.TestPlatform.MSTestAdapter.PlatformServices.resources: Searching in: 'C:\Users\aisae\OneDrive\Escritorio\Nueva carpeta\MTCG\TestMTCG\bin\Debug\net7.0\fine-code-coverage\build-output'.
TpTrace Information: 0 : 58540, 4, 2024/01/29, 16:39:40.679, 2494476046728, testhost.dll, AssemblyResolver.OnResolve: Microsoft.VisualStudio.TestPlatform.MSTestAdapter.PlatformServices.resources: Assembly path does not exist: 'C:\Users\aisae\OneDrive\Escritorio\Nueva carpeta\MTCG\TestMTCG\bin\Debug\net7.0\fine-code-coverage\build-output\Microsoft.VisualStudio.TestPlatform.MSTestAdapter.PlatformServices.resources.dll', returning.
TpTrace Information: 0 : 58540, 4, 2024/01/29, 16:39:40.679, 2494476047413, testhost.dll, AssemblyResolver.OnResolve: Microsoft.VisualStudio.TestPlatform.MSTestAdapter.PlatformServices.resources: Assembly path does not exist: 'C:\Users\aisae\OneDrive\Escritorio\Nueva carpeta\MTCG\TestMTCG\bin\Debug\net7.0\fine-code-coverage\build-output\Microsoft.VisualStudio.TestPlatform.MSTestAdapter.PlatformServices.resources.exe', returning.
TpTrace Information: 0 : 58540, 4, 2024/01/29, 16:39:40.680, 2494476047671, testhost.dll, AssemblyResolver.OnResolve: Microsoft.VisualStudio.TestPlatform.MSTestAdapter.PlatformServices.resources: Failed to load assembly.
TpTrace Information: 0 : 58540, 4, 2024/01/29, 16:39:40.680, 2494476051766, testhost.dll, AssemblyResolver.OnResolve: Microsoft.VisualStudio.TestPlatform.MSTestAdapter.PlatformServices.resources: Resolving assembly.
TpTrace Information: 0 : 58540, 4, 2024/01/29, 16:39:40.680, 2494476052673, testhost.dll, AssemblyResolver.OnResolve: Microsoft.VisualStudio.TestPlatform.MSTestAdapter.PlatformServices.resources: Resolved from cache.
TpTrace Information: 0 : 58540, 4, 2024/01/29, 16:39:40.693, 2494476184558, testhost.dll, MSTest - Created unit-test runner C:\Users\aisae\OneDrive\Escritorio\Nueva carpeta\MTCG\TestMTCG\bin\Debug\net7.0\fine-code-coverage\build-output\TestMTCG.dll
TpTrace Verbose: 0 : 58540, 4, 2024/01/29, 16:39:40.701, 2494476261761, testhost.dll, TestExecutionRecorder.RecordStart: Starting test: TestMTCG.UnitTestContext.TestGetUserById.
TpTrace Verbose: 0 : 58540, 4, 2024/01/29, 16:39:40.757, 2494476819194, testhost.dll, MulticastDelegateUtilities.SafeInvoke: TestCaseEventsHandler.RaiseTestCaseStart: Invoking callback 1/1 for Microsoft.VisualStudio.TestPlatform.CrossPlatEngine.DataCollection.ProxyOutOfProcDataCollectionManager., took 52 ms.
TpTrace Information: 0 : 58540, 4, 2024/01/29, 16:39:40.757, 2494476820976, testhost.dll, MSTest - Executing test TestGetUserById
TpTrace Information: 0 : 58540, 4, 2024/01/29, 16:39:41.183, 2494481082445, testhost.dll, MSTest - Executed test TestGetUserById
TpTrace Verbose: 0 : 58540, 4, 2024/01/29, 16:39:41.186, 2494481112867, testhost.dll, TestExecutionRecorder.RecordEnd: test: TestMTCG.UnitTestContext.TestGetUserById execution completed.
TpTrace Verbose: 0 : 58540, 4, 2024/01/29, 16:39:41.199, 2494481244156, testhost.dll, MulticastDelegateUtilities.SafeInvoke: TestCaseEventsHandler.RaiseTestCaseEnd: Invoking callback 1/1 for Microsoft.VisualStudio.TestPlatform.CrossPlatEngine.DataCollection.ProxyOutOfProcDataCollectionManager., took 12 ms.
TpTrace Verbose: 0 : 58540, 4, 2024/01/29, 16:39:41.200, 2494481249849, testhost.dll, TestExecutionRecorder.RecordResult: Received result for test: TestMTCG.UnitTestContext.TestGetUserById.
TpTrace Verbose: 0 : 58540, 4, 2024/01/29, 16:39:41.200, 2494481256986, testhost.dll, MulticastDelegateUtilities.SafeInvoke: TestCaseEventsHandler.RaiseTestCaseEnd: Invoking callback 1/1 for Microsoft.VisualStudio.TestPlatform.CrossPlatEngine.DataCollection.ProxyOutOfProcDataCollectionManager., took 0 ms.
TpTrace Warning: 0 : 58540, 4, 2024/01/29, 16:39:41.202, 2494481274127, testhost.dll, TestRunCache: InProgressTests is null
TpTrace Warning: 0 : 58540, 4, 2024/01/29, 16:39:41.202, 2494481275272, testhost.dll, TestRunCache: No test found corresponding to testResult 'TestGetUserById' in inProgress list.
TpTrace Verbose: 0 : 58540, 4, 2024/01/29, 16:39:41.202, 2494481276380, testhost.dll, TestExecutionRecorder.RecordStart: Starting test: TestMTCG.UnitTestContext.TestUserGetByUsername.
TpTrace Verbose: 0 : 58540, 4, 2024/01/29, 16:39:41.204, 2494481296964, testhost.dll, MulticastDelegateUtilities.SafeInvoke: TestCaseEventsHandler.RaiseTestCaseStart: Invoking callback 1/1 for Microsoft.VisualStudio.TestPlatform.CrossPlatEngine.DataCollection.ProxyOutOfProcDataCollectionManager., took 1 ms.
TpTrace Information: 0 : 58540, 4, 2024/01/29, 16:39:41.204, 2494481297601, testhost.dll, MSTest - Executing test TestUserGetByUsername
TpTrace Information: 0 : 58540, 4, 2024/01/29, 16:39:41.275, 2494481999267, testhost.dll, AssemblyResolver.OnResolve: Microsoft.VisualStudio.TestPlatform.TestFramework.resources: Resolving assembly.
TpTrace Information: 0 : 58540, 4, 2024/01/29, 16:39:41.275, 2494482000726, testhost.dll, AssemblyResolver.OnResolve: Microsoft.VisualStudio.TestPlatform.TestFramework.resources: Searching in: 'C:\Users\aisae\OneDrive\Escritorio\Nueva carpeta\MTCG\TestMTCG\bin\Debug\net7.0\fine-code-coverage\build-output'.
TpTrace Information: 0 : 58540, 4, 2024/01/29, 16:39:41.275, 2494482001580, testhost.dll, AssemblyResolver.OnResolve: Microsoft.VisualStudio.TestPlatform.TestFramework.resources: Assembly path does not exist: 'C:\Users\aisae\OneDrive\Escritorio\Nueva carpeta\MTCG\TestMTCG\bin\Debug\net7.0\fine-code-coverage\build-output\Microsoft.VisualStudio.TestPlatform.TestFramework.resources.dll', returning.
TpTrace Information: 0 : 58540, 4, 2024/01/29, 16:39:41.275, 2494482002219, testhost.dll, AssemblyResolver.OnResolve: Microsoft.VisualStudio.TestPlatform.TestFramework.resources: Assembly path does not exist: 'C:\Users\aisae\OneDrive\Escritorio\Nueva carpeta\MTCG\TestMTCG\bin\Debug\net7.0\fine-code-coverage\build-output\Microsoft.VisualStudio.TestPlatform.TestFramework.resources.exe', returning.
TpTrace Information: 0 : 58540, 4, 2024/01/29, 16:39:41.275, 2494482002594, testhost.dll, AssemblyResolver.OnResolve: Microsoft.VisualStudio.TestPlatform.TestFramework.resources: Failed to load assembly.
TpTrace Information: 0 : 58540, 4, 2024/01/29, 16:39:41.292, 2494482176754, testhost.dll, MSTest - Executed test TestUserGetByUsername
TpTrace Verbose: 0 : 58540, 4, 2024/01/29, 16:39:41.293, 2494482178758, testhost.dll, TestExecutionRecorder.RecordEnd: test: TestMTCG.UnitTestContext.TestUserGetByUsername execution completed.
TpTrace Verbose: 0 : 58540, 4, 2024/01/29, 16:39:41.296, 2494482213921, testhost.dll, MulticastDelegateUtilities.SafeInvoke: TestCaseEventsHandler.RaiseTestCaseEnd: Invoking callback 1/1 for Microsoft.VisualStudio.TestPlatform.CrossPlatEngine.DataCollection.ProxyOutOfProcDataCollectionManager., took 3 ms.
TpTrace Information: 0 : 58540, 4, 2024/01/29, 16:39:41.296, 2494482216229, testhost.dll, MSTest - MSTestExecutor:Test TestMTCG.UnitTestContext.TestUserGetByUsername failed. ErrorMessage:Assert.AreEqual failed. Expected:<>. Actual:<(null)>. , ErrorStackTrace:   at TestMTCG.UnitTestContext.TestUserGetByUsername() in C:\Users\aisae\OneDrive\Escritorio\Nueva carpeta\MTCG\TestMTCG\UnitTestContext.cs:line 67
   at System.RuntimeMethodHandle.InvokeMethod(Object target, Void** arguments, Signature sig, Boolean isConstructor)
   at System.Reflection.MethodInvoker.Invoke(Object obj, IntPtr* args, BindingFlags invokeAttr)
.
TpTrace Verbose: 0 : 58540, 4, 2024/01/29, 16:39:41.297, 2494482217776, testhost.dll, TestExecutionRecorder.RecordResult: Received result for test: TestMTCG.UnitTestContext.TestUserGetByUsername.
TpTrace Verbose: 0 : 58540, 4, 2024/01/29, 16:39:41.297, 2494482220539, testhost.dll, MulticastDelegateUtilities.SafeInvoke: TestCaseEventsHandler.RaiseTestCaseEnd: Invoking callback 1/1 for Microsoft.VisualStudio.TestPlatform.CrossPlatEngine.DataCollection.ProxyOutOfProcDataCollectionManager., took 0 ms.
TpTrace Warning: 0 : 58540, 4, 2024/01/29, 16:39:41.297, 2494482221541, testhost.dll, TestRunCache: InProgressTests is null
TpTrace Warning: 0 : 58540, 4, 2024/01/29, 16:39:41.297, 2494482221978, testhost.dll, TestRunCache: No test found corresponding to testResult 'TestUserGetByUsername' in inProgress list.
TpTrace Verbose: 0 : 58540, 4, 2024/01/29, 16:39:41.297, 2494482222832, testhost.dll, TestExecutionRecorder.RecordStart: Starting test: TestMTCG.UnitTestContext.TestToken.
TpTrace Verbose: 0 : 58540, 4, 2024/01/29, 16:39:41.298, 2494482237644, testhost.dll, MulticastDelegateUtilities.SafeInvoke: TestCaseEventsHandler.RaiseTestCaseStart: Invoking callback 1/1 for Microsoft.VisualStudio.TestPlatform.CrossPlatEngine.DataCollection.ProxyOutOfProcDataCollectionManager., took 1 ms.
TpTrace Information: 0 : 58540, 4, 2024/01/29, 16:39:41.299, 2494482238334, testhost.dll, MSTest - Executing test TestToken
TpTrace Information: 0 : 58540, 4, 2024/01/29, 16:39:41.380, 2494483051208, testhost.dll, AssemblyResolver.OnResolve: Microsoft.VisualStudio.TestPlatform.MSTest.TestAdapter.resources: Resolving assembly.
TpTrace Information: 0 : 58540, 4, 2024/01/29, 16:39:41.380, 2494483052385, testhost.dll, AssemblyResolver.OnResolve: Microsoft.VisualStudio.TestPlatform.MSTest.TestAdapter.resources: Searching in: 'C:\Users\aisae\OneDrive\Escritorio\Nueva carpeta\MTCG\TestMTCG\bin\Debug\net7.0\fine-code-coverage\build-output'.
TpTrace Information: 0 : 58540, 4, 2024/01/29, 16:39:41.380, 2494483052953, testhost.dll, AssemblyResolver.OnResolve: Microsoft.VisualStudio.TestPlatform.MSTest.TestAdapter.resources: Assembly path does not exist: 'C:\Users\aisae\OneDrive\Escritorio\Nueva carpeta\MTCG\TestMTCG\bin\Debug\net7.0\fine-code-coverage\build-output\Microsoft.VisualStudio.TestPlatform.MSTest.TestAdapter.resources.dll', returning.
TpTrace Information: 0 : 58540, 4, 2024/01/29, 16:39:41.380, 2494483053391, testhost.dll, AssemblyResolver.OnResolve: Microsoft.VisualStudio.TestPlatform.MSTest.TestAdapter.resources: Assembly path does not exist: 'C:\Users\aisae\OneDrive\Escritorio\Nueva carpeta\MTCG\TestMTCG\bin\Debug\net7.0\fine-code-coverage\build-output\Microsoft.VisualStudio.TestPlatform.MSTest.TestAdapter.resources.exe', returning.
TpTrace Information: 0 : 58540, 4, 2024/01/29, 16:39:41.380, 2494483053596, testhost.dll, AssemblyResolver.OnResolve: Microsoft.VisualStudio.TestPlatform.MSTest.TestAdapter.resources: Failed to load assembly.
TpTrace Information: 0 : 58540, 4, 2024/01/29, 16:39:41.381, 2494483064127, testhost.dll, MSTest - Executed test TestToken
TpTrace Verbose: 0 : 58540, 4, 2024/01/29, 16:39:41.381, 2494483065294, testhost.dll, TestExecutionRecorder.RecordEnd: test: TestMTCG.UnitTestContext.TestToken execution completed.
TpTrace Verbose: 0 : 58540, 4, 2024/01/29, 16:39:41.384, 2494483088370, testhost.dll, MulticastDelegateUtilities.SafeInvoke: TestCaseEventsHandler.RaiseTestCaseEnd: Invoking callback 1/1 for Microsoft.VisualStudio.TestPlatform.CrossPlatEngine.DataCollection.ProxyOutOfProcDataCollectionManager., took 2 ms.
TpTrace Information: 0 : 58540, 4, 2024/01/29, 16:39:41.384, 2494483089240, testhost.dll, MSTest - MSTestExecutor:Test TestMTCG.UnitTestContext.TestToken failed. ErrorMessage:Test method TestMTCG.UnitTestContext.TestToken threw exception: 
System.NullReferenceException: Object reference not set to an instance of an object., ErrorStackTrace:    at TestMTCG.UnitTestContext.TestToken() in C:\Users\aisae\OneDrive\Escritorio\Nueva carpeta\MTCG\TestMTCG\UnitTestContext.cs:line 81
   at System.RuntimeMethodHandle.InvokeMethod(Object target, Void** arguments, Signature sig, Boolean isConstructor)
   at System.Reflection.MethodInvoker.Invoke(Object obj, IntPtr* args, BindingFlags invokeAttr)
.
TpTrace Verbose: 0 : 58540, 4, 2024/01/29, 16:39:41.384, 2494483089558, testhost.dll, TestExecutionRecorder.RecordResult: Received result for test: TestMTCG.UnitTestContext.TestToken.
TpTrace Verbose: 0 : 58540, 4, 2024/01/29, 16:39:41.384, 2494483090063, testhost.dll, MulticastDelegateUtilities.SafeInvoke: TestCaseEventsHandler.RaiseTestCaseEnd: Invoking callback 1/1 for Microsoft.VisualStudio.TestPlatform.CrossPlatEngine.DataCollection.ProxyOutOfProcDataCollectionManager., took 0 ms.
TpTrace Warning: 0 : 58540, 4, 2024/01/29, 16:39:41.384, 2494483093741, testhost.dll, TestRunCache: InProgressTests is null
TpTrace Warning: 0 : 58540, 4, 2024/01/29, 16:39:41.384, 2494483094228, testhost.dll, TestRunCache: No test found corresponding to testResult 'TestToken' in inProgress list.
TpTrace Verbose: 0 : 58540, 4, 2024/01/29, 16:39:41.384, 2494483094947, testhost.dll, TestExecutionRecorder.RecordStart: Starting test: TestMTCG.UnitTestContext.TestGetPackage.
TpTrace Verbose: 0 : 58540, 4, 2024/01/29, 16:39:41.385, 2494483105582, testhost.dll, MulticastDelegateUtilities.SafeInvoke: TestCaseEventsHandler.RaiseTestCaseStart: Invoking callback 1/1 for Microsoft.VisualStudio.TestPlatform.CrossPlatEngine.DataCollection.ProxyOutOfProcDataCollectionManager., took 1 ms.
TpTrace Information: 0 : 58540, 4, 2024/01/29, 16:39:41.385, 2494483106277, testhost.dll, MSTest - Executing test TestGetPackage
TpTrace Information: 0 : 58540, 4, 2024/01/29, 16:39:41.450, 2494483756384, testhost.dll, MSTest - Executed test TestGetPackage
TpTrace Verbose: 0 : 58540, 4, 2024/01/29, 16:39:41.451, 2494483757805, testhost.dll, TestExecutionRecorder.RecordEnd: test: TestMTCG.UnitTestContext.TestGetPackage execution completed.
TpTrace Verbose: 0 : 58540, 4, 2024/01/29, 16:39:41.452, 2494483770694, testhost.dll, MulticastDelegateUtilities.SafeInvoke: TestCaseEventsHandler.RaiseTestCaseEnd: Invoking callback 1/1 for Microsoft.VisualStudio.TestPlatform.CrossPlatEngine.DataCollection.ProxyOutOfProcDataCollectionManager., took 1 ms.
TpTrace Verbose: 0 : 58540, 4, 2024/01/29, 16:39:41.452, 2494483771426, testhost.dll, TestExecutionRecorder.RecordResult: Received result for test: TestMTCG.UnitTestContext.TestGetPackage.
TpTrace Verbose: 0 : 58540, 4, 2024/01/29, 16:39:41.452, 2494483771896, testhost.dll, MulticastDelegateUtilities.SafeInvoke: TestCaseEventsHandler.RaiseTestCaseEnd: Invoking callback 1/1 for Microsoft.VisualStudio.TestPlatform.CrossPlatEngine.DataCollection.ProxyOutOfProcDataCollectionManager., took 0 ms.
TpTrace Warning: 0 : 58540, 4, 2024/01/29, 16:39:41.452, 2494483772236, testhost.dll, TestRunCache: InProgressTests is null
TpTrace Warning: 0 : 58540, 4, 2024/01/29, 16:39:41.452, 2494483772498, testhost.dll, TestRunCache: No test found corresponding to testResult 'TestGetPackage' in inProgress list.
TpTrace Information: 0 : 58540, 4, 2024/01/29, 16:39:41.452, 2494483775765, testhost.dll, MSTest - Executing cleanup methods.
TpTrace Information: 0 : 58540, 4, 2024/01/29, 16:39:41.454, 2494483788894, testhost.dll, MSTest - Executed cleanup methods.
TpTrace Information: 0 : 58540, 4, 2024/01/29, 16:39:41.454, 2494483789487, testhost.dll, MSTest - Executed tests belonging to source C:\Users\aisae\OneDrive\Escritorio\Nueva carpeta\MTCG\TestMTCG\bin\Debug\net7.0\fine-code-coverage\build-output\TestMTCG.dll
TpTrace Verbose: 0 : 58540, 4, 2024/01/29, 16:39:41.454, 2494483794429, testhost.dll, BaseRunTests.RunTestInternalWithExecutors: Completed running tests for executor://MSTestAdapter/v2
TpTrace Verbose: 0 : 58540, 4, 2024/01/29, 16:39:41.455, 2494483803905, testhost.dll, MulticastDelegateUtilities.SafeInvoke: TestCaseEventsHandler.RaiseSessionEnd: Invoking callback 1/1 for Microsoft.VisualStudio.TestPlatform.CrossPlatEngine.DataCollection.ProxyOutOfProcDataCollectionManager., took 0 ms.
TpTrace Information: 0 : 58540, 4, 2024/01/29, 16:39:41.459, 2494483840052, testhost.dll, Sending test run complete
TpTrace Verbose: 0 : 58540, 9, 2024/01/29, 16:39:41.497, 2494484223699, testhost.dll, TcpClientExtensions.MessageLoopAsync: Polling on remoteEndPoint: [::ffff:127.0.0.1]:54742 localEndPoint: [::ffff:127.0.0.1]:54743
TpTrace Verbose: 0 : 58540, 4, 2024/01/29, 16:39:41.498, 2494484229811, testhost.dll, TestRequestHandler.SendData: sending data from testhost: {"Version":7,"MessageType":"TestExecution.Completed","Payload":{"TestRunCompleteArgs":{"TestRunStatistics":{"ExecutedTests":4,"Stats":{"Passed":2,"Failed":2}},"IsCanceled":false,"IsAborted":false,"Error":null,"AttachmentSets":[],"InvokedDataCollectors":[],"ElapsedTimeInRunningTests":"00:00:00.8511439","Metrics":{},"DiscoveredExtensions":{"TestDiscoverers":["Microsoft.VisualStudio.TestPlatform.MSTest.TestAdapter.MSTestDiscoverer, Microsoft.VisualStudio.TestPlatform.MSTest.TestAdapter, Version=14.0.0.0, Culture=neutral, PublicKeyToken=b03f5f7f11d50a3a"],"TestExecutors":["executor://MSTestAdapter/v2"],"TestExecutors2":[],"TestSettingsProviders":[]}},"LastRunTests":{"NewTestResults":[{"TestCase":{"Id":"77d88c1f-68c3-4e9d-9ab4-be93a45aa762","FullyQualifiedName":"TestMTCG.UnitTestContext.TestGetUserById","DisplayName":"TestGetUserById","ExecutorUri":"executor://MSTestAdapter/v2","Source":"C:\\Users\\aisae\\OneDrive\\Escritorio\\Nueva carpeta\\MTCG\\TestMTCG\\bin\\Debug\\net7.0\\fine-code-coverage\\build-output\\TestMTCG.dll","CodeFilePath":null,"LineNumber":-1,"Properties":[{"Key":{"Id":"TestObject.Traits","Label":"Traits","Category":"","Description":"","Attributes":5,"ValueType":"System.Collections.Generic.KeyValuePair`2[[System.String],[System.String]][]"},"Value":[]},{"Key":{"Id":"TestCase.ManagedMethod","Label":"ManagedMethod","Category":"","Description":"","Attributes":1,"ValueType":"System.String"},"Value":"TestGetUserById"},{"Key":{"Id":"MSTestDiscoverer.TestClassName","Label":"ClassName","Category":"","Description":"","Attributes":1,"ValueType":"System.String"},"Value":"TestMTCG.UnitTestContext"},{"Key":{"Id":"TestCase.Hierarchy","Label":"Hierarchy","Category":"","Description":"","Attributes":2,"ValueType":"System.String[]"},"Value":["TestMTCG","UnitTestContext"]},{"Key":{"Id":"TestCase.ManagedType","Label":"ManagedType","Category":"","Description":"","Attributes":1,"ValueType":"System.String"},"Value":"TestMTCG.UnitTestContext"}]},"Attachments":[],"Outcome":1,"ErrorMessage":null,"ErrorStackTrace":null,"DisplayName":"TestGetUserById","Messages":[{"Category":"StdOutMsgs","Text":"Database: Table users was created successfully.\r\nDatabase: Table cards was created successfully.\r\nDatabase: Table deck_cards was created successfully.\r\nDatabase: Table trading_deals was created successfully.\r\nDatabase: Table sessions was created successfully.\n\r\nDatabase: Admin was added.\r\nDatabase: Table users filled with test values.\r\nDatabase: Table cards filled with test values.\n\r\n"}],"ComputerName":null,"Duration":"00:00:00.4143911","StartTime":"2024-01-29T16:39:40.7572564+01:00","EndTime":"2024-01-29T16:39:41.1836311+01:00","Properties":[{"Key":{"Id":"InnerResultsCount","Label":"InnerResultsCount","Category":"","Description":"","Attributes":1,"ValueType":"System.Int32"},"Value":0},{"Key":{"Id":"ExecutionId","Label":"ExecutionId","Category":"","Description":"","Attributes":1,"ValueType":"System.Guid"},"Value":"00000000-0000-0000-0000-000000000000"},{"Key":{"Id":"ParentExecId","Label":"ParentExecId","Category":"","Description":"","Attributes":1,"ValueType":"System.Guid"},"Value":"00000000-0000-0000-0000-000000000000"}]},{"TestCase":{"Id":"6640a741-c4c1-94c8-6a13-42178d4eeb1a","FullyQualifiedName":"TestMTCG.UnitTestContext.TestUserGetByUsername","DisplayName":"TestUserGetByUsername","ExecutorUri":"executor://MSTestAdapter/v2","Source":"C:\\Users\\aisae\\OneDrive\\Escritorio\\Nueva carpeta\\MTCG\\TestMTCG\\bin\\Debug\\net7.0\\fine-code-coverage\\build-output\\TestMTCG.dll","CodeFilePath":null,"LineNumber":-1,"Properties":[{"Key":{"Id":"TestObject.Traits","Label":"Traits","Category":"","Description":"","Attributes":5,"ValueType":"System.Collections.Generic.KeyValuePair`2[[System.String],[System.String]][]"},"Value":[]},{"Key":{"Id":"TestCase.ManagedMethod","Label":"ManagedMethod","Category":"","Description":"","Attributes":1,"ValueType":"System.String"},"Value":"TestUserGetByUsername"},{"Key":{"Id":"MSTestDiscoverer.TestClassName","Label":"ClassName","Category":"","Description":"","Attributes":1,"ValueType":"System.String"},"Value":"TestMTCG.UnitTestContext"},{"Key":{"Id":"TestCase.Hierarchy","Label":"Hierarchy","Category":"","Description":"","Attributes":2,"ValueType":"System.String[]"},"Value":["TestMTCG","UnitTestContext"]},{"Key":{"Id":"TestCase.ManagedType","Label":"ManagedType","Category":"","Description":"","Attributes":1,"ValueType":"System.String"},"Value":"TestMTCG.UnitTestContext"}]},"Attachments":[],"Outcome":2,"ErrorMessage":"Assert.AreEqual failed. Expected:<>. Actual:<(null)>. ","ErrorStackTrace":"   at TestMTCG.UnitTestContext.TestUserGetByUsername() in C:\\Users\\aisae\\OneDrive\\Escritorio\\Nueva carpeta\\MTCG\\TestMTCG\\UnitTestContext.cs:line 67\r\n   at System.RuntimeMethodHandle.InvokeMethod(Object target, Void** arguments, Signature sig, Boolean isConstructor)\r\n   at System.Reflection.MethodInvoker.Invoke(Object obj, IntPtr* args, BindingFlags invokeAttr)\r\n","DisplayName":"TestUserGetByUsername","Messages":[{"Category":"StdOutMsgs","Text":"Database: Table users was created successfully.\r\nDatabase: Table cards was created successfully.\r\nDatabase: Table deck_cards was created successfully.\r\nDatabase: Table trading_deals was created successfully.\r\nDatabase: Table sessions was created successfully.\n\r\nDatabase: Admin was added.\r\nDatabase: Table users filled with test values.\r\nDatabase: Table cards filled with test values.\n\r\n"}],"ComputerName":null,"Duration":"00:00:00.0868793","StartTime":"2024-01-29T16:39:41.2049878+01:00","EndTime":"2024-01-29T16:39:41.2930359+01:00","Properties":[{"Key":{"Id":"InnerResultsCount","Label":"InnerResultsCount","Category":"","Description":"","Attributes":1,"ValueType":"System.Int32"},"Value":0},{"Key":{"Id":"ExecutionId","Label":"ExecutionId","Category":"","Description":"","Attributes":1,"ValueType":"System.Guid"},"Value":"00000000-0000-0000-0000-000000000000"},{"Key":{"Id":"ParentExecId","Label":"ParentExecId","Category":"","Description":"","Attributes":1,"ValueType":"System.Guid"},"Value":"00000000-0000-0000-0000-000000000000"}]},{"TestCase":{"Id":"5f9fa9a7-a304-dc65-af6e-44bb59a540f4","FullyQualifiedName":"TestMTCG.UnitTestContext.TestToken","DisplayName":"TestToken","ExecutorUri":"executor://MSTestAdapter/v2","Source":"C:\\Users\\aisae\\OneDrive\\Escritorio\\Nueva carpeta\\MTCG\\TestMTCG\\bin\\Debug\\net7.0\\fine-code-coverage\\build-output\\TestMTCG.dll","CodeFilePath":null,"LineNumber":-1,"Properties":[{"Key":{"Id":"TestObject.Traits","Label":"Traits","Category":"","Description":"","Attributes":5,"ValueType":"System.Collections.Generic.KeyValuePair`2[[System.String],[System.String]][]"},"Value":[]},{"Key":{"Id":"TestCase.ManagedMethod","Label":"ManagedMethod","Category":"","Description":"","Attributes":1,"ValueType":"System.String"},"Value":"TestToken"},{"Key":{"Id":"MSTestDiscoverer.TestClassName","Label":"ClassName","Category":"","Description":"","Attributes":1,"ValueType":"System.String"},"Value":"TestMTCG.UnitTestContext"},{"Key":{"Id":"TestCase.Hierarchy","Label":"Hierarchy","Category":"","Description":"","Attributes":2,"ValueType":"System.String[]"},"Value":["TestMTCG","UnitTestContext"]},{"Key":{"Id":"TestCase.ManagedType","Label":"ManagedType","Category":"","Description":"","Attributes":1,"ValueType":"System.String"},"Value":"TestMTCG.UnitTestContext"}]},"Attachments":[],"Outcome":2,"ErrorMessage":"Test method TestMTCG.UnitTestContext.TestToken threw exception: \r\nSystem.NullReferenceException: Object reference not set to an instance of an object.","ErrorStackTrace":"    at TestMTCG.UnitTestContext.TestToken() in C:\\Users\\aisae\\OneDrive\\Escritorio\\Nueva carpeta\\MTCG\\TestMTCG\\UnitTestContext.cs:line 81\r\n   at System.RuntimeMethodHandle.InvokeMethod(Object target, Void** arguments, Signature sig, Boolean isConstructor)\r\n   at System.Reflection.MethodInvoker.Invoke(Object obj, IntPtr* args, BindingFlags invokeAttr)\r\n","DisplayName":"TestToken","Messages":[{"Category":"StdOutMsgs","Text":"Database: Table users was created successfully.\r\nDatabase: Table cards was created successfully.\r\nDatabase: Table deck_cards was created successfully.\r\nDatabase: Table trading_deals was created successfully.\r\nDatabase: Table sessions was created successfully.\n\r\nDatabase: Admin was added.\r\nDatabase: Table users filled with test values.\r\nDatabase: Table cards filled with test values.\n\r\n"}],"ComputerName":null,"Duration":"00:00:00.0822939","StartTime":"2024-01-29T16:39:41.2990624+01:00","EndTime":"2024-01-29T16:39:41.3817393+01:00","Properties":[{"Key":{"Id":"InnerResultsCount","Label":"InnerResultsCount","Category":"","Description":"","Attributes":1,"ValueType":"System.Int32"},"Value":0},{"Key":{"Id":"ExecutionId","Label":"ExecutionId","Category":"","Description":"","Attributes":1,"ValueType":"System.Guid"},"Value":"00000000-0000-0000-0000-000000000000"},{"Key":{"Id":"ParentExecId","Label":"ParentExecId","Category":"","Description":"","Attributes":1,"ValueType":"System.Guid"},"Value":"00000000-0000-0000-0000-000000000000"}]},{"TestCase":{"Id":"e52443ef-eca1-15b5-367e-1d401de75e9f","FullyQualifiedName":"TestMTCG.UnitTestContext.TestGetPackage","DisplayName":"TestGetPackage","ExecutorUri":"executor://MSTestAdapter/v2","Source":"C:\\Users\\aisae\\OneDrive\\Escritorio\\Nueva carpeta\\MTCG\\TestMTCG\\bin\\Debug\\net7.0\\fine-code-coverage\\build-output\\TestMTCG.dll","CodeFilePath":null,"LineNumber":-1,"Properties":[{"Key":{"Id":"TestObject.Traits","Label":"Traits","Category":"","Description":"","Attributes":5,"ValueType":"System.Collections.Generic.KeyValuePair`2[[System.String],[System.String]][]"},"Value":[]},{"Key":{"Id":"TestCase.ManagedMethod","Label":"ManagedMethod","Category":"","Description":"","Attributes":1,"ValueType":"System.String"},"Value":"TestGetPackage"},{"Key":{"Id":"MSTestDiscoverer.TestClassName","Label":"ClassName","Category":"","Description":"","Attributes":1,"ValueType":"System.String"},"Value":"TestMTCG.UnitTestContext"},{"Key":{"Id":"TestCase.Hierarchy","Label":"Hierarchy","Category":"","Description":"","Attributes":2,"ValueType":"System.String[]"},"Value":["TestMTCG","UnitTestContext"]},{"Key":{"Id":"TestCase.ManagedType","Label":"ManagedType","Category":"","Description":"","Attributes":1,"ValueType":"System.String"},"Value":"TestMTCG.UnitTestContext"}]},"Attachments":[],"Outcome":1,"ErrorMessage":null,"ErrorStackTrace":null,"DisplayName":"TestGetPackage","Messages":[{"Category":"StdOutMsgs","Text":"Database: Table users was created successfully.\r\nDatabase: Table cards was created successfully.\r\nDatabase: Table deck_cards was created successfully.\r\nDatabase: Table trading_deals was created successfully.\r\nDatabase: Table sessions was created successfully.\n\r\nDatabase: Admin was added.\r\nDatabase: Table users filled with test values.\r\nDatabase: Table cards filled with test values.\n\r\n"}],"ComputerName":null,"Duration":"00:00:00.0646102","StartTime":"2024-01-29T16:39:41.3858574+01:00","EndTime":"2024-01-29T16:39:41.4509792+01:00","Properties":[{"Key":{"Id":"InnerResultsCount","Label":"InnerResultsCount","Category":"","Description":"","Attributes":1,"ValueType":"System.Int32"},"Value":0},{"Key":{"Id":"ExecutionId","Label":"ExecutionId","Category":"","Description":"","Attributes":1,"ValueType":"System.Guid"},"Value":"00000000-0000-0000-0000-000000000000"},{"Key":{"Id":"ParentExecId","Label":"ParentExecId","Category":"","Description":"","Attributes":1,"ValueType":"System.Guid"},"Value":"00000000-0000-0000-0000-000000000000"}]}],"TestRunStatistics":{"ExecutedTests":4,"Stats":{"Passed":2,"Failed":2}},"ActiveTests":[]},"RunAttachments":[],"ExecutorUris":["executor://mstestadapter/v2"]}}
TpTrace Verbose: 0 : 58540, 4, 2024/01/29, 16:39:41.498, 2494484234174, testhost.dll, BaseRunTests.RunTests: Run is complete.
TpTrace Verbose: 0 : 58540, 9, 2024/01/29, 16:39:41.499, 2494484241074, testhost.dll, TcpClientExtensions.MessageLoopAsync: NotifyDataAvailable remoteEndPoint: [::ffff:127.0.0.1]:54742 localEndPoint: [::ffff:127.0.0.1]:54743
TpTrace Information: 0 : 58540, 9, 2024/01/29, 16:39:41.499, 2494484242650, testhost.dll, TestRequestHandler.OnMessageReceived: received message: (TestSession.Terminate) -> {"MessageType":"TestSession.Terminate","Payload":null}
TpTrace Information: 0 : 58540, 9, 2024/01/29, 16:39:41.499, 2494484242958, testhost.dll, Session End message received from server. Closing the connection.
TpTrace Information: 0 : 58540, 9, 2024/01/29, 16:39:41.499, 2494484246326, testhost.dll, SocketClient.Stop: Stop communication from server endpoint: 127.0.0.1:054742
TpTrace Information: 0 : 58540, 9, 2024/01/29, 16:39:41.499, 2494484246888, testhost.dll, SocketClient: Stop: Cancellation requested. Stopping message loop.
TpTrace Verbose: 0 : 58540, 9, 2024/01/29, 16:39:41.500, 2494484248278, testhost.dll, LengthPrefixCommunicationChannel.Dispose: Dispose reader and writer.
TpTrace Information: 0 : 58540, 9, 2024/01/29, 16:39:41.500, 2494484249028, testhost.dll, Closing the connection !
TpTrace Verbose: 0 : 58540, 9, 2024/01/29, 16:39:41.500, 2494484249504, testhost.dll, MulticastDelegateUtilities.SafeInvoke: LengthPrefixCommunicationChannel: MessageReceived: Invoking callback 1/1 for Microsoft.VisualStudio.TestPlatform.CommunicationUtilities.TestRequestHandler., took 0 ms.
TpTrace Information: 0 : 58540, 1, 2024/01/29, 16:39:41.500, 2494484251888, testhost.dll, Closing the connection!
TpTrace Information: 0 : 58540, 9, 2024/01/29, 16:39:41.500, 2494484252663, testhost.dll, SocketClient.PrivateStop: Stop communication from server endpoint: 127.0.0.1:054742, error:
TpTrace Information: 0 : 58540, 1, 2024/01/29, 16:39:41.500, 2494484255227, testhost.dll, Testhost process exiting.
TpTrace Verbose: 0 : 58540, 9, 2024/01/29, 16:39:41.500, 2494484255567, testhost.dll, LengthPrefixCommunicationChannel.Dispose: Dispose reader and writer.
TpTrace Verbose: 0 : 58540, 9, 2024/01/29, 16:39:41.500, 2494484256259, testhost.dll, TcpClientExtensions.MessageLoopAsync: exiting MessageLoopAsync remoteEndPoint: [::ffff:127.0.0.1]:54742 localEndPoint: [::ffff:127.0.0.1]:54743
