TpTrace Verbose: 0 : 38532, 1, 2024/01/22, 13:12:57.623, 700582766794, testhost.dll, Version: 17.7.1 Current process architecture: X64
TpTrace Verbose: 0 : 38532, 1, 2024/01/22, 13:12:57.626, 700582793837, testhost.dll, Runtime location: C:\Program Files\dotnet\shared\Microsoft.NETCore.App\7.0.11
TpTrace Information: 0 : 38532, 1, 2024/01/22, 13:12:57.629, 700582827383, testhost.dll, DefaultEngineInvoker.Invoke: Testhost process started with args :[--port, 51397],[--endpoint, 127.0.0.1:051397],[--role, client],[--parentprocessid, 38836],[--diag, C:\Users\aisae\OneDrive\Escritorio\Nueva carpeta\MTCG\TestMTCG\bin\Debug\net7.0\fine-code-coverage\coverage-tool-output\diagnostics.host.24-01-22_13-12-57_45101_5.log],[--tracelevel, 4],[--datacollectionport, 51396],[--telemetryoptedin, false]
TpTrace Information: 0 : 38532, 1, 2024/01/22, 13:12:57.630, 700582835921, testhost.dll, Setting up debug trace listener.
TpTrace Verbose: 0 : 38532, 1, 2024/01/22, 13:12:57.630, 700582837410, testhost.dll, TestPlatformTraceListener.Setup: Replacing listener System.Diagnostics.DefaultTraceListener with TestHostTraceListener.
TpTrace Verbose: 0 : 38532, 1, 2024/01/22, 13:12:57.630, 700582838391, testhost.dll, TestPlatformTraceListener.Setup: Added test platform trace listener.
TpTrace Information: 0 : 38532, 1, 2024/01/22, 13:12:57.630, 700582841071, testhost.dll, DefaultEngineInvoker.SetParentProcessExitCallback: Monitoring parent process with id: '38836'
TpTrace Information: 0 : 38532, 1, 2024/01/22, 13:12:57.633, 700582867919, testhost.dll, DefaultEngineInvoker.GetConnectionInfo: Initialize communication on endpoint address: '127.0.0.1:051397'
TpTrace Information: 0 : 38532, 1, 2024/01/22, 13:12:57.639, 700582930318, testhost.dll, SocketClient.Start: connecting to server endpoint: 127.0.0.1:051397
TpTrace Information: 0 : 38532, 1, 2024/01/22, 13:12:57.647, 700583009069, testhost.dll, DefaultEngineInvoker.ConnectToDatacollector: Connecting to datacollector, port: 51396
TpTrace Information: 0 : 38532, 7, 2024/01/22, 13:12:57.648, 700583013572, testhost.dll, SocketClient.OnServerConnected: connected to server endpoint: 127.0.0.1:051397
TpTrace Information: 0 : 38532, 1, 2024/01/22, 13:12:57.648, 700583019724, testhost.dll, Trying to connect to server on socket : 127.0.0.1:51396 
TpTrace Verbose: 0 : 38532, 1, 2024/01/22, 13:12:57.648, 700583022215, testhost.dll, SocketCommunicationManager : SetupClientAsync : Attempting to connect to the server.
TpTrace Verbose: 0 : 38532, 7, 2024/01/22, 13:12:57.649, 700583030091, testhost.dll, MulticastDelegateUtilities.SafeInvoke: SocketClient: ServerConnected: Invoking callback 1/1 for Microsoft.VisualStudio.TestPlatform.CommunicationUtilities.TestRequestHandler., took 0 ms.
TpTrace Verbose: 0 : 38532, 7, 2024/01/22, 13:12:57.649, 700583030614, testhost.dll, Connected to server, and starting MessageLoopAsync
TpTrace Information: 0 : 38532, 11, 2024/01/22, 13:12:57.650, 700583036698, testhost.dll, Connected to the server successfully 
TpTrace Information: 0 : 38532, 11, 2024/01/22, 13:12:57.650, 700583037465, testhost.dll, Using the buffer size of 16384 bytes
TpTrace Verbose: 0 : 38532, 1, 2024/01/22, 13:12:57.650, 700583038554, testhost.dll, SocketCommunicationManager.WaitForServerConnection took: 0 ms, with 90000 ms timeout, and finished with True.
TpTrace Information: 0 : 38532, 1, 2024/01/22, 13:12:57.650, 700583039942, testhost.dll, DefaultEngineInvoker.Invoke: Start Request Processing.
TpTrace Verbose: 0 : 38532, 10, 2024/01/22, 13:12:57.650, 700583042388, testhost.dll, TcpClientExtensions.MessageLoopAsync: Polling on remoteEndPoint: [::ffff:127.0.0.1]:51397 localEndPoint: [::ffff:127.0.0.1]:51398
TpTrace Verbose: 0 : 38532, 10, 2024/01/22, 13:12:57.650, 700583043070, testhost.dll, TcpClientExtensions.MessageLoopAsync: NotifyDataAvailable remoteEndPoint: [::ffff:127.0.0.1]:51397 localEndPoint: [::ffff:127.0.0.1]:51398
TpTrace Information: 0 : 38532, 12, 2024/01/22, 13:12:57.651, 700583047082, testhost.dll, DefaultEngineInvoker.StartProcessingAsync: Connected to vstest.console, Starting process requests.
TpTrace Information: 0 : 38532, 10, 2024/01/22, 13:12:57.653, 700583072405, testhost.dll, TestRequestHandler.OnMessageReceived: received message: (ProtocolVersion) -> {"MessageType":"ProtocolVersion","Payload":7}
TpTrace Verbose: 0 : 38532, 10, 2024/01/22, 13:12:57.801, 700584544460, testhost.dll, TestRequestHandler.SendData: sending data from testhost: {"Version":7,"MessageType":"TestSession.Message","Payload":{"MessageLevel":0,"Message":"Logging TestHost Diagnostics in file: C:\\Users\\aisae\\OneDrive\\Escritorio\\Nueva carpeta\\MTCG\\TestMTCG\\bin\\Debug\\net7.0\\fine-code-coverage\\coverage-tool-output\\diagnostics.host.24-01-22_13-12-57_45101_5.log"}}
TpTrace Verbose: 0 : 38532, 10, 2024/01/22, 13:12:57.801, 700584546235, testhost.dll, MulticastDelegateUtilities.SafeInvoke: LengthPrefixCommunicationChannel: MessageReceived: Invoking callback 1/1 for Microsoft.VisualStudio.TestPlatform.CommunicationUtilities.TestRequestHandler., took 149 ms.
TpTrace Verbose: 0 : 38532, 10, 2024/01/22, 13:12:57.801, 700584546623, testhost.dll, TcpClientExtensions.MessageLoopAsync: Polling on remoteEndPoint: [::ffff:127.0.0.1]:51397 localEndPoint: [::ffff:127.0.0.1]:51398
TpTrace Verbose: 0 : 38532, 10, 2024/01/22, 13:12:57.801, 700584546931, testhost.dll, TcpClientExtensions.MessageLoopAsync: NotifyDataAvailable remoteEndPoint: [::ffff:127.0.0.1]:51397 localEndPoint: [::ffff:127.0.0.1]:51398
TpTrace Information: 0 : 38532, 10, 2024/01/22, 13:12:57.801, 700584549283, testhost.dll, TestRequestHandler.OnMessageReceived: received message: (TestExecution.Initialize) -> {"Version":7,"MessageType":"TestExecution.Initialize","Payload":["C:\\Users\\aisae\\OneDrive\\Escritorio\\Nueva carpeta\\MTCG\\TestMTCG\\bin\\Debug\\net7.0\\fine-code-coverage\\build-output\\Microsoft.VisualStudio.TestPlatform.MSTest.TestAdapter.dll"]}
TpTrace Verbose: 0 : 38532, 10, 2024/01/22, 13:12:57.809, 700584632233, testhost.dll, MulticastDelegateUtilities.SafeInvoke: LengthPrefixCommunicationChannel: MessageReceived: Invoking callback 1/1 for Microsoft.VisualStudio.TestPlatform.CommunicationUtilities.TestRequestHandler., took 8 ms.
TpTrace Verbose: 0 : 38532, 10, 2024/01/22, 13:12:57.809, 700584633054, testhost.dll, TcpClientExtensions.MessageLoopAsync: Polling on remoteEndPoint: [::ffff:127.0.0.1]:51397 localEndPoint: [::ffff:127.0.0.1]:51398
TpTrace Verbose: 0 : 38532, 10, 2024/01/22, 13:12:57.810, 700584636172, testhost.dll, TcpClientExtensions.MessageLoopAsync: NotifyDataAvailable remoteEndPoint: [::ffff:127.0.0.1]:51397 localEndPoint: [::ffff:127.0.0.1]:51398
TpTrace Information: 0 : 38532, 4, 2024/01/22, 13:12:57.810, 700584636882, testhost.dll, TestRequestHandler.OnMessageReceived: Running job 'TestExecution.Initialize'.
TpTrace Information: 0 : 38532, 10, 2024/01/22, 13:12:57.810, 700584637817, testhost.dll, TestRequestHandler.OnMessageReceived: received message: (TestExecution.StartWithSources) -> {"Version":7,"MessageType":"TestExecution.StartWithSources","Payload":{"AdapterSourceMap":{"_none_":["C:\\Users\\aisae\\OneDrive\\Escritorio\\Nueva carpeta\\MTCG\\TestMTCG\\bin\\Debug\\net7.0\\fine-code-coverage\\build-output\\TestMTCG.dll"]},"RunSettings":"<RunSettings>\r\n  <RunConfiguration>\r\n    <ResultsDirectory>C:\\Users\\aisae\\OneDrive\\Escritorio\\Nueva carpeta\\MTCG\\TestMTCG\\bin\\Debug\\net7.0\\fine-code-coverage\\coverage-tool-output</ResultsDirectory>\r\n    <TargetFrameworkVersion>.NETCoreApp,Version=v7.0</TargetFrameworkVersion>\r\n    <DesignMode>False</DesignMode>\r\n    <CollectSourceInformation>False</CollectSourceInformation>\r\n  </RunConfiguration>\r\n  <LoggerRunSettings>\r\n    <Loggers>\r\n      <Logger friendlyName=\"blame\" enabled=\"True\" />\r\n      <Logger friendlyName=\"Console\" uri=\"logger://microsoft/TestPlatform/ConsoleLogger/v1\" assemblyQualifiedName=\"Microsoft.VisualStudio.TestPlatform.CommandLine.Internal.ConsoleLogger, vstest.console, Version=15.0.0.0, Culture=neutral, PublicKeyToken=b03f5f7f11d50a3a\" codeBase=\"C:\\Program Files\\dotnet\\sdk\\7.0.401\\vstest.console.dll\" enabled=\"True\" />\r\n    </Loggers>\r\n  </LoggerRunSettings>\r\n  <DataCollectionRunSettings>\r\n    <DataCollectors>\r\n      <DataCollector friendlyName=\"blame\" enabled=\"True\">\r\n        <Configuration>\r\n          <ResultsDirectory>C:\\Users\\aisae\\OneDrive\\Escritorio\\Nueva carpeta\\MTCG\\TestMTCG\\bin\\Debug\\net7.0\\fine-code-coverage\\coverage-tool-output</ResultsDirectory>\r\n        </Configuration>\r\n      </DataCollector>\r\n    </DataCollectors>\r\n  </DataCollectionRunSettings>\r\n</RunSettings>","TestExecutionContext":{"FrequencyOfRunStatsChangeEvent":10,"RunStatsChangeEventTimeout":"00:00:01.5000000","InIsolation":false,"KeepAlive":false,"AreTestCaseLevelEventsRequired":false,"IsDebug":false,"TestCaseFilter":null,"FilterOptions":null},"Package":null}}
TpTrace Verbose: 0 : 38532, 4, 2024/01/22, 13:12:57.814, 700584676712, testhost.dll, TestExecutorService: Loading the extensions
TpTrace Verbose: 0 : 38532, 4, 2024/01/22, 13:12:57.816, 700584694247, testhost.dll, TestPluginCache.DiscoverTestExtensions: finding test extensions in assemblies ends with: TestAdapter.dll TPluginInfo: Microsoft.VisualStudio.TestPlatform.Common.ExtensionFramework.Utilities.TestExecutorPluginInformation TExtension: Microsoft.VisualStudio.TestPlatform.ObjectModel.Adapter.ITestExecutor
TpTrace Verbose: 0 : 38532, 4, 2024/01/22, 13:12:57.818, 700584719630, testhost.dll, TestPluginCache.GetExtensionPaths: Filtered extension paths: 
TpTrace Verbose: 0 : 38532, 4, 2024/01/22, 13:12:57.819, 700584724461, testhost.dll, TestPluginCache.GetExtensionPaths: Added default extension paths: C:\Users\aisae\OneDrive\Escritorio\Nueva carpeta\MTCG\TestMTCG\bin\Debug\net7.0\fine-code-coverage\build-output\Microsoft.VisualStudio.TestPlatform.MSTest.TestAdapter.dll
TpTrace Verbose: 0 : 38532, 4, 2024/01/22, 13:12:57.819, 700584725137, testhost.dll, TestPluginCache.GetExtensionPaths: Added unfilterableExtensionPaths: 
TpTrace Information: 0 : 38532, 4, 2024/01/22, 13:12:57.820, 700584743079, testhost.dll, AssemblyResolver.ctor: Creating AssemblyResolver with searchDirectories C:\Users\aisae\OneDrive\Escritorio\Nueva carpeta\MTCG\TestMTCG\bin\Debug\net7.0\fine-code-coverage\build-output
TpTrace Verbose: 0 : 38532, 4, 2024/01/22, 13:12:57.822, 700584753937, testhost.dll, TestPluginCache.DiscoverTestExtensions: Discovering the extensions using extension path.
TpTrace Verbose: 0 : 38532, 4, 2024/01/22, 13:12:57.822, 700584755316, testhost.dll, TestPluginCache.GetExtensionPaths: Filtered extension paths: 
TpTrace Verbose: 0 : 38532, 4, 2024/01/22, 13:12:57.822, 700584755843, testhost.dll, TestPluginCache.GetExtensionPaths: Added default extension paths: C:\Users\aisae\OneDrive\Escritorio\Nueva carpeta\MTCG\TestMTCG\bin\Debug\net7.0\fine-code-coverage\build-output\Microsoft.VisualStudio.TestPlatform.MSTest.TestAdapter.dll
TpTrace Verbose: 0 : 38532, 4, 2024/01/22, 13:12:57.822, 700584756185, testhost.dll, TestPluginCache.GetExtensionPaths: Added unfilterableExtensionPaths: 
TpTrace Verbose: 0 : 38532, 4, 2024/01/22, 13:12:57.822, 700584757329, testhost.dll, TestPluginCache.DiscoverTestExtensions: Discovering the extensions using allExtensionPaths: C:\Users\aisae\OneDrive\Escritorio\Nueva carpeta\MTCG\TestMTCG\bin\Debug\net7.0\fine-code-coverage\build-output\Microsoft.VisualStudio.TestPlatform.MSTest.TestAdapter.dll
TpTrace Information: 0 : 38532, 4, 2024/01/22, 13:12:57.823, 700584763367, testhost.dll, AssemblyResolver.AddSearchDirectories: Adding more searchDirectories C:\Users\aisae\OneDrive\Escritorio\Nueva carpeta\MTCG\TestMTCG\bin\Debug\net7.0\fine-code-coverage\build-output
TpTrace Information: 0 : 38532, 4, 2024/01/22, 13:12:57.825, 700584788613, testhost.dll, AssemblyResolver.OnResolve: Microsoft.VisualStudio.TestPlatform.MSTest.TestAdapter: Resolving assembly.
TpTrace Information: 0 : 38532, 4, 2024/01/22, 13:12:57.825, 700584789528, testhost.dll, AssemblyResolver.OnResolve: Microsoft.VisualStudio.TestPlatform.MSTest.TestAdapter: Searching in: 'C:\Users\aisae\OneDrive\Escritorio\Nueva carpeta\MTCG\TestMTCG\bin\Debug\net7.0\fine-code-coverage\build-output'.
TpTrace Verbose: 0 : 38532, 10, 2024/01/22, 13:12:57.835, 700584886522, testhost.dll, MulticastDelegateUtilities.SafeInvoke: LengthPrefixCommunicationChannel: MessageReceived: Invoking callback 1/1 for Microsoft.VisualStudio.TestPlatform.CommunicationUtilities.TestRequestHandler., took 24 ms.
TpTrace Verbose: 0 : 38532, 10, 2024/01/22, 13:12:57.835, 700584887497, testhost.dll, TcpClientExtensions.MessageLoopAsync: Polling on remoteEndPoint: [::ffff:127.0.0.1]:51397 localEndPoint: [::ffff:127.0.0.1]:51398
TpTrace Information: 0 : 38532, 4, 2024/01/22, 13:12:57.835, 700584889353, testhost.dll, AssemblyResolver.OnResolve: Microsoft.VisualStudio.TestPlatform.MSTest.TestAdapter: Loading assembly 'C:\Users\aisae\OneDrive\Escritorio\Nueva carpeta\MTCG\TestMTCG\bin\Debug\net7.0\fine-code-coverage\build-output\Microsoft.VisualStudio.TestPlatform.MSTest.TestAdapter.dll'.
TpTrace Information: 0 : 38532, 4, 2024/01/22, 13:12:57.836, 700584893804, testhost.dll, AssemblyResolver.OnResolve: Resolved assembly: Microsoft.VisualStudio.TestPlatform.MSTest.TestAdapter, from path: C:\Users\aisae\OneDrive\Escritorio\Nueva carpeta\MTCG\TestMTCG\bin\Debug\net7.0\fine-code-coverage\build-output\Microsoft.VisualStudio.TestPlatform.MSTest.TestAdapter.dll
TpTrace Verbose: 0 : 38532, 4, 2024/01/22, 13:12:57.854, 700585076839, testhost.dll, MetadataReaderExtensionsHelper: Discovering extensions inside assembly 'Microsoft.VisualStudio.TestPlatform.MSTest.TestAdapter, Version=14.0.0.0, Culture=neutral, PublicKeyToken=b03f5f7f11d50a3a' file path 'C:\Users\aisae\OneDrive\Escritorio\Nueva carpeta\MTCG\TestMTCG\bin\Debug\net7.0\fine-code-coverage\build-output\Microsoft.VisualStudio.TestPlatform.MSTest.TestAdapter.dll'
TpTrace Information: 0 : 38532, 4, 2024/01/22, 13:12:57.857, 700585110886, testhost.dll, GetTestExtensionFromType: Register extension with identifier data 'executor://MSTestAdapter/v2' and type 'Microsoft.VisualStudio.TestPlatform.MSTest.TestAdapter.MSTestExecutor, Microsoft.VisualStudio.TestPlatform.MSTest.TestAdapter, Version=14.0.0.0, Culture=neutral, PublicKeyToken=b03f5f7f11d50a3a' inside file 'C:\Users\aisae\OneDrive\Escritorio\Nueva carpeta\MTCG\TestMTCG\bin\Debug\net7.0\fine-code-coverage\build-output\Microsoft.VisualStudio.TestPlatform.MSTest.TestAdapter.dll'
TpTrace Verbose: 0 : 38532, 4, 2024/01/22, 13:12:57.859, 700585129916, testhost.dll, TestPluginCache: Discovered the extensions using extension path ''.
TpTrace Verbose: 0 : 38532, 4, 2024/01/22, 13:12:57.860, 700585139987, testhost.dll, TestPluginCache: Discoverers are ''.
TpTrace Verbose: 0 : 38532, 4, 2024/01/22, 13:12:57.860, 700585140844, testhost.dll, TestPluginCache: Executors are 'executor://MSTestAdapter/v2'.
TpTrace Verbose: 0 : 38532, 4, 2024/01/22, 13:12:57.860, 700585141403, testhost.dll, TestPluginCache: Executors2 are ''.
TpTrace Verbose: 0 : 38532, 4, 2024/01/22, 13:12:57.860, 700585141810, testhost.dll, TestPluginCache: Setting providers are ''.
TpTrace Verbose: 0 : 38532, 4, 2024/01/22, 13:12:57.860, 700585142167, testhost.dll, TestPluginCache: Loggers are ''.
TpTrace Verbose: 0 : 38532, 4, 2024/01/22, 13:12:57.860, 700585142508, testhost.dll, TestPluginCache: TestHosts are ''.
TpTrace Verbose: 0 : 38532, 4, 2024/01/22, 13:12:57.860, 700585142894, testhost.dll, TestPluginCache: DataCollectors are ''.
TpTrace Verbose: 0 : 38532, 4, 2024/01/22, 13:12:57.862, 700585161051, testhost.dll, TestPluginCache.DiscoverTestExtensions: finding test extensions in assemblies ends with: TestAdapter.dll TPluginInfo: Microsoft.VisualStudio.TestPlatform.Common.ExtensionFramework.Utilities.TestExecutorPluginInformation2 TExtension: Microsoft.VisualStudio.TestPlatform.ObjectModel.Adapter.ITestExecutor2
TpTrace Verbose: 0 : 38532, 4, 2024/01/22, 13:12:57.863, 700585163768, testhost.dll, TestPluginCache.GetExtensionPaths: Filtered extension paths: 
TpTrace Verbose: 0 : 38532, 4, 2024/01/22, 13:12:57.863, 700585164235, testhost.dll, TestPluginCache.GetExtensionPaths: Added default extension paths: C:\Users\aisae\OneDrive\Escritorio\Nueva carpeta\MTCG\TestMTCG\bin\Debug\net7.0\fine-code-coverage\build-output\Microsoft.VisualStudio.TestPlatform.MSTest.TestAdapter.dll
TpTrace Verbose: 0 : 38532, 4, 2024/01/22, 13:12:57.863, 700585165022, testhost.dll, TestPluginCache.GetExtensionPaths: Added unfilterableExtensionPaths: 
TpTrace Information: 0 : 38532, 4, 2024/01/22, 13:12:57.863, 700585166723, testhost.dll, AssemblyResolver.AddSearchDirectories: Adding more searchDirectories C:\Users\aisae\OneDrive\Escritorio\Nueva carpeta\MTCG\TestMTCG\bin\Debug\net7.0\fine-code-coverage\build-output
TpTrace Verbose: 0 : 38532, 4, 2024/01/22, 13:12:57.863, 700585167132, testhost.dll, TestPluginCache.DiscoverTestExtensions: Discovering the extensions using extension path.
TpTrace Verbose: 0 : 38532, 4, 2024/01/22, 13:12:57.863, 700585167375, testhost.dll, TestPluginCache.GetExtensionPaths: Filtered extension paths: 
TpTrace Verbose: 0 : 38532, 4, 2024/01/22, 13:12:57.863, 700585167545, testhost.dll, TestPluginCache.GetExtensionPaths: Added default extension paths: C:\Users\aisae\OneDrive\Escritorio\Nueva carpeta\MTCG\TestMTCG\bin\Debug\net7.0\fine-code-coverage\build-output\Microsoft.VisualStudio.TestPlatform.MSTest.TestAdapter.dll
TpTrace Verbose: 0 : 38532, 4, 2024/01/22, 13:12:57.863, 700585167727, testhost.dll, TestPluginCache.GetExtensionPaths: Added unfilterableExtensionPaths: 
TpTrace Verbose: 0 : 38532, 4, 2024/01/22, 13:12:57.863, 700585167919, testhost.dll, TestPluginCache.DiscoverTestExtensions: Discovering the extensions using allExtensionPaths: C:\Users\aisae\OneDrive\Escritorio\Nueva carpeta\MTCG\TestMTCG\bin\Debug\net7.0\fine-code-coverage\build-output\Microsoft.VisualStudio.TestPlatform.MSTest.TestAdapter.dll
TpTrace Information: 0 : 38532, 4, 2024/01/22, 13:12:57.863, 700585168267, testhost.dll, AssemblyResolver.AddSearchDirectories: Adding more searchDirectories C:\Users\aisae\OneDrive\Escritorio\Nueva carpeta\MTCG\TestMTCG\bin\Debug\net7.0\fine-code-coverage\build-output
TpTrace Verbose: 0 : 38532, 4, 2024/01/22, 13:12:57.863, 700585169137, testhost.dll, MetadataReaderExtensionsHelper: Discovering extensions inside assembly 'Microsoft.VisualStudio.TestPlatform.MSTest.TestAdapter, Version=14.0.0.0, Culture=neutral, PublicKeyToken=b03f5f7f11d50a3a' file path 'C:\Users\aisae\OneDrive\Escritorio\Nueva carpeta\MTCG\TestMTCG\bin\Debug\net7.0\fine-code-coverage\build-output\Microsoft.VisualStudio.TestPlatform.MSTest.TestAdapter.dll'
TpTrace Verbose: 0 : 38532, 4, 2024/01/22, 13:12:57.864, 700585173638, testhost.dll, TestPluginCache: Discovered the extensions using extension path ''.
TpTrace Verbose: 0 : 38532, 4, 2024/01/22, 13:12:57.864, 700585174069, testhost.dll, TestPluginCache: Discoverers are ''.
TpTrace Verbose: 0 : 38532, 4, 2024/01/22, 13:12:57.864, 700585174362, testhost.dll, TestPluginCache: Executors are 'executor://MSTestAdapter/v2'.
TpTrace Verbose: 0 : 38532, 4, 2024/01/22, 13:12:57.864, 700585174802, testhost.dll, TestPluginCache: Executors2 are ''.
TpTrace Verbose: 0 : 38532, 4, 2024/01/22, 13:12:57.864, 700585175001, testhost.dll, TestPluginCache: Setting providers are ''.
TpTrace Verbose: 0 : 38532, 4, 2024/01/22, 13:12:57.864, 700585175168, testhost.dll, TestPluginCache: Loggers are ''.
TpTrace Verbose: 0 : 38532, 4, 2024/01/22, 13:12:57.864, 700585175328, testhost.dll, TestPluginCache: TestHosts are ''.
TpTrace Verbose: 0 : 38532, 4, 2024/01/22, 13:12:57.864, 700585175489, testhost.dll, TestPluginCache: DataCollectors are ''.
TpTrace Information: 0 : 38532, 4, 2024/01/22, 13:12:57.867, 700585204313, testhost.dll, TestPluginManager.CreateTestExtension: Attempting to load test extension: Microsoft.VisualStudio.TestPlatform.MSTest.TestAdapter.MSTestExecutor
TpTrace Verbose: 0 : 38532, 4, 2024/01/22, 13:12:57.871, 700585243986, testhost.dll, TestExecutorExtensionManager: Loading executor Microsoft.VisualStudio.TestPlatform.Common.ExtensionDecorators.SerialTestRunDecorator
TpTrace Verbose: 0 : 38532, 4, 2024/01/22, 13:12:57.871, 700585244459, testhost.dll, TestExecutorService: Loaded the executors
TpTrace Verbose: 0 : 38532, 4, 2024/01/22, 13:12:57.871, 700585248672, testhost.dll, TestPluginCache.DiscoverTestExtensions: finding test extensions in assemblies ends with: TestAdapter.dll TPluginInfo: Microsoft.VisualStudio.TestPlatform.Common.ExtensionFramework.Utilities.TestSettingsProviderPluginInformation TExtension: Microsoft.VisualStudio.TestPlatform.ObjectModel.Adapter.ISettingsProvider
TpTrace Verbose: 0 : 38532, 4, 2024/01/22, 13:12:57.871, 700585249410, testhost.dll, TestPluginCache.GetExtensionPaths: Filtered extension paths: 
TpTrace Verbose: 0 : 38532, 4, 2024/01/22, 13:12:57.871, 700585249689, testhost.dll, TestPluginCache.GetExtensionPaths: Added default extension paths: C:\Users\aisae\OneDrive\Escritorio\Nueva carpeta\MTCG\TestMTCG\bin\Debug\net7.0\fine-code-coverage\build-output\Microsoft.VisualStudio.TestPlatform.MSTest.TestAdapter.dll
TpTrace Verbose: 0 : 38532, 4, 2024/01/22, 13:12:57.871, 700585249906, testhost.dll, TestPluginCache.GetExtensionPaths: Added unfilterableExtensionPaths: 
TpTrace Information: 0 : 38532, 4, 2024/01/22, 13:12:57.871, 700585250710, testhost.dll, AssemblyResolver.AddSearchDirectories: Adding more searchDirectories C:\Users\aisae\OneDrive\Escritorio\Nueva carpeta\MTCG\TestMTCG\bin\Debug\net7.0\fine-code-coverage\build-output
TpTrace Verbose: 0 : 38532, 4, 2024/01/22, 13:12:57.871, 700585250988, testhost.dll, TestPluginCache.DiscoverTestExtensions: Discovering the extensions using extension path.
TpTrace Verbose: 0 : 38532, 4, 2024/01/22, 13:12:57.871, 700585251171, testhost.dll, TestPluginCache.GetExtensionPaths: Filtered extension paths: 
TpTrace Verbose: 0 : 38532, 4, 2024/01/22, 13:12:57.871, 700585251393, testhost.dll, TestPluginCache.GetExtensionPaths: Added default extension paths: C:\Users\aisae\OneDrive\Escritorio\Nueva carpeta\MTCG\TestMTCG\bin\Debug\net7.0\fine-code-coverage\build-output\Microsoft.VisualStudio.TestPlatform.MSTest.TestAdapter.dll
TpTrace Verbose: 0 : 38532, 4, 2024/01/22, 13:12:57.871, 700585251562, testhost.dll, TestPluginCache.GetExtensionPaths: Added unfilterableExtensionPaths: 
TpTrace Verbose: 0 : 38532, 4, 2024/01/22, 13:12:57.871, 700585251740, testhost.dll, TestPluginCache.DiscoverTestExtensions: Discovering the extensions using allExtensionPaths: C:\Users\aisae\OneDrive\Escritorio\Nueva carpeta\MTCG\TestMTCG\bin\Debug\net7.0\fine-code-coverage\build-output\Microsoft.VisualStudio.TestPlatform.MSTest.TestAdapter.dll
TpTrace Information: 0 : 38532, 4, 2024/01/22, 13:12:57.871, 700585252022, testhost.dll, AssemblyResolver.AddSearchDirectories: Adding more searchDirectories C:\Users\aisae\OneDrive\Escritorio\Nueva carpeta\MTCG\TestMTCG\bin\Debug\net7.0\fine-code-coverage\build-output
TpTrace Verbose: 0 : 38532, 4, 2024/01/22, 13:12:57.871, 700585252424, testhost.dll, MetadataReaderExtensionsHelper: Discovering extensions inside assembly 'Microsoft.VisualStudio.TestPlatform.MSTest.TestAdapter, Version=14.0.0.0, Culture=neutral, PublicKeyToken=b03f5f7f11d50a3a' file path 'C:\Users\aisae\OneDrive\Escritorio\Nueva carpeta\MTCG\TestMTCG\bin\Debug\net7.0\fine-code-coverage\build-output\Microsoft.VisualStudio.TestPlatform.MSTest.TestAdapter.dll'
TpTrace Verbose: 0 : 38532, 4, 2024/01/22, 13:12:57.872, 700585255744, testhost.dll, TestPluginCache: Discovered the extensions using extension path ''.
TpTrace Verbose: 0 : 38532, 4, 2024/01/22, 13:12:57.872, 700585256167, testhost.dll, TestPluginCache: Discoverers are ''.
TpTrace Verbose: 0 : 38532, 4, 2024/01/22, 13:12:57.872, 700585256377, testhost.dll, TestPluginCache: Executors are 'executor://MSTestAdapter/v2'.
TpTrace Verbose: 0 : 38532, 4, 2024/01/22, 13:12:57.872, 700585256548, testhost.dll, TestPluginCache: Executors2 are ''.
TpTrace Verbose: 0 : 38532, 4, 2024/01/22, 13:12:57.872, 700585256782, testhost.dll, TestPluginCache: Setting providers are ''.
TpTrace Verbose: 0 : 38532, 4, 2024/01/22, 13:12:57.872, 700585256945, testhost.dll, TestPluginCache: Loggers are ''.
TpTrace Verbose: 0 : 38532, 4, 2024/01/22, 13:12:57.872, 700585257102, testhost.dll, TestPluginCache: TestHosts are ''.
TpTrace Verbose: 0 : 38532, 4, 2024/01/22, 13:12:57.872, 700585257257, testhost.dll, TestPluginCache: DataCollectors are ''.
TpTrace Verbose: 0 : 38532, 4, 2024/01/22, 13:12:57.872, 700585262142, testhost.dll, TestExecutorService: Loaded the settings providers
TpTrace Information: 0 : 38532, 4, 2024/01/22, 13:12:57.872, 700585262611, testhost.dll, TestExecutorService: Loaded the extensions
TpTrace Information: 0 : 38532, 4, 2024/01/22, 13:12:57.873, 700585265987, testhost.dll, TestRequestHandler.OnMessageReceived: Running job 'TestExecution.StartWithSources'.
TpTrace Verbose: 0 : 38532, 4, 2024/01/22, 13:12:57.931, 700585851193, testhost.dll, MulticastDelegateUtilities.SafeInvoke: TestCaseEventsHandler.RaiseSessionStart: Invoking callbacks was skipped because there are no subscribers.
TpTrace Information: 0 : 38532, 4, 2024/01/22, 13:12:57.933, 700585866888, testhost.dll, TestDiscoveryManager: Discovering tests from sources C:\Users\aisae\OneDrive\Escritorio\Nueva carpeta\MTCG\TestMTCG\bin\Debug\net7.0\fine-code-coverage\build-output\TestMTCG.dll
TpTrace Verbose: 0 : 38532, 4, 2024/01/22, 13:12:57.934, 700585880385, testhost.dll, TestPluginCache.DiscoverTestExtensions: finding test extensions in assemblies ends with: TestAdapter.dll TPluginInfo: Microsoft.VisualStudio.TestPlatform.Common.ExtensionFramework.Utilities.TestDiscovererPluginInformation TExtension: Microsoft.VisualStudio.TestPlatform.ObjectModel.Adapter.ITestDiscoverer
TpTrace Verbose: 0 : 38532, 4, 2024/01/22, 13:12:57.934, 700585881313, testhost.dll, TestPluginCache.GetExtensionPaths: Filtered extension paths: 
TpTrace Verbose: 0 : 38532, 4, 2024/01/22, 13:12:57.934, 700585881580, testhost.dll, TestPluginCache.GetExtensionPaths: Added default extension paths: C:\Users\aisae\OneDrive\Escritorio\Nueva carpeta\MTCG\TestMTCG\bin\Debug\net7.0\fine-code-coverage\build-output\Microsoft.VisualStudio.TestPlatform.MSTest.TestAdapter.dll
TpTrace Verbose: 0 : 38532, 4, 2024/01/22, 13:12:57.934, 700585881818, testhost.dll, TestPluginCache.GetExtensionPaths: Added unfilterableExtensionPaths: 
TpTrace Information: 0 : 38532, 4, 2024/01/22, 13:12:57.934, 700585882720, testhost.dll, AssemblyResolver.AddSearchDirectories: Adding more searchDirectories C:\Users\aisae\OneDrive\Escritorio\Nueva carpeta\MTCG\TestMTCG\bin\Debug\net7.0\fine-code-coverage\build-output
TpTrace Verbose: 0 : 38532, 4, 2024/01/22, 13:12:57.934, 700585882999, testhost.dll, TestPluginCache.DiscoverTestExtensions: Discovering the extensions using extension path.
TpTrace Verbose: 0 : 38532, 4, 2024/01/22, 13:12:57.935, 700585883256, testhost.dll, TestPluginCache.GetExtensionPaths: Filtered extension paths: 
TpTrace Verbose: 0 : 38532, 4, 2024/01/22, 13:12:57.935, 700585883431, testhost.dll, TestPluginCache.GetExtensionPaths: Added default extension paths: C:\Users\aisae\OneDrive\Escritorio\Nueva carpeta\MTCG\TestMTCG\bin\Debug\net7.0\fine-code-coverage\build-output\Microsoft.VisualStudio.TestPlatform.MSTest.TestAdapter.dll
TpTrace Verbose: 0 : 38532, 4, 2024/01/22, 13:12:57.935, 700585883608, testhost.dll, TestPluginCache.GetExtensionPaths: Added unfilterableExtensionPaths: 
TpTrace Verbose: 0 : 38532, 4, 2024/01/22, 13:12:57.935, 700585883796, testhost.dll, TestPluginCache.DiscoverTestExtensions: Discovering the extensions using allExtensionPaths: C:\Users\aisae\OneDrive\Escritorio\Nueva carpeta\MTCG\TestMTCG\bin\Debug\net7.0\fine-code-coverage\build-output\Microsoft.VisualStudio.TestPlatform.MSTest.TestAdapter.dll
TpTrace Information: 0 : 38532, 4, 2024/01/22, 13:12:57.935, 700585884093, testhost.dll, AssemblyResolver.AddSearchDirectories: Adding more searchDirectories C:\Users\aisae\OneDrive\Escritorio\Nueva carpeta\MTCG\TestMTCG\bin\Debug\net7.0\fine-code-coverage\build-output
TpTrace Verbose: 0 : 38532, 4, 2024/01/22, 13:12:57.935, 700585884601, testhost.dll, MetadataReaderExtensionsHelper: Discovering extensions inside assembly 'Microsoft.VisualStudio.TestPlatform.MSTest.TestAdapter, Version=14.0.0.0, Culture=neutral, PublicKeyToken=b03f5f7f11d50a3a' file path 'C:\Users\aisae\OneDrive\Escritorio\Nueva carpeta\MTCG\TestMTCG\bin\Debug\net7.0\fine-code-coverage\build-output\Microsoft.VisualStudio.TestPlatform.MSTest.TestAdapter.dll'
TpTrace Information: 0 : 38532, 4, 2024/01/22, 13:12:57.936, 700585897293, testhost.dll, GetTestExtensionFromType: Register extension with identifier data 'Microsoft.VisualStudio.TestPlatform.MSTest.TestAdapter.MSTestDiscoverer, Microsoft.VisualStudio.TestPlatform.MSTest.TestAdapter, Version=14.0.0.0, Culture=neutral, PublicKeyToken=b03f5f7f11d50a3a' and type 'Microsoft.VisualStudio.TestPlatform.MSTest.TestAdapter.MSTestDiscoverer, Microsoft.VisualStudio.TestPlatform.MSTest.TestAdapter, Version=14.0.0.0, Culture=neutral, PublicKeyToken=b03f5f7f11d50a3a' inside file 'C:\Users\aisae\OneDrive\Escritorio\Nueva carpeta\MTCG\TestMTCG\bin\Debug\net7.0\fine-code-coverage\build-output\Microsoft.VisualStudio.TestPlatform.MSTest.TestAdapter.dll'
TpTrace Verbose: 0 : 38532, 4, 2024/01/22, 13:12:57.936, 700585898414, testhost.dll, TestPluginCache: Discovered the extensions using extension path ''.
TpTrace Verbose: 0 : 38532, 4, 2024/01/22, 13:12:57.936, 700585898839, testhost.dll, TestPluginCache: Discoverers are 'Microsoft.VisualStudio.TestPlatform.MSTest.TestAdapter.MSTestDiscoverer, Microsoft.VisualStudio.TestPlatform.MSTest.TestAdapter, Version=14.0.0.0, Culture=neutral, PublicKeyToken=b03f5f7f11d50a3a'.
TpTrace Verbose: 0 : 38532, 4, 2024/01/22, 13:12:57.936, 700585899055, testhost.dll, TestPluginCache: Executors are 'executor://MSTestAdapter/v2'.
TpTrace Verbose: 0 : 38532, 4, 2024/01/22, 13:12:57.936, 700585899246, testhost.dll, TestPluginCache: Executors2 are ''.
TpTrace Verbose: 0 : 38532, 4, 2024/01/22, 13:12:57.936, 700585899419, testhost.dll, TestPluginCache: Setting providers are ''.
TpTrace Verbose: 0 : 38532, 4, 2024/01/22, 13:12:57.936, 700585899584, testhost.dll, TestPluginCache: Loggers are ''.
TpTrace Verbose: 0 : 38532, 4, 2024/01/22, 13:12:57.936, 700585899749, testhost.dll, TestPluginCache: TestHosts are ''.
TpTrace Verbose: 0 : 38532, 4, 2024/01/22, 13:12:57.936, 700585899912, testhost.dll, TestPluginCache: DataCollectors are ''.
TpTrace Verbose: 0 : 38532, 4, 2024/01/22, 13:12:57.940, 700585933593, testhost.dll, BaseRunTests.RunTestInternalWithExecutors: Running tests for executor://MSTestAdapter/v2
TpTrace Information: 0 : 38532, 4, 2024/01/22, 13:12:57.943, 700585968964, testhost.dll, AssemblyResolver.OnResolve: Microsoft.VisualStudio.TestPlatform.MSTestAdapter.PlatformServices.Interface: Resolving assembly.
TpTrace Information: 0 : 38532, 4, 2024/01/22, 13:12:57.943, 700585970361, testhost.dll, AssemblyResolver.OnResolve: Microsoft.VisualStudio.TestPlatform.MSTestAdapter.PlatformServices.Interface: Searching in: 'C:\Users\aisae\OneDrive\Escritorio\Nueva carpeta\MTCG\TestMTCG\bin\Debug\net7.0\fine-code-coverage\build-output'.
TpTrace Information: 0 : 38532, 4, 2024/01/22, 13:12:57.944, 700585974113, testhost.dll, AssemblyResolver.OnResolve: Microsoft.VisualStudio.TestPlatform.MSTestAdapter.PlatformServices.Interface: Loading assembly 'C:\Users\aisae\OneDrive\Escritorio\Nueva carpeta\MTCG\TestMTCG\bin\Debug\net7.0\fine-code-coverage\build-output\Microsoft.VisualStudio.TestPlatform.MSTestAdapter.PlatformServices.Interface.dll'.
TpTrace Information: 0 : 38532, 4, 2024/01/22, 13:12:57.944, 700585978331, testhost.dll, AssemblyResolver.OnResolve: Resolved assembly: Microsoft.VisualStudio.TestPlatform.MSTestAdapter.PlatformServices.Interface, from path: C:\Users\aisae\OneDrive\Escritorio\Nueva carpeta\MTCG\TestMTCG\bin\Debug\net7.0\fine-code-coverage\build-output\Microsoft.VisualStudio.TestPlatform.MSTestAdapter.PlatformServices.Interface.dll
TpTrace Information: 0 : 38532, 4, 2024/01/22, 13:12:57.945, 700585991037, testhost.dll, AssemblyResolver.OnResolve: Microsoft.VisualStudio.TestPlatform.MSTestAdapter.PlatformServices: Resolving assembly.
TpTrace Information: 0 : 38532, 4, 2024/01/22, 13:12:57.945, 700585991818, testhost.dll, AssemblyResolver.OnResolve: Microsoft.VisualStudio.TestPlatform.MSTestAdapter.PlatformServices: Searching in: 'C:\Users\aisae\OneDrive\Escritorio\Nueva carpeta\MTCG\TestMTCG\bin\Debug\net7.0\fine-code-coverage\build-output'.
TpTrace Information: 0 : 38532, 4, 2024/01/22, 13:12:57.946, 700585994828, testhost.dll, AssemblyResolver.OnResolve: Microsoft.VisualStudio.TestPlatform.MSTestAdapter.PlatformServices: Loading assembly 'C:\Users\aisae\OneDrive\Escritorio\Nueva carpeta\MTCG\TestMTCG\bin\Debug\net7.0\fine-code-coverage\build-output\Microsoft.VisualStudio.TestPlatform.MSTestAdapter.PlatformServices.dll'.
TpTrace Information: 0 : 38532, 4, 2024/01/22, 13:12:57.946, 700585998002, testhost.dll, AssemblyResolver.OnResolve: Resolved assembly: Microsoft.VisualStudio.TestPlatform.MSTestAdapter.PlatformServices, from path: C:\Users\aisae\OneDrive\Escritorio\Nueva carpeta\MTCG\TestMTCG\bin\Debug\net7.0\fine-code-coverage\build-output\Microsoft.VisualStudio.TestPlatform.MSTestAdapter.PlatformServices.dll
TpTrace Information: 0 : 38532, 4, 2024/01/22, 13:12:57.946, 700586000468, testhost.dll, MSTest - MSTestExecutor.RunTests: Running tests from sources.
TpTrace Information: 0 : 38532, 4, 2024/01/22, 13:12:57.948, 700586022891, testhost.dll, MSTest - CollectSourceInformation value Found : False 
TpTrace Information: 0 : 38532, 4, 2024/01/22, 13:12:57.959, 700586125169, testhost.dll, MSTest - DictionaryHelper.ConcatWithOverwrites: The source is null or empty, returning the overwrite dictionary.
TpTrace Information: 0 : 38532, 4, 2024/01/22, 13:12:57.962, 700586160689, testhost.dll, MSTest - DictionaryHelper.ConcatWithOverwrites: The source is null or empty, returning the overwrite dictionary.
TpTrace Information: 0 : 38532, 4, 2024/01/22, 13:12:57.962, 700586163056, testhost.dll, MSTest - DictionaryHelper.ConcatWithOverwrites: The source is null or empty, returning the overwrite dictionary.
TpTrace Information: 0 : 38532, 4, 2024/01/22, 13:12:57.963, 700586165885, testhost.dll, MSTest - DictionaryHelper.ConcatWithOverwrites: The source is null or empty, returning the overwrite dictionary.
TpTrace Information: 0 : 38532, 4, 2024/01/22, 13:12:57.963, 700586166852, testhost.dll, MSTest - DictionaryHelper.ConcatWithOverwrites: The source is null or empty, returning the overwrite dictionary.
TpTrace Information: 0 : 38532, 4, 2024/01/22, 13:12:57.963, 700586168347, testhost.dll, MSTest - DictionaryHelper.ConcatWithOverwrites: The source is null or empty, returning the overwrite dictionary.
TpTrace Information: 0 : 38532, 4, 2024/01/22, 13:12:57.963, 700586169351, testhost.dll, MSTest - DictionaryHelper.ConcatWithOverwrites: The source is null or empty, returning the overwrite dictionary.
TpTrace Information: 0 : 38532, 4, 2024/01/22, 13:12:57.966, 700586202952, testhost.dll, AssemblyResolver.OnResolve: Microsoft.TestPlatform.AdapterUtilities: Resolving assembly.
TpTrace Information: 0 : 38532, 4, 2024/01/22, 13:12:57.967, 700586203771, testhost.dll, AssemblyResolver.OnResolve: Microsoft.TestPlatform.AdapterUtilities: Searching in: 'C:\Users\aisae\OneDrive\Escritorio\Nueva carpeta\MTCG\TestMTCG\bin\Debug\net7.0\fine-code-coverage\build-output'.
TpTrace Information: 0 : 38532, 4, 2024/01/22, 13:12:57.967, 700586206482, testhost.dll, AssemblyResolver.OnResolve: Microsoft.TestPlatform.AdapterUtilities: Loading assembly 'C:\Users\aisae\OneDrive\Escritorio\Nueva carpeta\MTCG\TestMTCG\bin\Debug\net7.0\fine-code-coverage\build-output\Microsoft.TestPlatform.AdapterUtilities.dll'.
TpTrace Information: 0 : 38532, 4, 2024/01/22, 13:12:57.967, 700586209539, testhost.dll, AssemblyResolver.OnResolve: Resolved assembly: Microsoft.TestPlatform.AdapterUtilities, from path: C:\Users\aisae\OneDrive\Escritorio\Nueva carpeta\MTCG\TestMTCG\bin\Debug\net7.0\fine-code-coverage\build-output\Microsoft.TestPlatform.AdapterUtilities.dll
TpTrace Information: 0 : 38532, 4, 2024/01/22, 13:12:57.985, 700586383641, testhost.dll, MSTest - DictionaryHelper.ConcatWithOverwrites: The source is null or empty, returning the overwrite dictionary.
TpTrace Information: 0 : 38532, 4, 2024/01/22, 13:12:57.985, 700586385901, testhost.dll, MSTest - DictionaryHelper.ConcatWithOverwrites: The source is null or empty, returning the overwrite dictionary.
TpTrace Information: 0 : 38532, 4, 2024/01/22, 13:12:57.985, 700586387945, testhost.dll, MSTest - MSTestDiscoverer: Found 4 tests from source C:\Users\aisae\OneDrive\Escritorio\Nueva carpeta\MTCG\TestMTCG\bin\Debug\net7.0\fine-code-coverage\build-output\TestMTCG.dll
TpTrace Information: 0 : 38532, 4, 2024/01/22, 13:12:57.999, 700586528499, testhost.dll, AssemblyResolver.OnResolve: Microsoft.VisualStudio.TestPlatform.MSTestAdapter.PlatformServices.resources: Resolving assembly.
TpTrace Information: 0 : 38532, 4, 2024/01/22, 13:12:57.999, 700586529536, testhost.dll, AssemblyResolver.OnResolve: Microsoft.VisualStudio.TestPlatform.MSTestAdapter.PlatformServices.resources: Searching in: 'C:\Users\aisae\OneDrive\Escritorio\Nueva carpeta\MTCG\TestMTCG\bin\Debug\net7.0\fine-code-coverage\build-output'.
TpTrace Information: 0 : 38532, 4, 2024/01/22, 13:12:57.999, 700586530222, testhost.dll, AssemblyResolver.OnResolve: Microsoft.VisualStudio.TestPlatform.MSTestAdapter.PlatformServices.resources: Assembly path does not exist: 'C:\Users\aisae\OneDrive\Escritorio\Nueva carpeta\MTCG\TestMTCG\bin\Debug\net7.0\fine-code-coverage\build-output\Microsoft.VisualStudio.TestPlatform.MSTestAdapter.PlatformServices.resources.dll', returning.
TpTrace Information: 0 : 38532, 4, 2024/01/22, 13:12:57.999, 700586530843, testhost.dll, AssemblyResolver.OnResolve: Microsoft.VisualStudio.TestPlatform.MSTestAdapter.PlatformServices.resources: Assembly path does not exist: 'C:\Users\aisae\OneDrive\Escritorio\Nueva carpeta\MTCG\TestMTCG\bin\Debug\net7.0\fine-code-coverage\build-output\Microsoft.VisualStudio.TestPlatform.MSTestAdapter.PlatformServices.resources.exe', returning.
TpTrace Information: 0 : 38532, 4, 2024/01/22, 13:12:57.999, 700586531065, testhost.dll, AssemblyResolver.OnResolve: Microsoft.VisualStudio.TestPlatform.MSTestAdapter.PlatformServices.resources: Failed to load assembly.
TpTrace Information: 0 : 38532, 4, 2024/01/22, 13:12:58.000, 700586533143, testhost.dll, AssemblyResolver.OnResolve: Microsoft.VisualStudio.TestPlatform.MSTestAdapter.PlatformServices.resources: Resolving assembly.
TpTrace Information: 0 : 38532, 4, 2024/01/22, 13:12:58.000, 700586533510, testhost.dll, AssemblyResolver.OnResolve: Microsoft.VisualStudio.TestPlatform.MSTestAdapter.PlatformServices.resources: Resolved from cache.
TpTrace Information: 0 : 38532, 4, 2024/01/22, 13:12:58.006, 700586597787, testhost.dll, MSTest - Created unit-test runner C:\Users\aisae\OneDrive\Escritorio\Nueva carpeta\MTCG\TestMTCG\bin\Debug\net7.0\fine-code-coverage\build-output\TestMTCG.dll
TpTrace Verbose: 0 : 38532, 4, 2024/01/22, 13:12:58.012, 700586657120, testhost.dll, TestExecutionRecorder.RecordStart: Starting test: TestMTCG.UnitTestContext.TestGetUserById.
TpTrace Verbose: 0 : 38532, 4, 2024/01/22, 13:12:58.057, 700587109727, testhost.dll, MulticastDelegateUtilities.SafeInvoke: TestCaseEventsHandler.RaiseTestCaseStart: Invoking callback 1/1 for Microsoft.VisualStudio.TestPlatform.CrossPlatEngine.DataCollection.ProxyOutOfProcDataCollectionManager., took 43 ms.
TpTrace Information: 0 : 38532, 4, 2024/01/22, 13:12:58.057, 700587111310, testhost.dll, MSTest - Executing test TestGetUserById
TpTrace Information: 0 : 38532, 4, 2024/01/22, 13:12:58.389, 700590431846, testhost.dll, MSTest - Executed test TestGetUserById
TpTrace Verbose: 0 : 38532, 4, 2024/01/22, 13:12:58.393, 700590463872, testhost.dll, TestExecutionRecorder.RecordEnd: test: TestMTCG.UnitTestContext.TestGetUserById execution completed.
TpTrace Verbose: 0 : 38532, 4, 2024/01/22, 13:12:58.405, 700590590600, testhost.dll, MulticastDelegateUtilities.SafeInvoke: TestCaseEventsHandler.RaiseTestCaseEnd: Invoking callback 1/1 for Microsoft.VisualStudio.TestPlatform.CrossPlatEngine.DataCollection.ProxyOutOfProcDataCollectionManager., took 11 ms.
TpTrace Verbose: 0 : 38532, 4, 2024/01/22, 13:12:58.406, 700590596855, testhost.dll, TestExecutionRecorder.RecordResult: Received result for test: TestMTCG.UnitTestContext.TestGetUserById.
TpTrace Verbose: 0 : 38532, 4, 2024/01/22, 13:12:58.407, 700590605035, testhost.dll, MulticastDelegateUtilities.SafeInvoke: TestCaseEventsHandler.RaiseTestCaseEnd: Invoking callback 1/1 for Microsoft.VisualStudio.TestPlatform.CrossPlatEngine.DataCollection.ProxyOutOfProcDataCollectionManager., took 0 ms.
TpTrace Warning: 0 : 38532, 4, 2024/01/22, 13:12:58.409, 700590628950, testhost.dll, TestRunCache: InProgressTests is null
TpTrace Warning: 0 : 38532, 4, 2024/01/22, 13:12:58.409, 700590630568, testhost.dll, TestRunCache: No test found corresponding to testResult 'TestGetUserById' in inProgress list.
TpTrace Verbose: 0 : 38532, 4, 2024/01/22, 13:12:58.409, 700590632037, testhost.dll, TestExecutionRecorder.RecordStart: Starting test: TestMTCG.UnitTestContext.TestUserGetByUsername.
TpTrace Verbose: 0 : 38532, 4, 2024/01/22, 13:12:58.413, 700590667239, testhost.dll, MulticastDelegateUtilities.SafeInvoke: TestCaseEventsHandler.RaiseTestCaseStart: Invoking callback 1/1 for Microsoft.VisualStudio.TestPlatform.CrossPlatEngine.DataCollection.ProxyOutOfProcDataCollectionManager., took 3 ms.
TpTrace Information: 0 : 38532, 4, 2024/01/22, 13:12:58.413, 700590668242, testhost.dll, MSTest - Executing test TestUserGetByUsername
TpTrace Information: 0 : 38532, 4, 2024/01/22, 13:12:58.489, 700591431088, testhost.dll, AssemblyResolver.OnResolve: Microsoft.VisualStudio.TestPlatform.TestFramework.resources: Resolving assembly.
TpTrace Information: 0 : 38532, 4, 2024/01/22, 13:12:58.489, 700591432313, testhost.dll, AssemblyResolver.OnResolve: Microsoft.VisualStudio.TestPlatform.TestFramework.resources: Searching in: 'C:\Users\aisae\OneDrive\Escritorio\Nueva carpeta\MTCG\TestMTCG\bin\Debug\net7.0\fine-code-coverage\build-output'.
TpTrace Information: 0 : 38532, 4, 2024/01/22, 13:12:58.489, 700591432932, testhost.dll, AssemblyResolver.OnResolve: Microsoft.VisualStudio.TestPlatform.TestFramework.resources: Assembly path does not exist: 'C:\Users\aisae\OneDrive\Escritorio\Nueva carpeta\MTCG\TestMTCG\bin\Debug\net7.0\fine-code-coverage\build-output\Microsoft.VisualStudio.TestPlatform.TestFramework.resources.dll', returning.
TpTrace Information: 0 : 38532, 4, 2024/01/22, 13:12:58.490, 700591433364, testhost.dll, AssemblyResolver.OnResolve: Microsoft.VisualStudio.TestPlatform.TestFramework.resources: Assembly path does not exist: 'C:\Users\aisae\OneDrive\Escritorio\Nueva carpeta\MTCG\TestMTCG\bin\Debug\net7.0\fine-code-coverage\build-output\Microsoft.VisualStudio.TestPlatform.TestFramework.resources.exe', returning.
TpTrace Information: 0 : 38532, 4, 2024/01/22, 13:12:58.490, 700591433633, testhost.dll, AssemblyResolver.OnResolve: Microsoft.VisualStudio.TestPlatform.TestFramework.resources: Failed to load assembly.
TpTrace Information: 0 : 38532, 4, 2024/01/22, 13:12:58.506, 700591596887, testhost.dll, MSTest - Executed test TestUserGetByUsername
TpTrace Verbose: 0 : 38532, 4, 2024/01/22, 13:12:58.506, 700591599245, testhost.dll, TestExecutionRecorder.RecordEnd: test: TestMTCG.UnitTestContext.TestUserGetByUsername execution completed.
TpTrace Verbose: 0 : 38532, 4, 2024/01/22, 13:12:58.509, 700591627242, testhost.dll, MulticastDelegateUtilities.SafeInvoke: TestCaseEventsHandler.RaiseTestCaseEnd: Invoking callback 1/1 for Microsoft.VisualStudio.TestPlatform.CrossPlatEngine.DataCollection.ProxyOutOfProcDataCollectionManager., took 2 ms.
TpTrace Information: 0 : 38532, 4, 2024/01/22, 13:12:58.509, 700591629230, testhost.dll, MSTest - MSTestExecutor:Test TestMTCG.UnitTestContext.TestUserGetByUsername failed. ErrorMessage:Assert.AreEqual failed. Expected:<>. Actual:<(null)>. , ErrorStackTrace:   at TestMTCG.UnitTestContext.TestUserGetByUsername() in C:\Users\aisae\OneDrive\Escritorio\Nueva carpeta\MTCG\TestMTCG\UnitTestContext.cs:line 67
   at System.RuntimeMethodHandle.InvokeMethod(Object target, Void** arguments, Signature sig, Boolean isConstructor)
   at System.Reflection.MethodInvoker.Invoke(Object obj, IntPtr* args, BindingFlags invokeAttr)
.
TpTrace Verbose: 0 : 38532, 4, 2024/01/22, 13:12:58.509, 700591630793, testhost.dll, TestExecutionRecorder.RecordResult: Received result for test: TestMTCG.UnitTestContext.TestUserGetByUsername.
TpTrace Verbose: 0 : 38532, 4, 2024/01/22, 13:12:58.510, 700591634416, testhost.dll, MulticastDelegateUtilities.SafeInvoke: TestCaseEventsHandler.RaiseTestCaseEnd: Invoking callback 1/1 for Microsoft.VisualStudio.TestPlatform.CrossPlatEngine.DataCollection.ProxyOutOfProcDataCollectionManager., took 0 ms.
TpTrace Warning: 0 : 38532, 4, 2024/01/22, 13:12:58.510, 700591635577, testhost.dll, TestRunCache: InProgressTests is null
TpTrace Warning: 0 : 38532, 4, 2024/01/22, 13:12:58.510, 700591636021, testhost.dll, TestRunCache: No test found corresponding to testResult 'TestUserGetByUsername' in inProgress list.
TpTrace Verbose: 0 : 38532, 4, 2024/01/22, 13:12:58.510, 700591636948, testhost.dll, TestExecutionRecorder.RecordStart: Starting test: TestMTCG.UnitTestContext.TestToken.
TpTrace Verbose: 0 : 38532, 4, 2024/01/22, 13:12:58.511, 700591649351, testhost.dll, MulticastDelegateUtilities.SafeInvoke: TestCaseEventsHandler.RaiseTestCaseStart: Invoking callback 1/1 for Microsoft.VisualStudio.TestPlatform.CrossPlatEngine.DataCollection.ProxyOutOfProcDataCollectionManager., took 1 ms.
TpTrace Information: 0 : 38532, 4, 2024/01/22, 13:12:58.511, 700591649988, testhost.dll, MSTest - Executing test TestToken
TpTrace Information: 0 : 38532, 4, 2024/01/22, 13:12:58.592, 700592461173, testhost.dll, AssemblyResolver.OnResolve: Microsoft.VisualStudio.TestPlatform.MSTest.TestAdapter.resources: Resolving assembly.
TpTrace Information: 0 : 38532, 4, 2024/01/22, 13:12:58.592, 700592462488, testhost.dll, AssemblyResolver.OnResolve: Microsoft.VisualStudio.TestPlatform.MSTest.TestAdapter.resources: Searching in: 'C:\Users\aisae\OneDrive\Escritorio\Nueva carpeta\MTCG\TestMTCG\bin\Debug\net7.0\fine-code-coverage\build-output'.
TpTrace Information: 0 : 38532, 4, 2024/01/22, 13:12:58.592, 700592463062, testhost.dll, AssemblyResolver.OnResolve: Microsoft.VisualStudio.TestPlatform.MSTest.TestAdapter.resources: Assembly path does not exist: 'C:\Users\aisae\OneDrive\Escritorio\Nueva carpeta\MTCG\TestMTCG\bin\Debug\net7.0\fine-code-coverage\build-output\Microsoft.VisualStudio.TestPlatform.MSTest.TestAdapter.resources.dll', returning.
TpTrace Information: 0 : 38532, 4, 2024/01/22, 13:12:58.593, 700592463424, testhost.dll, AssemblyResolver.OnResolve: Microsoft.VisualStudio.TestPlatform.MSTest.TestAdapter.resources: Assembly path does not exist: 'C:\Users\aisae\OneDrive\Escritorio\Nueva carpeta\MTCG\TestMTCG\bin\Debug\net7.0\fine-code-coverage\build-output\Microsoft.VisualStudio.TestPlatform.MSTest.TestAdapter.resources.exe', returning.
TpTrace Information: 0 : 38532, 4, 2024/01/22, 13:12:58.593, 700592463730, testhost.dll, AssemblyResolver.OnResolve: Microsoft.VisualStudio.TestPlatform.MSTest.TestAdapter.resources: Failed to load assembly.
TpTrace Information: 0 : 38532, 4, 2024/01/22, 13:12:58.593, 700592471338, testhost.dll, MSTest - Executed test TestToken
TpTrace Verbose: 0 : 38532, 4, 2024/01/22, 13:12:58.593, 700592472239, testhost.dll, TestExecutionRecorder.RecordEnd: test: TestMTCG.UnitTestContext.TestToken execution completed.
TpTrace Verbose: 0 : 38532, 4, 2024/01/22, 13:12:58.595, 700592485714, testhost.dll, MulticastDelegateUtilities.SafeInvoke: TestCaseEventsHandler.RaiseTestCaseEnd: Invoking callback 1/1 for Microsoft.VisualStudio.TestPlatform.CrossPlatEngine.DataCollection.ProxyOutOfProcDataCollectionManager., took 1 ms.
TpTrace Information: 0 : 38532, 4, 2024/01/22, 13:12:58.595, 700592486381, testhost.dll, MSTest - MSTestExecutor:Test TestMTCG.UnitTestContext.TestToken failed. ErrorMessage:Test method TestMTCG.UnitTestContext.TestToken threw exception: 
System.NullReferenceException: Object reference not set to an instance of an object., ErrorStackTrace:    at TestMTCG.UnitTestContext.TestToken() in C:\Users\aisae\OneDrive\Escritorio\Nueva carpeta\MTCG\TestMTCG\UnitTestContext.cs:line 81
   at System.RuntimeMethodHandle.InvokeMethod(Object target, Void** arguments, Signature sig, Boolean isConstructor)
   at System.Reflection.MethodInvoker.Invoke(Object obj, IntPtr* args, BindingFlags invokeAttr)
.
TpTrace Verbose: 0 : 38532, 4, 2024/01/22, 13:12:58.595, 700592486690, testhost.dll, TestExecutionRecorder.RecordResult: Received result for test: TestMTCG.UnitTestContext.TestToken.
TpTrace Verbose: 0 : 38532, 4, 2024/01/22, 13:12:58.595, 700592487190, testhost.dll, MulticastDelegateUtilities.SafeInvoke: TestCaseEventsHandler.RaiseTestCaseEnd: Invoking callback 1/1 for Microsoft.VisualStudio.TestPlatform.CrossPlatEngine.DataCollection.ProxyOutOfProcDataCollectionManager., took 0 ms.
TpTrace Warning: 0 : 38532, 4, 2024/01/22, 13:12:58.595, 700592491310, testhost.dll, TestRunCache: InProgressTests is null
TpTrace Warning: 0 : 38532, 4, 2024/01/22, 13:12:58.595, 700592491864, testhost.dll, TestRunCache: No test found corresponding to testResult 'TestToken' in inProgress list.
TpTrace Verbose: 0 : 38532, 4, 2024/01/22, 13:12:58.595, 700592492578, testhost.dll, TestExecutionRecorder.RecordStart: Starting test: TestMTCG.UnitTestContext.TestGetPackage.
TpTrace Verbose: 0 : 38532, 4, 2024/01/22, 13:12:58.597, 700592506520, testhost.dll, MulticastDelegateUtilities.SafeInvoke: TestCaseEventsHandler.RaiseTestCaseStart: Invoking callback 1/1 for Microsoft.VisualStudio.TestPlatform.CrossPlatEngine.DataCollection.ProxyOutOfProcDataCollectionManager., took 1 ms.
TpTrace Information: 0 : 38532, 4, 2024/01/22, 13:12:58.597, 700592507363, testhost.dll, MSTest - Executing test TestGetPackage
TpTrace Information: 0 : 38532, 4, 2024/01/22, 13:12:58.676, 700593298071, testhost.dll, MSTest - Executed test TestGetPackage
TpTrace Verbose: 0 : 38532, 4, 2024/01/22, 13:12:58.676, 700593299666, testhost.dll, TestExecutionRecorder.RecordEnd: test: TestMTCG.UnitTestContext.TestGetPackage execution completed.
TpTrace Verbose: 0 : 38532, 4, 2024/01/22, 13:12:58.679, 700593324356, testhost.dll, MulticastDelegateUtilities.SafeInvoke: TestCaseEventsHandler.RaiseTestCaseEnd: Invoking callback 1/1 for Microsoft.VisualStudio.TestPlatform.CrossPlatEngine.DataCollection.ProxyOutOfProcDataCollectionManager., took 2 ms.
TpTrace Verbose: 0 : 38532, 4, 2024/01/22, 13:12:58.679, 700593326097, testhost.dll, TestExecutionRecorder.RecordResult: Received result for test: TestMTCG.UnitTestContext.TestGetPackage.
TpTrace Verbose: 0 : 38532, 4, 2024/01/22, 13:12:58.679, 700593327256, testhost.dll, MulticastDelegateUtilities.SafeInvoke: TestCaseEventsHandler.RaiseTestCaseEnd: Invoking callback 1/1 for Microsoft.VisualStudio.TestPlatform.CrossPlatEngine.DataCollection.ProxyOutOfProcDataCollectionManager., took 0 ms.
TpTrace Warning: 0 : 38532, 4, 2024/01/22, 13:12:58.679, 700593327832, testhost.dll, TestRunCache: InProgressTests is null
TpTrace Warning: 0 : 38532, 4, 2024/01/22, 13:12:58.679, 700593328123, testhost.dll, TestRunCache: No test found corresponding to testResult 'TestGetPackage' in inProgress list.
TpTrace Information: 0 : 38532, 4, 2024/01/22, 13:12:58.679, 700593332050, testhost.dll, MSTest - Executing cleanup methods.
TpTrace Information: 0 : 38532, 4, 2024/01/22, 13:12:58.681, 700593351401, testhost.dll, MSTest - Executed cleanup methods.
TpTrace Information: 0 : 38532, 4, 2024/01/22, 13:12:58.681, 700593352295, testhost.dll, MSTest - Executed tests belonging to source C:\Users\aisae\OneDrive\Escritorio\Nueva carpeta\MTCG\TestMTCG\bin\Debug\net7.0\fine-code-coverage\build-output\TestMTCG.dll
TpTrace Verbose: 0 : 38532, 4, 2024/01/22, 13:12:58.682, 700593358677, testhost.dll, BaseRunTests.RunTestInternalWithExecutors: Completed running tests for executor://MSTestAdapter/v2
TpTrace Verbose: 0 : 38532, 4, 2024/01/22, 13:12:58.683, 700593372375, testhost.dll, MulticastDelegateUtilities.SafeInvoke: TestCaseEventsHandler.RaiseSessionEnd: Invoking callback 1/1 for Microsoft.VisualStudio.TestPlatform.CrossPlatEngine.DataCollection.ProxyOutOfProcDataCollectionManager., took 0 ms.
TpTrace Information: 0 : 38532, 4, 2024/01/22, 13:12:58.689, 700593423821, testhost.dll, Sending test run complete
TpTrace Verbose: 0 : 38532, 4, 2024/01/22, 13:12:58.729, 700593823851, testhost.dll, TestRequestHandler.SendData: sending data from testhost: {"Version":7,"MessageType":"TestExecution.Completed","Payload":{"TestRunCompleteArgs":{"TestRunStatistics":{"ExecutedTests":4,"Stats":{"Passed":2,"Failed":2}},"IsCanceled":false,"IsAborted":false,"Error":null,"AttachmentSets":[],"InvokedDataCollectors":[],"ElapsedTimeInRunningTests":"00:00:00.7445997","Metrics":{},"DiscoveredExtensions":{"TestDiscoverers":["Microsoft.VisualStudio.TestPlatform.MSTest.TestAdapter.MSTestDiscoverer, Microsoft.VisualStudio.TestPlatform.MSTest.TestAdapter, Version=14.0.0.0, Culture=neutral, PublicKeyToken=b03f5f7f11d50a3a"],"TestExecutors":["executor://MSTestAdapter/v2"],"TestExecutors2":[],"TestSettingsProviders":[]}},"LastRunTests":{"NewTestResults":[{"TestCase":{"Id":"77d88c1f-68c3-4e9d-9ab4-be93a45aa762","FullyQualifiedName":"TestMTCG.UnitTestContext.TestGetUserById","DisplayName":"TestGetUserById","ExecutorUri":"executor://MSTestAdapter/v2","Source":"C:\\Users\\aisae\\OneDrive\\Escritorio\\Nueva carpeta\\MTCG\\TestMTCG\\bin\\Debug\\net7.0\\fine-code-coverage\\build-output\\TestMTCG.dll","CodeFilePath":null,"LineNumber":-1,"Properties":[{"Key":{"Id":"TestCase.ManagedMethod","Label":"ManagedMethod","Category":"","Description":"","Attributes":1,"ValueType":"System.String"},"Value":"TestGetUserById"},{"Key":{"Id":"TestObject.Traits","Label":"Traits","Category":"","Description":"","Attributes":5,"ValueType":"System.Collections.Generic.KeyValuePair`2[[System.String],[System.String]][]"},"Value":[]},{"Key":{"Id":"TestCase.ManagedType","Label":"ManagedType","Category":"","Description":"","Attributes":1,"ValueType":"System.String"},"Value":"TestMTCG.UnitTestContext"},{"Key":{"Id":"MSTestDiscoverer.TestClassName","Label":"ClassName","Category":"","Description":"","Attributes":1,"ValueType":"System.String"},"Value":"TestMTCG.UnitTestContext"},{"Key":{"Id":"TestCase.Hierarchy","Label":"Hierarchy","Category":"","Description":"","Attributes":2,"ValueType":"System.String[]"},"Value":["TestMTCG","UnitTestContext"]}]},"Attachments":[],"Outcome":1,"ErrorMessage":null,"ErrorStackTrace":null,"DisplayName":"TestGetUserById","Messages":[{"Category":"StdOutMsgs","Text":"Database: Table users was created successfully.\r\nDatabase: Table cards was created successfully.\r\nDatabase: Table deck_cards was created successfully.\r\nDatabase: Table trading_deals was created successfully.\r\nDatabase: Table sessions was created successfully.\n\r\nDatabase: Admin was added.\r\nDatabase: Table users filled with test values.\r\nDatabase: Table cards filled with test values.\n\r\n"}],"ComputerName":null,"Duration":"00:00:00.3209306","StartTime":"2024-01-22T13:12:58.0577539+01:00","EndTime":"2024-01-22T13:12:58.3899766+01:00","Properties":[{"Key":{"Id":"ParentExecId","Label":"ParentExecId","Category":"","Description":"","Attributes":1,"ValueType":"System.Guid"},"Value":"00000000-0000-0000-0000-000000000000"},{"Key":{"Id":"InnerResultsCount","Label":"InnerResultsCount","Category":"","Description":"","Attributes":1,"ValueType":"System.Int32"},"Value":0},{"Key":{"Id":"ExecutionId","Label":"ExecutionId","Category":"","Description":"","Attributes":1,"ValueType":"System.Guid"},"Value":"00000000-0000-0000-0000-000000000000"}]},{"TestCase":{"Id":"6640a741-c4c1-94c8-6a13-42178d4eeb1a","FullyQualifiedName":"TestMTCG.UnitTestContext.TestUserGetByUsername","DisplayName":"TestUserGetByUsername","ExecutorUri":"executor://MSTestAdapter/v2","Source":"C:\\Users\\aisae\\OneDrive\\Escritorio\\Nueva carpeta\\MTCG\\TestMTCG\\bin\\Debug\\net7.0\\fine-code-coverage\\build-output\\TestMTCG.dll","CodeFilePath":null,"LineNumber":-1,"Properties":[{"Key":{"Id":"TestCase.ManagedMethod","Label":"ManagedMethod","Category":"","Description":"","Attributes":1,"ValueType":"System.String"},"Value":"TestUserGetByUsername"},{"Key":{"Id":"TestObject.Traits","Label":"Traits","Category":"","Description":"","Attributes":5,"ValueType":"System.Collections.Generic.KeyValuePair`2[[System.String],[System.String]][]"},"Value":[]},{"Key":{"Id":"TestCase.ManagedType","Label":"ManagedType","Category":"","Description":"","Attributes":1,"ValueType":"System.String"},"Value":"TestMTCG.UnitTestContext"},{"Key":{"Id":"MSTestDiscoverer.TestClassName","Label":"ClassName","Category":"","Description":"","Attributes":1,"ValueType":"System.String"},"Value":"TestMTCG.UnitTestContext"},{"Key":{"Id":"TestCase.Hierarchy","Label":"Hierarchy","Category":"","Description":"","Attributes":2,"ValueType":"System.String[]"},"Value":["TestMTCG","UnitTestContext"]}]},"Attachments":[],"Outcome":2,"ErrorMessage":"Assert.AreEqual failed. Expected:<>. Actual:<(null)>. ","ErrorStackTrace":"   at TestMTCG.UnitTestContext.TestUserGetByUsername() in C:\\Users\\aisae\\OneDrive\\Escritorio\\Nueva carpeta\\MTCG\\TestMTCG\\UnitTestContext.cs:line 67\r\n   at System.RuntimeMethodHandle.InvokeMethod(Object target, Void** arguments, Signature sig, Boolean isConstructor)\r\n   at System.Reflection.MethodInvoker.Invoke(Object obj, IntPtr* args, BindingFlags invokeAttr)\r\n","DisplayName":"TestUserGetByUsername","Messages":[{"Category":"StdOutMsgs","Text":"Database: Table users was created successfully.\r\nDatabase: Table cards was created successfully.\r\nDatabase: Table deck_cards was created successfully.\r\nDatabase: Table trading_deals was created successfully.\r\nDatabase: Table sessions was created successfully.\n\r\nDatabase: Admin was added.\r\nDatabase: Table users filled with test values.\r\nDatabase: Table cards filled with test values.\n\r\n"}],"ComputerName":null,"Duration":"00:00:00.0920068","StartTime":"2024-01-22T13:12:58.4135106+01:00","EndTime":"2024-01-22T13:12:58.5065183+01:00","Properties":[{"Key":{"Id":"ParentExecId","Label":"ParentExecId","Category":"","Description":"","Attributes":1,"ValueType":"System.Guid"},"Value":"00000000-0000-0000-0000-000000000000"},{"Key":{"Id":"InnerResultsCount","Label":"InnerResultsCount","Category":"","Description":"","Attributes":1,"ValueType":"System.Int32"},"Value":0},{"Key":{"Id":"ExecutionId","Label":"ExecutionId","Category":"","Description":"","Attributes":1,"ValueType":"System.Guid"},"Value":"00000000-0000-0000-0000-000000000000"}]},{"TestCase":{"Id":"5f9fa9a7-a304-dc65-af6e-44bb59a540f4","FullyQualifiedName":"TestMTCG.UnitTestContext.TestToken","DisplayName":"TestToken","ExecutorUri":"executor://MSTestAdapter/v2","Source":"C:\\Users\\aisae\\OneDrive\\Escritorio\\Nueva carpeta\\MTCG\\TestMTCG\\bin\\Debug\\net7.0\\fine-code-coverage\\build-output\\TestMTCG.dll","CodeFilePath":null,"LineNumber":-1,"Properties":[{"Key":{"Id":"TestCase.ManagedMethod","Label":"ManagedMethod","Category":"","Description":"","Attributes":1,"ValueType":"System.String"},"Value":"TestToken"},{"Key":{"Id":"TestObject.Traits","Label":"Traits","Category":"","Description":"","Attributes":5,"ValueType":"System.Collections.Generic.KeyValuePair`2[[System.String],[System.String]][]"},"Value":[]},{"Key":{"Id":"TestCase.ManagedType","Label":"ManagedType","Category":"","Description":"","Attributes":1,"ValueType":"System.String"},"Value":"TestMTCG.UnitTestContext"},{"Key":{"Id":"MSTestDiscoverer.TestClassName","Label":"ClassName","Category":"","Description":"","Attributes":1,"ValueType":"System.String"},"Value":"TestMTCG.UnitTestContext"},{"Key":{"Id":"TestCase.Hierarchy","Label":"Hierarchy","Category":"","Description":"","Attributes":2,"ValueType":"System.String[]"},"Value":["TestMTCG","UnitTestContext"]}]},"Attachments":[],"Outcome":2,"ErrorMessage":"Test method TestMTCG.UnitTestContext.TestToken threw exception: \r\nSystem.NullReferenceException: Object reference not set to an instance of an object.","ErrorStackTrace":"    at TestMTCG.UnitTestContext.TestToken() in C:\\Users\\aisae\\OneDrive\\Escritorio\\Nueva carpeta\\MTCG\\TestMTCG\\UnitTestContext.cs:line 81\r\n   at System.RuntimeMethodHandle.InvokeMethod(Object target, Void** arguments, Signature sig, Boolean isConstructor)\r\n   at System.Reflection.MethodInvoker.Invoke(Object obj, IntPtr* args, BindingFlags invokeAttr)\r\n","DisplayName":"TestToken","Messages":[{"Category":"StdOutMsgs","Text":"Database: Table users was created successfully.\r\nDatabase: Table cards was created successfully.\r\nDatabase: Table deck_cards was created successfully.\r\nDatabase: Table trading_deals was created successfully.\r\nDatabase: Table sessions was created successfully.\n\r\nDatabase: Admin was added.\r\nDatabase: Table users filled with test values.\r\nDatabase: Table cards filled with test values.\n\r\n"}],"ComputerName":null,"Duration":"00:00:00.0819472","StartTime":"2024-01-22T13:12:58.5116859+01:00","EndTime":"2024-01-22T13:12:58.5938994+01:00","Properties":[{"Key":{"Id":"ParentExecId","Label":"ParentExecId","Category":"","Description":"","Attributes":1,"ValueType":"System.Guid"},"Value":"00000000-0000-0000-0000-000000000000"},{"Key":{"Id":"InnerResultsCount","Label":"InnerResultsCount","Category":"","Description":"","Attributes":1,"ValueType":"System.Int32"},"Value":0},{"Key":{"Id":"ExecutionId","Label":"ExecutionId","Category":"","Description":"","Attributes":1,"ValueType":"System.Guid"},"Value":"00000000-0000-0000-0000-000000000000"}]},{"TestCase":{"Id":"e52443ef-eca1-15b5-367e-1d401de75e9f","FullyQualifiedName":"TestMTCG.UnitTestContext.TestGetPackage","DisplayName":"TestGetPackage","ExecutorUri":"executor://MSTestAdapter/v2","Source":"C:\\Users\\aisae\\OneDrive\\Escritorio\\Nueva carpeta\\MTCG\\TestMTCG\\bin\\Debug\\net7.0\\fine-code-coverage\\build-output\\TestMTCG.dll","CodeFilePath":null,"LineNumber":-1,"Properties":[{"Key":{"Id":"TestCase.ManagedMethod","Label":"ManagedMethod","Category":"","Description":"","Attributes":1,"ValueType":"System.String"},"Value":"TestGetPackage"},{"Key":{"Id":"TestObject.Traits","Label":"Traits","Category":"","Description":"","Attributes":5,"ValueType":"System.Collections.Generic.KeyValuePair`2[[System.String],[System.String]][]"},"Value":[]},{"Key":{"Id":"TestCase.ManagedType","Label":"ManagedType","Category":"","Description":"","Attributes":1,"ValueType":"System.String"},"Value":"TestMTCG.UnitTestContext"},{"Key":{"Id":"MSTestDiscoverer.TestClassName","Label":"ClassName","Category":"","Description":"","Attributes":1,"ValueType":"System.String"},"Value":"TestMTCG.UnitTestContext"},{"Key":{"Id":"TestCase.Hierarchy","Label":"Hierarchy","Category":"","Description":"","Attributes":2,"ValueType":"System.String[]"},"Value":["TestMTCG","UnitTestContext"]}]},"Attachments":[],"Outcome":1,"ErrorMessage":null,"ErrorStackTrace":null,"DisplayName":"TestGetPackage","Messages":[{"Category":"StdOutMsgs","Text":"Database: Table users was created successfully.\r\nDatabase: Table cards was created successfully.\r\nDatabase: Table deck_cards was created successfully.\r\nDatabase: Table trading_deals was created successfully.\r\nDatabase: Table sessions was created successfully.\n\r\nDatabase: Admin was added.\r\nDatabase: Table users filled with test values.\r\nDatabase: Table cards filled with test values.\n\r\n"}],"ComputerName":null,"Duration":"00:00:00.0785141","StartTime":"2024-01-22T13:12:58.5974209+01:00","EndTime":"2024-01-22T13:12:58.6766297+01:00","Properties":[{"Key":{"Id":"ParentExecId","Label":"ParentExecId","Category":"","Description":"","Attributes":1,"ValueType":"System.Guid"},"Value":"00000000-0000-0000-0000-000000000000"},{"Key":{"Id":"InnerResultsCount","Label":"InnerResultsCount","Category":"","Description":"","Attributes":1,"ValueType":"System.Int32"},"Value":0},{"Key":{"Id":"ExecutionId","Label":"ExecutionId","Category":"","Description":"","Attributes":1,"ValueType":"System.Guid"},"Value":"00000000-0000-0000-0000-000000000000"}]}],"TestRunStatistics":{"ExecutedTests":4,"Stats":{"Passed":2,"Failed":2}},"ActiveTests":[]},"RunAttachments":[],"ExecutorUris":["executor://mstestadapter/v2"]}}
TpTrace Verbose: 0 : 38532, 4, 2024/01/22, 13:12:58.729, 700593832971, testhost.dll, BaseRunTests.RunTests: Run is complete.
TpTrace Verbose: 0 : 38532, 10, 2024/01/22, 13:12:58.731, 700593851642, testhost.dll, TcpClientExtensions.MessageLoopAsync: NotifyDataAvailable remoteEndPoint: [::ffff:127.0.0.1]:51397 localEndPoint: [::ffff:127.0.0.1]:51398
TpTrace Information: 0 : 38532, 10, 2024/01/22, 13:12:58.731, 700593852763, testhost.dll, TestRequestHandler.OnMessageReceived: received message: (TestSession.Terminate) -> {"MessageType":"TestSession.Terminate","Payload":null}
TpTrace Information: 0 : 38532, 10, 2024/01/22, 13:12:58.731, 700593853054, testhost.dll, Session End message received from server. Closing the connection.
TpTrace Information: 0 : 38532, 10, 2024/01/22, 13:12:58.732, 700593856304, testhost.dll, SocketClient.Stop: Stop communication from server endpoint: 127.0.0.1:051397
TpTrace Information: 0 : 38532, 10, 2024/01/22, 13:12:58.732, 700593856846, testhost.dll, SocketClient: Stop: Cancellation requested. Stopping message loop.
TpTrace Verbose: 0 : 38532, 10, 2024/01/22, 13:12:58.732, 700593857777, testhost.dll, LengthPrefixCommunicationChannel.Dispose: Dispose reader and writer.
TpTrace Information: 0 : 38532, 10, 2024/01/22, 13:12:58.732, 700593858150, testhost.dll, Closing the connection !
TpTrace Verbose: 0 : 38532, 10, 2024/01/22, 13:12:58.732, 700593858428, testhost.dll, MulticastDelegateUtilities.SafeInvoke: LengthPrefixCommunicationChannel: MessageReceived: Invoking callback 1/1 for Microsoft.VisualStudio.TestPlatform.CommunicationUtilities.TestRequestHandler., took 0 ms.
TpTrace Information: 0 : 38532, 10, 2024/01/22, 13:12:58.732, 700593860642, testhost.dll, SocketClient.PrivateStop: Stop communication from server endpoint: 127.0.0.1:051397, error:
TpTrace Information: 0 : 38532, 1, 2024/01/22, 13:12:58.732, 700593860825, testhost.dll, Closing the connection!
TpTrace Information: 0 : 38532, 1, 2024/01/22, 13:12:58.732, 700593862447, testhost.dll, Testhost process exiting.
TpTrace Verbose: 0 : 38532, 10, 2024/01/22, 13:12:58.732, 700593862658, testhost.dll, LengthPrefixCommunicationChannel.Dispose: Dispose reader and writer.
TpTrace Verbose: 0 : 38532, 10, 2024/01/22, 13:12:58.733, 700593863309, testhost.dll, TcpClientExtensions.MessageLoopAsync: exiting MessageLoopAsync remoteEndPoint: [::ffff:127.0.0.1]:51397 localEndPoint: [::ffff:127.0.0.1]:51398
